[ 2017-06-01T08:26:54+08:00 ] ::1 /PaperManager/index.php/Home/
INFO: [ app_init ] --START--
INFO: Run Behavior\BuildLiteBehavior [ RunTime:0.000052s ]
INFO: [ app_init ] --END-- [ RunTime:0.015996s ]
INFO: [ app_begin ] --START--
INFO: Run Behavior\ReadHtmlCacheBehavior [ RunTime:0.021580s ]
INFO: [ app_begin ] --END-- [ RunTime:0.021844s ]
INFO: [ view_parse ] --START--
INFO: [ template_filter ] --START--
INFO: Run Behavior\ContentReplaceBehavior [ RunTime:0.006032s ]
INFO: [ template_filter ] --END-- [ RunTime:0.006205s ]
INFO: Run Behavior\ParseTemplateBehavior [ RunTime:0.168141s ]
INFO: [ view_parse ] --END-- [ RunTime:0.168328s ]
INFO: [ view_filter ] --START--
INFO: Run Behavior\WriteHtmlCacheBehavior [ RunTime:0.012183s ]
INFO: [ view_filter ] --END-- [ RunTime:0.012345s ]
INFO: [ app_end ] --START--
INFO: Run Behavior\ShowPageTraceBehavior [ RunTime:0.010326s ]
INFO: [ app_end ] --END-- [ RunTime:0.010610s ]

[ 2017-06-01T08:27:03+08:00 ] ::1 /PaperManager/index.php/Home/Index/login
INFO: [ app_init ] --START--
INFO: Run Behavior\BuildLiteBehavior [ RunTime:0.000030s ]
INFO: [ app_init ] --END-- [ RunTime:0.000556s ]
INFO: [ app_begin ] --START--
INFO: Run Behavior\ReadHtmlCacheBehavior [ RunTime:0.000585s ]
INFO: [ app_begin ] --END-- [ RunTime:0.000723s ]
SQL: SHOW COLUMNS FROM `think_user` [ RunTime:0.0325s ]
SQL: SELECT * FROM `think_user` WHERE `username` = 'wgzhang' AND `password` = '1a224d6875ff953e9d9b9d0258c371e3' LIMIT 1   [ RunTime:0.0085s ]
NOTIC: [8] Use of undefined constant id - assumed 'id' C:\Mess\Applications\wamp64\www\PaperManager\Application\Home\Controller\IndexController.class.php 第 36 行.
NOTIC: [8] Use of undefined constant fullname - assumed 'fullname' C:\Mess\Applications\wamp64\www\PaperManager\Application\Home\Controller\IndexController.class.php 第 38 行.
INFO: [ view_parse ] --START--
INFO: [ template_filter ] --START--
INFO: Run Behavior\ContentReplaceBehavior [ RunTime:0.000079s ]
INFO: [ template_filter ] --END-- [ RunTime:0.000225s ]
INFO: Run Behavior\ParseTemplateBehavior [ RunTime:0.034240s ]
INFO: [ view_parse ] --END-- [ RunTime:0.034406s ]
INFO: [ view_filter ] --START--
INFO: Run Behavior\WriteHtmlCacheBehavior [ RunTime:0.000445s ]
INFO: [ view_filter ] --END-- [ RunTime:0.000561s ]
INFO: [ app_end ] --START--
INFO: Run Behavior\ShowPageTraceBehavior [ RunTime:0.000767s ]
INFO: [ app_end ] --END-- [ RunTime:0.000934s ]

[ 2017-06-01T08:27:04+08:00 ] ::1 /PaperManager/index.php/Home/Profile/profile
INFO: [ app_init ] --START--
INFO: Run Behavior\BuildLiteBehavior [ RunTime:0.000050s ]
INFO: [ app_init ] --END-- [ RunTime:0.000778s ]
INFO: [ app_begin ] --START--
INFO: Run Behavior\ReadHtmlCacheBehavior [ RunTime:0.000891s ]
INFO: [ app_begin ] --END-- [ RunTime:0.001208s ]
NOTIC: [8] Use of undefined constant uid - assumed 'uid' C:\Mess\Applications\wamp64\www\PaperManager\ThinkPHP\Library\Think\Controller.class.php 第 307 行.
SQL: SHOW COLUMNS FROM `think_user` [ RunTime:0.0011s ]
SQL: SELECT * FROM `think_user` WHERE `id` = 2 LIMIT 1   [ RunTime:0.0004s ]
SQL: SHOW COLUMNS FROM `think_achievement` [ RunTime:0.0066s ]
SQL: SELECT `achievement_type` FROM `think_achievement` WHERE `user_id` = 2  [ RunTime:0.0003s ]
NOTIC: [2] Missing argument 2 for get_achievement_count(), called in C:\Mess\Applications\wamp64\www\PaperManager\Application\Home\Controller\ProfileController.class.php on line 15 and defined C:\Mess\Applications\wamp64\www\PaperManager\ThinkPHP\Common\functions.php 第 1553 行.
NOTIC: [8] Undefined variable: user_id C:\Mess\Applications\wamp64\www\PaperManager\ThinkPHP\Common\functions.php 第 1555 行.
SQL: SELECT * FROM `think_achievement` WHERE `user_id` = 2  [ RunTime:0.0003s ]
SQL: SHOW COLUMNS FROM `think_project` [ RunTime:0.0147s ]
SQL: SELECT COUNT(*) AS tp_count FROM `think_project` WHERE `user_id` = 2 LIMIT 1   [ RunTime:0.0061s ]
NOTIC: [8] Undefined variable: user_id C:\Mess\Applications\wamp64\www\PaperManager\Application\Home\Controller\ProfileController.class.php 第 21 行.
SQL: SELECT * FROM `think_achievement` WHERE `user_id` = 2  [ RunTime:0.0005s ]
INFO: [ view_parse ] --START--
INFO: [ template_filter ] --START--
INFO: Run Behavior\ContentReplaceBehavior [ RunTime:0.000273s ]
INFO: [ template_filter ] --END-- [ RunTime:0.000482s ]
NOTIC: [8] Use of undefined constant 教授 - assumed '教授' C:\Mess\Applications\wamp64\www\PaperManager\Application\Runtime\Cache\Home\c2e569cae412d9698300f14cd96ee7ba.php 第 434 行.
NOTIC: [8] Use of undefined constant 副教授 - assumed '副教授' C:\Mess\Applications\wamp64\www\PaperManager\Application\Runtime\Cache\Home\c2e569cae412d9698300f14cd96ee7ba.php 第 435 行.
NOTIC: [8] Use of undefined constant 博士后 - assumed '博士后' C:\Mess\Applications\wamp64\www\PaperManager\Application\Runtime\Cache\Home\c2e569cae412d9698300f14cd96ee7ba.php 第 436 行.
NOTIC: [8] Use of undefined constant 博士生 - assumed '博士生' C:\Mess\Applications\wamp64\www\PaperManager\Application\Runtime\Cache\Home\c2e569cae412d9698300f14cd96ee7ba.php 第 437 行.
NOTIC: [8] Use of undefined constant 硕士生 - assumed '硕士生' C:\Mess\Applications\wamp64\www\PaperManager\Application\Runtime\Cache\Home\c2e569cae412d9698300f14cd96ee7ba.php 第 438 行.
NOTIC: [8] Use of undefined constant 本科生 - assumed '本科生' C:\Mess\Applications\wamp64\www\PaperManager\Application\Runtime\Cache\Home\c2e569cae412d9698300f14cd96ee7ba.php 第 439 行.
INFO: Run Behavior\ParseTemplateBehavior [ RunTime:0.107402s ]
INFO: [ view_parse ] --END-- [ RunTime:0.107547s ]
INFO: [ view_filter ] --START--
INFO: Run Behavior\WriteHtmlCacheBehavior [ RunTime:0.000423s ]
INFO: [ view_filter ] --END-- [ RunTime:0.000535s ]
INFO: [ app_end ] --START--
INFO: Run Behavior\ShowPageTraceBehavior [ RunTime:0.001264s ]
INFO: [ app_end ] --END-- [ RunTime:0.001539s ]

[ 2017-06-01T08:27:08+08:00 ] ::1 /PaperManager/index.php/Home/Project/project_git
INFO: [ app_init ] --START--
INFO: Run Behavior\BuildLiteBehavior [ RunTime:0.000037s ]
INFO: [ app_init ] --END-- [ RunTime:0.000453s ]
INFO: [ app_begin ] --START--
INFO: Run Behavior\ReadHtmlCacheBehavior [ RunTime:0.000518s ]
INFO: [ app_begin ] --END-- [ RunTime:0.000660s ]
SQL: SHOW COLUMNS FROM `think_git_member` [ RunTime:0.0151s ]
SQL: SELECT `git_id` FROM `think_git_member` WHERE `user_id` = 2  [ RunTime:0.0004s ]
SQL: SHOW COLUMNS FROM `think_git` [ RunTime:0.0154s ]
SQL: SELECT * FROM `think_git` WHERE `id` IN ('592d690be3bf0')  [ RunTime:0.0003s ]
INFO: [ view_parse ] --START--
INFO: [ template_filter ] --START--
INFO: Run Behavior\ContentReplaceBehavior [ RunTime:0.000188s ]
INFO: [ template_filter ] --END-- [ RunTime:0.000340s ]
INFO: Run Behavior\ParseTemplateBehavior [ RunTime:0.042697s ]
INFO: [ view_parse ] --END-- [ RunTime:0.042873s ]
INFO: [ view_filter ] --START--
INFO: Run Behavior\WriteHtmlCacheBehavior [ RunTime:0.000501s ]
INFO: [ view_filter ] --END-- [ RunTime:0.000645s ]
INFO: [ app_end ] --START--
INFO: Run Behavior\ShowPageTraceBehavior [ RunTime:0.000766s ]
INFO: [ app_end ] --END-- [ RunTime:0.000913s ]

[ 2017-06-01T08:27:10+08:00 ] ::1 /PaperManager/index.php/Home/Project/project_git_show/git_id/592d690be3bf0
INFO: [ app_init ] --START--
INFO: Run Behavior\BuildLiteBehavior [ RunTime:0.000032s ]
INFO: [ app_init ] --END-- [ RunTime:0.000496s ]
INFO: [ app_begin ] --START--
INFO: Run Behavior\ReadHtmlCacheBehavior [ RunTime:0.000513s ]
INFO: [ app_begin ] --END-- [ RunTime:0.000658s ]
SQL: SHOW COLUMNS FROM `think_git_cost` [ RunTime:0.0154s ]
SQL: SHOW COLUMNS FROM `think_git` [ RunTime:0.0010s ]
SQL: SELECT * FROM `think_git` WHERE ( id='592d690be3bf0' ) LIMIT 1   [ RunTime:0.0005s ]
SQL: SELECT COUNT(*) AS tp_count FROM `think_git_cost` WHERE ( state=0 ) LIMIT 1   [ RunTime:0.0005s ]
SQL: SELECT COUNT(*) AS tp_count FROM `think_git_cost` WHERE ( state=0 ) LIMIT 1   [ RunTime:0.0003s ]
SQL: SHOW COLUMNS FROM `think_git_doc` [ RunTime:0.0137s ]
SQL: SELECT COUNT(*) AS tp_count FROM `think_git_doc` WHERE ( git_id='592d690be3bf0' ) LIMIT 1   [ RunTime:0.0004s ]
SQL: SHOW COLUMNS FROM `think_git_notice` [ RunTime:0.0111s ]
SQL: SELECT COUNT(*) AS tp_count FROM `think_git_notice` WHERE ( git_id='592d690be3bf0' and user_id=2 ) LIMIT 1   [ RunTime:0.0004s ]
INFO: [ view_parse ] --START--
INFO: [ template_filter ] --START--
INFO: Run Behavior\ContentReplaceBehavior [ RunTime:0.000261s ]
INFO: [ template_filter ] --END-- [ RunTime:0.000415s ]
NOTIC: [8] Undefined variable: page C:\Mess\Applications\wamp64\www\PaperManager\Application\Runtime\Cache\Home\0e2bbb2d6f77b297e0926f6810620702.php 第 394 行.
INFO: Run Behavior\ParseTemplateBehavior [ RunTime:0.040985s ]
INFO: [ view_parse ] --END-- [ RunTime:0.041157s ]
INFO: [ view_filter ] --START--
INFO: Run Behavior\WriteHtmlCacheBehavior [ RunTime:0.000505s ]
INFO: [ view_filter ] --END-- [ RunTime:0.000638s ]
INFO: [ app_end ] --START--
INFO: Run Behavior\ShowPageTraceBehavior [ RunTime:0.000735s ]
INFO: [ app_end ] --END-- [ RunTime:0.000881s ]

[ 2017-06-01T08:27:19+08:00 ] ::1 /PaperManager/index.php/Home/Project/git_my_notice/git_id/592d690be3bf0
INFO: [ app_init ] --START--
INFO: Run Behavior\BuildLiteBehavior [ RunTime:0.000026s ]
INFO: [ app_init ] --END-- [ RunTime:0.000387s ]
INFO: [ app_begin ] --START--
INFO: Run Behavior\ReadHtmlCacheBehavior [ RunTime:0.000438s ]
INFO: [ app_begin ] --END-- [ RunTime:0.000570s ]
SQL: SHOW COLUMNS FROM `think_git_notice` [ RunTime:0.0014s ]
SQL: SELECT COUNT(*) AS tp_count FROM `think_git_notice` WHERE `git_id` = '592d690be3bf0' AND `user_id` = 2 AND `state` = '未读' LIMIT 1   [ RunTime:0.0004s ]
SQL: SELECT * FROM `think_git_notice` WHERE `git_id` = '592d690be3bf0' AND `user_id` = 2 AND `state` = '未读' ORDER BY time desc LIMIT 0,3   [ RunTime:0.0005s ]
INFO: [ view_parse ] --START--
INFO: [ template_filter ] --START--
INFO: Run Behavior\ContentReplaceBehavior [ RunTime:0.000361s ]
INFO: [ template_filter ] --END-- [ RunTime:0.000617s ]
INFO: Run Behavior\ParseTemplateBehavior [ RunTime:0.061821s ]
INFO: [ view_parse ] --END-- [ RunTime:0.062051s ]
INFO: [ view_filter ] --START--
INFO: Run Behavior\WriteHtmlCacheBehavior [ RunTime:0.000739s ]
INFO: [ view_filter ] --END-- [ RunTime:0.000945s ]
INFO: [ app_end ] --START--
INFO: Run Behavior\ShowPageTraceBehavior [ RunTime:0.001137s ]
INFO: [ app_end ] --END-- [ RunTime:0.001398s ]

[ 2017-06-01T08:27:23+08:00 ] ::1 /PaperManager/index.php/Home/Project/git_my_notice/git_id/592d690be3bf0/p/2.html
INFO: [ app_init ] --START--
INFO: Run Behavior\BuildLiteBehavior [ RunTime:0.000043s ]
INFO: [ app_init ] --END-- [ RunTime:0.000509s ]
INFO: [ app_begin ] --START--
INFO: Run Behavior\ReadHtmlCacheBehavior [ RunTime:0.000713s ]
INFO: [ app_begin ] --END-- [ RunTime:0.000914s ]
SQL: SHOW COLUMNS FROM `think_git_notice` [ RunTime:0.0016s ]
SQL: SELECT COUNT(*) AS tp_count FROM `think_git_notice` WHERE `git_id` = '592d690be3bf0' AND `user_id` = 2 AND `state` = '未读' LIMIT 1   [ RunTime:0.0004s ]
SQL: SELECT * FROM `think_git_notice` WHERE `git_id` = '592d690be3bf0' AND `user_id` = 2 AND `state` = '未读' ORDER BY time desc LIMIT 3,3   [ RunTime:0.0004s ]
INFO: [ view_parse ] --START--
INFO: [ template_filter ] --START--
INFO: Run Behavior\ContentReplaceBehavior [ RunTime:0.000238s ]
INFO: [ template_filter ] --END-- [ RunTime:0.000422s ]
NOTIC: [8] Undefined offset: 1 C:\Mess\Applications\wamp64\www\PaperManager\Application\Runtime\Cache\Home\e0154a404af8d68a0af9cb503678ad11.php 第 289 行.
NOTIC: [8] Undefined offset: 1 C:\Mess\Applications\wamp64\www\PaperManager\Application\Runtime\Cache\Home\e0154a404af8d68a0af9cb503678ad11.php 第 292 行.
NOTIC: [8] Undefined offset: 1 C:\Mess\Applications\wamp64\www\PaperManager\Application\Runtime\Cache\Home\e0154a404af8d68a0af9cb503678ad11.php 第 293 行.
NOTIC: [8] Undefined offset: 2 C:\Mess\Applications\wamp64\www\PaperManager\Application\Runtime\Cache\Home\e0154a404af8d68a0af9cb503678ad11.php 第 298 行.
NOTIC: [8] Undefined offset: 2 C:\Mess\Applications\wamp64\www\PaperManager\Application\Runtime\Cache\Home\e0154a404af8d68a0af9cb503678ad11.php 第 301 行.
NOTIC: [8] Undefined offset: 2 C:\Mess\Applications\wamp64\www\PaperManager\Application\Runtime\Cache\Home\e0154a404af8d68a0af9cb503678ad11.php 第 302 行.
INFO: Run Behavior\ParseTemplateBehavior [ RunTime:0.036683s ]
INFO: [ view_parse ] --END-- [ RunTime:0.036855s ]
INFO: [ view_filter ] --START--
INFO: Run Behavior\WriteHtmlCacheBehavior [ RunTime:0.000489s ]
INFO: [ view_filter ] --END-- [ RunTime:0.000627s ]
INFO: [ app_end ] --START--
INFO: Run Behavior\ShowPageTraceBehavior [ RunTime:0.001211s ]
INFO: [ app_end ] --END-- [ RunTime:0.001501s ]

[ 2017-06-01T08:27:28+08:00 ] ::1 /PaperManager/index.php/Home/Project/git_my_notice/git_id/592d690be3bf0/p/1.html
INFO: [ app_init ] --START--
INFO: Run Behavior\BuildLiteBehavior [ RunTime:0.000026s ]
INFO: [ app_init ] --END-- [ RunTime:0.000390s ]
INFO: [ app_begin ] --START--
INFO: Run Behavior\ReadHtmlCacheBehavior [ RunTime:0.000427s ]
INFO: [ app_begin ] --END-- [ RunTime:0.000545s ]
SQL: SHOW COLUMNS FROM `think_git_notice` [ RunTime:0.0011s ]
SQL: SELECT COUNT(*) AS tp_count FROM `think_git_notice` WHERE `git_id` = '592d690be3bf0' AND `user_id` = 2 AND `state` = '未读' LIMIT 1   [ RunTime:0.0003s ]
SQL: SELECT * FROM `think_git_notice` WHERE `git_id` = '592d690be3bf0' AND `user_id` = 2 AND `state` = '未读' ORDER BY time desc LIMIT 0,3   [ RunTime:0.0004s ]
INFO: [ view_parse ] --START--
INFO: [ template_filter ] --START--
INFO: Run Behavior\ContentReplaceBehavior [ RunTime:0.000271s ]
INFO: [ template_filter ] --END-- [ RunTime:0.000511s ]
INFO: Run Behavior\ParseTemplateBehavior [ RunTime:0.034482s ]
INFO: [ view_parse ] --END-- [ RunTime:0.034645s ]
INFO: [ view_filter ] --START--
INFO: Run Behavior\WriteHtmlCacheBehavior [ RunTime:0.000481s ]
INFO: [ view_filter ] --END-- [ RunTime:0.000608s ]
INFO: [ app_end ] --START--
INFO: Run Behavior\ShowPageTraceBehavior [ RunTime:0.001008s ]
INFO: [ app_end ] --END-- [ RunTime:0.001231s ]

[ 2017-06-01T08:27:31+08:00 ] ::1 /PaperManager/index.php/Home/Project/project_git_show/git_id/592d690be3bf0
INFO: [ app_init ] --START--
INFO: Run Behavior\BuildLiteBehavior [ RunTime:0.000026s ]
INFO: [ app_init ] --END-- [ RunTime:0.000421s ]
INFO: [ app_begin ] --START--
INFO: Run Behavior\ReadHtmlCacheBehavior [ RunTime:0.000492s ]
INFO: [ app_begin ] --END-- [ RunTime:0.000627s ]
SQL: SHOW COLUMNS FROM `think_git_cost` [ RunTime:0.0010s ]
SQL: SHOW COLUMNS FROM `think_git` [ RunTime:0.0009s ]
SQL: SELECT * FROM `think_git` WHERE ( id='592d690be3bf0' ) LIMIT 1   [ RunTime:0.0004s ]
SQL: SELECT COUNT(*) AS tp_count FROM `think_git_cost` WHERE ( state=0 ) LIMIT 1   [ RunTime:0.0003s ]
SQL: SELECT COUNT(*) AS tp_count FROM `think_git_cost` WHERE ( state=0 ) LIMIT 1   [ RunTime:0.0003s ]
SQL: SHOW COLUMNS FROM `think_git_doc` [ RunTime:0.0010s ]
SQL: SELECT COUNT(*) AS tp_count FROM `think_git_doc` WHERE ( git_id='592d690be3bf0' ) LIMIT 1   [ RunTime:0.0003s ]
SQL: SHOW COLUMNS FROM `think_git_notice` [ RunTime:0.0010s ]
SQL: SELECT COUNT(*) AS tp_count FROM `think_git_notice` WHERE ( git_id='592d690be3bf0' and user_id=2 ) LIMIT 1   [ RunTime:0.0004s ]
INFO: [ view_parse ] --START--
INFO: [ template_filter ] --START--
INFO: Run Behavior\ContentReplaceBehavior [ RunTime:0.000184s ]
INFO: [ template_filter ] --END-- [ RunTime:0.000313s ]
NOTIC: [8] Undefined variable: page C:\Mess\Applications\wamp64\www\PaperManager\Application\Runtime\Cache\Home\0e2bbb2d6f77b297e0926f6810620702.php 第 394 行.
INFO: Run Behavior\ParseTemplateBehavior [ RunTime:0.028631s ]
INFO: [ view_parse ] --END-- [ RunTime:0.028803s ]
INFO: [ view_filter ] --START--
INFO: Run Behavior\WriteHtmlCacheBehavior [ RunTime:0.000475s ]
INFO: [ view_filter ] --END-- [ RunTime:0.000591s ]
INFO: [ app_end ] --START--
INFO: Run Behavior\ShowPageTraceBehavior [ RunTime:0.000882s ]
INFO: [ app_end ] --END-- [ RunTime:0.001036s ]

[ 2017-06-01T08:29:29+08:00 ] ::1 /PaperManager/index.php/Home/Project/git_apply_cost/git_id/592d690be3bf0
INFO: [ app_init ] --START--
INFO: Run Behavior\BuildLiteBehavior [ RunTime:0.000026s ]
INFO: [ app_init ] --END-- [ RunTime:0.000449s ]
INFO: [ app_begin ] --START--
INFO: Run Behavior\ReadHtmlCacheBehavior [ RunTime:0.000567s ]
INFO: [ app_begin ] --END-- [ RunTime:0.000688s ]
SQL: SHOW COLUMNS FROM `think_git_cost` [ RunTime:0.0012s ]
SQL: SELECT * FROM `think_git_cost` WHERE `user_id` = 2 AND `git_id` = '592d690be3bf0' ORDER BY time desc  [ RunTime:0.0004s ]
INFO: [ view_parse ] --START--
INFO: [ template_filter ] --START--
INFO: Run Behavior\ContentReplaceBehavior [ RunTime:0.000200s ]
INFO: [ template_filter ] --END-- [ RunTime:0.000332s ]
INFO: Run Behavior\ParseTemplateBehavior [ RunTime:0.043641s ]
INFO: [ view_parse ] --END-- [ RunTime:0.043787s ]
INFO: [ view_filter ] --START--
INFO: Run Behavior\WriteHtmlCacheBehavior [ RunTime:0.000415s ]
INFO: [ view_filter ] --END-- [ RunTime:0.000535s ]
INFO: [ app_end ] --START--
INFO: Run Behavior\ShowPageTraceBehavior [ RunTime:0.001155s ]
INFO: [ app_end ] --END-- [ RunTime:0.001401s ]

[ 2017-06-01T08:29:33+08:00 ] ::1 /PaperManager/index.php/Home/Project/git_notice/git_id/592d690be3bf0
INFO: [ app_init ] --START--
INFO: Run Behavior\BuildLiteBehavior [ RunTime:0.000050s ]
INFO: [ app_init ] --END-- [ RunTime:0.000738s ]
INFO: [ app_begin ] --START--
INFO: Run Behavior\ReadHtmlCacheBehavior [ RunTime:0.001021s ]
INFO: [ app_begin ] --END-- [ RunTime:0.001289s ]
SQL: SHOW COLUMNS FROM `think_user` [ RunTime:0.0013s ]
SQL: SELECT * FROM `think_user` WHERE `id` = 2 LIMIT 1   [ RunTime:0.0006s ]
SQL: SELECT * FROM `think_user` WHERE ( lab_id='59000c1939530' )  [ RunTime:0.0006s ]
INFO: [ view_parse ] --START--
INFO: [ template_filter ] --START--
INFO: Run Behavior\ContentReplaceBehavior [ RunTime:0.000294s ]
INFO: [ template_filter ] --END-- [ RunTime:0.000543s ]
INFO: Run Behavior\ParseTemplateBehavior [ RunTime:0.080028s ]
INFO: [ view_parse ] --END-- [ RunTime:0.080276s ]
INFO: [ view_filter ] --START--
INFO: Run Behavior\WriteHtmlCacheBehavior [ RunTime:0.000705s ]
INFO: [ view_filter ] --END-- [ RunTime:0.000934s ]
INFO: [ app_end ] --START--
INFO: Run Behavior\ShowPageTraceBehavior [ RunTime:0.001123s ]
INFO: [ app_end ] --END-- [ RunTime:0.001404s ]

[ 2017-06-01T08:31:13+08:00 ] ::1 /PaperManager/index.php/Home/Project/project_git_show/git_id/592d690be3bf0
INFO: [ app_init ] --START--
INFO: Run Behavior\BuildLiteBehavior [ RunTime:0.000032s ]
INFO: [ app_init ] --END-- [ RunTime:0.000630s ]
INFO: [ app_begin ] --START--
INFO: Run Behavior\ReadHtmlCacheBehavior [ RunTime:0.000641s ]
INFO: [ app_begin ] --END-- [ RunTime:0.000775s ]
SQL: SHOW COLUMNS FROM `think_git_cost` [ RunTime:0.0010s ]
SQL: SHOW COLUMNS FROM `think_git` [ RunTime:0.0011s ]
SQL: SELECT * FROM `think_git` WHERE ( id='592d690be3bf0' ) LIMIT 1   [ RunTime:0.0005s ]
SQL: SELECT COUNT(*) AS tp_count FROM `think_git_cost` WHERE ( state=0 ) LIMIT 1   [ RunTime:0.0004s ]
SQL: SELECT COUNT(*) AS tp_count FROM `think_git_cost` WHERE ( state=0 ) LIMIT 1   [ RunTime:0.0004s ]
SQL: SHOW COLUMNS FROM `think_git_doc` [ RunTime:0.0009s ]
SQL: SELECT COUNT(*) AS tp_count FROM `think_git_doc` WHERE ( git_id='592d690be3bf0' ) LIMIT 1   [ RunTime:0.0003s ]
SQL: SHOW COLUMNS FROM `think_git_notice` [ RunTime:0.0008s ]
SQL: SELECT COUNT(*) AS tp_count FROM `think_git_notice` WHERE ( git_id='592d690be3bf0' and user_id=2 ) LIMIT 1   [ RunTime:0.0003s ]
INFO: [ view_parse ] --START--
INFO: [ template_filter ] --START--
INFO: Run Behavior\ContentReplaceBehavior [ RunTime:0.000197s ]
INFO: [ template_filter ] --END-- [ RunTime:0.000328s ]
NOTIC: [8] Undefined variable: page C:\Mess\Applications\wamp64\www\PaperManager\Application\Runtime\Cache\Home\0e2bbb2d6f77b297e0926f6810620702.php 第 394 行.
INFO: Run Behavior\ParseTemplateBehavior [ RunTime:0.021861s ]
INFO: [ view_parse ] --END-- [ RunTime:0.022010s ]
INFO: [ view_filter ] --START--
INFO: Run Behavior\WriteHtmlCacheBehavior [ RunTime:0.000435s ]
INFO: [ view_filter ] --END-- [ RunTime:0.000588s ]
INFO: [ app_end ] --START--
INFO: Run Behavior\ShowPageTraceBehavior [ RunTime:0.001203s ]
INFO: [ app_end ] --END-- [ RunTime:0.001471s ]

[ 2017-06-01T08:31:15+08:00 ] ::1 /PaperManager/index.php/Home/Project/git_apply_cost/git_id/592d690be3bf0
INFO: [ app_init ] --START--
INFO: Run Behavior\BuildLiteBehavior [ RunTime:0.000049s ]
INFO: [ app_init ] --END-- [ RunTime:0.000748s ]
INFO: [ app_begin ] --START--
INFO: Run Behavior\ReadHtmlCacheBehavior [ RunTime:0.001136s ]
INFO: [ app_begin ] --END-- [ RunTime:0.001464s ]
SQL: SHOW COLUMNS FROM `think_git_cost` [ RunTime:0.0015s ]
SQL: SELECT * FROM `think_git_cost` WHERE `user_id` = 2 AND `git_id` = '592d690be3bf0' ORDER BY time desc  [ RunTime:0.0007s ]
INFO: [ view_parse ] --START--
INFO: [ template_filter ] --START--
INFO: Run Behavior\ContentReplaceBehavior [ RunTime:0.000320s ]
INFO: [ template_filter ] --END-- [ RunTime:0.000591s ]
INFO: Run Behavior\ParseTemplateBehavior [ RunTime:0.022956s ]
INFO: [ view_parse ] --END-- [ RunTime:0.023219s ]
INFO: [ view_filter ] --START--
INFO: Run Behavior\WriteHtmlCacheBehavior [ RunTime:0.000744s ]
INFO: [ view_filter ] --END-- [ RunTime:0.000962s ]
INFO: [ app_end ] --START--
INFO: Run Behavior\ShowPageTraceBehavior [ RunTime:0.001110s ]
INFO: [ app_end ] --END-- [ RunTime:0.001573s ]

