[ 2017-04-22T09:27:47+08:00 ] ::1 /PaperManager/index.php/Home/
INFO: [ app_init ] --START--
INFO: Run Behavior\BuildLiteBehavior [ RunTime:0.000057s ]
INFO: [ app_init ] --END-- [ RunTime:0.018122s ]
INFO: [ app_begin ] --START--
INFO: Run Behavior\ReadHtmlCacheBehavior [ RunTime:0.018612s ]
INFO: [ app_begin ] --END-- [ RunTime:0.018804s ]
INFO: [ view_parse ] --START--
INFO: [ template_filter ] --START--
INFO: Run Behavior\ContentReplaceBehavior [ RunTime:0.002410s ]
INFO: [ template_filter ] --END-- [ RunTime:0.002588s ]
INFO: Run Behavior\ParseTemplateBehavior [ RunTime:0.156979s ]
INFO: [ view_parse ] --END-- [ RunTime:0.157339s ]
INFO: [ view_filter ] --START--
INFO: Run Behavior\WriteHtmlCacheBehavior [ RunTime:0.016036s ]
INFO: [ view_filter ] --END-- [ RunTime:0.016216s ]
INFO: [ app_end ] --START--
INFO: Run Behavior\ShowPageTraceBehavior [ RunTime:0.019361s ]
INFO: [ app_end ] --END-- [ RunTime:0.019647s ]

[ 2017-04-22T09:28:34+08:00 ] ::1 /PaperManager/index.php/Home/Index/login
INFO: [ app_init ] --START--
INFO: Run Behavior\BuildLiteBehavior [ RunTime:0.000026s ]
INFO: [ app_init ] --END-- [ RunTime:0.000461s ]
INFO: [ app_begin ] --START--
INFO: Run Behavior\ReadHtmlCacheBehavior [ RunTime:0.000861s ]
INFO: [ app_begin ] --END-- [ RunTime:0.001039s ]
SQL: SHOW COLUMNS FROM `think_user` [ RunTime:0.0441s ]
SQL: SELECT * FROM `think_user` WHERE `username` = 'jerry' AND `password` = '30035607ee5bb378c71ab434a6d05410' LIMIT 1   [ RunTime:0.0085s ]
NOTIC: [8] Use of undefined constant id - assumed 'id' C:\Mess\Applications\wamp64\www\PaperManager\Application\Home\Controller\IndexController.class.php 第 36 行.
NOTIC: [8] Use of undefined constant fullname - assumed 'fullname' C:\Mess\Applications\wamp64\www\PaperManager\Application\Home\Controller\IndexController.class.php 第 38 行.
INFO: [ view_parse ] --START--
INFO: [ template_filter ] --START--
INFO: Run Behavior\ContentReplaceBehavior [ RunTime:0.000105s ]
INFO: [ template_filter ] --END-- [ RunTime:0.000310s ]
INFO: Run Behavior\ParseTemplateBehavior [ RunTime:0.035257s ]
INFO: [ view_parse ] --END-- [ RunTime:0.035449s ]
INFO: [ view_filter ] --START--
INFO: Run Behavior\WriteHtmlCacheBehavior [ RunTime:0.000461s ]
INFO: [ view_filter ] --END-- [ RunTime:0.000590s ]
INFO: [ app_end ] --START--
INFO: Run Behavior\ShowPageTraceBehavior [ RunTime:0.000744s ]
INFO: [ app_end ] --END-- [ RunTime:0.000920s ]

[ 2017-04-22T09:28:35+08:00 ] ::1 /PaperManager/index.php/Home/Profile/profile
INFO: [ app_init ] --START--
INFO: Run Behavior\BuildLiteBehavior [ RunTime:0.000026s ]
INFO: [ app_init ] --END-- [ RunTime:0.000410s ]
INFO: [ app_begin ] --START--
INFO: Run Behavior\ReadHtmlCacheBehavior [ RunTime:0.000449s ]
INFO: [ app_begin ] --END-- [ RunTime:0.000567s ]
NOTIC: [8] Use of undefined constant uid - assumed 'uid' C:\Mess\Applications\wamp64\www\PaperManager\ThinkPHP\Library\Think\Controller.class.php 第 307 行.
SQL: SHOW COLUMNS FROM `think_user` [ RunTime:0.0018s ]
SQL: SELECT * FROM `think_user` WHERE `id` = 1 LIMIT 1   [ RunTime:0.0009s ]
SQL: SHOW COLUMNS FROM `think_area` [ RunTime:0.0152s ]
SQL: SELECT COUNT(*) AS tp_count FROM `think_area` WHERE `user_id` = 1 LIMIT 1   [ RunTime:0.0037s ]
INFO: [ view_parse ] --START--
INFO: [ template_filter ] --START--
INFO: Run Behavior\ContentReplaceBehavior [ RunTime:0.000239s ]
INFO: [ template_filter ] --END-- [ RunTime:0.000382s ]
INFO: Run Behavior\ParseTemplateBehavior [ RunTime:0.079941s ]
INFO: [ view_parse ] --END-- [ RunTime:0.080128s ]
INFO: [ view_filter ] --START--
INFO: Run Behavior\WriteHtmlCacheBehavior [ RunTime:0.000479s ]
INFO: [ view_filter ] --END-- [ RunTime:0.000604s ]
INFO: [ app_end ] --START--
INFO: Run Behavior\ShowPageTraceBehavior [ RunTime:0.001267s ]
INFO: [ app_end ] --END-- [ RunTime:0.001521s ]

[ 2017-04-22T09:28:40+08:00 ] ::1 /PaperManager/index.php/Home/Index/logout
INFO: [ app_init ] --START--
INFO: Run Behavior\BuildLiteBehavior [ RunTime:0.000025s ]
INFO: [ app_init ] --END-- [ RunTime:0.000408s ]
INFO: [ app_begin ] --START--
INFO: Run Behavior\ReadHtmlCacheBehavior [ RunTime:0.000521s ]
INFO: [ app_begin ] --END-- [ RunTime:0.000659s ]
INFO: [ view_parse ] --START--
INFO: [ template_filter ] --START--
INFO: Run Behavior\ContentReplaceBehavior [ RunTime:0.000175s ]
INFO: [ template_filter ] --END-- [ RunTime:0.000460s ]
INFO: Run Behavior\ParseTemplateBehavior [ RunTime:0.008300s ]
INFO: [ view_parse ] --END-- [ RunTime:0.008508s ]
INFO: [ view_filter ] --START--
INFO: Run Behavior\WriteHtmlCacheBehavior [ RunTime:0.000659s ]
INFO: [ view_filter ] --END-- [ RunTime:0.000876s ]
INFO: [ app_end ] --START--
INFO: Run Behavior\ShowPageTraceBehavior [ RunTime:0.001134s ]
INFO: [ app_end ] --END-- [ RunTime:0.001291s ]

[ 2017-04-22T09:28:41+08:00 ] ::1 /PaperManager/
INFO: [ app_init ] --START--
INFO: Run Behavior\BuildLiteBehavior [ RunTime:0.000025s ]
INFO: [ app_init ] --END-- [ RunTime:0.000404s ]
INFO: [ app_begin ] --START--
INFO: Run Behavior\ReadHtmlCacheBehavior [ RunTime:0.000485s ]
INFO: [ app_begin ] --END-- [ RunTime:0.000633s ]
INFO: [ view_parse ] --START--
INFO: [ template_filter ] --START--
INFO: Run Behavior\ContentReplaceBehavior [ RunTime:0.000132s ]
INFO: [ template_filter ] --END-- [ RunTime:0.000263s ]
INFO: Run Behavior\ParseTemplateBehavior [ RunTime:0.009393s ]
INFO: [ view_parse ] --END-- [ RunTime:0.009548s ]
INFO: [ view_filter ] --START--
INFO: Run Behavior\WriteHtmlCacheBehavior [ RunTime:0.000450s ]
INFO: [ view_filter ] --END-- [ RunTime:0.000598s ]
INFO: [ app_end ] --START--
INFO: Run Behavior\ShowPageTraceBehavior [ RunTime:0.000763s ]
INFO: [ app_end ] --END-- [ RunTime:0.000905s ]

[ 2017-04-22T09:28:46+08:00 ] ::1 /PaperManager/index.php/Home/Index/login
INFO: [ app_init ] --START--
INFO: Run Behavior\BuildLiteBehavior [ RunTime:0.000049s ]
INFO: [ app_init ] --END-- [ RunTime:0.000719s ]
INFO: [ app_begin ] --START--
INFO: Run Behavior\ReadHtmlCacheBehavior [ RunTime:0.001006s ]
INFO: [ app_begin ] --END-- [ RunTime:0.001309s ]
SQL: SHOW COLUMNS FROM `think_user` [ RunTime:0.0015s ]
SQL: SELECT * FROM `think_user` WHERE `username` = 'wgzhang' AND `password` = '1a224d6875ff953e9d9b9d0258c371e3' LIMIT 1   [ RunTime:0.0006s ]
NOTIC: [8] Use of undefined constant id - assumed 'id' C:\Mess\Applications\wamp64\www\PaperManager\Application\Home\Controller\IndexController.class.php 第 36 行.
NOTIC: [8] Use of undefined constant fullname - assumed 'fullname' C:\Mess\Applications\wamp64\www\PaperManager\Application\Home\Controller\IndexController.class.php 第 38 行.
INFO: [ view_parse ] --START--
INFO: [ template_filter ] --START--
INFO: Run Behavior\ContentReplaceBehavior [ RunTime:0.000081s ]
INFO: [ template_filter ] --END-- [ RunTime:0.000225s ]
INFO: Run Behavior\ParseTemplateBehavior [ RunTime:0.011014s ]
INFO: [ view_parse ] --END-- [ RunTime:0.011324s ]
INFO: [ view_filter ] --START--
INFO: Run Behavior\WriteHtmlCacheBehavior [ RunTime:0.001120s ]
INFO: [ view_filter ] --END-- [ RunTime:0.001371s ]
INFO: [ app_end ] --START--
INFO: Run Behavior\ShowPageTraceBehavior [ RunTime:0.000940s ]
INFO: [ app_end ] --END-- [ RunTime:0.001128s ]

[ 2017-04-22T09:28:47+08:00 ] ::1 /PaperManager/index.php/Home/Profile/profile
INFO: [ app_init ] --START--
INFO: Run Behavior\BuildLiteBehavior [ RunTime:0.000025s ]
INFO: [ app_init ] --END-- [ RunTime:0.000403s ]
INFO: [ app_begin ] --START--
INFO: Run Behavior\ReadHtmlCacheBehavior [ RunTime:0.000505s ]
INFO: [ app_begin ] --END-- [ RunTime:0.000678s ]
NOTIC: [8] Use of undefined constant uid - assumed 'uid' C:\Mess\Applications\wamp64\www\PaperManager\ThinkPHP\Library\Think\Controller.class.php 第 307 行.
SQL: SHOW COLUMNS FROM `think_user` [ RunTime:0.0009s ]
SQL: SELECT * FROM `think_user` WHERE `id` = 2 LIMIT 1   [ RunTime:0.0004s ]
SQL: SHOW COLUMNS FROM `think_area` [ RunTime:0.0006s ]
SQL: SELECT COUNT(*) AS tp_count FROM `think_area` WHERE `user_id` = 2 LIMIT 1   [ RunTime:0.0003s ]
INFO: [ view_parse ] --START--
INFO: [ template_filter ] --START--
INFO: Run Behavior\ContentReplaceBehavior [ RunTime:0.000232s ]
INFO: [ template_filter ] --END-- [ RunTime:0.000361s ]
INFO: Run Behavior\ParseTemplateBehavior [ RunTime:0.030763s ]
INFO: [ view_parse ] --END-- [ RunTime:0.030942s ]
INFO: [ view_filter ] --START--
INFO: Run Behavior\WriteHtmlCacheBehavior [ RunTime:0.000474s ]
INFO: [ view_filter ] --END-- [ RunTime:0.000598s ]
INFO: [ app_end ] --START--
INFO: Run Behavior\ShowPageTraceBehavior [ RunTime:0.000969s ]
INFO: [ app_end ] --END-- [ RunTime:0.001138s ]

[ 2017-04-22T09:28:49+08:00 ] ::1 /PaperManager/index.php/Home/Achievement/my_achievement
INFO: [ app_init ] --START--
INFO: Run Behavior\BuildLiteBehavior [ RunTime:0.000049s ]
INFO: [ app_init ] --END-- [ RunTime:0.000879s ]
INFO: [ app_begin ] --START--
INFO: Run Behavior\ReadHtmlCacheBehavior [ RunTime:0.001359s ]
INFO: [ app_begin ] --END-- [ RunTime:0.001645s ]
NOTIC: [8] Use of undefined constant uid - assumed 'uid' C:\Mess\Applications\wamp64\www\PaperManager\ThinkPHP\Library\Think\Controller.class.php 第 307 行.
SQL: SHOW COLUMNS FROM `think_achievement` [ RunTime:0.0011s ]
SQL: SELECT * FROM `think_achievement` WHERE `user_id` = 2  [ RunTime:0.0008s ]
SQL: SHOW COLUMNS FROM `think_author` [ RunTime:0.0013s ]
SQL: SELECT * FROM `think_author` WHERE `achievement_id` = '58f96959eb233'  [ RunTime:0.0016s ]
SQL: SELECT * FROM `think_author` WHERE `achievement_id` = '58f9c79111910'  [ RunTime:0.0006s ]
INFO: [ view_parse ] --START--
INFO: [ template_filter ] --START--
INFO: Run Behavior\ContentReplaceBehavior [ RunTime:0.000274s ]
INFO: [ template_filter ] --END-- [ RunTime:0.000514s ]
INFO: Run Behavior\ParseTemplateBehavior [ RunTime:0.051210s ]
INFO: [ view_parse ] --END-- [ RunTime:0.051463s ]
INFO: [ view_filter ] --START--
INFO: Run Behavior\WriteHtmlCacheBehavior [ RunTime:0.001538s ]
INFO: [ view_filter ] --END-- [ RunTime:0.001978s ]
INFO: [ app_end ] --START--
INFO: Run Behavior\ShowPageTraceBehavior [ RunTime:0.001315s ]
INFO: [ app_end ] --END-- [ RunTime:0.001567s ]

[ 2017-04-22T09:28:52+08:00 ] ::1 /PaperManager/index.php/Home/Achievement/journal_paper_show/achi_id/58f96959eb233
INFO: [ app_init ] --START--
INFO: Run Behavior\BuildLiteBehavior [ RunTime:0.000049s ]
INFO: [ app_init ] --END-- [ RunTime:0.000729s ]
INFO: [ app_begin ] --START--
INFO: Run Behavior\ReadHtmlCacheBehavior [ RunTime:0.001307s ]
INFO: [ app_begin ] --END-- [ RunTime:0.001564s ]
NOTIC: [8] Use of undefined constant uid - assumed 'uid' C:\Mess\Applications\wamp64\www\PaperManager\ThinkPHP\Library\Think\Controller.class.php 第 307 行.
SQL: SHOW COLUMNS FROM `think_journalpaper` [ RunTime:0.0013s ]
SQL: SELECT * FROM `think_journalpaper` WHERE `id` = '58f96959eb233' LIMIT 1   [ RunTime:0.0020s ]
SQL: SHOW COLUMNS FROM `think_file` [ RunTime:0.0009s ]
SQL: SELECT * FROM `think_file` WHERE `achievement_id` = '58f96959eb233' AND `type` = 'Main' LIMIT 1   [ RunTime:0.0006s ]
INFO: [ view_parse ] --START--
INFO: [ template_filter ] --START--
INFO: Run Behavior\ContentReplaceBehavior [ RunTime:0.000323s ]
INFO: [ template_filter ] --END-- [ RunTime:0.000564s ]
INFO: Run Behavior\ParseTemplateBehavior [ RunTime:0.167358s ]
INFO: [ view_parse ] --END-- [ RunTime:0.167576s ]
INFO: [ view_filter ] --START--
INFO: Run Behavior\WriteHtmlCacheBehavior [ RunTime:0.000796s ]
INFO: [ view_filter ] --END-- [ RunTime:0.000971s ]
INFO: [ app_end ] --START--
INFO: Run Behavior\ShowPageTraceBehavior [ RunTime:0.002666s ]
INFO: [ app_end ] --END-- [ RunTime:0.002980s ]

[ 2017-04-22T09:30:46+08:00 ] ::1 /PaperManager/index.php/Home/Achievement/journal_paper_show/achi_id/58f96959eb233
INFO: [ app_init ] --START--
INFO: Run Behavior\BuildLiteBehavior [ RunTime:0.000028s ]
INFO: [ app_init ] --END-- [ RunTime:0.000531s ]
INFO: [ app_begin ] --START--
INFO: Run Behavior\ReadHtmlCacheBehavior [ RunTime:0.000724s ]
INFO: [ app_begin ] --END-- [ RunTime:0.000861s ]
NOTIC: [8] Use of undefined constant uid - assumed 'uid' C:\Mess\Applications\wamp64\www\PaperManager\ThinkPHP\Library\Think\Controller.class.php 第 307 行.
SQL: SHOW COLUMNS FROM `think_journalpaper` [ RunTime:0.0066s ]
SQL: SELECT * FROM `think_journalpaper` WHERE `id` = '58f96959eb233' LIMIT 1   [ RunTime:0.0007s ]
SQL: SHOW COLUMNS FROM `think_file` [ RunTime:0.0007s ]
SQL: SELECT * FROM `think_file` WHERE `achievement_id` = '58f96959eb233' AND `type` = 'Main' LIMIT 1   [ RunTime:0.0004s ]
INFO: [ view_parse ] --START--
INFO: [ template_filter ] --START--
INFO: Run Behavior\ContentReplaceBehavior [ RunTime:0.000232s ]
INFO: [ template_filter ] --END-- [ RunTime:0.000430s ]
INFO: Run Behavior\ParseTemplateBehavior [ RunTime:0.016176s ]
INFO: [ view_parse ] --END-- [ RunTime:0.016349s ]
INFO: [ view_filter ] --START--
INFO: Run Behavior\WriteHtmlCacheBehavior [ RunTime:0.000578s ]
INFO: [ view_filter ] --END-- [ RunTime:0.000695s ]
INFO: [ app_end ] --START--
INFO: Run Behavior\ShowPageTraceBehavior [ RunTime:0.001309s ]
INFO: [ app_end ] --END-- [ RunTime:0.001571s ]

[ 2017-04-22T09:30:48+08:00 ] ::1 /PaperManager/index.php/Home/Achievement/journal_paper_edit/achi_id/58f96959eb233
INFO: [ app_init ] --START--
INFO: Run Behavior\BuildLiteBehavior [ RunTime:0.000050s ]
INFO: [ app_init ] --END-- [ RunTime:0.000856s ]
INFO: [ app_begin ] --START--
INFO: Run Behavior\ReadHtmlCacheBehavior [ RunTime:0.001260s ]
INFO: [ app_begin ] --END-- [ RunTime:0.001521s ]
NOTIC: [8] Use of undefined constant uid - assumed 'uid' C:\Mess\Applications\wamp64\www\PaperManager\ThinkPHP\Library\Think\Controller.class.php 第 307 行.
SQL: SHOW COLUMNS FROM `think_journalpaper` [ RunTime:0.0014s ]
SQL: SELECT * FROM `think_journalpaper` WHERE `id` = '58f96959eb233' LIMIT 1   [ RunTime:0.0017s ]
INFO: [ view_parse ] --START--
INFO: [ template_filter ] --START--
INFO: Run Behavior\ContentReplaceBehavior [ RunTime:0.000354s ]
INFO: [ template_filter ] --END-- [ RunTime:0.000612s ]
NOTIC: [8] Use of undefined constant 中文 - assumed '中文' C:\Mess\Applications\wamp64\www\PaperManager\Application\Runtime\Cache\Home\80c02c2e505a5742046052737765e88a.php 第 258 行.
NOTIC: [8] Use of undefined constant 英文 - assumed '英文' C:\Mess\Applications\wamp64\www\PaperManager\Application\Runtime\Cache\Home\80c02c2e505a5742046052737765e88a.php 第 259 行.
NOTIC: [8] Use of undefined constant 已发表 - assumed '已发表' C:\Mess\Applications\wamp64\www\PaperManager\Application\Runtime\Cache\Home\80c02c2e505a5742046052737765e88a.php 第 265 行.
NOTIC: [8] Use of undefined constant 已接受未发表 - assumed '已接受未发表' C:\Mess\Applications\wamp64\www\PaperManager\Application\Runtime\Cache\Home\80c02c2e505a5742046052737765e88a.php 第 266 行.
NOTIC: [8] Use of undefined constant Y - assumed 'Y' C:\Mess\Applications\wamp64\www\PaperManager\Application\Runtime\Cache\Home\80c02c2e505a5742046052737765e88a.php 第 288 行.
NOTIC: [8] Use of undefined constant Y - assumed 'Y' C:\Mess\Applications\wamp64\www\PaperManager\Application\Runtime\Cache\Home\80c02c2e505a5742046052737765e88a.php 第 289 行.
NOTIC: [8] Use of undefined constant Y - assumed 'Y' C:\Mess\Applications\wamp64\www\PaperManager\Application\Runtime\Cache\Home\80c02c2e505a5742046052737765e88a.php 第 290 行.
NOTIC: [8] Use of undefined constant Y - assumed 'Y' C:\Mess\Applications\wamp64\www\PaperManager\Application\Runtime\Cache\Home\80c02c2e505a5742046052737765e88a.php 第 291 行.
NOTIC: [8] Use of undefined constant Y - assumed 'Y' C:\Mess\Applications\wamp64\www\PaperManager\Application\Runtime\Cache\Home\80c02c2e505a5742046052737765e88a.php 第 292 行.
NOTIC: [8] Use of undefined constant Y - assumed 'Y' C:\Mess\Applications\wamp64\www\PaperManager\Application\Runtime\Cache\Home\80c02c2e505a5742046052737765e88a.php 第 293 行.
NOTIC: [8] Use of undefined constant 未标注 - assumed '未标注' C:\Mess\Applications\wamp64\www\PaperManager\Application\Runtime\Cache\Home\80c02c2e505a5742046052737765e88a.php 第 304 行.
NOTIC: [8] Use of undefined constant 第一标注 - assumed '第一标注' C:\Mess\Applications\wamp64\www\PaperManager\Application\Runtime\Cache\Home\80c02c2e505a5742046052737765e88a.php 第 305 行.
NOTIC: [8] Use of undefined constant 第二标注 - assumed '第二标注' C:\Mess\Applications\wamp64\www\PaperManager\Application\Runtime\Cache\Home\80c02c2e505a5742046052737765e88a.php 第 306 行.
NOTIC: [8] Use of undefined constant 第三标注 - assumed '第三标注' C:\Mess\Applications\wamp64\www\PaperManager\Application\Runtime\Cache\Home\80c02c2e505a5742046052737765e88a.php 第 307 行.
NOTIC: [8] Use of undefined constant 第四标注 - assumed '第四标注' C:\Mess\Applications\wamp64\www\PaperManager\Application\Runtime\Cache\Home\80c02c2e505a5742046052737765e88a.php 第 308 行.
NOTIC: [8] Use of undefined constant 第五标注 - assumed '第五标注' C:\Mess\Applications\wamp64\www\PaperManager\Application\Runtime\Cache\Home\80c02c2e505a5742046052737765e88a.php 第 309 行.
NOTIC: [8] Use of undefined constant 第六标注 - assumed '第六标注' C:\Mess\Applications\wamp64\www\PaperManager\Application\Runtime\Cache\Home\80c02c2e505a5742046052737765e88a.php 第 310 行.
NOTIC: [8] Use of undefined constant 第七标注 - assumed '第七标注' C:\Mess\Applications\wamp64\www\PaperManager\Application\Runtime\Cache\Home\80c02c2e505a5742046052737765e88a.php 第 311 行.
NOTIC: [8] Use of undefined constant 第八标注 - assumed '第八标注' C:\Mess\Applications\wamp64\www\PaperManager\Application\Runtime\Cache\Home\80c02c2e505a5742046052737765e88a.php 第 312 行.
NOTIC: [8] Use of undefined constant 第九标注 - assumed '第九标注' C:\Mess\Applications\wamp64\www\PaperManager\Application\Runtime\Cache\Home\80c02c2e505a5742046052737765e88a.php 第 313 行.
NOTIC: [8] Use of undefined constant 第十标注 - assumed '第十标注' C:\Mess\Applications\wamp64\www\PaperManager\Application\Runtime\Cache\Home\80c02c2e505a5742046052737765e88a.php 第 314 行.
NOTIC: [8] Use of undefined constant no - assumed 'no' C:\Mess\Applications\wamp64\www\PaperManager\Application\Runtime\Cache\Home\80c02c2e505a5742046052737765e88a.php 第 326 行.
INFO: Run Behavior\ParseTemplateBehavior [ RunTime:0.375433s ]
INFO: [ view_parse ] --END-- [ RunTime:0.375688s ]
INFO: [ view_filter ] --START--
INFO: Run Behavior\WriteHtmlCacheBehavior [ RunTime:0.004249s ]
INFO: [ view_filter ] --END-- [ RunTime:0.006621s ]
INFO: [ app_end ] --START--
INFO: Run Behavior\ShowPageTraceBehavior [ RunTime:0.018965s ]
INFO: [ app_end ] --END-- [ RunTime:0.019721s ]

[ 2017-04-22T09:30:56+08:00 ] ::1 /PaperManager/index.php/Home/Achievement/author_show/achi_id/58f96959eb233/page_type/journal_paper_show
INFO: [ app_init ] --START--
INFO: Run Behavior\BuildLiteBehavior [ RunTime:0.000027s ]
INFO: [ app_init ] --END-- [ RunTime:0.000451s ]
INFO: [ app_begin ] --START--
INFO: Run Behavior\ReadHtmlCacheBehavior [ RunTime:0.000644s ]
INFO: [ app_begin ] --END-- [ RunTime:0.000776s ]
NOTIC: [8] Use of undefined constant uid - assumed 'uid' C:\Mess\Applications\wamp64\www\PaperManager\ThinkPHP\Library\Think\Controller.class.php 第 307 行.
SQL: SHOW COLUMNS FROM `think_author` [ RunTime:0.0013s ]
SQL: SELECT * FROM `think_author` WHERE `achievement_id` = '58f96959eb233'  [ RunTime:0.0005s ]
INFO: [ view_parse ] --START--
INFO: [ template_filter ] --START--
INFO: Run Behavior\ContentReplaceBehavior [ RunTime:0.000183s ]
INFO: [ template_filter ] --END-- [ RunTime:0.000308s ]
INFO: Run Behavior\ParseTemplateBehavior [ RunTime:0.061426s ]
INFO: [ view_parse ] --END-- [ RunTime:0.061594s ]
INFO: [ view_filter ] --START--
INFO: Run Behavior\WriteHtmlCacheBehavior [ RunTime:0.000445s ]
INFO: [ view_filter ] --END-- [ RunTime:0.000568s ]
INFO: [ app_end ] --START--
INFO: Run Behavior\ShowPageTraceBehavior [ RunTime:0.001172s ]
INFO: [ app_end ] --END-- [ RunTime:0.001427s ]

[ 2017-04-22T09:30:59+08:00 ] ::1 /PaperManager/index.php/Home/Achievement/project_show/achi_id/58f96959eb233/page_type/journal_paper_show
INFO: [ app_init ] --START--
INFO: Run Behavior\BuildLiteBehavior [ RunTime:0.000048s ]
INFO: [ app_init ] --END-- [ RunTime:0.000689s ]
INFO: [ app_begin ] --START--
INFO: Run Behavior\ReadHtmlCacheBehavior [ RunTime:0.000782s ]
INFO: [ app_begin ] --END-- [ RunTime:0.001022s ]
NOTIC: [8] Use of undefined constant uid - assumed 'uid' C:\Mess\Applications\wamp64\www\PaperManager\ThinkPHP\Library\Think\Controller.class.php 第 307 行.
SQL: SHOW COLUMNS FROM `think_project_type` [ RunTime:0.0010s ]
SQL: SELECT * FROM `think_project_type`  [ RunTime:0.0006s ]
SQL: SHOW COLUMNS FROM `think_project` [ RunTime:0.0011s ]
SQL: SELECT * FROM `think_project` WHERE `achievement_id` = '58f96959eb233'  [ RunTime:0.0007s ]
INFO: [ view_parse ] --START--
INFO: [ template_filter ] --START--
INFO: Run Behavior\ContentReplaceBehavior [ RunTime:0.000329s ]
INFO: [ template_filter ] --END-- [ RunTime:0.000591s ]
INFO: Run Behavior\ParseTemplateBehavior [ RunTime:0.264663s ]
INFO: [ view_parse ] --END-- [ RunTime:0.264931s ]
INFO: [ view_filter ] --START--
INFO: Run Behavior\WriteHtmlCacheBehavior [ RunTime:0.003352s ]
INFO: [ view_filter ] --END-- [ RunTime:0.003595s ]
INFO: [ app_end ] --START--
INFO: Run Behavior\ShowPageTraceBehavior [ RunTime:0.002079s ]
INFO: [ app_end ] --END-- [ RunTime:0.003052s ]

[ 2017-04-22T09:31:01+08:00 ] ::1 /PaperManager/index.php/Home/Achievement/journal_paper_show/achi_id/58f96959eb233
INFO: [ app_init ] --START--
INFO: Run Behavior\BuildLiteBehavior [ RunTime:0.000045s ]
INFO: [ app_init ] --END-- [ RunTime:0.000675s ]
INFO: [ app_begin ] --START--
INFO: Run Behavior\ReadHtmlCacheBehavior [ RunTime:0.000816s ]
INFO: [ app_begin ] --END-- [ RunTime:0.001065s ]
NOTIC: [8] Use of undefined constant uid - assumed 'uid' C:\Mess\Applications\wamp64\www\PaperManager\ThinkPHP\Library\Think\Controller.class.php 第 307 行.
SQL: SHOW COLUMNS FROM `think_journalpaper` [ RunTime:0.0031s ]
SQL: SELECT * FROM `think_journalpaper` WHERE `id` = '58f96959eb233' LIMIT 1   [ RunTime:0.0007s ]
SQL: SHOW COLUMNS FROM `think_file` [ RunTime:0.0024s ]
SQL: SELECT * FROM `think_file` WHERE `achievement_id` = '58f96959eb233' AND `type` = 'Main' LIMIT 1   [ RunTime:0.0005s ]
INFO: [ view_parse ] --START--
INFO: [ template_filter ] --START--
INFO: Run Behavior\ContentReplaceBehavior [ RunTime:0.000333s ]
INFO: [ template_filter ] --END-- [ RunTime:0.000577s ]
INFO: Run Behavior\ParseTemplateBehavior [ RunTime:0.026472s ]
INFO: [ view_parse ] --END-- [ RunTime:0.026734s ]
INFO: [ view_filter ] --START--
INFO: Run Behavior\WriteHtmlCacheBehavior [ RunTime:0.000965s ]
INFO: [ view_filter ] --END-- [ RunTime:0.001192s ]
INFO: [ app_end ] --START--
INFO: Run Behavior\ShowPageTraceBehavior [ RunTime:0.001224s ]
INFO: [ app_end ] --END-- [ RunTime:0.001467s ]

[ 2017-04-22T09:31:02+08:00 ] ::1 /PaperManager/index.php/Home/Achievement/author_show/achi_id/58f96959eb233/page_type/journal_paper_show
INFO: [ app_init ] --START--
INFO: Run Behavior\BuildLiteBehavior [ RunTime:0.000066s ]
INFO: [ app_init ] --END-- [ RunTime:0.000917s ]
INFO: [ app_begin ] --START--
INFO: Run Behavior\ReadHtmlCacheBehavior [ RunTime:0.000783s ]
INFO: [ app_begin ] --END-- [ RunTime:0.001036s ]
NOTIC: [8] Use of undefined constant uid - assumed 'uid' C:\Mess\Applications\wamp64\www\PaperManager\ThinkPHP\Library\Think\Controller.class.php 第 307 行.
SQL: SHOW COLUMNS FROM `think_author` [ RunTime:0.0011s ]
SQL: SELECT * FROM `think_author` WHERE `achievement_id` = '58f96959eb233'  [ RunTime:0.0007s ]
INFO: [ view_parse ] --START--
INFO: [ template_filter ] --START--
INFO: Run Behavior\ContentReplaceBehavior [ RunTime:0.000313s ]
INFO: [ template_filter ] --END-- [ RunTime:0.000529s ]
INFO: Run Behavior\ParseTemplateBehavior [ RunTime:0.104658s ]
INFO: [ view_parse ] --END-- [ RunTime:0.104922s ]
INFO: [ view_filter ] --START--
INFO: Run Behavior\WriteHtmlCacheBehavior [ RunTime:0.000758s ]
INFO: [ view_filter ] --END-- [ RunTime:0.000991s ]
INFO: [ app_end ] --START--
INFO: Run Behavior\ShowPageTraceBehavior [ RunTime:0.001244s ]
INFO: [ app_end ] --END-- [ RunTime:0.001484s ]

[ 2017-04-22T09:31:03+08:00 ] ::1 /PaperManager/index.php/Home/Achievement/journal_paper_show/achi_id/58f96959eb233
INFO: [ app_init ] --START--
INFO: Run Behavior\BuildLiteBehavior [ RunTime:0.000033s ]
INFO: [ app_init ] --END-- [ RunTime:0.000554s ]
INFO: [ app_begin ] --START--
INFO: Run Behavior\ReadHtmlCacheBehavior [ RunTime:0.000463s ]
INFO: [ app_begin ] --END-- [ RunTime:0.000586s ]
NOTIC: [8] Use of undefined constant uid - assumed 'uid' C:\Mess\Applications\wamp64\www\PaperManager\ThinkPHP\Library\Think\Controller.class.php 第 307 行.
SQL: SHOW COLUMNS FROM `think_journalpaper` [ RunTime:0.0030s ]
SQL: SELECT * FROM `think_journalpaper` WHERE `id` = '58f96959eb233' LIMIT 1   [ RunTime:0.0004s ]
SQL: SHOW COLUMNS FROM `think_file` [ RunTime:0.0006s ]
SQL: SELECT * FROM `think_file` WHERE `achievement_id` = '58f96959eb233' AND `type` = 'Main' LIMIT 1   [ RunTime:0.0004s ]
INFO: [ view_parse ] --START--
INFO: [ template_filter ] --START--
INFO: Run Behavior\ContentReplaceBehavior [ RunTime:0.000198s ]
INFO: [ template_filter ] --END-- [ RunTime:0.000342s ]
INFO: Run Behavior\ParseTemplateBehavior [ RunTime:0.014396s ]
INFO: [ view_parse ] --END-- [ RunTime:0.014569s ]
INFO: [ view_filter ] --START--
INFO: Run Behavior\WriteHtmlCacheBehavior [ RunTime:0.000443s ]
INFO: [ view_filter ] --END-- [ RunTime:0.000553s ]
INFO: [ app_end ] --START--
INFO: Run Behavior\ShowPageTraceBehavior [ RunTime:0.000804s ]
INFO: [ app_end ] --END-- [ RunTime:0.000947s ]

[ 2017-04-22T09:31:07+08:00 ] ::1 /PaperManager/index.php/Home/Achievement/file_upload/achi_id/58f96959eb233
INFO: [ app_init ] --START--
INFO: Run Behavior\BuildLiteBehavior [ RunTime:0.000054s ]
INFO: [ app_init ] --END-- [ RunTime:0.001009s ]
INFO: [ app_begin ] --START--
INFO: Run Behavior\ReadHtmlCacheBehavior [ RunTime:0.000825s ]
INFO: [ app_begin ] --END-- [ RunTime:0.001073s ]
NOTIC: [8] Use of undefined constant uid - assumed 'uid' C:\Mess\Applications\wamp64\www\PaperManager\ThinkPHP\Library\Think\Controller.class.php 第 307 行.
SQL: SHOW COLUMNS FROM `think_file` [ RunTime:0.0009s ]
SQL: SELECT * FROM `think_file` WHERE `achievement_id` = '58f96959eb233'  [ RunTime:0.0006s ]
INFO: [ view_parse ] --START--
INFO: [ template_filter ] --START--
INFO: Run Behavior\ContentReplaceBehavior [ RunTime:0.000299s ]
INFO: [ template_filter ] --END-- [ RunTime:0.000542s ]
INFO: Run Behavior\ParseTemplateBehavior [ RunTime:0.081951s ]
INFO: [ view_parse ] --END-- [ RunTime:0.082213s ]
INFO: [ view_filter ] --START--
INFO: Run Behavior\WriteHtmlCacheBehavior [ RunTime:0.000791s ]
INFO: [ view_filter ] --END-- [ RunTime:0.001100s ]
INFO: [ app_end ] --START--
INFO: Run Behavior\ShowPageTraceBehavior [ RunTime:0.001981s ]
INFO: [ app_end ] --END-- [ RunTime:0.002419s ]

[ 2017-04-22T09:34:35+08:00 ] ::1 /PaperManager/index.php/Home/Achievement/journal_paper_show/achi_id/58f96959eb233
INFO: [ app_init ] --START--
INFO: Run Behavior\BuildLiteBehavior [ RunTime:0.000025s ]
INFO: [ app_init ] --END-- [ RunTime:0.000463s ]
INFO: [ app_begin ] --START--
INFO: Run Behavior\ReadHtmlCacheBehavior [ RunTime:0.001029s ]
INFO: [ app_begin ] --END-- [ RunTime:0.001230s ]
NOTIC: [8] Use of undefined constant uid - assumed 'uid' C:\Mess\Applications\wamp64\www\PaperManager\ThinkPHP\Library\Think\Controller.class.php 第 307 行.
SQL: SHOW COLUMNS FROM `think_journalpaper` [ RunTime:0.0010s ]
SQL: SELECT * FROM `think_journalpaper` WHERE `id` = '58f96959eb233' LIMIT 1   [ RunTime:0.0014s ]
SQL: SHOW COLUMNS FROM `think_file` [ RunTime:0.0021s ]
SQL: SELECT * FROM `think_file` WHERE `achievement_id` = '58f96959eb233' AND `type` = 'Main' LIMIT 1   [ RunTime:0.0007s ]
INFO: [ view_parse ] --START--
INFO: [ template_filter ] --START--
INFO: Run Behavior\ContentReplaceBehavior [ RunTime:0.000275s ]
INFO: [ template_filter ] --END-- [ RunTime:0.000480s ]
INFO: Run Behavior\ParseTemplateBehavior [ RunTime:0.084167s ]
INFO: [ view_parse ] --END-- [ RunTime:0.084378s ]
INFO: [ view_filter ] --START--
INFO: Run Behavior\WriteHtmlCacheBehavior [ RunTime:0.000635s ]
INFO: [ view_filter ] --END-- [ RunTime:0.000836s ]
INFO: [ app_end ] --START--
INFO: Run Behavior\ShowPageTraceBehavior [ RunTime:0.001051s ]
INFO: [ app_end ] --END-- [ RunTime:0.001304s ]

[ 2017-04-22T09:34:37+08:00 ] ::1 /PaperManager/index.php/Home/Achievement/journal_paper_edit/achi_id/58f96959eb233
INFO: [ app_init ] --START--
INFO: Run Behavior\BuildLiteBehavior [ RunTime:0.000051s ]
INFO: [ app_init ] --END-- [ RunTime:0.000767s ]
INFO: [ app_begin ] --START--
INFO: Run Behavior\ReadHtmlCacheBehavior [ RunTime:0.001226s ]
INFO: [ app_begin ] --END-- [ RunTime:0.001573s ]
NOTIC: [8] Use of undefined constant uid - assumed 'uid' C:\Mess\Applications\wamp64\www\PaperManager\ThinkPHP\Library\Think\Controller.class.php 第 307 行.
SQL: SHOW COLUMNS FROM `think_journalpaper` [ RunTime:0.0012s ]
SQL: SELECT * FROM `think_journalpaper` WHERE `id` = '58f96959eb233' LIMIT 1   [ RunTime:0.0007s ]
INFO: [ view_parse ] --START--
INFO: [ template_filter ] --START--
INFO: Run Behavior\ContentReplaceBehavior [ RunTime:0.000448s ]
INFO: [ template_filter ] --END-- [ RunTime:0.000736s ]
NOTIC: [8] Use of undefined constant 中文 - assumed '中文' C:\Mess\Applications\wamp64\www\PaperManager\Application\Runtime\Cache\Home\80c02c2e505a5742046052737765e88a.php 第 258 行.
NOTIC: [8] Use of undefined constant 英文 - assumed '英文' C:\Mess\Applications\wamp64\www\PaperManager\Application\Runtime\Cache\Home\80c02c2e505a5742046052737765e88a.php 第 259 行.
NOTIC: [8] Use of undefined constant 已发表 - assumed '已发表' C:\Mess\Applications\wamp64\www\PaperManager\Application\Runtime\Cache\Home\80c02c2e505a5742046052737765e88a.php 第 265 行.
NOTIC: [8] Use of undefined constant 已接受未发表 - assumed '已接受未发表' C:\Mess\Applications\wamp64\www\PaperManager\Application\Runtime\Cache\Home\80c02c2e505a5742046052737765e88a.php 第 266 行.
NOTIC: [8] Use of undefined constant Y - assumed 'Y' C:\Mess\Applications\wamp64\www\PaperManager\Application\Runtime\Cache\Home\80c02c2e505a5742046052737765e88a.php 第 288 行.
NOTIC: [8] Use of undefined constant Y - assumed 'Y' C:\Mess\Applications\wamp64\www\PaperManager\Application\Runtime\Cache\Home\80c02c2e505a5742046052737765e88a.php 第 289 行.
NOTIC: [8] Use of undefined constant Y - assumed 'Y' C:\Mess\Applications\wamp64\www\PaperManager\Application\Runtime\Cache\Home\80c02c2e505a5742046052737765e88a.php 第 290 行.
NOTIC: [8] Use of undefined constant Y - assumed 'Y' C:\Mess\Applications\wamp64\www\PaperManager\Application\Runtime\Cache\Home\80c02c2e505a5742046052737765e88a.php 第 291 行.
NOTIC: [8] Use of undefined constant Y - assumed 'Y' C:\Mess\Applications\wamp64\www\PaperManager\Application\Runtime\Cache\Home\80c02c2e505a5742046052737765e88a.php 第 292 行.
NOTIC: [8] Use of undefined constant Y - assumed 'Y' C:\Mess\Applications\wamp64\www\PaperManager\Application\Runtime\Cache\Home\80c02c2e505a5742046052737765e88a.php 第 293 行.
NOTIC: [8] Use of undefined constant 未标注 - assumed '未标注' C:\Mess\Applications\wamp64\www\PaperManager\Application\Runtime\Cache\Home\80c02c2e505a5742046052737765e88a.php 第 304 行.
NOTIC: [8] Use of undefined constant 第一标注 - assumed '第一标注' C:\Mess\Applications\wamp64\www\PaperManager\Application\Runtime\Cache\Home\80c02c2e505a5742046052737765e88a.php 第 305 行.
NOTIC: [8] Use of undefined constant 第二标注 - assumed '第二标注' C:\Mess\Applications\wamp64\www\PaperManager\Application\Runtime\Cache\Home\80c02c2e505a5742046052737765e88a.php 第 306 行.
NOTIC: [8] Use of undefined constant 第三标注 - assumed '第三标注' C:\Mess\Applications\wamp64\www\PaperManager\Application\Runtime\Cache\Home\80c02c2e505a5742046052737765e88a.php 第 307 行.
NOTIC: [8] Use of undefined constant 第四标注 - assumed '第四标注' C:\Mess\Applications\wamp64\www\PaperManager\Application\Runtime\Cache\Home\80c02c2e505a5742046052737765e88a.php 第 308 行.
NOTIC: [8] Use of undefined constant 第五标注 - assumed '第五标注' C:\Mess\Applications\wamp64\www\PaperManager\Application\Runtime\Cache\Home\80c02c2e505a5742046052737765e88a.php 第 309 行.
NOTIC: [8] Use of undefined constant 第六标注 - assumed '第六标注' C:\Mess\Applications\wamp64\www\PaperManager\Application\Runtime\Cache\Home\80c02c2e505a5742046052737765e88a.php 第 310 行.
NOTIC: [8] Use of undefined constant 第七标注 - assumed '第七标注' C:\Mess\Applications\wamp64\www\PaperManager\Application\Runtime\Cache\Home\80c02c2e505a5742046052737765e88a.php 第 311 行.
NOTIC: [8] Use of undefined constant 第八标注 - assumed '第八标注' C:\Mess\Applications\wamp64\www\PaperManager\Application\Runtime\Cache\Home\80c02c2e505a5742046052737765e88a.php 第 312 行.
NOTIC: [8] Use of undefined constant 第九标注 - assumed '第九标注' C:\Mess\Applications\wamp64\www\PaperManager\Application\Runtime\Cache\Home\80c02c2e505a5742046052737765e88a.php 第 313 行.
NOTIC: [8] Use of undefined constant 第十标注 - assumed '第十标注' C:\Mess\Applications\wamp64\www\PaperManager\Application\Runtime\Cache\Home\80c02c2e505a5742046052737765e88a.php 第 314 行.
NOTIC: [8] Use of undefined constant no - assumed 'no' C:\Mess\Applications\wamp64\www\PaperManager\Application\Runtime\Cache\Home\80c02c2e505a5742046052737765e88a.php 第 326 行.
INFO: Run Behavior\ParseTemplateBehavior [ RunTime:0.032115s ]
INFO: [ view_parse ] --END-- [ RunTime:0.032359s ]
INFO: [ view_filter ] --START--
INFO: Run Behavior\WriteHtmlCacheBehavior [ RunTime:0.000609s ]
INFO: [ view_filter ] --END-- [ RunTime:0.000853s ]
INFO: [ app_end ] --START--
INFO: Run Behavior\ShowPageTraceBehavior [ RunTime:0.001162s ]
INFO: [ app_end ] --END-- [ RunTime:0.001434s ]

[ 2017-04-22T09:34:42+08:00 ] ::1 /PaperManager/index.php/Home/Achievement/author_show/achi_id/58f96959eb233/page_type/journal_paper_show
INFO: [ app_init ] --START--
INFO: Run Behavior\BuildLiteBehavior [ RunTime:0.000037s ]
INFO: [ app_init ] --END-- [ RunTime:0.000409s ]
INFO: [ app_begin ] --START--
INFO: Run Behavior\ReadHtmlCacheBehavior [ RunTime:0.000567s ]
INFO: [ app_begin ] --END-- [ RunTime:0.000718s ]
NOTIC: [8] Use of undefined constant uid - assumed 'uid' C:\Mess\Applications\wamp64\www\PaperManager\ThinkPHP\Library\Think\Controller.class.php 第 307 行.
SQL: SHOW COLUMNS FROM `think_author` [ RunTime:0.0010s ]
SQL: SELECT * FROM `think_author` WHERE `achievement_id` = '58f96959eb233'  [ RunTime:0.0005s ]
INFO: [ view_parse ] --START--
INFO: [ template_filter ] --START--
INFO: Run Behavior\ContentReplaceBehavior [ RunTime:0.000207s ]
INFO: [ template_filter ] --END-- [ RunTime:0.000339s ]
INFO: Run Behavior\ParseTemplateBehavior [ RunTime:0.013627s ]
INFO: [ view_parse ] --END-- [ RunTime:0.013787s ]
INFO: [ view_filter ] --START--
INFO: Run Behavior\WriteHtmlCacheBehavior [ RunTime:0.000354s ]
INFO: [ view_filter ] --END-- [ RunTime:0.000470s ]
INFO: [ app_end ] --START--
INFO: Run Behavior\ShowPageTraceBehavior [ RunTime:0.000725s ]
INFO: [ app_end ] --END-- [ RunTime:0.000888s ]

[ 2017-04-22T09:34:44+08:00 ] ::1 /PaperManager/index.php/Home/Achievement/journal_paper_show/achi_id/58f96959eb233
INFO: [ app_init ] --START--
INFO: Run Behavior\BuildLiteBehavior [ RunTime:0.000034s ]
INFO: [ app_init ] --END-- [ RunTime:0.000614s ]
INFO: [ app_begin ] --START--
INFO: Run Behavior\ReadHtmlCacheBehavior [ RunTime:0.000662s ]
INFO: [ app_begin ] --END-- [ RunTime:0.000793s ]
NOTIC: [8] Use of undefined constant uid - assumed 'uid' C:\Mess\Applications\wamp64\www\PaperManager\ThinkPHP\Library\Think\Controller.class.php 第 307 行.
SQL: SHOW COLUMNS FROM `think_journalpaper` [ RunTime:0.0025s ]
SQL: SELECT * FROM `think_journalpaper` WHERE `id` = '58f96959eb233' LIMIT 1   [ RunTime:0.0005s ]
SQL: SHOW COLUMNS FROM `think_file` [ RunTime:0.0006s ]
SQL: SELECT * FROM `think_file` WHERE `achievement_id` = '58f96959eb233' AND `type` = 'Main' LIMIT 1   [ RunTime:0.0004s ]
INFO: [ view_parse ] --START--
INFO: [ template_filter ] --START--
INFO: Run Behavior\ContentReplaceBehavior [ RunTime:0.000188s ]
INFO: [ template_filter ] --END-- [ RunTime:0.000372s ]
INFO: Run Behavior\ParseTemplateBehavior [ RunTime:0.078336s ]
INFO: [ view_parse ] --END-- [ RunTime:0.078519s ]
INFO: [ view_filter ] --START--
INFO: Run Behavior\WriteHtmlCacheBehavior [ RunTime:0.000661s ]
INFO: [ view_filter ] --END-- [ RunTime:0.000789s ]
INFO: [ app_end ] --START--
INFO: Run Behavior\ShowPageTraceBehavior [ RunTime:0.000726s ]
INFO: [ app_end ] --END-- [ RunTime:0.000872s ]

[ 2017-04-22T09:34:45+08:00 ] ::1 /PaperManager/index.php/Home/Achievement/project_show/achi_id/58f96959eb233/page_type/journal_paper_show
INFO: [ app_init ] --START--
INFO: Run Behavior\BuildLiteBehavior [ RunTime:0.000033s ]
INFO: [ app_init ] --END-- [ RunTime:0.000439s ]
INFO: [ app_begin ] --START--
INFO: Run Behavior\ReadHtmlCacheBehavior [ RunTime:0.000744s ]
INFO: [ app_begin ] --END-- [ RunTime:0.000935s ]
NOTIC: [8] Use of undefined constant uid - assumed 'uid' C:\Mess\Applications\wamp64\www\PaperManager\ThinkPHP\Library\Think\Controller.class.php 第 307 行.
SQL: SHOW COLUMNS FROM `think_project_type` [ RunTime:0.0008s ]
SQL: SELECT * FROM `think_project_type`  [ RunTime:0.0006s ]
SQL: SHOW COLUMNS FROM `think_project` [ RunTime:0.0007s ]
SQL: SELECT * FROM `think_project` WHERE `achievement_id` = '58f96959eb233'  [ RunTime:0.0004s ]
INFO: [ view_parse ] --START--
INFO: [ template_filter ] --START--
INFO: Run Behavior\ContentReplaceBehavior [ RunTime:0.000167s ]
INFO: [ template_filter ] --END-- [ RunTime:0.000294s ]
INFO: Run Behavior\ParseTemplateBehavior [ RunTime:0.028251s ]
INFO: [ view_parse ] --END-- [ RunTime:0.028425s ]
INFO: [ view_filter ] --START--
INFO: Run Behavior\WriteHtmlCacheBehavior [ RunTime:0.000350s ]
INFO: [ view_filter ] --END-- [ RunTime:0.000459s ]
INFO: [ app_end ] --START--
INFO: Run Behavior\ShowPageTraceBehavior [ RunTime:0.000613s ]
INFO: [ app_end ] --END-- [ RunTime:0.000755s ]

[ 2017-04-22T09:34:46+08:00 ] ::1 /PaperManager/index.php/Home/Achievement/journal_paper_show/achi_id/58f96959eb233
INFO: [ app_init ] --START--
INFO: Run Behavior\BuildLiteBehavior [ RunTime:0.000025s ]
INFO: [ app_init ] --END-- [ RunTime:0.000409s ]
INFO: [ app_begin ] --START--
INFO: Run Behavior\ReadHtmlCacheBehavior [ RunTime:0.000664s ]
INFO: [ app_begin ] --END-- [ RunTime:0.000797s ]
NOTIC: [8] Use of undefined constant uid - assumed 'uid' C:\Mess\Applications\wamp64\www\PaperManager\ThinkPHP\Library\Think\Controller.class.php 第 307 行.
SQL: SHOW COLUMNS FROM `think_journalpaper` [ RunTime:0.0018s ]
SQL: SELECT * FROM `think_journalpaper` WHERE `id` = '58f96959eb233' LIMIT 1   [ RunTime:0.0006s ]
SQL: SHOW COLUMNS FROM `think_file` [ RunTime:0.0006s ]
SQL: SELECT * FROM `think_file` WHERE `achievement_id` = '58f96959eb233' AND `type` = 'Main' LIMIT 1   [ RunTime:0.0003s ]
INFO: [ view_parse ] --START--
INFO: [ template_filter ] --START--
INFO: Run Behavior\ContentReplaceBehavior [ RunTime:0.000200s ]
INFO: [ template_filter ] --END-- [ RunTime:0.000327s ]
INFO: Run Behavior\ParseTemplateBehavior [ RunTime:0.014184s ]
INFO: [ view_parse ] --END-- [ RunTime:0.014391s ]
INFO: [ view_filter ] --START--
INFO: Run Behavior\WriteHtmlCacheBehavior [ RunTime:0.000822s ]
INFO: [ view_filter ] --END-- [ RunTime:0.001044s ]
INFO: [ app_end ] --START--
INFO: Run Behavior\ShowPageTraceBehavior [ RunTime:0.000980s ]
INFO: [ app_end ] --END-- [ RunTime:0.001261s ]

[ 2017-04-22T09:34:49+08:00 ] ::1 /PaperManager/index.php/Home/Achievement/file_upload/achi_id/58f96959eb233
INFO: [ app_init ] --START--
INFO: Run Behavior\BuildLiteBehavior [ RunTime:0.000051s ]
INFO: [ app_init ] --END-- [ RunTime:0.000812s ]
INFO: [ app_begin ] --START--
INFO: Run Behavior\ReadHtmlCacheBehavior [ RunTime:0.001186s ]
INFO: [ app_begin ] --END-- [ RunTime:0.001468s ]
NOTIC: [8] Use of undefined constant uid - assumed 'uid' C:\Mess\Applications\wamp64\www\PaperManager\ThinkPHP\Library\Think\Controller.class.php 第 307 行.
SQL: SHOW COLUMNS FROM `think_file` [ RunTime:0.0009s ]
SQL: SELECT * FROM `think_file` WHERE `achievement_id` = '58f96959eb233'  [ RunTime:0.0006s ]
INFO: [ view_parse ] --START--
INFO: [ template_filter ] --START--
INFO: Run Behavior\ContentReplaceBehavior [ RunTime:0.000285s ]
INFO: [ template_filter ] --END-- [ RunTime:0.000522s ]
INFO: Run Behavior\ParseTemplateBehavior [ RunTime:0.107244s ]
INFO: [ view_parse ] --END-- [ RunTime:0.107500s ]
INFO: [ view_filter ] --START--
INFO: Run Behavior\WriteHtmlCacheBehavior [ RunTime:0.000560s ]
INFO: [ view_filter ] --END-- [ RunTime:0.000780s ]
INFO: [ app_end ] --START--
INFO: Run Behavior\ShowPageTraceBehavior [ RunTime:0.002471s ]
INFO: [ app_end ] --END-- [ RunTime:0.002736s ]

[ 2017-04-22T09:35:13+08:00 ] ::1 /PaperManager/index.php/Home/Achievement/journal_paper_show/achi_id/58f96959eb233
INFO: [ app_init ] --START--
INFO: Run Behavior\BuildLiteBehavior [ RunTime:0.000046s ]
INFO: [ app_init ] --END-- [ RunTime:0.000773s ]
INFO: [ app_begin ] --START--
INFO: Run Behavior\ReadHtmlCacheBehavior [ RunTime:0.000653s ]
INFO: [ app_begin ] --END-- [ RunTime:0.000789s ]
NOTIC: [8] Use of undefined constant uid - assumed 'uid' C:\Mess\Applications\wamp64\www\PaperManager\ThinkPHP\Library\Think\Controller.class.php 第 307 行.
SQL: SHOW COLUMNS FROM `think_journalpaper` [ RunTime:0.0008s ]
SQL: SELECT * FROM `think_journalpaper` WHERE `id` = '58f96959eb233' LIMIT 1   [ RunTime:0.0004s ]
SQL: SHOW COLUMNS FROM `think_file` [ RunTime:0.0005s ]
SQL: SELECT * FROM `think_file` WHERE `achievement_id` = '58f96959eb233' AND `type` = 'Main' LIMIT 1   [ RunTime:0.0004s ]
INFO: [ view_parse ] --START--
INFO: [ template_filter ] --START--
INFO: Run Behavior\ContentReplaceBehavior [ RunTime:0.000372s ]
INFO: [ template_filter ] --END-- [ RunTime:0.000675s ]
INFO: Run Behavior\ParseTemplateBehavior [ RunTime:0.094805s ]
INFO: [ view_parse ] --END-- [ RunTime:0.095028s ]
INFO: [ view_filter ] --START--
INFO: Run Behavior\WriteHtmlCacheBehavior [ RunTime:0.000646s ]
INFO: [ view_filter ] --END-- [ RunTime:0.000858s ]
INFO: [ app_end ] --START--
INFO: Run Behavior\ShowPageTraceBehavior [ RunTime:0.001019s ]
INFO: [ app_end ] --END-- [ RunTime:0.001287s ]

[ 2017-04-22T09:35:45+08:00 ] ::1 /PaperManager/index.php/Home/Achievement/journal_paper_show/achi_id/58f96959eb233
INFO: [ app_init ] --START--
INFO: Run Behavior\BuildLiteBehavior [ RunTime:0.000056s ]
INFO: [ app_init ] --END-- [ RunTime:0.000887s ]
INFO: [ app_begin ] --START--
INFO: Run Behavior\ReadHtmlCacheBehavior [ RunTime:0.001116s ]
INFO: [ app_begin ] --END-- [ RunTime:0.001411s ]
NOTIC: [8] Use of undefined constant uid - assumed 'uid' C:\Mess\Applications\wamp64\www\PaperManager\ThinkPHP\Library\Think\Controller.class.php 第 307 行.
SQL: SHOW COLUMNS FROM `think_journalpaper` [ RunTime:0.0010s ]
SQL: SELECT * FROM `think_journalpaper` WHERE `id` = '58f96959eb233' LIMIT 1   [ RunTime:0.0006s ]
SQL: SHOW COLUMNS FROM `think_file` [ RunTime:0.0008s ]
SQL: SELECT * FROM `think_file` WHERE `achievement_id` = '58f96959eb233' AND `type` = 'Main' LIMIT 1   [ RunTime:0.0007s ]
INFO: [ view_parse ] --START--
INFO: [ template_filter ] --START--
INFO: Run Behavior\ContentReplaceBehavior [ RunTime:0.000340s ]
INFO: [ template_filter ] --END-- [ RunTime:0.000596s ]
INFO: Run Behavior\ParseTemplateBehavior [ RunTime:0.023619s ]
INFO: [ view_parse ] --END-- [ RunTime:0.023820s ]
INFO: [ view_filter ] --START--
INFO: Run Behavior\WriteHtmlCacheBehavior [ RunTime:0.000612s ]
INFO: [ view_filter ] --END-- [ RunTime:0.000803s ]
INFO: [ app_end ] --START--
INFO: Run Behavior\ShowPageTraceBehavior [ RunTime:0.000988s ]
INFO: [ app_end ] --END-- [ RunTime:0.001253s ]

[ 2017-04-22T09:35:46+08:00 ] ::1 /PaperManager/index.php/Home/Achievement/journal_paper_edit/achi_id/58f96959eb233
INFO: [ app_init ] --START--
INFO: Run Behavior\BuildLiteBehavior [ RunTime:0.000035s ]
INFO: [ app_init ] --END-- [ RunTime:0.000449s ]
INFO: [ app_begin ] --START--
INFO: Run Behavior\ReadHtmlCacheBehavior [ RunTime:0.000607s ]
INFO: [ app_begin ] --END-- [ RunTime:0.000729s ]
NOTIC: [8] Use of undefined constant uid - assumed 'uid' C:\Mess\Applications\wamp64\www\PaperManager\ThinkPHP\Library\Think\Controller.class.php 第 307 行.
SQL: SHOW COLUMNS FROM `think_journalpaper` [ RunTime:0.0007s ]
SQL: SELECT * FROM `think_journalpaper` WHERE `id` = '58f96959eb233' LIMIT 1   [ RunTime:0.0004s ]
INFO: [ view_parse ] --START--
INFO: [ template_filter ] --START--
INFO: Run Behavior\ContentReplaceBehavior [ RunTime:0.000356s ]
INFO: [ template_filter ] --END-- [ RunTime:0.000587s ]
NOTIC: [8] Use of undefined constant 中文 - assumed '中文' C:\Mess\Applications\wamp64\www\PaperManager\Application\Runtime\Cache\Home\80c02c2e505a5742046052737765e88a.php 第 258 行.
NOTIC: [8] Use of undefined constant 英文 - assumed '英文' C:\Mess\Applications\wamp64\www\PaperManager\Application\Runtime\Cache\Home\80c02c2e505a5742046052737765e88a.php 第 259 行.
NOTIC: [8] Use of undefined constant 已发表 - assumed '已发表' C:\Mess\Applications\wamp64\www\PaperManager\Application\Runtime\Cache\Home\80c02c2e505a5742046052737765e88a.php 第 265 行.
NOTIC: [8] Use of undefined constant 已接受未发表 - assumed '已接受未发表' C:\Mess\Applications\wamp64\www\PaperManager\Application\Runtime\Cache\Home\80c02c2e505a5742046052737765e88a.php 第 266 行.
NOTIC: [8] Use of undefined constant Y - assumed 'Y' C:\Mess\Applications\wamp64\www\PaperManager\Application\Runtime\Cache\Home\80c02c2e505a5742046052737765e88a.php 第 288 行.
NOTIC: [8] Use of undefined constant Y - assumed 'Y' C:\Mess\Applications\wamp64\www\PaperManager\Application\Runtime\Cache\Home\80c02c2e505a5742046052737765e88a.php 第 289 行.
NOTIC: [8] Use of undefined constant Y - assumed 'Y' C:\Mess\Applications\wamp64\www\PaperManager\Application\Runtime\Cache\Home\80c02c2e505a5742046052737765e88a.php 第 290 行.
NOTIC: [8] Use of undefined constant Y - assumed 'Y' C:\Mess\Applications\wamp64\www\PaperManager\Application\Runtime\Cache\Home\80c02c2e505a5742046052737765e88a.php 第 291 行.
NOTIC: [8] Use of undefined constant Y - assumed 'Y' C:\Mess\Applications\wamp64\www\PaperManager\Application\Runtime\Cache\Home\80c02c2e505a5742046052737765e88a.php 第 292 行.
NOTIC: [8] Use of undefined constant Y - assumed 'Y' C:\Mess\Applications\wamp64\www\PaperManager\Application\Runtime\Cache\Home\80c02c2e505a5742046052737765e88a.php 第 293 行.
NOTIC: [8] Use of undefined constant 未标注 - assumed '未标注' C:\Mess\Applications\wamp64\www\PaperManager\Application\Runtime\Cache\Home\80c02c2e505a5742046052737765e88a.php 第 304 行.
NOTIC: [8] Use of undefined constant 第一标注 - assumed '第一标注' C:\Mess\Applications\wamp64\www\PaperManager\Application\Runtime\Cache\Home\80c02c2e505a5742046052737765e88a.php 第 305 行.
NOTIC: [8] Use of undefined constant 第二标注 - assumed '第二标注' C:\Mess\Applications\wamp64\www\PaperManager\Application\Runtime\Cache\Home\80c02c2e505a5742046052737765e88a.php 第 306 行.
NOTIC: [8] Use of undefined constant 第三标注 - assumed '第三标注' C:\Mess\Applications\wamp64\www\PaperManager\Application\Runtime\Cache\Home\80c02c2e505a5742046052737765e88a.php 第 307 行.
NOTIC: [8] Use of undefined constant 第四标注 - assumed '第四标注' C:\Mess\Applications\wamp64\www\PaperManager\Application\Runtime\Cache\Home\80c02c2e505a5742046052737765e88a.php 第 308 行.
NOTIC: [8] Use of undefined constant 第五标注 - assumed '第五标注' C:\Mess\Applications\wamp64\www\PaperManager\Application\Runtime\Cache\Home\80c02c2e505a5742046052737765e88a.php 第 309 行.
NOTIC: [8] Use of undefined constant 第六标注 - assumed '第六标注' C:\Mess\Applications\wamp64\www\PaperManager\Application\Runtime\Cache\Home\80c02c2e505a5742046052737765e88a.php 第 310 行.
NOTIC: [8] Use of undefined constant 第七标注 - assumed '第七标注' C:\Mess\Applications\wamp64\www\PaperManager\Application\Runtime\Cache\Home\80c02c2e505a5742046052737765e88a.php 第 311 行.
NOTIC: [8] Use of undefined constant 第八标注 - assumed '第八标注' C:\Mess\Applications\wamp64\www\PaperManager\Application\Runtime\Cache\Home\80c02c2e505a5742046052737765e88a.php 第 312 行.
NOTIC: [8] Use of undefined constant 第九标注 - assumed '第九标注' C:\Mess\Applications\wamp64\www\PaperManager\Application\Runtime\Cache\Home\80c02c2e505a5742046052737765e88a.php 第 313 行.
NOTIC: [8] Use of undefined constant 第十标注 - assumed '第十标注' C:\Mess\Applications\wamp64\www\PaperManager\Application\Runtime\Cache\Home\80c02c2e505a5742046052737765e88a.php 第 314 行.
NOTIC: [8] Use of undefined constant no - assumed 'no' C:\Mess\Applications\wamp64\www\PaperManager\Application\Runtime\Cache\Home\80c02c2e505a5742046052737765e88a.php 第 326 行.
INFO: Run Behavior\ParseTemplateBehavior [ RunTime:0.020590s ]
INFO: [ view_parse ] --END-- [ RunTime:0.020733s ]
INFO: [ view_filter ] --START--
INFO: Run Behavior\WriteHtmlCacheBehavior [ RunTime:0.000407s ]
INFO: [ view_filter ] --END-- [ RunTime:0.000532s ]
INFO: [ app_end ] --START--
INFO: Run Behavior\ShowPageTraceBehavior [ RunTime:0.000883s ]
INFO: [ app_end ] --END-- [ RunTime:0.001084s ]

