[ 2017-04-27T08:51:06+08:00 ] ::1 /PaperManager/index.php/Home/
INFO: [ app_init ] --START--
INFO: Run Behavior\BuildLiteBehavior [ RunTime:0.000034s ]
INFO: [ app_init ] --END-- [ RunTime:0.012505s ]
INFO: [ app_begin ] --START--
INFO: Run Behavior\ReadHtmlCacheBehavior [ RunTime:0.001723s ]
INFO: [ app_begin ] --END-- [ RunTime:0.001902s ]
INFO: [ view_parse ] --START--
INFO: [ template_filter ] --START--
INFO: Run Behavior\ContentReplaceBehavior [ RunTime:0.000120s ]
INFO: [ template_filter ] --END-- [ RunTime:0.000297s ]
INFO: Run Behavior\ParseTemplateBehavior [ RunTime:0.143439s ]
INFO: [ view_parse ] --END-- [ RunTime:0.143692s ]
INFO: [ view_filter ] --START--
INFO: Run Behavior\WriteHtmlCacheBehavior [ RunTime:0.012599s ]
INFO: [ view_filter ] --END-- [ RunTime:0.012739s ]
INFO: [ app_end ] --START--
INFO: Run Behavior\ShowPageTraceBehavior [ RunTime:0.020944s ]
INFO: [ app_end ] --END-- [ RunTime:0.021300s ]

[ 2017-04-27T10:30:45+08:00 ] ::1 /PaperManager/index.php/Home/Index/login
INFO: [ app_init ] --START--
INFO: Run Behavior\BuildLiteBehavior [ RunTime:0.000033s ]
INFO: [ app_init ] --END-- [ RunTime:0.002502s ]
INFO: [ app_begin ] --START--
INFO: Run Behavior\ReadHtmlCacheBehavior [ RunTime:0.016687s ]
INFO: [ app_begin ] --END-- [ RunTime:0.016844s ]
SQL: SHOW COLUMNS FROM `think_user` [ RunTime:0.0076s ]
SQL: SELECT * FROM `think_user` WHERE `username` = 'wgzhang' AND `password` = '1a224d6875ff953e9d9b9d0258c371e3' LIMIT 1   [ RunTime:0.0013s ]
NOTIC: [8] Use of undefined constant id - assumed 'id' C:\Mess\Applications\wamp64\www\PaperManager\Application\Home\Controller\IndexController.class.php 第 36 行.
NOTIC: [8] Use of undefined constant fullname - assumed 'fullname' C:\Mess\Applications\wamp64\www\PaperManager\Application\Home\Controller\IndexController.class.php 第 38 行.
INFO: [ view_parse ] --START--
INFO: [ template_filter ] --START--
INFO: Run Behavior\ContentReplaceBehavior [ RunTime:0.000070s ]
INFO: [ template_filter ] --END-- [ RunTime:0.000195s ]
INFO: Run Behavior\ParseTemplateBehavior [ RunTime:0.140041s ]
INFO: [ view_parse ] --END-- [ RunTime:0.140200s ]
INFO: [ view_filter ] --START--
INFO: Run Behavior\WriteHtmlCacheBehavior [ RunTime:0.002021s ]
INFO: [ view_filter ] --END-- [ RunTime:0.002172s ]
INFO: [ app_end ] --START--
INFO: Run Behavior\ShowPageTraceBehavior [ RunTime:0.010338s ]
INFO: [ app_end ] --END-- [ RunTime:0.010502s ]

[ 2017-04-27T10:30:46+08:00 ] ::1 /PaperManager/index.php/Home/Profile/profile
INFO: [ app_init ] --START--
INFO: Run Behavior\BuildLiteBehavior [ RunTime:0.000024s ]
INFO: [ app_init ] --END-- [ RunTime:0.000400s ]
INFO: [ app_begin ] --START--
INFO: Run Behavior\ReadHtmlCacheBehavior [ RunTime:0.000418s ]
INFO: [ app_begin ] --END-- [ RunTime:0.000534s ]
NOTIC: [8] Use of undefined constant uid - assumed 'uid' C:\Mess\Applications\wamp64\www\PaperManager\ThinkPHP\Library\Think\Controller.class.php 第 307 行.
SQL: SHOW COLUMNS FROM `think_user` [ RunTime:0.0078s ]
SQL: SELECT * FROM `think_user` WHERE `id` = 2 LIMIT 1   [ RunTime:0.0008s ]
SQL: SHOW COLUMNS FROM `think_achievement` [ RunTime:0.0028s ]
SQL: SELECT `achievement_type` FROM `think_achievement` WHERE `user_id` = 2  [ RunTime:0.0016s ]
NOTIC: [2] Missing argument 2 for get_achievement_count(), called in C:\Mess\Applications\wamp64\www\PaperManager\Application\Home\Controller\ProfileController.class.php on line 15 and defined C:\Mess\Applications\wamp64\www\PaperManager\ThinkPHP\Common\functions.php 第 1553 行.
NOTIC: [8] Undefined variable: user_id C:\Mess\Applications\wamp64\www\PaperManager\ThinkPHP\Common\functions.php 第 1555 行.
SQL: SELECT * FROM `think_achievement` WHERE `user_id` = 2  [ RunTime:0.0004s ]
SQL: SHOW COLUMNS FROM `think_project` [ RunTime:0.0017s ]
SQL: SELECT COUNT(*) AS tp_count FROM `think_project` WHERE `user_id` = 2 LIMIT 1   [ RunTime:0.0004s ]
INFO: [ view_parse ] --START--
INFO: [ template_filter ] --START--
INFO: Run Behavior\ContentReplaceBehavior [ RunTime:0.000204s ]
INFO: [ template_filter ] --END-- [ RunTime:0.000327s ]
NOTIC: [8] Use of undefined constant 教授 - assumed '教授' C:\Mess\Applications\wamp64\www\PaperManager\Application\Runtime\Cache\Home\c2e569cae412d9698300f14cd96ee7ba.php 第 380 行.
NOTIC: [8] Use of undefined constant 副教授 - assumed '副教授' C:\Mess\Applications\wamp64\www\PaperManager\Application\Runtime\Cache\Home\c2e569cae412d9698300f14cd96ee7ba.php 第 381 行.
NOTIC: [8] Use of undefined constant 博士后 - assumed '博士后' C:\Mess\Applications\wamp64\www\PaperManager\Application\Runtime\Cache\Home\c2e569cae412d9698300f14cd96ee7ba.php 第 382 行.
NOTIC: [8] Use of undefined constant 博士生 - assumed '博士生' C:\Mess\Applications\wamp64\www\PaperManager\Application\Runtime\Cache\Home\c2e569cae412d9698300f14cd96ee7ba.php 第 383 行.
NOTIC: [8] Use of undefined constant 硕士生 - assumed '硕士生' C:\Mess\Applications\wamp64\www\PaperManager\Application\Runtime\Cache\Home\c2e569cae412d9698300f14cd96ee7ba.php 第 384 行.
NOTIC: [8] Use of undefined constant 本科生 - assumed '本科生' C:\Mess\Applications\wamp64\www\PaperManager\Application\Runtime\Cache\Home\c2e569cae412d9698300f14cd96ee7ba.php 第 385 行.
INFO: Run Behavior\ParseTemplateBehavior [ RunTime:0.080448s ]
INFO: [ view_parse ] --END-- [ RunTime:0.080614s ]
INFO: [ view_filter ] --START--
INFO: Run Behavior\WriteHtmlCacheBehavior [ RunTime:0.000782s ]
INFO: [ view_filter ] --END-- [ RunTime:0.000959s ]
INFO: [ app_end ] --START--
INFO: Run Behavior\ShowPageTraceBehavior [ RunTime:0.001319s ]
INFO: [ app_end ] --END-- [ RunTime:0.001662s ]

[ 2017-04-27T10:48:57+08:00 ] ::1 /PaperManager/index.php/Home/Achievement/my_achievement
INFO: [ app_init ] --START--
INFO: Run Behavior\BuildLiteBehavior [ RunTime:0.000026s ]
INFO: [ app_init ] --END-- [ RunTime:0.000430s ]
INFO: [ app_begin ] --START--
INFO: Run Behavior\ReadHtmlCacheBehavior [ RunTime:0.000591s ]
INFO: [ app_begin ] --END-- [ RunTime:0.000721s ]
NOTIC: [8] Use of undefined constant uid - assumed 'uid' C:\Mess\Applications\wamp64\www\PaperManager\ThinkPHP\Library\Think\Controller.class.php 第 307 行.
SQL: SHOW COLUMNS FROM `think_achievement` [ RunTime:0.0048s ]
SQL: SELECT COUNT(*) AS tp_count FROM `think_achievement` WHERE `user_id` = 2 AND `title` LIKE '%%' LIMIT 1   [ RunTime:0.0013s ]
SQL: SELECT * FROM `think_achievement` WHERE `user_id` = 2  [ RunTime:0.0005s ]
SQL: SELECT DISTINCT  `publish_time` FROM `think_achievement` WHERE `user_id` = 2 ORDER BY publish_time desc  [ RunTime:0.0009s ]
SQL: SELECT COUNT(*) AS tp_count FROM `think_achievement` WHERE `user_id` = 2 AND ( `publish_time` >= '2014-01-01' AND `publish_time` <= '2014-12-31'  ) LIMIT 1   [ RunTime:0.0003s ]
SQL: SELECT COUNT(*) AS tp_count FROM `think_achievement` WHERE `user_id` = 2 AND ( `publish_time` >= '2013-01-01' AND `publish_time` <= '2013-12-31'  ) LIMIT 1   [ RunTime:0.0003s ]
SQL: SELECT * FROM `think_achievement` WHERE `user_id` = 2 AND `title` LIKE '%%' ORDER BY publish_time desc LIMIT 0,10   [ RunTime:0.0006s ]
SQL: SHOW COLUMNS FROM `think_author` [ RunTime:0.0023s ]
SQL: SELECT * FROM `think_author` WHERE `achievement_id` = '58fd641163494'  [ RunTime:0.0011s ]
SQL: SELECT * FROM `think_author` WHERE `achievement_id` = '58f96959eb233'  [ RunTime:0.0006s ]
SQL: SELECT * FROM `think_author` WHERE `achievement_id` = '58fac5cbc8938'  [ RunTime:0.0004s ]
SQL: SELECT * FROM `think_author` WHERE `achievement_id` = '58fd63080c811'  [ RunTime:0.0007s ]
SQL: SELECT * FROM `think_author` WHERE `achievement_id` = '58f9c79111910'  [ RunTime:0.0004s ]
SQL: SELECT * FROM `think_author` WHERE `achievement_id` = '58fc23e9199ef'  [ RunTime:0.0003s ]
SQL: SELECT * FROM `think_author` WHERE `achievement_id` = '58fd65342c1f6'  [ RunTime:0.0003s ]
SQL: SELECT * FROM `think_author` WHERE `achievement_id` = '58fd65f822434'  [ RunTime:0.0003s ]
SQL: SELECT * FROM `think_author` WHERE `achievement_id` = '58fd671deef65'  [ RunTime:0.0003s ]
SQL: SELECT * FROM `think_author` WHERE `achievement_id` = '58fd6826e4014'  [ RunTime:0.0003s ]
INFO: [ view_parse ] --START--
INFO: [ template_filter ] --START--
INFO: Run Behavior\ContentReplaceBehavior [ RunTime:0.000192s ]
INFO: [ template_filter ] --END-- [ RunTime:0.000325s ]
INFO: Run Behavior\ParseTemplateBehavior [ RunTime:0.092369s ]
INFO: [ view_parse ] --END-- [ RunTime:0.092512s ]
INFO: [ view_filter ] --START--
INFO: Run Behavior\WriteHtmlCacheBehavior [ RunTime:0.000444s ]
INFO: [ view_filter ] --END-- [ RunTime:0.000555s ]
INFO: [ app_end ] --START--
INFO: Run Behavior\ShowPageTraceBehavior [ RunTime:0.001257s ]
INFO: [ app_end ] --END-- [ RunTime:0.001519s ]

[ 2017-04-27T11:08:13+08:00 ] ::1 /PaperManager/index.php/Home/Achievement/journal_paper_show/achi_id/58fd641163494
INFO: [ app_init ] --START--
INFO: Run Behavior\BuildLiteBehavior [ RunTime:0.000025s ]
INFO: [ app_init ] --END-- [ RunTime:0.000449s ]
INFO: [ app_begin ] --START--
INFO: Run Behavior\ReadHtmlCacheBehavior [ RunTime:0.001125s ]
INFO: [ app_begin ] --END-- [ RunTime:0.001327s ]
NOTIC: [8] Use of undefined constant uid - assumed 'uid' C:\Mess\Applications\wamp64\www\PaperManager\ThinkPHP\Library\Think\Controller.class.php 第 307 行.
SQL: SHOW COLUMNS FROM `think_journalpaper` [ RunTime:0.0067s ]
SQL: SELECT * FROM `think_journalpaper` WHERE `id` = '58fd641163494' LIMIT 1   [ RunTime:0.0013s ]
SQL: SHOW COLUMNS FROM `think_file` [ RunTime:0.0021s ]
SQL: SELECT * FROM `think_file` WHERE `achievement_id` = '58fd641163494' AND `type` = 'Main' LIMIT 1   [ RunTime:0.0005s ]
INFO: [ view_parse ] --START--
INFO: [ template_filter ] --START--
INFO: Run Behavior\ContentReplaceBehavior [ RunTime:0.000181s ]
INFO: [ template_filter ] --END-- [ RunTime:0.000303s ]
INFO: Run Behavior\ParseTemplateBehavior [ RunTime:0.084788s ]
INFO: [ view_parse ] --END-- [ RunTime:0.084966s ]
INFO: [ view_filter ] --START--
INFO: Run Behavior\WriteHtmlCacheBehavior [ RunTime:0.000492s ]
INFO: [ view_filter ] --END-- [ RunTime:0.000626s ]
INFO: [ app_end ] --START--
INFO: Run Behavior\ShowPageTraceBehavior [ RunTime:0.001273s ]
INFO: [ app_end ] --END-- [ RunTime:0.001524s ]

[ 2017-04-27T11:24:37+08:00 ] ::1 /PaperManager/index.php/Home/Project/my_project
INFO: [ app_init ] --START--
INFO: Run Behavior\BuildLiteBehavior [ RunTime:0.000030s ]
INFO: [ app_init ] --END-- [ RunTime:0.000656s ]
INFO: [ app_begin ] --START--
INFO: Run Behavior\ReadHtmlCacheBehavior [ RunTime:0.000610s ]
INFO: [ app_begin ] --END-- [ RunTime:0.000745s ]
NOTIC: [8] Use of undefined constant uid - assumed 'uid' C:\Mess\Applications\wamp64\www\PaperManager\ThinkPHP\Library\Think\Controller.class.php 第 307 行.
SQL: SHOW COLUMNS FROM `think_project_type` [ RunTime:0.0028s ]
SQL: SELECT * FROM `think_project_type`  [ RunTime:0.0006s ]
SQL: SHOW COLUMNS FROM `think_project` [ RunTime:0.0009s ]
SQL: SELECT COUNT(*) AS tp_count FROM `think_project` WHERE `type_name` = '国家自然科学基金项目' LIMIT 1   [ RunTime:0.0004s ]
SQL: SELECT COUNT(*) AS tp_count FROM `think_project` WHERE `type_name` = '863计划课题' LIMIT 1   [ RunTime:0.0003s ]
SQL: SELECT COUNT(*) AS tp_count FROM `think_project` WHERE `type_name` = '973计划课题' LIMIT 1   [ RunTime:0.0002s ]
SQL: SELECT COUNT(*) AS tp_count FROM `think_project` WHERE `type_name` = '国家科技支撑计划课题' LIMIT 1   [ RunTime:0.0002s ]
SQL: SELECT COUNT(*) AS tp_count FROM `think_project` WHERE `type_name` = '国家重点研发计划课题' LIMIT 1   [ RunTime:0.0002s ]
SQL: SELECT COUNT(*) AS tp_count FROM `think_project` WHERE `type_name` = '其他国家级纵向项目' LIMIT 1   [ RunTime:0.0002s ]
SQL: SELECT COUNT(*) AS tp_count FROM `think_project` WHERE `type_name` = '中国博士后科学基金资助' LIMIT 1   [ RunTime:0.0004s ]
SQL: SELECT COUNT(*) AS tp_count FROM `think_project` WHERE `type_name` = '省自然科学基金项目' LIMIT 1   [ RunTime:0.0003s ]
SQL: SELECT COUNT(*) AS tp_count FROM `think_project` WHERE `type_name` = '其他省部级纵向项目' LIMIT 1   [ RunTime:0.0003s ]
SQL: SELECT COUNT(*) AS tp_count FROM `think_project` WHERE `type_name` = '产学研横向合作项目' LIMIT 1   [ RunTime:0.0002s ]
SQL: SELECT COUNT(*) AS tp_count FROM `think_project` WHERE `user_id` = 2 AND ( `project_name` LIKE '%%' OR `project_num` LIKE '%%' ) LIMIT 1   [ RunTime:0.0003s ]
SQL: SELECT * FROM `think_project` WHERE `user_id` = 2 AND ( `project_name` LIKE '%%' OR `project_num` LIKE '%%' ) LIMIT 0,10   [ RunTime:0.0004s ]
INFO: [ view_parse ] --START--
INFO: [ template_filter ] --START--
INFO: Run Behavior\ContentReplaceBehavior [ RunTime:0.000180s ]
INFO: [ template_filter ] --END-- [ RunTime:0.000337s ]
INFO: Run Behavior\ParseTemplateBehavior [ RunTime:0.058274s ]
INFO: [ view_parse ] --END-- [ RunTime:0.058442s ]
INFO: [ view_filter ] --START--
INFO: Run Behavior\WriteHtmlCacheBehavior [ RunTime:0.000434s ]
INFO: [ view_filter ] --END-- [ RunTime:0.000542s ]
INFO: [ app_end ] --START--
INFO: Run Behavior\ShowPageTraceBehavior [ RunTime:0.001232s ]
INFO: [ app_end ] --END-- [ RunTime:0.002065s ]

[ 2017-04-27T11:47:14+08:00 ] ::1 /PaperManager/index.php/Home/Project/project_show/id/15
INFO: [ app_init ] --START--
INFO: Run Behavior\BuildLiteBehavior [ RunTime:0.000025s ]
INFO: [ app_init ] --END-- [ RunTime:0.000443s ]
INFO: [ app_begin ] --START--
INFO: Run Behavior\ReadHtmlCacheBehavior [ RunTime:0.000546s ]
INFO: [ app_begin ] --END-- [ RunTime:0.000673s ]
NOTIC: [8] Use of undefined constant uid - assumed 'uid' C:\Mess\Applications\wamp64\www\PaperManager\ThinkPHP\Library\Think\Controller.class.php 第 307 行.
SQL: SHOW COLUMNS FROM `think_project` [ RunTime:0.0014s ]
SQL: SELECT * FROM `think_project` WHERE `id` = 15 LIMIT 1   [ RunTime:0.0010s ]
SQL: SHOW COLUMNS FROM `think_achievement` [ RunTime:0.0016s ]
SQL: SELECT COUNT(*) AS tp_count FROM `think_achievement` WHERE `user_id` = 2 AND `achievement_id` = '58f9c79111910' AND `title` LIKE '%%' LIMIT 1   [ RunTime:0.0006s ]
NOTIC: [2] Missing argument 2 for get_achievement_count(), called in C:\Mess\Applications\wamp64\www\PaperManager\Application\Home\Controller\ProjectController.class.php on line 74 and defined C:\Mess\Applications\wamp64\www\PaperManager\ThinkPHP\Common\functions.php 第 1553 行.
NOTIC: [8] Undefined variable: user_id C:\Mess\Applications\wamp64\www\PaperManager\ThinkPHP\Common\functions.php 第 1555 行.
SQL: SELECT * FROM `think_achievement` WHERE `user_id` = 2 AND `achievement_id` = '58f9c79111910'  [ RunTime:0.0003s ]
NOTIC: [2] Missing argument 2 for get_achievement_year(), called in C:\Mess\Applications\wamp64\www\PaperManager\Application\Home\Controller\ProjectController.class.php on line 76 and defined C:\Mess\Applications\wamp64\www\PaperManager\ThinkPHP\Common\functions.php 第 1628 行.
NOTIC: [8] Undefined variable: user_id C:\Mess\Applications\wamp64\www\PaperManager\ThinkPHP\Common\functions.php 第 1630 行.
SQL: SELECT DISTINCT  `publish_time` FROM `think_achievement` WHERE `user_id` = 2 AND `achievement_id` = '58f9c79111910' ORDER BY publish_time desc  [ RunTime:0.0006s ]
SQL: SELECT COUNT(*) AS tp_count FROM `think_achievement` WHERE `user_id` = 2 AND `achievement_id` = '58f9c79111910' AND ( `publish_time` >= '2014-01-01' AND `publish_time` <= '2014-12-31'  ) LIMIT 1   [ RunTime:0.0004s ]
SQL: SELECT * FROM `think_achievement` WHERE `user_id` = 2 AND `achievement_id` = '58f9c79111910' AND `title` LIKE '%%' ORDER BY publish_time desc LIMIT 0,5   [ RunTime:0.0005s ]
SQL: SHOW COLUMNS FROM `think_author` [ RunTime:0.0037s ]
SQL: SELECT * FROM `think_author` WHERE `achievement_id` = '58f9c79111910'  [ RunTime:0.0006s ]
INFO: [ view_parse ] --START--
INFO: [ template_filter ] --START--
INFO: Run Behavior\ContentReplaceBehavior [ RunTime:0.000209s ]
INFO: [ template_filter ] --END-- [ RunTime:0.000374s ]
INFO: Run Behavior\ParseTemplateBehavior [ RunTime:0.127241s ]
INFO: [ view_parse ] --END-- [ RunTime:0.127416s ]
INFO: [ view_filter ] --START--
INFO: Run Behavior\WriteHtmlCacheBehavior [ RunTime:0.000478s ]
INFO: [ view_filter ] --END-- [ RunTime:0.000603s ]
INFO: [ app_end ] --START--
INFO: Run Behavior\ShowPageTraceBehavior [ RunTime:0.001226s ]
INFO: [ app_end ] --END-- [ RunTime:0.001479s ]

[ 2017-04-27T11:47:21+08:00 ] ::1 /PaperManager/index.php/Home/Project/project_edit/id/15
INFO: [ app_init ] --START--
INFO: Run Behavior\BuildLiteBehavior [ RunTime:0.000025s ]
INFO: [ app_init ] --END-- [ RunTime:0.000382s ]
INFO: [ app_begin ] --START--
INFO: Run Behavior\ReadHtmlCacheBehavior [ RunTime:0.000433s ]
INFO: [ app_begin ] --END-- [ RunTime:0.000547s ]
NOTIC: [8] Use of undefined constant uid - assumed 'uid' C:\Mess\Applications\wamp64\www\PaperManager\ThinkPHP\Library\Think\Controller.class.php 第 307 行.
SQL: SHOW COLUMNS FROM `think_project_type` [ RunTime:0.0028s ]
SQL: SELECT * FROM `think_project_type`  [ RunTime:0.0003s ]
NOTIC: [8] Undefined variable: achi_id C:\Mess\Applications\wamp64\www\PaperManager\Application\Home\Controller\ProjectController.class.php 第 103 行.
SQL: SHOW COLUMNS FROM `think_project` [ RunTime:0.0009s ]
SQL: SELECT * FROM `think_project` WHERE `id` = 15 LIMIT 1   [ RunTime:0.0004s ]
INFO: [ view_parse ] --START--
INFO: [ template_filter ] --START--
INFO: Run Behavior\ContentReplaceBehavior [ RunTime:0.000263s ]
INFO: [ template_filter ] --END-- [ RunTime:0.000506s ]
INFO: Run Behavior\ParseTemplateBehavior [ RunTime:0.049899s ]
INFO: [ view_parse ] --END-- [ RunTime:0.050062s ]
INFO: [ view_filter ] --START--
INFO: Run Behavior\WriteHtmlCacheBehavior [ RunTime:0.000454s ]
INFO: [ view_filter ] --END-- [ RunTime:0.000576s ]
INFO: [ app_end ] --START--
INFO: Run Behavior\ShowPageTraceBehavior [ RunTime:0.001426s ]
INFO: [ app_end ] --END-- [ RunTime:0.002090s ]

[ 2017-04-27T11:48:50+08:00 ] ::1 /PaperManager/index.php/Home/Project/project_show/id/15
INFO: [ app_init ] --START--
INFO: Run Behavior\BuildLiteBehavior [ RunTime:0.000043s ]
INFO: [ app_init ] --END-- [ RunTime:0.000623s ]
INFO: [ app_begin ] --START--
INFO: Run Behavior\ReadHtmlCacheBehavior [ RunTime:0.000815s ]
INFO: [ app_begin ] --END-- [ RunTime:0.001032s ]
NOTIC: [8] Use of undefined constant uid - assumed 'uid' C:\Mess\Applications\wamp64\www\PaperManager\ThinkPHP\Library\Think\Controller.class.php 第 307 行.
SQL: SHOW COLUMNS FROM `think_project` [ RunTime:0.0022s ]
SQL: SELECT * FROM `think_project` WHERE `id` = 15 LIMIT 1   [ RunTime:0.0011s ]
SQL: SHOW COLUMNS FROM `think_achievement` [ RunTime:0.0009s ]
SQL: SELECT COUNT(*) AS tp_count FROM `think_achievement` WHERE `user_id` = 2 AND `achievement_id` = '58f9c79111910' AND `title` LIKE '%%' LIMIT 1   [ RunTime:0.0004s ]
NOTIC: [2] Missing argument 2 for get_achievement_count(), called in C:\Mess\Applications\wamp64\www\PaperManager\Application\Home\Controller\ProjectController.class.php on line 74 and defined C:\Mess\Applications\wamp64\www\PaperManager\ThinkPHP\Common\functions.php 第 1553 行.
NOTIC: [8] Undefined variable: user_id C:\Mess\Applications\wamp64\www\PaperManager\ThinkPHP\Common\functions.php 第 1555 行.
SQL: SELECT * FROM `think_achievement` WHERE `user_id` = 2 AND `achievement_id` = '58f9c79111910'  [ RunTime:0.0003s ]
NOTIC: [2] Missing argument 2 for get_achievement_year(), called in C:\Mess\Applications\wamp64\www\PaperManager\Application\Home\Controller\ProjectController.class.php on line 76 and defined C:\Mess\Applications\wamp64\www\PaperManager\ThinkPHP\Common\functions.php 第 1628 行.
NOTIC: [8] Undefined variable: user_id C:\Mess\Applications\wamp64\www\PaperManager\ThinkPHP\Common\functions.php 第 1630 行.
SQL: SELECT DISTINCT  `publish_time` FROM `think_achievement` WHERE `user_id` = 2 AND `achievement_id` = '58f9c79111910' ORDER BY publish_time desc  [ RunTime:0.0003s ]
SQL: SELECT COUNT(*) AS tp_count FROM `think_achievement` WHERE `user_id` = 2 AND `achievement_id` = '58f9c79111910' AND ( `publish_time` >= '2014-01-01' AND `publish_time` <= '2014-12-31'  ) LIMIT 1   [ RunTime:0.0004s ]
SQL: SELECT * FROM `think_achievement` WHERE `user_id` = 2 AND `achievement_id` = '58f9c79111910' AND `title` LIKE '%%' ORDER BY publish_time desc LIMIT 0,5   [ RunTime:0.0004s ]
SQL: SHOW COLUMNS FROM `think_author` [ RunTime:0.0007s ]
SQL: SELECT * FROM `think_author` WHERE `achievement_id` = '58f9c79111910'  [ RunTime:0.0007s ]
INFO: [ view_parse ] --START--
INFO: [ template_filter ] --START--
INFO: Run Behavior\ContentReplaceBehavior [ RunTime:0.000224s ]
INFO: [ template_filter ] --END-- [ RunTime:0.000367s ]
INFO: Run Behavior\ParseTemplateBehavior [ RunTime:0.113148s ]
INFO: [ view_parse ] --END-- [ RunTime:0.113300s ]
INFO: [ view_filter ] --START--
INFO: Run Behavior\WriteHtmlCacheBehavior [ RunTime:0.000471s ]
INFO: [ view_filter ] --END-- [ RunTime:0.000588s ]
INFO: [ app_end ] --START--
INFO: Run Behavior\ShowPageTraceBehavior [ RunTime:0.001152s ]
INFO: [ app_end ] --END-- [ RunTime:0.001403s ]

[ 2017-04-27T12:00:45+08:00 ] ::1 /PaperManager/index.php/Home/Index/logout
INFO: [ app_init ] --START--
INFO: Run Behavior\BuildLiteBehavior [ RunTime:0.000030s ]
INFO: [ app_init ] --END-- [ RunTime:0.000491s ]
INFO: [ app_begin ] --START--
INFO: Run Behavior\ReadHtmlCacheBehavior [ RunTime:0.000604s ]
INFO: [ app_begin ] --END-- [ RunTime:0.000748s ]
INFO: [ view_parse ] --START--
INFO: [ template_filter ] --START--
INFO: Run Behavior\ContentReplaceBehavior [ RunTime:0.000209s ]
INFO: [ template_filter ] --END-- [ RunTime:0.000414s ]
INFO: Run Behavior\ParseTemplateBehavior [ RunTime:0.026716s ]
INFO: [ view_parse ] --END-- [ RunTime:0.026854s ]
INFO: [ view_filter ] --START--
INFO: Run Behavior\WriteHtmlCacheBehavior [ RunTime:0.000354s ]
INFO: [ view_filter ] --END-- [ RunTime:0.000464s ]
INFO: [ app_end ] --START--
INFO: Run Behavior\ShowPageTraceBehavior [ RunTime:0.000619s ]
INFO: [ app_end ] --END-- [ RunTime:0.000732s ]

[ 2017-04-27T12:00:47+08:00 ] ::1 /PaperManager/
INFO: [ app_init ] --START--
INFO: Run Behavior\BuildLiteBehavior [ RunTime:0.000045s ]
INFO: [ app_init ] --END-- [ RunTime:0.000721s ]
INFO: [ app_begin ] --START--
INFO: Run Behavior\ReadHtmlCacheBehavior [ RunTime:0.000702s ]
INFO: [ app_begin ] --END-- [ RunTime:0.000875s ]
INFO: [ view_parse ] --START--
INFO: [ template_filter ] --START--
INFO: Run Behavior\ContentReplaceBehavior [ RunTime:0.000103s ]
INFO: [ template_filter ] --END-- [ RunTime:0.000255s ]
INFO: Run Behavior\ParseTemplateBehavior [ RunTime:0.047609s ]
INFO: [ view_parse ] --END-- [ RunTime:0.048049s ]
INFO: [ view_filter ] --START--
INFO: Run Behavior\WriteHtmlCacheBehavior [ RunTime:0.000523s ]
INFO: [ view_filter ] --END-- [ RunTime:0.000697s ]
INFO: [ app_end ] --START--
INFO: Run Behavior\ShowPageTraceBehavior [ RunTime:0.001150s ]
INFO: [ app_end ] --END-- [ RunTime:0.001361s ]

[ 2017-04-27T16:25:36+08:00 ] ::1 /PaperManager/index.php/Home/
INFO: [ app_init ] --START--
INFO: Run Behavior\BuildLiteBehavior [ RunTime:0.000051s ]
INFO: [ app_init ] --END-- [ RunTime:0.001879s ]
INFO: [ app_begin ] --START--
INFO: Run Behavior\ReadHtmlCacheBehavior [ RunTime:0.020241s ]
INFO: [ app_begin ] --END-- [ RunTime:0.020502s ]
INFO: [ view_parse ] --START--
INFO: [ template_filter ] --START--
INFO: Run Behavior\ContentReplaceBehavior [ RunTime:0.000139s ]
INFO: [ template_filter ] --END-- [ RunTime:0.000301s ]
INFO: Run Behavior\ParseTemplateBehavior [ RunTime:0.146711s ]
INFO: [ view_parse ] --END-- [ RunTime:0.146939s ]
INFO: [ view_filter ] --START--
INFO: Run Behavior\WriteHtmlCacheBehavior [ RunTime:0.011504s ]
INFO: [ view_filter ] --END-- [ RunTime:0.011640s ]
INFO: [ app_end ] --START--
INFO: Run Behavior\ShowPageTraceBehavior [ RunTime:0.009739s ]
INFO: [ app_end ] --END-- [ RunTime:0.009928s ]

[ 2017-04-27T16:25:36+08:00 ] ::1 /PaperManager/index.php/Home/
INFO: [ app_init ] --START--
INFO: Run Behavior\BuildLiteBehavior [ RunTime:0.000029s ]
INFO: [ app_init ] --END-- [ RunTime:0.000528s ]
INFO: [ app_begin ] --START--
INFO: Run Behavior\ReadHtmlCacheBehavior [ RunTime:0.005968s ]
INFO: [ app_begin ] --END-- [ RunTime:0.006161s ]
INFO: [ view_parse ] --START--
INFO: [ template_filter ] --START--
INFO: Run Behavior\ContentReplaceBehavior [ RunTime:0.000114s ]
INFO: [ template_filter ] --END-- [ RunTime:0.000251s ]
INFO: Run Behavior\ParseTemplateBehavior [ RunTime:0.025998s ]
INFO: [ view_parse ] --END-- [ RunTime:0.026158s ]
INFO: [ view_filter ] --START--
INFO: Run Behavior\WriteHtmlCacheBehavior [ RunTime:0.000454s ]
INFO: [ view_filter ] --END-- [ RunTime:0.000572s ]
INFO: [ app_end ] --START--
INFO: Run Behavior\ShowPageTraceBehavior [ RunTime:0.001361s ]
INFO: [ app_end ] --END-- [ RunTime:0.002024s ]

