[ 2017-05-30T09:29:55+08:00 ] ::1 /PaperManager/index.php/Home/
INFO: [ app_init ] --START--
INFO: Run Behavior\BuildLiteBehavior [ RunTime:0.000033s ]
INFO: [ app_init ] --END-- [ RunTime:0.012899s ]
INFO: [ app_begin ] --START--
INFO: Run Behavior\ReadHtmlCacheBehavior [ RunTime:0.022461s ]
INFO: [ app_begin ] --END-- [ RunTime:0.022790s ]
INFO: [ view_parse ] --START--
INFO: [ template_filter ] --START--
INFO: Run Behavior\ContentReplaceBehavior [ RunTime:0.000119s ]
INFO: [ template_filter ] --END-- [ RunTime:0.000262s ]
INFO: Run Behavior\ParseTemplateBehavior [ RunTime:0.158911s ]
INFO: [ view_parse ] --END-- [ RunTime:0.159199s ]
INFO: [ view_filter ] --START--
INFO: Run Behavior\WriteHtmlCacheBehavior [ RunTime:0.012872s ]
INFO: [ view_filter ] --END-- [ RunTime:0.013091s ]
INFO: [ app_end ] --START--
INFO: Run Behavior\ShowPageTraceBehavior [ RunTime:0.032429s ]
INFO: [ app_end ] --END-- [ RunTime:0.032733s ]

[ 2017-05-30T09:30:08+08:00 ] ::1 /PaperManager/index.php/Home/Index/login
INFO: [ app_init ] --START--
INFO: Run Behavior\BuildLiteBehavior [ RunTime:0.000038s ]
INFO: [ app_init ] --END-- [ RunTime:0.000554s ]
INFO: [ app_begin ] --START--
INFO: Run Behavior\ReadHtmlCacheBehavior [ RunTime:0.001503s ]
INFO: [ app_begin ] --END-- [ RunTime:0.001831s ]
SQL: SHOW COLUMNS FROM `think_user` [ RunTime:0.0035s ]
SQL: SELECT * FROM `think_user` WHERE `username` = 'jerry' AND `password` = '30035607ee5bb378c71ab434a6d05410' LIMIT 1   [ RunTime:0.0005s ]
NOTIC: [8] Use of undefined constant id - assumed 'id' C:\Mess\Applications\wamp64\www\PaperManager\Application\Home\Controller\IndexController.class.php 第 36 行.
NOTIC: [8] Use of undefined constant fullname - assumed 'fullname' C:\Mess\Applications\wamp64\www\PaperManager\Application\Home\Controller\IndexController.class.php 第 38 行.
INFO: [ view_parse ] --START--
INFO: [ template_filter ] --START--
INFO: Run Behavior\ContentReplaceBehavior [ RunTime:0.000071s ]
INFO: [ template_filter ] --END-- [ RunTime:0.000212s ]
INFO: Run Behavior\ParseTemplateBehavior [ RunTime:0.028753s ]
INFO: [ view_parse ] --END-- [ RunTime:0.028936s ]
INFO: [ view_filter ] --START--
INFO: Run Behavior\WriteHtmlCacheBehavior [ RunTime:0.000666s ]
INFO: [ view_filter ] --END-- [ RunTime:0.000797s ]
INFO: [ app_end ] --START--
INFO: Run Behavior\ShowPageTraceBehavior [ RunTime:0.000714s ]
INFO: [ app_end ] --END-- [ RunTime:0.000834s ]

[ 2017-05-30T09:30:10+08:00 ] ::1 /PaperManager/index.php/Home/Profile/profile
INFO: [ app_init ] --START--
INFO: Run Behavior\BuildLiteBehavior [ RunTime:0.000028s ]
INFO: [ app_init ] --END-- [ RunTime:0.000542s ]
INFO: [ app_begin ] --START--
INFO: Run Behavior\ReadHtmlCacheBehavior [ RunTime:0.000554s ]
INFO: [ app_begin ] --END-- [ RunTime:0.000706s ]
NOTIC: [8] Use of undefined constant uid - assumed 'uid' C:\Mess\Applications\wamp64\www\PaperManager\ThinkPHP\Library\Think\Controller.class.php 第 307 行.
SQL: SHOW COLUMNS FROM `think_user` [ RunTime:0.0015s ]
SQL: SELECT * FROM `think_user` WHERE `id` = 1 LIMIT 1   [ RunTime:0.0008s ]
SQL: SHOW COLUMNS FROM `think_achievement` [ RunTime:0.0013s ]
SQL: SELECT `achievement_type` FROM `think_achievement` WHERE `user_id` = 1  [ RunTime:0.0008s ]
NOTIC: [2] Missing argument 2 for get_achievement_count(), called in C:\Mess\Applications\wamp64\www\PaperManager\Application\Home\Controller\ProfileController.class.php on line 15 and defined C:\Mess\Applications\wamp64\www\PaperManager\ThinkPHP\Common\functions.php 第 1553 行.
NOTIC: [8] Undefined variable: user_id C:\Mess\Applications\wamp64\www\PaperManager\ThinkPHP\Common\functions.php 第 1555 行.
SQL: SELECT * FROM `think_achievement` WHERE `user_id` = 1  [ RunTime:0.0010s ]
SQL: SHOW COLUMNS FROM `think_project` [ RunTime:0.0013s ]
SQL: SELECT COUNT(*) AS tp_count FROM `think_project` WHERE `user_id` = 1 LIMIT 1   [ RunTime:0.0004s ]
NOTIC: [8] Undefined variable: user_id C:\Mess\Applications\wamp64\www\PaperManager\Application\Home\Controller\ProfileController.class.php 第 21 行.
SQL: SELECT * FROM `think_achievement` WHERE `user_id` = 1  [ RunTime:0.0004s ]
INFO: [ view_parse ] --START--
INFO: [ template_filter ] --START--
INFO: Run Behavior\ContentReplaceBehavior [ RunTime:0.000262s ]
INFO: [ template_filter ] --END-- [ RunTime:0.000413s ]
NOTIC: [8] Use of undefined constant 教授 - assumed '教授' C:\Mess\Applications\wamp64\www\PaperManager\Application\Runtime\Cache\Home\c2e569cae412d9698300f14cd96ee7ba.php 第 432 行.
NOTIC: [8] Use of undefined constant 副教授 - assumed '副教授' C:\Mess\Applications\wamp64\www\PaperManager\Application\Runtime\Cache\Home\c2e569cae412d9698300f14cd96ee7ba.php 第 433 行.
NOTIC: [8] Use of undefined constant 博士后 - assumed '博士后' C:\Mess\Applications\wamp64\www\PaperManager\Application\Runtime\Cache\Home\c2e569cae412d9698300f14cd96ee7ba.php 第 434 行.
NOTIC: [8] Use of undefined constant 博士生 - assumed '博士生' C:\Mess\Applications\wamp64\www\PaperManager\Application\Runtime\Cache\Home\c2e569cae412d9698300f14cd96ee7ba.php 第 435 行.
NOTIC: [8] Use of undefined constant 硕士生 - assumed '硕士生' C:\Mess\Applications\wamp64\www\PaperManager\Application\Runtime\Cache\Home\c2e569cae412d9698300f14cd96ee7ba.php 第 436 行.
NOTIC: [8] Use of undefined constant 本科生 - assumed '本科生' C:\Mess\Applications\wamp64\www\PaperManager\Application\Runtime\Cache\Home\c2e569cae412d9698300f14cd96ee7ba.php 第 437 行.
INFO: Run Behavior\ParseTemplateBehavior [ RunTime:0.065616s ]
INFO: [ view_parse ] --END-- [ RunTime:0.065749s ]
INFO: [ view_filter ] --START--
INFO: Run Behavior\WriteHtmlCacheBehavior [ RunTime:0.000471s ]
INFO: [ view_filter ] --END-- [ RunTime:0.000580s ]
INFO: [ app_end ] --START--
INFO: Run Behavior\ShowPageTraceBehavior [ RunTime:0.001286s ]
INFO: [ app_end ] --END-- [ RunTime:0.001554s ]

[ 2017-05-30T09:30:15+08:00 ] ::1 /PaperManager/index.php/Home/Achievement/my_achievement
INFO: [ app_init ] --START--
INFO: Run Behavior\BuildLiteBehavior [ RunTime:0.000030s ]
INFO: [ app_init ] --END-- [ RunTime:0.000583s ]
INFO: [ app_begin ] --START--
INFO: Run Behavior\ReadHtmlCacheBehavior [ RunTime:0.000904s ]
INFO: [ app_begin ] --END-- [ RunTime:0.001098s ]
NOTIC: [8] Use of undefined constant uid - assumed 'uid' C:\Mess\Applications\wamp64\www\PaperManager\ThinkPHP\Library\Think\Controller.class.php 第 307 行.
SQL: SHOW COLUMNS FROM `think_achievement` [ RunTime:0.0010s ]
SQL: SELECT COUNT(*) AS tp_count FROM `think_achievement` WHERE `user_id` = 1 AND `title` LIKE '%%' LIMIT 1   [ RunTime:0.0004s ]
SQL: SELECT * FROM `think_achievement` WHERE `user_id` = 1  [ RunTime:0.0003s ]
SQL: SELECT DISTINCT  `publish_time` FROM `think_achievement` WHERE `user_id` = 1 ORDER BY publish_time desc  [ RunTime:0.0005s ]
SQL: SELECT COUNT(*) AS tp_count FROM `think_achievement` WHERE `user_id` = 1 AND ( `publish_time` >= '2017-01-01' AND `publish_time` <= '2017-12-31'  ) LIMIT 1   [ RunTime:0.0003s ]
SQL: SELECT * FROM `think_achievement` WHERE `user_id` = 1 AND `title` LIKE '%%' ORDER BY publish_time desc LIMIT 0,10   [ RunTime:0.0006s ]
SQL: SHOW COLUMNS FROM `think_author` [ RunTime:0.0008s ]
SQL: SELECT * FROM `think_author` WHERE `achievement_id` = '592c030e27b1b'  [ RunTime:0.0009s ]
SQL: SELECT * FROM `think_author` WHERE `achievement_id` = '592c030e24baf'  [ RunTime:0.0004s ]
SQL: SELECT * FROM `think_author` WHERE `achievement_id` = '592c030e1e1ce'  [ RunTime:0.0003s ]
SQL: SELECT * FROM `think_author` WHERE `achievement_id` = '592c030e1c234'  [ RunTime:0.0005s ]
SQL: SELECT * FROM `think_author` WHERE `achievement_id` = '592c030e1532b'  [ RunTime:0.0005s ]
SQL: SELECT * FROM `think_author` WHERE `achievement_id` = '590080c758b8e'  [ RunTime:0.0005s ]
INFO: [ view_parse ] --START--
INFO: [ template_filter ] --START--
INFO: Run Behavior\ContentReplaceBehavior [ RunTime:0.000235s ]
INFO: [ template_filter ] --END-- [ RunTime:0.000401s ]
INFO: Run Behavior\ParseTemplateBehavior [ RunTime:0.035495s ]
INFO: [ view_parse ] --END-- [ RunTime:0.035706s ]
INFO: [ view_filter ] --START--
INFO: Run Behavior\WriteHtmlCacheBehavior [ RunTime:0.000458s ]
INFO: [ view_filter ] --END-- [ RunTime:0.000596s ]
INFO: [ app_end ] --START--
INFO: Run Behavior\ShowPageTraceBehavior [ RunTime:0.001308s ]
INFO: [ app_end ] --END-- [ RunTime:0.001556s ]

[ 2017-05-30T09:32:19+08:00 ] ::1 /PaperManager/index.php/Home/Achievement/my_achievement
INFO: [ app_init ] --START--
INFO: Run Behavior\BuildLiteBehavior [ RunTime:0.000030s ]
INFO: [ app_init ] --END-- [ RunTime:0.000527s ]
INFO: [ app_begin ] --START--
INFO: Run Behavior\ReadHtmlCacheBehavior [ RunTime:0.000659s ]
INFO: [ app_begin ] --END-- [ RunTime:0.000778s ]
NOTIC: [8] Use of undefined constant uid - assumed 'uid' C:\Mess\Applications\wamp64\www\PaperManager\ThinkPHP\Library\Think\Controller.class.php 第 307 行.
SQL: SHOW COLUMNS FROM `think_achievement` [ RunTime:0.0008s ]
SQL: SELECT COUNT(*) AS tp_count FROM `think_achievement` WHERE `user_id` = 1 AND `title` LIKE '%%' LIMIT 1   [ RunTime:0.0004s ]
SQL: SELECT * FROM `think_achievement` WHERE `user_id` = 1  [ RunTime:0.0006s ]
SQL: SELECT DISTINCT  `publish_time` FROM `think_achievement` WHERE `user_id` = 1 ORDER BY publish_time desc  [ RunTime:0.0008s ]
SQL: SELECT COUNT(*) AS tp_count FROM `think_achievement` WHERE `user_id` = 1 AND ( `publish_time` >= '2017-01-01' AND `publish_time` <= '2017-12-31'  ) LIMIT 1   [ RunTime:0.0006s ]
SQL: SELECT * FROM `think_achievement` WHERE `user_id` = 1 AND `title` LIKE '%%' ORDER BY publish_time desc LIMIT 0,10   [ RunTime:0.0010s ]
SQL: SHOW COLUMNS FROM `think_author` [ RunTime:0.0034s ]
SQL: SELECT * FROM `think_author` WHERE `achievement_id` = '592c030e27b1b'  [ RunTime:0.0004s ]
SQL: SELECT * FROM `think_author` WHERE `achievement_id` = '592c030e24baf'  [ RunTime:0.0003s ]
SQL: SELECT * FROM `think_author` WHERE `achievement_id` = '592c030e1e1ce'  [ RunTime:0.0003s ]
SQL: SELECT * FROM `think_author` WHERE `achievement_id` = '592c030e1c234'  [ RunTime:0.0003s ]
SQL: SELECT * FROM `think_author` WHERE `achievement_id` = '592c030e1532b'  [ RunTime:0.0004s ]
SQL: SELECT * FROM `think_author` WHERE `achievement_id` = '590080c758b8e'  [ RunTime:0.0004s ]
INFO: [ view_parse ] --START--
INFO: [ template_filter ] --START--
INFO: Run Behavior\ContentReplaceBehavior [ RunTime:0.000221s ]
INFO: [ template_filter ] --END-- [ RunTime:0.000343s ]
INFO: Run Behavior\ParseTemplateBehavior [ RunTime:0.020313s ]
INFO: [ view_parse ] --END-- [ RunTime:0.020507s ]
INFO: [ view_filter ] --START--
INFO: Run Behavior\WriteHtmlCacheBehavior [ RunTime:0.000592s ]
INFO: [ view_filter ] --END-- [ RunTime:0.000751s ]
INFO: [ app_end ] --START--
INFO: Run Behavior\ShowPageTraceBehavior [ RunTime:0.001140s ]
INFO: [ app_end ] --END-- [ RunTime:0.001391s ]

[ 2017-05-30T09:32:24+08:00 ] ::1 /PaperManager/index.php/Home/Excel/achi_export//user_id/
INFO: [ app_init ] --START--
INFO: Run Behavior\BuildLiteBehavior [ RunTime:0.000035s ]
INFO: [ app_init ] --END-- [ RunTime:0.001016s ]
INFO: [ app_begin ] --START--
INFO: Run Behavior\ReadHtmlCacheBehavior [ RunTime:0.000833s ]
INFO: [ app_begin ] --END-- [ RunTime:0.001006s ]
SQL: SHOW COLUMNS FROM `think_achievement` [ RunTime:0.0008s ]
SQL: SELECT * FROM `think_achievement` WHERE `user_id` = 1 AND `title` LIKE '%%' ORDER BY publish_time desc  [ RunTime:0.0010s ]

[ 2017-05-30T09:38:02+08:00 ] ::1 /PaperManager/index.php/Home/Achievement/my_achievement
INFO: [ app_init ] --START--
INFO: Run Behavior\BuildLiteBehavior [ RunTime:0.000035s ]
INFO: [ app_init ] --END-- [ RunTime:0.000629s ]
INFO: [ app_begin ] --START--
INFO: Run Behavior\ReadHtmlCacheBehavior [ RunTime:0.001556s ]
INFO: [ app_begin ] --END-- [ RunTime:0.001810s ]
NOTIC: [8] Use of undefined constant uid - assumed 'uid' C:\Mess\Applications\wamp64\www\PaperManager\ThinkPHP\Library\Think\Controller.class.php 第 307 行.
SQL: SHOW COLUMNS FROM `think_achievement` [ RunTime:0.0008s ]
SQL: SELECT COUNT(*) AS tp_count FROM `think_achievement` WHERE `user_id` = 1 AND `title` LIKE '%%' LIMIT 1   [ RunTime:0.0005s ]
SQL: SELECT * FROM `think_achievement` WHERE `user_id` = 1  [ RunTime:0.0003s ]
SQL: SELECT DISTINCT  `publish_time` FROM `think_achievement` WHERE `user_id` = 1 ORDER BY publish_time desc  [ RunTime:0.0004s ]
SQL: SELECT COUNT(*) AS tp_count FROM `think_achievement` WHERE `user_id` = 1 AND ( `publish_time` >= '2017-01-01' AND `publish_time` <= '2017-12-31'  ) LIMIT 1   [ RunTime:0.0003s ]
SQL: SELECT * FROM `think_achievement` WHERE `user_id` = 1 AND `title` LIKE '%%' ORDER BY publish_time desc LIMIT 0,10   [ RunTime:0.0004s ]
SQL: SHOW COLUMNS FROM `think_author` [ RunTime:0.0023s ]
SQL: SELECT * FROM `think_author` WHERE `achievement_id` = '592c030e27b1b'  [ RunTime:0.0007s ]
SQL: SELECT * FROM `think_author` WHERE `achievement_id` = '592c030e24baf'  [ RunTime:0.0004s ]
SQL: SELECT * FROM `think_author` WHERE `achievement_id` = '592c030e1e1ce'  [ RunTime:0.0003s ]
SQL: SELECT * FROM `think_author` WHERE `achievement_id` = '592c030e1c234'  [ RunTime:0.0003s ]
SQL: SELECT * FROM `think_author` WHERE `achievement_id` = '592c030e1532b'  [ RunTime:0.0003s ]
SQL: SELECT * FROM `think_author` WHERE `achievement_id` = '590080c758b8e'  [ RunTime:0.0003s ]
INFO: [ view_parse ] --START--
INFO: [ template_filter ] --START--
INFO: Run Behavior\ContentReplaceBehavior [ RunTime:0.000222s ]
INFO: [ template_filter ] --END-- [ RunTime:0.000361s ]
INFO: Run Behavior\ParseTemplateBehavior [ RunTime:0.024478s ]
INFO: [ view_parse ] --END-- [ RunTime:0.024626s ]
INFO: [ view_filter ] --START--
INFO: Run Behavior\WriteHtmlCacheBehavior [ RunTime:0.001399s ]
INFO: [ view_filter ] --END-- [ RunTime:0.001566s ]
INFO: [ app_end ] --START--
INFO: Run Behavior\ShowPageTraceBehavior [ RunTime:0.001736s ]
INFO: [ app_end ] --END-- [ RunTime:0.002114s ]

[ 2017-05-30T09:38:04+08:00 ] ::1 /PaperManager/index.php/Home/Achievement/my_achievement
INFO: [ app_init ] --START--
INFO: Run Behavior\BuildLiteBehavior [ RunTime:0.000029s ]
INFO: [ app_init ] --END-- [ RunTime:0.000506s ]
INFO: [ app_begin ] --START--
INFO: Run Behavior\ReadHtmlCacheBehavior [ RunTime:0.000686s ]
INFO: [ app_begin ] --END-- [ RunTime:0.000822s ]
NOTIC: [8] Use of undefined constant uid - assumed 'uid' C:\Mess\Applications\wamp64\www\PaperManager\ThinkPHP\Library\Think\Controller.class.php 第 307 行.
SQL: SHOW COLUMNS FROM `think_achievement` [ RunTime:0.0048s ]
SQL: SELECT COUNT(*) AS tp_count FROM `think_achievement` WHERE `user_id` = 1 AND `title` LIKE '%%' LIMIT 1   [ RunTime:0.0004s ]
SQL: SELECT * FROM `think_achievement` WHERE `user_id` = 1  [ RunTime:0.0003s ]
SQL: SELECT DISTINCT  `publish_time` FROM `think_achievement` WHERE `user_id` = 1 ORDER BY publish_time desc  [ RunTime:0.0003s ]
SQL: SELECT COUNT(*) AS tp_count FROM `think_achievement` WHERE `user_id` = 1 AND ( `publish_time` >= '2017-01-01' AND `publish_time` <= '2017-12-31'  ) LIMIT 1   [ RunTime:0.0003s ]
SQL: SELECT * FROM `think_achievement` WHERE `user_id` = 1 AND `title` LIKE '%%' ORDER BY publish_time desc LIMIT 0,10   [ RunTime:0.0011s ]
SQL: SHOW COLUMNS FROM `think_author` [ RunTime:0.0018s ]
SQL: SELECT * FROM `think_author` WHERE `achievement_id` = '592c030e27b1b'  [ RunTime:0.0004s ]
SQL: SELECT * FROM `think_author` WHERE `achievement_id` = '592c030e24baf'  [ RunTime:0.0003s ]
SQL: SELECT * FROM `think_author` WHERE `achievement_id` = '592c030e1e1ce'  [ RunTime:0.0003s ]
SQL: SELECT * FROM `think_author` WHERE `achievement_id` = '592c030e1c234'  [ RunTime:0.0003s ]
SQL: SELECT * FROM `think_author` WHERE `achievement_id` = '592c030e1532b'  [ RunTime:0.0003s ]
SQL: SELECT * FROM `think_author` WHERE `achievement_id` = '590080c758b8e'  [ RunTime:0.0003s ]
INFO: [ view_parse ] --START--
INFO: [ template_filter ] --START--
INFO: Run Behavior\ContentReplaceBehavior [ RunTime:0.000209s ]
INFO: [ template_filter ] --END-- [ RunTime:0.000341s ]
INFO: Run Behavior\ParseTemplateBehavior [ RunTime:0.021871s ]
INFO: [ view_parse ] --END-- [ RunTime:0.022059s ]
INFO: [ view_filter ] --START--
INFO: Run Behavior\WriteHtmlCacheBehavior [ RunTime:0.000594s ]
INFO: [ view_filter ] --END-- [ RunTime:0.000721s ]
INFO: [ app_end ] --START--
INFO: Run Behavior\ShowPageTraceBehavior [ RunTime:0.001998s ]
INFO: [ app_end ] --END-- [ RunTime:0.002225s ]

[ 2017-05-30T09:38:05+08:00 ] ::1 /PaperManager/index.php/Home/Achievement/my_achievement
INFO: [ app_init ] --START--
INFO: Run Behavior\BuildLiteBehavior [ RunTime:0.000028s ]
INFO: [ app_init ] --END-- [ RunTime:0.000469s ]
INFO: [ app_begin ] --START--
INFO: Run Behavior\ReadHtmlCacheBehavior [ RunTime:0.000670s ]
INFO: [ app_begin ] --END-- [ RunTime:0.000802s ]
NOTIC: [8] Use of undefined constant uid - assumed 'uid' C:\Mess\Applications\wamp64\www\PaperManager\ThinkPHP\Library\Think\Controller.class.php 第 307 行.
SQL: SHOW COLUMNS FROM `think_achievement` [ RunTime:0.0012s ]
SQL: SELECT COUNT(*) AS tp_count FROM `think_achievement` WHERE `user_id` = 1 AND `title` LIKE '%%' LIMIT 1   [ RunTime:0.0006s ]
SQL: SELECT * FROM `think_achievement` WHERE `user_id` = 1  [ RunTime:0.0004s ]
SQL: SELECT DISTINCT  `publish_time` FROM `think_achievement` WHERE `user_id` = 1 ORDER BY publish_time desc  [ RunTime:0.0004s ]
SQL: SELECT COUNT(*) AS tp_count FROM `think_achievement` WHERE `user_id` = 1 AND ( `publish_time` >= '2017-01-01' AND `publish_time` <= '2017-12-31'  ) LIMIT 1   [ RunTime:0.0003s ]
SQL: SELECT * FROM `think_achievement` WHERE `user_id` = 1 AND `title` LIKE '%%' ORDER BY publish_time desc LIMIT 0,10   [ RunTime:0.0008s ]
SQL: SHOW COLUMNS FROM `think_author` [ RunTime:0.0021s ]
SQL: SELECT * FROM `think_author` WHERE `achievement_id` = '592c030e27b1b'  [ RunTime:0.0004s ]
SQL: SELECT * FROM `think_author` WHERE `achievement_id` = '592c030e24baf'  [ RunTime:0.0003s ]
SQL: SELECT * FROM `think_author` WHERE `achievement_id` = '592c030e1e1ce'  [ RunTime:0.0003s ]
SQL: SELECT * FROM `think_author` WHERE `achievement_id` = '592c030e1c234'  [ RunTime:0.0003s ]
SQL: SELECT * FROM `think_author` WHERE `achievement_id` = '592c030e1532b'  [ RunTime:0.0003s ]
SQL: SELECT * FROM `think_author` WHERE `achievement_id` = '590080c758b8e'  [ RunTime:0.0003s ]
INFO: [ view_parse ] --START--
INFO: [ template_filter ] --START--
INFO: Run Behavior\ContentReplaceBehavior [ RunTime:0.000198s ]
INFO: [ template_filter ] --END-- [ RunTime:0.000349s ]
INFO: Run Behavior\ParseTemplateBehavior [ RunTime:0.088560s ]
INFO: [ view_parse ] --END-- [ RunTime:0.088716s ]
INFO: [ view_filter ] --START--
INFO: Run Behavior\WriteHtmlCacheBehavior [ RunTime:0.000662s ]
INFO: [ view_filter ] --END-- [ RunTime:0.000786s ]
INFO: [ app_end ] --START--
INFO: Run Behavior\ShowPageTraceBehavior [ RunTime:0.001455s ]
INFO: [ app_end ] --END-- [ RunTime:0.002095s ]

[ 2017-05-30T09:38:07+08:00 ] ::1 /PaperManager/index.php/Home/Excel/achi_export//user_id/
INFO: [ app_init ] --START--
INFO: Run Behavior\BuildLiteBehavior [ RunTime:0.000038s ]
INFO: [ app_init ] --END-- [ RunTime:0.000492s ]
INFO: [ app_begin ] --START--
INFO: Run Behavior\ReadHtmlCacheBehavior [ RunTime:0.000732s ]
INFO: [ app_begin ] --END-- [ RunTime:0.000873s ]
SQL: SHOW COLUMNS FROM `think_achievement` [ RunTime:0.0008s ]
SQL: SELECT * FROM `think_achievement` WHERE `user_id` = 1 AND `title` LIKE '%%' ORDER BY publish_time desc  [ RunTime:0.0006s ]

[ 2017-05-30T09:38:57+08:00 ] ::1 /PaperManager/index.php/Home/Achievement/my_achievement
INFO: [ app_init ] --START--
INFO: Run Behavior\BuildLiteBehavior [ RunTime:0.000027s ]
INFO: [ app_init ] --END-- [ RunTime:0.000543s ]
INFO: [ app_begin ] --START--
INFO: Run Behavior\ReadHtmlCacheBehavior [ RunTime:0.000623s ]
INFO: [ app_begin ] --END-- [ RunTime:0.000744s ]
NOTIC: [8] Use of undefined constant uid - assumed 'uid' C:\Mess\Applications\wamp64\www\PaperManager\ThinkPHP\Library\Think\Controller.class.php 第 307 行.
SQL: SHOW COLUMNS FROM `think_achievement` [ RunTime:0.0008s ]
SQL: SELECT COUNT(*) AS tp_count FROM `think_achievement` WHERE `user_id` = 1 AND `title` LIKE '%%' LIMIT 1   [ RunTime:0.0004s ]
SQL: SELECT * FROM `think_achievement` WHERE `user_id` = 1  [ RunTime:0.0003s ]
SQL: SELECT DISTINCT  `publish_time` FROM `think_achievement` WHERE `user_id` = 1 ORDER BY publish_time desc  [ RunTime:0.0003s ]
SQL: SELECT COUNT(*) AS tp_count FROM `think_achievement` WHERE `user_id` = 1 AND ( `publish_time` >= '2017-01-01' AND `publish_time` <= '2017-12-31'  ) LIMIT 1   [ RunTime:0.0003s ]
SQL: SELECT * FROM `think_achievement` WHERE `user_id` = 1 AND `title` LIKE '%%' ORDER BY publish_time desc LIMIT 0,10   [ RunTime:0.0010s ]
SQL: SHOW COLUMNS FROM `think_author` [ RunTime:0.0008s ]
SQL: SELECT * FROM `think_author` WHERE `achievement_id` = '592c030e27b1b'  [ RunTime:0.0004s ]
SQL: SELECT * FROM `think_author` WHERE `achievement_id` = '592c030e24baf'  [ RunTime:0.0003s ]
SQL: SELECT * FROM `think_author` WHERE `achievement_id` = '592c030e1e1ce'  [ RunTime:0.0004s ]
SQL: SELECT * FROM `think_author` WHERE `achievement_id` = '592c030e1c234'  [ RunTime:0.0003s ]
SQL: SELECT * FROM `think_author` WHERE `achievement_id` = '592c030e1532b'  [ RunTime:0.0003s ]
SQL: SELECT * FROM `think_author` WHERE `achievement_id` = '590080c758b8e'  [ RunTime:0.0003s ]
INFO: [ view_parse ] --START--
INFO: [ template_filter ] --START--
INFO: Run Behavior\ContentReplaceBehavior [ RunTime:0.000199s ]
INFO: [ template_filter ] --END-- [ RunTime:0.000328s ]
INFO: Run Behavior\ParseTemplateBehavior [ RunTime:0.023979s ]
INFO: [ view_parse ] --END-- [ RunTime:0.024157s ]
INFO: [ view_filter ] --START--
INFO: Run Behavior\WriteHtmlCacheBehavior [ RunTime:0.001550s ]
INFO: [ view_filter ] --END-- [ RunTime:0.001923s ]
INFO: [ app_end ] --START--
INFO: Run Behavior\ShowPageTraceBehavior [ RunTime:0.001380s ]
INFO: [ app_end ] --END-- [ RunTime:0.001883s ]

[ 2017-05-30T09:38:59+08:00 ] ::1 /PaperManager/index.php/Home/Excel/achi_export//user_id/
INFO: [ app_init ] --START--
INFO: Run Behavior\BuildLiteBehavior [ RunTime:0.000030s ]
INFO: [ app_init ] --END-- [ RunTime:0.000545s ]
INFO: [ app_begin ] --START--
INFO: Run Behavior\ReadHtmlCacheBehavior [ RunTime:0.000812s ]
INFO: [ app_begin ] --END-- [ RunTime:0.001029s ]
SQL: SHOW COLUMNS FROM `think_achievement` [ RunTime:0.0009s ]
SQL: SELECT * FROM `think_achievement` WHERE `user_id` = 1 AND `title` LIKE '%%' ORDER BY publish_time desc  [ RunTime:0.0006s ]

[ 2017-05-30T09:41:33+08:00 ] ::1 /PaperManager/index.php/Home/Achievement/my_achievement
INFO: [ app_init ] --START--
INFO: Run Behavior\BuildLiteBehavior [ RunTime:0.000028s ]
INFO: [ app_init ] --END-- [ RunTime:0.000581s ]
INFO: [ app_begin ] --START--
INFO: Run Behavior\ReadHtmlCacheBehavior [ RunTime:0.000775s ]
INFO: [ app_begin ] --END-- [ RunTime:0.000899s ]
NOTIC: [8] Use of undefined constant uid - assumed 'uid' C:\Mess\Applications\wamp64\www\PaperManager\ThinkPHP\Library\Think\Controller.class.php 第 307 行.
SQL: SHOW COLUMNS FROM `think_achievement` [ RunTime:0.0008s ]
SQL: SELECT COUNT(*) AS tp_count FROM `think_achievement` WHERE `user_id` = 1 AND `title` LIKE '%%' LIMIT 1   [ RunTime:0.0004s ]
SQL: SELECT * FROM `think_achievement` WHERE `user_id` = 1  [ RunTime:0.0003s ]
SQL: SELECT DISTINCT  `publish_time` FROM `think_achievement` WHERE `user_id` = 1 ORDER BY publish_time desc  [ RunTime:0.0003s ]
SQL: SELECT COUNT(*) AS tp_count FROM `think_achievement` WHERE `user_id` = 1 AND ( `publish_time` >= '2017-01-01' AND `publish_time` <= '2017-12-31'  ) LIMIT 1   [ RunTime:0.0003s ]
SQL: SELECT * FROM `think_achievement` WHERE `user_id` = 1 AND `title` LIKE '%%' ORDER BY publish_time desc LIMIT 0,10   [ RunTime:0.0006s ]
SQL: SHOW COLUMNS FROM `think_author` [ RunTime:0.0011s ]
SQL: SELECT * FROM `think_author` WHERE `achievement_id` = '592c030e27b1b'  [ RunTime:0.0005s ]
SQL: SELECT * FROM `think_author` WHERE `achievement_id` = '592c030e24baf'  [ RunTime:0.0003s ]
SQL: SELECT * FROM `think_author` WHERE `achievement_id` = '592c030e1e1ce'  [ RunTime:0.0003s ]
SQL: SELECT * FROM `think_author` WHERE `achievement_id` = '592c030e1c234'  [ RunTime:0.0003s ]
SQL: SELECT * FROM `think_author` WHERE `achievement_id` = '592c030e1532b'  [ RunTime:0.0003s ]
SQL: SELECT * FROM `think_author` WHERE `achievement_id` = '590080c758b8e'  [ RunTime:0.0003s ]
INFO: [ view_parse ] --START--
INFO: [ template_filter ] --START--
INFO: Run Behavior\ContentReplaceBehavior [ RunTime:0.000208s ]
INFO: [ template_filter ] --END-- [ RunTime:0.000351s ]
INFO: Run Behavior\ParseTemplateBehavior [ RunTime:0.099098s ]
INFO: [ view_parse ] --END-- [ RunTime:0.099260s ]
INFO: [ view_filter ] --START--
INFO: Run Behavior\WriteHtmlCacheBehavior [ RunTime:0.000576s ]
INFO: [ view_filter ] --END-- [ RunTime:0.000700s ]
INFO: [ app_end ] --START--
INFO: Run Behavior\ShowPageTraceBehavior [ RunTime:0.001790s ]
INFO: [ app_end ] --END-- [ RunTime:0.002056s ]

[ 2017-05-30T09:41:35+08:00 ] ::1 /PaperManager/index.php/Home/Excel/out
INFO: [ app_init ] --START--
INFO: Run Behavior\BuildLiteBehavior [ RunTime:0.000051s ]
INFO: [ app_init ] --END-- [ RunTime:0.000864s ]
INFO: [ app_begin ] --START--
INFO: Run Behavior\ReadHtmlCacheBehavior [ RunTime:0.000770s ]
INFO: [ app_begin ] --END-- [ RunTime:0.000918s ]
ERR: 参数错误或者未定义:AchievementInfo

[ 2017-05-30T09:41:38+08:00 ] ::1 /PaperManager/index.php/Home/Excel/achi_export//user_id/
INFO: [ app_init ] --START--
INFO: Run Behavior\BuildLiteBehavior [ RunTime:0.000047s ]
INFO: [ app_init ] --END-- [ RunTime:0.000921s ]
INFO: [ app_begin ] --START--
INFO: Run Behavior\ReadHtmlCacheBehavior [ RunTime:0.001211s ]
INFO: [ app_begin ] --END-- [ RunTime:0.001512s ]
SQL: SHOW COLUMNS FROM `think_achievement` [ RunTime:0.0008s ]
SQL: SELECT `title`,`achievement_type`,`institute_name`,`publish_time` FROM `think_achievement` WHERE `user_id` = 1 AND `title` LIKE '%%' ORDER BY publish_time desc  [ RunTime:0.0005s ]

[ 2017-05-30T09:45:11+08:00 ] ::1 /PaperManager/index.php/Home/Achievement/my_achievement
INFO: [ app_init ] --START--
INFO: Run Behavior\BuildLiteBehavior [ RunTime:0.000028s ]
INFO: [ app_init ] --END-- [ RunTime:0.000471s ]
INFO: [ app_begin ] --START--
INFO: Run Behavior\ReadHtmlCacheBehavior [ RunTime:0.000571s ]
INFO: [ app_begin ] --END-- [ RunTime:0.000693s ]
NOTIC: [8] Use of undefined constant uid - assumed 'uid' C:\Mess\Applications\wamp64\www\PaperManager\ThinkPHP\Library\Think\Controller.class.php 第 307 行.
SQL: SHOW COLUMNS FROM `think_achievement` [ RunTime:0.0008s ]
SQL: SELECT COUNT(*) AS tp_count FROM `think_achievement` WHERE `user_id` = 1 AND `title` LIKE '%%' LIMIT 1   [ RunTime:0.0004s ]
SQL: SELECT * FROM `think_achievement` WHERE `user_id` = 1  [ RunTime:0.0003s ]
SQL: SELECT DISTINCT  `publish_time` FROM `think_achievement` WHERE `user_id` = 1 ORDER BY publish_time desc  [ RunTime:0.0004s ]
SQL: SELECT COUNT(*) AS tp_count FROM `think_achievement` WHERE `user_id` = 1 AND ( `publish_time` >= '2017-01-01' AND `publish_time` <= '2017-12-31'  ) LIMIT 1   [ RunTime:0.0003s ]
SQL: SELECT * FROM `think_achievement` WHERE `user_id` = 1 AND `title` LIKE '%%' ORDER BY publish_time desc LIMIT 0,10   [ RunTime:0.0007s ]
SQL: SHOW COLUMNS FROM `think_author` [ RunTime:0.0013s ]
SQL: SELECT * FROM `think_author` WHERE `achievement_id` = '592c030e27b1b'  [ RunTime:0.0009s ]
SQL: SELECT * FROM `think_author` WHERE `achievement_id` = '592c030e24baf'  [ RunTime:0.0007s ]
SQL: SELECT * FROM `think_author` WHERE `achievement_id` = '592c030e1e1ce'  [ RunTime:0.0009s ]
SQL: SELECT * FROM `think_author` WHERE `achievement_id` = '592c030e1c234'  [ RunTime:0.0005s ]
SQL: SELECT * FROM `think_author` WHERE `achievement_id` = '592c030e1532b'  [ RunTime:0.0003s ]
SQL: SELECT * FROM `think_author` WHERE `achievement_id` = '590080c758b8e'  [ RunTime:0.0003s ]
INFO: [ view_parse ] --START--
INFO: [ template_filter ] --START--
INFO: Run Behavior\ContentReplaceBehavior [ RunTime:0.000208s ]
INFO: [ template_filter ] --END-- [ RunTime:0.000354s ]
INFO: Run Behavior\ParseTemplateBehavior [ RunTime:0.019615s ]
INFO: [ view_parse ] --END-- [ RunTime:0.019809s ]
INFO: [ view_filter ] --START--
INFO: Run Behavior\WriteHtmlCacheBehavior [ RunTime:0.000497s ]
INFO: [ view_filter ] --END-- [ RunTime:0.000665s ]
INFO: [ app_end ] --START--
INFO: Run Behavior\ShowPageTraceBehavior [ RunTime:0.001213s ]
INFO: [ app_end ] --END-- [ RunTime:0.002548s ]

[ 2017-05-30T09:46:56+08:00 ] ::1 /PaperManager/index.php/Home/Project/my_project
INFO: [ app_init ] --START--
INFO: Run Behavior\BuildLiteBehavior [ RunTime:0.000030s ]
INFO: [ app_init ] --END-- [ RunTime:0.000474s ]
INFO: [ app_begin ] --START--
INFO: Run Behavior\ReadHtmlCacheBehavior [ RunTime:0.000458s ]
INFO: [ app_begin ] --END-- [ RunTime:0.000581s ]
NOTIC: [8] Use of undefined constant uid - assumed 'uid' C:\Mess\Applications\wamp64\www\PaperManager\ThinkPHP\Library\Think\Controller.class.php 第 307 行.
SQL: SHOW COLUMNS FROM `think_project_type` [ RunTime:0.0143s ]
SQL: SELECT * FROM `think_project_type`  [ RunTime:0.0004s ]
SQL: SHOW COLUMNS FROM `think_project` [ RunTime:0.0011s ]
SQL: SELECT COUNT(*) AS tp_count FROM `think_project` WHERE `type_name` = '国家自然科学基金项目' LIMIT 1   [ RunTime:0.0004s ]
SQL: SELECT COUNT(*) AS tp_count FROM `think_project` WHERE `type_name` = '863计划课题' LIMIT 1   [ RunTime:0.0003s ]
SQL: SELECT COUNT(*) AS tp_count FROM `think_project` WHERE `type_name` = '973计划课题' LIMIT 1   [ RunTime:0.0003s ]
SQL: SELECT COUNT(*) AS tp_count FROM `think_project` WHERE `type_name` = '国家科技支撑计划课题' LIMIT 1   [ RunTime:0.0003s ]
SQL: SELECT COUNT(*) AS tp_count FROM `think_project` WHERE `type_name` = '国家重点研发计划课题' LIMIT 1   [ RunTime:0.0003s ]
SQL: SELECT COUNT(*) AS tp_count FROM `think_project` WHERE `type_name` = '其他国家级纵向项目' LIMIT 1   [ RunTime:0.0003s ]
SQL: SELECT COUNT(*) AS tp_count FROM `think_project` WHERE `type_name` = '中国博士后科学基金资助' LIMIT 1   [ RunTime:0.0003s ]
SQL: SELECT COUNT(*) AS tp_count FROM `think_project` WHERE `type_name` = '省自然科学基金项目' LIMIT 1   [ RunTime:0.0005s ]
SQL: SELECT COUNT(*) AS tp_count FROM `think_project` WHERE `type_name` = '其他省部级纵向项目' LIMIT 1   [ RunTime:0.0006s ]
SQL: SELECT COUNT(*) AS tp_count FROM `think_project` WHERE `type_name` = '产学研横向合作项目' LIMIT 1   [ RunTime:0.0004s ]
SQL: SELECT COUNT(*) AS tp_count FROM `think_project` WHERE `user_id` = 1 AND ( `project_name` LIKE '%%' OR `project_num` LIKE '%%' ) LIMIT 1   [ RunTime:0.0007s ]
SQL: SELECT * FROM `think_project` WHERE `user_id` = 1 AND ( `project_name` LIKE '%%' OR `project_num` LIKE '%%' ) LIMIT 0,10   [ RunTime:0.0006s ]
INFO: [ view_parse ] --START--
INFO: [ template_filter ] --START--
INFO: Run Behavior\ContentReplaceBehavior [ RunTime:0.000524s ]
INFO: [ template_filter ] --END-- [ RunTime:0.000798s ]
INFO: Run Behavior\ParseTemplateBehavior [ RunTime:0.059535s ]
INFO: [ view_parse ] --END-- [ RunTime:0.059741s ]
INFO: [ view_filter ] --START--
INFO: Run Behavior\WriteHtmlCacheBehavior [ RunTime:0.003193s ]
INFO: [ view_filter ] --END-- [ RunTime:0.003546s ]
INFO: [ app_end ] --START--
INFO: Run Behavior\ShowPageTraceBehavior [ RunTime:0.001845s ]
INFO: [ app_end ] --END-- [ RunTime:0.002177s ]

[ 2017-05-30T09:47:01+08:00 ] ::1 /PaperManager/index.php/Home/Project/my_project
INFO: [ app_init ] --START--
INFO: Run Behavior\BuildLiteBehavior [ RunTime:0.000113s ]
INFO: [ app_init ] --END-- [ RunTime:0.001115s ]
INFO: [ app_begin ] --START--
INFO: Run Behavior\ReadHtmlCacheBehavior [ RunTime:0.001066s ]
INFO: [ app_begin ] --END-- [ RunTime:0.001350s ]
NOTIC: [8] Use of undefined constant uid - assumed 'uid' C:\Mess\Applications\wamp64\www\PaperManager\ThinkPHP\Library\Think\Controller.class.php 第 307 行.
SQL: SHOW COLUMNS FROM `think_project_type` [ RunTime:0.0012s ]
SQL: SELECT * FROM `think_project_type`  [ RunTime:0.0004s ]
SQL: SHOW COLUMNS FROM `think_project` [ RunTime:0.0013s ]
SQL: SELECT COUNT(*) AS tp_count FROM `think_project` WHERE `type_name` = '国家自然科学基金项目' LIMIT 1   [ RunTime:0.0005s ]
SQL: SELECT COUNT(*) AS tp_count FROM `think_project` WHERE `type_name` = '863计划课题' LIMIT 1   [ RunTime:0.0003s ]
SQL: SELECT COUNT(*) AS tp_count FROM `think_project` WHERE `type_name` = '973计划课题' LIMIT 1   [ RunTime:0.0005s ]
SQL: SELECT COUNT(*) AS tp_count FROM `think_project` WHERE `type_name` = '国家科技支撑计划课题' LIMIT 1   [ RunTime:0.0006s ]
SQL: SELECT COUNT(*) AS tp_count FROM `think_project` WHERE `type_name` = '国家重点研发计划课题' LIMIT 1   [ RunTime:0.0005s ]
SQL: SELECT COUNT(*) AS tp_count FROM `think_project` WHERE `type_name` = '其他国家级纵向项目' LIMIT 1   [ RunTime:0.0006s ]
SQL: SELECT COUNT(*) AS tp_count FROM `think_project` WHERE `type_name` = '中国博士后科学基金资助' LIMIT 1   [ RunTime:0.0007s ]
SQL: SELECT COUNT(*) AS tp_count FROM `think_project` WHERE `type_name` = '省自然科学基金项目' LIMIT 1   [ RunTime:0.0008s ]
SQL: SELECT COUNT(*) AS tp_count FROM `think_project` WHERE `type_name` = '其他省部级纵向项目' LIMIT 1   [ RunTime:0.0008s ]
SQL: SELECT COUNT(*) AS tp_count FROM `think_project` WHERE `type_name` = '产学研横向合作项目' LIMIT 1   [ RunTime:0.0005s ]
SQL: SELECT COUNT(*) AS tp_count FROM `think_project` WHERE `user_id` = 1 AND ( `project_name` LIKE '%%' OR `project_num` LIKE '%%' ) LIMIT 1   [ RunTime:0.0005s ]
SQL: SELECT * FROM `think_project` WHERE `user_id` = 1 AND ( `project_name` LIKE '%%' OR `project_num` LIKE '%%' ) LIMIT 0,10   [ RunTime:0.0006s ]
INFO: [ view_parse ] --START--
INFO: [ template_filter ] --START--
INFO: Run Behavior\ContentReplaceBehavior [ RunTime:0.000302s ]
INFO: [ template_filter ] --END-- [ RunTime:0.000567s ]
INFO: Run Behavior\ParseTemplateBehavior [ RunTime:0.050030s ]
INFO: [ view_parse ] --END-- [ RunTime:0.050593s ]
INFO: [ view_filter ] --START--
INFO: Run Behavior\WriteHtmlCacheBehavior [ RunTime:0.000768s ]
INFO: [ view_filter ] --END-- [ RunTime:0.001000s ]
INFO: [ app_end ] --START--
INFO: Run Behavior\ShowPageTraceBehavior [ RunTime:0.001704s ]
INFO: [ app_end ] --END-- [ RunTime:0.002012s ]

[ 2017-05-30T09:47:03+08:00 ] ::1 /PaperManager/index.php/Home/Project/my_project
INFO: [ app_init ] --START--
INFO: Run Behavior\BuildLiteBehavior [ RunTime:0.000042s ]
INFO: [ app_init ] --END-- [ RunTime:0.000637s ]
INFO: [ app_begin ] --START--
INFO: Run Behavior\ReadHtmlCacheBehavior [ RunTime:0.000872s ]
INFO: [ app_begin ] --END-- [ RunTime:0.001092s ]
NOTIC: [8] Use of undefined constant uid - assumed 'uid' C:\Mess\Applications\wamp64\www\PaperManager\ThinkPHP\Library\Think\Controller.class.php 第 307 行.
SQL: SHOW COLUMNS FROM `think_project_type` [ RunTime:0.0012s ]
SQL: SELECT * FROM `think_project_type`  [ RunTime:0.0003s ]
SQL: SHOW COLUMNS FROM `think_project` [ RunTime:0.0011s ]
SQL: SELECT COUNT(*) AS tp_count FROM `think_project` WHERE `type_name` = '国家自然科学基金项目' LIMIT 1   [ RunTime:0.0003s ]
SQL: SELECT COUNT(*) AS tp_count FROM `think_project` WHERE `type_name` = '863计划课题' LIMIT 1   [ RunTime:0.0002s ]
SQL: SELECT COUNT(*) AS tp_count FROM `think_project` WHERE `type_name` = '973计划课题' LIMIT 1   [ RunTime:0.0003s ]
SQL: SELECT COUNT(*) AS tp_count FROM `think_project` WHERE `type_name` = '国家科技支撑计划课题' LIMIT 1   [ RunTime:0.0003s ]
SQL: SELECT COUNT(*) AS tp_count FROM `think_project` WHERE `type_name` = '国家重点研发计划课题' LIMIT 1   [ RunTime:0.0005s ]
SQL: SELECT COUNT(*) AS tp_count FROM `think_project` WHERE `type_name` = '其他国家级纵向项目' LIMIT 1   [ RunTime:0.0003s ]
SQL: SELECT COUNT(*) AS tp_count FROM `think_project` WHERE `type_name` = '中国博士后科学基金资助' LIMIT 1   [ RunTime:0.0002s ]
SQL: SELECT COUNT(*) AS tp_count FROM `think_project` WHERE `type_name` = '省自然科学基金项目' LIMIT 1   [ RunTime:0.0002s ]
SQL: SELECT COUNT(*) AS tp_count FROM `think_project` WHERE `type_name` = '其他省部级纵向项目' LIMIT 1   [ RunTime:0.0002s ]
SQL: SELECT COUNT(*) AS tp_count FROM `think_project` WHERE `type_name` = '产学研横向合作项目' LIMIT 1   [ RunTime:0.0002s ]
SQL: SELECT COUNT(*) AS tp_count FROM `think_project` WHERE `user_id` = 1 AND ( `project_name` LIKE '%%' OR `project_num` LIKE '%%' ) LIMIT 1   [ RunTime:0.0003s ]
SQL: SELECT * FROM `think_project` WHERE `user_id` = 1 AND ( `project_name` LIKE '%%' OR `project_num` LIKE '%%' ) LIMIT 0,10   [ RunTime:0.0004s ]
INFO: [ view_parse ] --START--
INFO: [ template_filter ] --START--
INFO: Run Behavior\ContentReplaceBehavior [ RunTime:0.000191s ]
INFO: [ template_filter ] --END-- [ RunTime:0.000345s ]
INFO: Run Behavior\ParseTemplateBehavior [ RunTime:0.019717s ]
INFO: [ view_parse ] --END-- [ RunTime:0.019927s ]
INFO: [ view_filter ] --START--
INFO: Run Behavior\WriteHtmlCacheBehavior [ RunTime:0.000714s ]
INFO: [ view_filter ] --END-- [ RunTime:0.000910s ]
INFO: [ app_end ] --START--
INFO: Run Behavior\ShowPageTraceBehavior [ RunTime:0.001122s ]
INFO: [ app_end ] --END-- [ RunTime:0.001320s ]

[ 2017-05-30T09:47:04+08:00 ] ::1 /PaperManager/index.php/Home/Project/my_project
INFO: [ app_init ] --START--
INFO: Run Behavior\BuildLiteBehavior [ RunTime:0.000058s ]
INFO: [ app_init ] --END-- [ RunTime:0.000835s ]
INFO: [ app_begin ] --START--
INFO: Run Behavior\ReadHtmlCacheBehavior [ RunTime:0.000567s ]
INFO: [ app_begin ] --END-- [ RunTime:0.000715s ]
NOTIC: [8] Use of undefined constant uid - assumed 'uid' C:\Mess\Applications\wamp64\www\PaperManager\ThinkPHP\Library\Think\Controller.class.php 第 307 行.
SQL: SHOW COLUMNS FROM `think_project_type` [ RunTime:0.0009s ]
SQL: SELECT * FROM `think_project_type`  [ RunTime:0.0002s ]
SQL: SHOW COLUMNS FROM `think_project` [ RunTime:0.0007s ]
SQL: SELECT COUNT(*) AS tp_count FROM `think_project` WHERE `type_name` = '国家自然科学基金项目' LIMIT 1   [ RunTime:0.0004s ]
SQL: SELECT COUNT(*) AS tp_count FROM `think_project` WHERE `type_name` = '863计划课题' LIMIT 1   [ RunTime:0.0003s ]
SQL: SELECT COUNT(*) AS tp_count FROM `think_project` WHERE `type_name` = '973计划课题' LIMIT 1   [ RunTime:0.0002s ]
SQL: SELECT COUNT(*) AS tp_count FROM `think_project` WHERE `type_name` = '国家科技支撑计划课题' LIMIT 1   [ RunTime:0.0002s ]
SQL: SELECT COUNT(*) AS tp_count FROM `think_project` WHERE `type_name` = '国家重点研发计划课题' LIMIT 1   [ RunTime:0.0002s ]
SQL: SELECT COUNT(*) AS tp_count FROM `think_project` WHERE `type_name` = '其他国家级纵向项目' LIMIT 1   [ RunTime:0.0003s ]
SQL: SELECT COUNT(*) AS tp_count FROM `think_project` WHERE `type_name` = '中国博士后科学基金资助' LIMIT 1   [ RunTime:0.0003s ]
SQL: SELECT COUNT(*) AS tp_count FROM `think_project` WHERE `type_name` = '省自然科学基金项目' LIMIT 1   [ RunTime:0.0003s ]
SQL: SELECT COUNT(*) AS tp_count FROM `think_project` WHERE `type_name` = '其他省部级纵向项目' LIMIT 1   [ RunTime:0.0002s ]
SQL: SELECT COUNT(*) AS tp_count FROM `think_project` WHERE `type_name` = '产学研横向合作项目' LIMIT 1   [ RunTime:0.0002s ]
SQL: SELECT COUNT(*) AS tp_count FROM `think_project` WHERE `user_id` = 1 AND ( `project_name` LIKE '%%' OR `project_num` LIKE '%%' ) LIMIT 1   [ RunTime:0.0003s ]
SQL: SELECT * FROM `think_project` WHERE `user_id` = 1 AND ( `project_name` LIKE '%%' OR `project_num` LIKE '%%' ) LIMIT 0,10   [ RunTime:0.0004s ]
INFO: [ view_parse ] --START--
INFO: [ template_filter ] --START--
INFO: Run Behavior\ContentReplaceBehavior [ RunTime:0.000187s ]
INFO: [ template_filter ] --END-- [ RunTime:0.000308s ]
INFO: Run Behavior\ParseTemplateBehavior [ RunTime:0.046335s ]
INFO: [ view_parse ] --END-- [ RunTime:0.046500s ]
INFO: [ view_filter ] --START--
INFO: Run Behavior\WriteHtmlCacheBehavior [ RunTime:0.000453s ]
INFO: [ view_filter ] --END-- [ RunTime:0.000586s ]
INFO: [ app_end ] --START--
INFO: Run Behavior\ShowPageTraceBehavior [ RunTime:0.000853s ]
INFO: [ app_end ] --END-- [ RunTime:0.001004s ]

[ 2017-05-30T09:47:05+08:00 ] ::1 /PaperManager/index.php/Home/Project/my_project
INFO: [ app_init ] --START--
INFO: Run Behavior\BuildLiteBehavior [ RunTime:0.000042s ]
INFO: [ app_init ] --END-- [ RunTime:0.000417s ]
INFO: [ app_begin ] --START--
INFO: Run Behavior\ReadHtmlCacheBehavior [ RunTime:0.000469s ]
INFO: [ app_begin ] --END-- [ RunTime:0.000596s ]
NOTIC: [8] Use of undefined constant uid - assumed 'uid' C:\Mess\Applications\wamp64\www\PaperManager\ThinkPHP\Library\Think\Controller.class.php 第 307 行.
SQL: SHOW COLUMNS FROM `think_project_type` [ RunTime:0.0012s ]
SQL: SELECT * FROM `think_project_type`  [ RunTime:0.0003s ]
SQL: SHOW COLUMNS FROM `think_project` [ RunTime:0.0015s ]
SQL: SELECT COUNT(*) AS tp_count FROM `think_project` WHERE `type_name` = '国家自然科学基金项目' LIMIT 1   [ RunTime:0.0007s ]
SQL: SELECT COUNT(*) AS tp_count FROM `think_project` WHERE `type_name` = '863计划课题' LIMIT 1   [ RunTime:0.0006s ]
SQL: SELECT COUNT(*) AS tp_count FROM `think_project` WHERE `type_name` = '973计划课题' LIMIT 1   [ RunTime:0.0004s ]
SQL: SELECT COUNT(*) AS tp_count FROM `think_project` WHERE `type_name` = '国家科技支撑计划课题' LIMIT 1   [ RunTime:0.0005s ]
SQL: SELECT COUNT(*) AS tp_count FROM `think_project` WHERE `type_name` = '国家重点研发计划课题' LIMIT 1   [ RunTime:0.0004s ]
SQL: SELECT COUNT(*) AS tp_count FROM `think_project` WHERE `type_name` = '其他国家级纵向项目' LIMIT 1   [ RunTime:0.0006s ]
SQL: SELECT COUNT(*) AS tp_count FROM `think_project` WHERE `type_name` = '中国博士后科学基金资助' LIMIT 1   [ RunTime:0.0004s ]
SQL: SELECT COUNT(*) AS tp_count FROM `think_project` WHERE `type_name` = '省自然科学基金项目' LIMIT 1   [ RunTime:0.0004s ]
SQL: SELECT COUNT(*) AS tp_count FROM `think_project` WHERE `type_name` = '其他省部级纵向项目' LIMIT 1   [ RunTime:0.0007s ]
SQL: SELECT COUNT(*) AS tp_count FROM `think_project` WHERE `type_name` = '产学研横向合作项目' LIMIT 1   [ RunTime:0.0004s ]
SQL: SELECT COUNT(*) AS tp_count FROM `think_project` WHERE `user_id` = 1 AND ( `project_name` LIKE '%%' OR `project_num` LIKE '%%' ) LIMIT 1   [ RunTime:0.0003s ]
SQL: SELECT * FROM `think_project` WHERE `user_id` = 1 AND ( `project_name` LIKE '%%' OR `project_num` LIKE '%%' ) LIMIT 0,10   [ RunTime:0.0004s ]
INFO: [ view_parse ] --START--
INFO: [ template_filter ] --START--
INFO: Run Behavior\ContentReplaceBehavior [ RunTime:0.000284s ]
INFO: [ template_filter ] --END-- [ RunTime:0.000504s ]
INFO: Run Behavior\ParseTemplateBehavior [ RunTime:0.047384s ]
INFO: [ view_parse ] --END-- [ RunTime:0.047566s ]
INFO: [ view_filter ] --START--
INFO: Run Behavior\WriteHtmlCacheBehavior [ RunTime:0.000846s ]
INFO: [ view_filter ] --END-- [ RunTime:0.001118s ]
INFO: [ app_end ] --START--
INFO: Run Behavior\ShowPageTraceBehavior [ RunTime:0.001323s ]
INFO: [ app_end ] --END-- [ RunTime:0.001609s ]

[ 2017-05-30T09:47:06+08:00 ] ::1 /PaperManager/index.php/Home/Project/my_project/project_type/1
INFO: [ app_init ] --START--
INFO: Run Behavior\BuildLiteBehavior [ RunTime:0.000059s ]
INFO: [ app_init ] --END-- [ RunTime:0.000771s ]
INFO: [ app_begin ] --START--
INFO: Run Behavior\ReadHtmlCacheBehavior [ RunTime:0.000478s ]
INFO: [ app_begin ] --END-- [ RunTime:0.000602s ]
NOTIC: [8] Use of undefined constant uid - assumed 'uid' C:\Mess\Applications\wamp64\www\PaperManager\ThinkPHP\Library\Think\Controller.class.php 第 307 行.
SQL: SHOW COLUMNS FROM `think_project_type` [ RunTime:0.0011s ]
SQL: SELECT * FROM `think_project_type`  [ RunTime:0.0006s ]
SQL: SHOW COLUMNS FROM `think_project` [ RunTime:0.0012s ]
SQL: SELECT COUNT(*) AS tp_count FROM `think_project` WHERE `type_name` = '国家自然科学基金项目' LIMIT 1   [ RunTime:0.0004s ]
SQL: SELECT COUNT(*) AS tp_count FROM `think_project` WHERE `type_name` = '863计划课题' LIMIT 1   [ RunTime:0.0004s ]
SQL: SELECT COUNT(*) AS tp_count FROM `think_project` WHERE `type_name` = '973计划课题' LIMIT 1   [ RunTime:0.0003s ]
SQL: SELECT COUNT(*) AS tp_count FROM `think_project` WHERE `type_name` = '国家科技支撑计划课题' LIMIT 1   [ RunTime:0.0003s ]
SQL: SELECT COUNT(*) AS tp_count FROM `think_project` WHERE `type_name` = '国家重点研发计划课题' LIMIT 1   [ RunTime:0.0003s ]
SQL: SELECT COUNT(*) AS tp_count FROM `think_project` WHERE `type_name` = '其他国家级纵向项目' LIMIT 1   [ RunTime:0.0003s ]
SQL: SELECT COUNT(*) AS tp_count FROM `think_project` WHERE `type_name` = '中国博士后科学基金资助' LIMIT 1   [ RunTime:0.0002s ]
SQL: SELECT COUNT(*) AS tp_count FROM `think_project` WHERE `type_name` = '省自然科学基金项目' LIMIT 1   [ RunTime:0.0002s ]
SQL: SELECT COUNT(*) AS tp_count FROM `think_project` WHERE `type_name` = '其他省部级纵向项目' LIMIT 1   [ RunTime:0.0002s ]
SQL: SELECT COUNT(*) AS tp_count FROM `think_project` WHERE `type_name` = '产学研横向合作项目' LIMIT 1   [ RunTime:0.0002s ]
SQL: SELECT COUNT(*) AS tp_count FROM `think_project` WHERE `user_id` = 1 AND `type_name` = '国家自然科学基金项目' AND ( `project_name` LIKE '%%' OR `project_num` LIKE '%%' ) LIMIT 1   [ RunTime:0.0006s ]
SQL: SELECT * FROM `think_project` WHERE `user_id` = 1 AND `type_name` = '国家自然科学基金项目' AND ( `project_name` LIKE '%%' OR `project_num` LIKE '%%' ) LIMIT 0,10   [ RunTime:0.0008s ]
INFO: [ view_parse ] --START--
INFO: [ template_filter ] --START--
INFO: Run Behavior\ContentReplaceBehavior [ RunTime:0.000250s ]
INFO: [ template_filter ] --END-- [ RunTime:0.000427s ]
INFO: Run Behavior\ParseTemplateBehavior [ RunTime:0.040018s ]
INFO: [ view_parse ] --END-- [ RunTime:0.040198s ]
INFO: [ view_filter ] --START--
INFO: Run Behavior\WriteHtmlCacheBehavior [ RunTime:0.000478s ]
INFO: [ view_filter ] --END-- [ RunTime:0.000614s ]
INFO: [ app_end ] --START--
INFO: Run Behavior\ShowPageTraceBehavior [ RunTime:0.001183s ]
INFO: [ app_end ] --END-- [ RunTime:0.001501s ]

[ 2017-05-30T09:47:07+08:00 ] ::1 /PaperManager/index.php/Home/Project/my_project
INFO: [ app_init ] --START--
INFO: Run Behavior\BuildLiteBehavior [ RunTime:0.000091s ]
INFO: [ app_init ] --END-- [ RunTime:0.001220s ]
INFO: [ app_begin ] --START--
INFO: Run Behavior\ReadHtmlCacheBehavior [ RunTime:0.000755s ]
INFO: [ app_begin ] --END-- [ RunTime:0.000957s ]
NOTIC: [8] Use of undefined constant uid - assumed 'uid' C:\Mess\Applications\wamp64\www\PaperManager\ThinkPHP\Library\Think\Controller.class.php 第 307 行.
SQL: SHOW COLUMNS FROM `think_project_type` [ RunTime:0.0013s ]
SQL: SELECT * FROM `think_project_type`  [ RunTime:0.0004s ]
SQL: SHOW COLUMNS FROM `think_project` [ RunTime:0.0012s ]
SQL: SELECT COUNT(*) AS tp_count FROM `think_project` WHERE `type_name` = '国家自然科学基金项目' LIMIT 1   [ RunTime:0.0003s ]
SQL: SELECT COUNT(*) AS tp_count FROM `think_project` WHERE `type_name` = '863计划课题' LIMIT 1   [ RunTime:0.0002s ]
SQL: SELECT COUNT(*) AS tp_count FROM `think_project` WHERE `type_name` = '973计划课题' LIMIT 1   [ RunTime:0.0002s ]
SQL: SELECT COUNT(*) AS tp_count FROM `think_project` WHERE `type_name` = '国家科技支撑计划课题' LIMIT 1   [ RunTime:0.0003s ]
SQL: SELECT COUNT(*) AS tp_count FROM `think_project` WHERE `type_name` = '国家重点研发计划课题' LIMIT 1   [ RunTime:0.0006s ]
SQL: SELECT COUNT(*) AS tp_count FROM `think_project` WHERE `type_name` = '其他国家级纵向项目' LIMIT 1   [ RunTime:0.0005s ]
SQL: SELECT COUNT(*) AS tp_count FROM `think_project` WHERE `type_name` = '中国博士后科学基金资助' LIMIT 1   [ RunTime:0.0004s ]
SQL: SELECT COUNT(*) AS tp_count FROM `think_project` WHERE `type_name` = '省自然科学基金项目' LIMIT 1   [ RunTime:0.0006s ]
SQL: SELECT COUNT(*) AS tp_count FROM `think_project` WHERE `type_name` = '其他省部级纵向项目' LIMIT 1   [ RunTime:0.0006s ]
SQL: SELECT COUNT(*) AS tp_count FROM `think_project` WHERE `type_name` = '产学研横向合作项目' LIMIT 1   [ RunTime:0.0006s ]
SQL: SELECT COUNT(*) AS tp_count FROM `think_project` WHERE `user_id` = 1 AND ( `project_name` LIKE '%%' OR `project_num` LIKE '%%' ) LIMIT 1   [ RunTime:0.0004s ]
SQL: SELECT * FROM `think_project` WHERE `user_id` = 1 AND ( `project_name` LIKE '%%' OR `project_num` LIKE '%%' ) LIMIT 0,10   [ RunTime:0.0007s ]
INFO: [ view_parse ] --START--
INFO: [ template_filter ] --START--
INFO: Run Behavior\ContentReplaceBehavior [ RunTime:0.000275s ]
INFO: [ template_filter ] --END-- [ RunTime:0.000478s ]
INFO: Run Behavior\ParseTemplateBehavior [ RunTime:0.051132s ]
INFO: [ view_parse ] --END-- [ RunTime:0.051331s ]
INFO: [ view_filter ] --START--
INFO: Run Behavior\WriteHtmlCacheBehavior [ RunTime:0.000507s ]
INFO: [ view_filter ] --END-- [ RunTime:0.000630s ]
INFO: [ app_end ] --START--
INFO: Run Behavior\ShowPageTraceBehavior [ RunTime:0.000991s ]
INFO: [ app_end ] --END-- [ RunTime:0.001157s ]

[ 2017-05-30T09:47:11+08:00 ] ::1 /PaperManager/index.php/Home/Project/project_show/id/22
INFO: [ app_init ] --START--
INFO: Run Behavior\BuildLiteBehavior [ RunTime:0.000073s ]
INFO: [ app_init ] --END-- [ RunTime:0.000928s ]
INFO: [ app_begin ] --START--
INFO: Run Behavior\ReadHtmlCacheBehavior [ RunTime:0.000954s ]
INFO: [ app_begin ] --END-- [ RunTime:0.001227s ]
NOTIC: [8] Use of undefined constant uid - assumed 'uid' C:\Mess\Applications\wamp64\www\PaperManager\ThinkPHP\Library\Think\Controller.class.php 第 307 行.
SQL: SHOW COLUMNS FROM `think_project` [ RunTime:0.0018s ]
SQL: SELECT * FROM `think_project` WHERE `id` = 22 LIMIT 1   [ RunTime:0.0006s ]
SQL: SHOW COLUMNS FROM `think_achievement` [ RunTime:0.0008s ]
SQL: SELECT COUNT(*) AS tp_count FROM `think_achievement` WHERE `user_id` = 1 AND `achievement_id` = '590080c758b8e' AND `title` LIKE '%%' LIMIT 1   [ RunTime:0.0005s ]
NOTIC: [2] Missing argument 2 for get_achievement_count(), called in C:\Mess\Applications\wamp64\www\PaperManager\Application\Home\Controller\ProjectController.class.php on line 74 and defined C:\Mess\Applications\wamp64\www\PaperManager\ThinkPHP\Common\functions.php 第 1553 行.
NOTIC: [8] Undefined variable: user_id C:\Mess\Applications\wamp64\www\PaperManager\ThinkPHP\Common\functions.php 第 1555 行.
SQL: SELECT * FROM `think_achievement` WHERE `user_id` = 1 AND `achievement_id` = '590080c758b8e'  [ RunTime:0.0005s ]
NOTIC: [2] Missing argument 2 for get_achievement_year(), called in C:\Mess\Applications\wamp64\www\PaperManager\Application\Home\Controller\ProjectController.class.php on line 76 and defined C:\Mess\Applications\wamp64\www\PaperManager\ThinkPHP\Common\functions.php 第 1628 行.
NOTIC: [8] Undefined variable: user_id C:\Mess\Applications\wamp64\www\PaperManager\ThinkPHP\Common\functions.php 第 1630 行.
SQL: SELECT DISTINCT  `publish_time` FROM `think_achievement` WHERE `user_id` = 1 AND `achievement_id` = '590080c758b8e' ORDER BY publish_time desc  [ RunTime:0.0006s ]
SQL: SELECT COUNT(*) AS tp_count FROM `think_achievement` WHERE `user_id` = 1 AND `achievement_id` = '590080c758b8e' AND ( `publish_time` >= '2017-01-01' AND `publish_time` <= '2017-12-31'  ) LIMIT 1   [ RunTime:0.0005s ]
SQL: SELECT * FROM `think_achievement` WHERE `user_id` = 1 AND `achievement_id` = '590080c758b8e' AND `title` LIKE '%%' ORDER BY publish_time desc LIMIT 0,5   [ RunTime:0.0007s ]
SQL: SHOW COLUMNS FROM `think_author` [ RunTime:0.0009s ]
SQL: SELECT * FROM `think_author` WHERE `achievement_id` = '590080c758b8e'  [ RunTime:0.0005s ]
INFO: [ view_parse ] --START--
INFO: [ template_filter ] --START--
INFO: Run Behavior\ContentReplaceBehavior [ RunTime:0.000434s ]
INFO: [ template_filter ] --END-- [ RunTime:0.000671s ]
INFO: Run Behavior\ParseTemplateBehavior [ RunTime:0.334233s ]
INFO: [ view_parse ] --END-- [ RunTime:0.334503s ]
INFO: [ view_filter ] --START--
INFO: Run Behavior\WriteHtmlCacheBehavior [ RunTime:0.000870s ]
INFO: [ view_filter ] --END-- [ RunTime:0.001165s ]
INFO: [ app_end ] --START--
INFO: Run Behavior\ShowPageTraceBehavior [ RunTime:0.001746s ]
INFO: [ app_end ] --END-- [ RunTime:0.002648s ]

[ 2017-05-30T09:47:18+08:00 ] ::1 /PaperManager/index.php/Home/Project/my_project
INFO: [ app_init ] --START--
INFO: Run Behavior\BuildLiteBehavior [ RunTime:0.000027s ]
INFO: [ app_init ] --END-- [ RunTime:0.000473s ]
INFO: [ app_begin ] --START--
INFO: Run Behavior\ReadHtmlCacheBehavior [ RunTime:0.000559s ]
INFO: [ app_begin ] --END-- [ RunTime:0.000707s ]
NOTIC: [8] Use of undefined constant uid - assumed 'uid' C:\Mess\Applications\wamp64\www\PaperManager\ThinkPHP\Library\Think\Controller.class.php 第 307 行.
SQL: SHOW COLUMNS FROM `think_project_type` [ RunTime:0.0012s ]
SQL: SELECT * FROM `think_project_type`  [ RunTime:0.0003s ]
SQL: SHOW COLUMNS FROM `think_project` [ RunTime:0.0010s ]
SQL: SELECT COUNT(*) AS tp_count FROM `think_project` WHERE `type_name` = '国家自然科学基金项目' LIMIT 1   [ RunTime:0.0004s ]
SQL: SELECT COUNT(*) AS tp_count FROM `think_project` WHERE `type_name` = '863计划课题' LIMIT 1   [ RunTime:0.0003s ]
SQL: SELECT COUNT(*) AS tp_count FROM `think_project` WHERE `type_name` = '973计划课题' LIMIT 1   [ RunTime:0.0003s ]
SQL: SELECT COUNT(*) AS tp_count FROM `think_project` WHERE `type_name` = '国家科技支撑计划课题' LIMIT 1   [ RunTime:0.0003s ]
SQL: SELECT COUNT(*) AS tp_count FROM `think_project` WHERE `type_name` = '国家重点研发计划课题' LIMIT 1   [ RunTime:0.0003s ]
SQL: SELECT COUNT(*) AS tp_count FROM `think_project` WHERE `type_name` = '其他国家级纵向项目' LIMIT 1   [ RunTime:0.0002s ]
SQL: SELECT COUNT(*) AS tp_count FROM `think_project` WHERE `type_name` = '中国博士后科学基金资助' LIMIT 1   [ RunTime:0.0002s ]
SQL: SELECT COUNT(*) AS tp_count FROM `think_project` WHERE `type_name` = '省自然科学基金项目' LIMIT 1   [ RunTime:0.0003s ]
SQL: SELECT COUNT(*) AS tp_count FROM `think_project` WHERE `type_name` = '其他省部级纵向项目' LIMIT 1   [ RunTime:0.0002s ]
SQL: SELECT COUNT(*) AS tp_count FROM `think_project` WHERE `type_name` = '产学研横向合作项目' LIMIT 1   [ RunTime:0.0002s ]
SQL: SELECT COUNT(*) AS tp_count FROM `think_project` WHERE `user_id` = 1 AND ( `project_name` LIKE '%%' OR `project_num` LIKE '%%' ) LIMIT 1   [ RunTime:0.0003s ]
SQL: SELECT * FROM `think_project` WHERE `user_id` = 1 AND ( `project_name` LIKE '%%' OR `project_num` LIKE '%%' ) LIMIT 0,10   [ RunTime:0.0008s ]
INFO: [ view_parse ] --START--
INFO: [ template_filter ] --START--
INFO: Run Behavior\ContentReplaceBehavior [ RunTime:0.000178s ]
INFO: [ template_filter ] --END-- [ RunTime:0.000323s ]
INFO: Run Behavior\ParseTemplateBehavior [ RunTime:0.045157s ]
INFO: [ view_parse ] --END-- [ RunTime:0.045306s ]
INFO: [ view_filter ] --START--
INFO: Run Behavior\WriteHtmlCacheBehavior [ RunTime:0.000481s ]
INFO: [ view_filter ] --END-- [ RunTime:0.000595s ]
INFO: [ app_end ] --START--
INFO: Run Behavior\ShowPageTraceBehavior [ RunTime:0.001191s ]
INFO: [ app_end ] --END-- [ RunTime:0.001460s ]

[ 2017-05-30T09:47:20+08:00 ] ::1 /PaperManager/index.php/Home/Project/my_project/project_type/3
INFO: [ app_init ] --START--
INFO: Run Behavior\BuildLiteBehavior [ RunTime:0.000047s ]
INFO: [ app_init ] --END-- [ RunTime:0.000743s ]
INFO: [ app_begin ] --START--
INFO: Run Behavior\ReadHtmlCacheBehavior [ RunTime:0.001029s ]
INFO: [ app_begin ] --END-- [ RunTime:0.001340s ]
NOTIC: [8] Use of undefined constant uid - assumed 'uid' C:\Mess\Applications\wamp64\www\PaperManager\ThinkPHP\Library\Think\Controller.class.php 第 307 行.
SQL: SHOW COLUMNS FROM `think_project_type` [ RunTime:0.0020s ]
SQL: SELECT * FROM `think_project_type`  [ RunTime:0.0006s ]
SQL: SHOW COLUMNS FROM `think_project` [ RunTime:0.0010s ]
SQL: SELECT COUNT(*) AS tp_count FROM `think_project` WHERE `type_name` = '国家自然科学基金项目' LIMIT 1   [ RunTime:0.0006s ]
SQL: SELECT COUNT(*) AS tp_count FROM `think_project` WHERE `type_name` = '863计划课题' LIMIT 1   [ RunTime:0.0006s ]
SQL: SELECT COUNT(*) AS tp_count FROM `think_project` WHERE `type_name` = '973计划课题' LIMIT 1   [ RunTime:0.0008s ]
SQL: SELECT COUNT(*) AS tp_count FROM `think_project` WHERE `type_name` = '国家科技支撑计划课题' LIMIT 1   [ RunTime:0.0005s ]
SQL: SELECT COUNT(*) AS tp_count FROM `think_project` WHERE `type_name` = '国家重点研发计划课题' LIMIT 1   [ RunTime:0.0004s ]
SQL: SELECT COUNT(*) AS tp_count FROM `think_project` WHERE `type_name` = '其他国家级纵向项目' LIMIT 1   [ RunTime:0.0004s ]
SQL: SELECT COUNT(*) AS tp_count FROM `think_project` WHERE `type_name` = '中国博士后科学基金资助' LIMIT 1   [ RunTime:0.0005s ]
SQL: SELECT COUNT(*) AS tp_count FROM `think_project` WHERE `type_name` = '省自然科学基金项目' LIMIT 1   [ RunTime:0.0009s ]
SQL: SELECT COUNT(*) AS tp_count FROM `think_project` WHERE `type_name` = '其他省部级纵向项目' LIMIT 1   [ RunTime:0.0008s ]
SQL: SELECT COUNT(*) AS tp_count FROM `think_project` WHERE `type_name` = '产学研横向合作项目' LIMIT 1   [ RunTime:0.0006s ]
SQL: SELECT COUNT(*) AS tp_count FROM `think_project` WHERE `user_id` = 1 AND `type_name` = '973计划课题' AND ( `project_name` LIKE '%%' OR `project_num` LIKE '%%' ) LIMIT 1   [ RunTime:0.0006s ]
SQL: SELECT * FROM `think_project` WHERE `user_id` = 1 AND `type_name` = '973计划课题' AND ( `project_name` LIKE '%%' OR `project_num` LIKE '%%' ) LIMIT 0,10   [ RunTime:0.0007s ]
INFO: [ view_parse ] --START--
INFO: [ template_filter ] --START--
INFO: Run Behavior\ContentReplaceBehavior [ RunTime:0.000305s ]
INFO: [ template_filter ] --END-- [ RunTime:0.000586s ]
INFO: Run Behavior\ParseTemplateBehavior [ RunTime:0.033815s ]
INFO: [ view_parse ] --END-- [ RunTime:0.034063s ]
INFO: [ view_filter ] --START--
INFO: Run Behavior\WriteHtmlCacheBehavior [ RunTime:0.000686s ]
INFO: [ view_filter ] --END-- [ RunTime:0.000902s ]
INFO: [ app_end ] --START--
INFO: Run Behavior\ShowPageTraceBehavior [ RunTime:0.001141s ]
INFO: [ app_end ] --END-- [ RunTime:0.001399s ]

[ 2017-05-30T09:47:21+08:00 ] ::1 /PaperManager/index.php/Home/Project/my_project/project_type/1
INFO: [ app_init ] --START--
INFO: Run Behavior\BuildLiteBehavior [ RunTime:0.000057s ]
INFO: [ app_init ] --END-- [ RunTime:0.000796s ]
INFO: [ app_begin ] --START--
INFO: Run Behavior\ReadHtmlCacheBehavior [ RunTime:0.000845s ]
INFO: [ app_begin ] --END-- [ RunTime:0.001089s ]
NOTIC: [8] Use of undefined constant uid - assumed 'uid' C:\Mess\Applications\wamp64\www\PaperManager\ThinkPHP\Library\Think\Controller.class.php 第 307 行.
SQL: SHOW COLUMNS FROM `think_project_type` [ RunTime:0.0017s ]
SQL: SELECT * FROM `think_project_type`  [ RunTime:0.0004s ]
SQL: SHOW COLUMNS FROM `think_project` [ RunTime:0.0014s ]
SQL: SELECT COUNT(*) AS tp_count FROM `think_project` WHERE `type_name` = '国家自然科学基金项目' LIMIT 1   [ RunTime:0.0005s ]
SQL: SELECT COUNT(*) AS tp_count FROM `think_project` WHERE `type_name` = '863计划课题' LIMIT 1   [ RunTime:0.0007s ]
SQL: SELECT COUNT(*) AS tp_count FROM `think_project` WHERE `type_name` = '973计划课题' LIMIT 1   [ RunTime:0.0005s ]
SQL: SELECT COUNT(*) AS tp_count FROM `think_project` WHERE `type_name` = '国家科技支撑计划课题' LIMIT 1   [ RunTime:0.0006s ]
SQL: SELECT COUNT(*) AS tp_count FROM `think_project` WHERE `type_name` = '国家重点研发计划课题' LIMIT 1   [ RunTime:0.0006s ]
SQL: SELECT COUNT(*) AS tp_count FROM `think_project` WHERE `type_name` = '其他国家级纵向项目' LIMIT 1   [ RunTime:0.0014s ]
SQL: SELECT COUNT(*) AS tp_count FROM `think_project` WHERE `type_name` = '中国博士后科学基金资助' LIMIT 1   [ RunTime:0.0007s ]
SQL: SELECT COUNT(*) AS tp_count FROM `think_project` WHERE `type_name` = '省自然科学基金项目' LIMIT 1   [ RunTime:0.0007s ]
SQL: SELECT COUNT(*) AS tp_count FROM `think_project` WHERE `type_name` = '其他省部级纵向项目' LIMIT 1   [ RunTime:0.0006s ]
SQL: SELECT COUNT(*) AS tp_count FROM `think_project` WHERE `type_name` = '产学研横向合作项目' LIMIT 1   [ RunTime:0.0006s ]
SQL: SELECT COUNT(*) AS tp_count FROM `think_project` WHERE `user_id` = 1 AND `type_name` = '国家自然科学基金项目' AND ( `project_name` LIKE '%%' OR `project_num` LIKE '%%' ) LIMIT 1   [ RunTime:0.0005s ]
SQL: SELECT * FROM `think_project` WHERE `user_id` = 1 AND `type_name` = '国家自然科学基金项目' AND ( `project_name` LIKE '%%' OR `project_num` LIKE '%%' ) LIMIT 0,10   [ RunTime:0.0006s ]
INFO: [ view_parse ] --START--
INFO: [ template_filter ] --START--
INFO: Run Behavior\ContentReplaceBehavior [ RunTime:0.000313s ]
INFO: [ template_filter ] --END-- [ RunTime:0.000570s ]
INFO: Run Behavior\ParseTemplateBehavior [ RunTime:0.089154s ]
INFO: [ view_parse ] --END-- [ RunTime:0.089505s ]
INFO: [ view_filter ] --START--
INFO: Run Behavior\WriteHtmlCacheBehavior [ RunTime:0.000861s ]
INFO: [ view_filter ] --END-- [ RunTime:0.001087s ]
INFO: [ app_end ] --START--
INFO: Run Behavior\ShowPageTraceBehavior [ RunTime:0.013559s ]
INFO: [ app_end ] --END-- [ RunTime:0.014186s ]

[ 2017-05-30T09:48:16+08:00 ] ::1 /PaperManager/index.php/Home/Project/my_project/project_type/1
INFO: [ app_init ] --START--
INFO: Run Behavior\BuildLiteBehavior [ RunTime:0.000053s ]
INFO: [ app_init ] --END-- [ RunTime:0.000700s ]
INFO: [ app_begin ] --START--
INFO: Run Behavior\ReadHtmlCacheBehavior [ RunTime:0.000928s ]
INFO: [ app_begin ] --END-- [ RunTime:0.001195s ]
NOTIC: [8] Use of undefined constant uid - assumed 'uid' C:\Mess\Applications\wamp64\www\PaperManager\ThinkPHP\Library\Think\Controller.class.php 第 307 行.
SQL: SHOW COLUMNS FROM `think_project_type` [ RunTime:0.0019s ]
SQL: SELECT * FROM `think_project_type`  [ RunTime:0.0005s ]
SQL: SHOW COLUMNS FROM `think_project` [ RunTime:0.0014s ]
SQL: SELECT COUNT(*) AS tp_count FROM `think_project` WHERE `type_name` = '国家自然科学基金项目' LIMIT 1   [ RunTime:0.0004s ]
SQL: SELECT COUNT(*) AS tp_count FROM `think_project` WHERE `type_name` = '863计划课题' LIMIT 1   [ RunTime:0.0003s ]
SQL: SELECT COUNT(*) AS tp_count FROM `think_project` WHERE `type_name` = '973计划课题' LIMIT 1   [ RunTime:0.0003s ]
SQL: SELECT COUNT(*) AS tp_count FROM `think_project` WHERE `type_name` = '国家科技支撑计划课题' LIMIT 1   [ RunTime:0.0002s ]
SQL: SELECT COUNT(*) AS tp_count FROM `think_project` WHERE `type_name` = '国家重点研发计划课题' LIMIT 1   [ RunTime:0.0002s ]
SQL: SELECT COUNT(*) AS tp_count FROM `think_project` WHERE `type_name` = '其他国家级纵向项目' LIMIT 1   [ RunTime:0.0002s ]
SQL: SELECT COUNT(*) AS tp_count FROM `think_project` WHERE `type_name` = '中国博士后科学基金资助' LIMIT 1   [ RunTime:0.0002s ]
SQL: SELECT COUNT(*) AS tp_count FROM `think_project` WHERE `type_name` = '省自然科学基金项目' LIMIT 1   [ RunTime:0.0002s ]
SQL: SELECT COUNT(*) AS tp_count FROM `think_project` WHERE `type_name` = '其他省部级纵向项目' LIMIT 1   [ RunTime:0.0002s ]
SQL: SELECT COUNT(*) AS tp_count FROM `think_project` WHERE `type_name` = '产学研横向合作项目' LIMIT 1   [ RunTime:0.0002s ]
SQL: SELECT COUNT(*) AS tp_count FROM `think_project` WHERE `user_id` = 1 AND `type_name` = '国家自然科学基金项目' AND ( `project_name` LIKE '%%' OR `project_num` LIKE '%%' ) LIMIT 1   [ RunTime:0.0003s ]
SQL: SELECT * FROM `think_project` WHERE `user_id` = 1 AND `type_name` = '国家自然科学基金项目' AND ( `project_name` LIKE '%%' OR `project_num` LIKE '%%' ) LIMIT 0,10   [ RunTime:0.0013s ]
INFO: [ view_parse ] --START--
INFO: [ template_filter ] --START--
INFO: Run Behavior\ContentReplaceBehavior [ RunTime:0.000309s ]
INFO: [ template_filter ] --END-- [ RunTime:0.000569s ]
INFO: Run Behavior\ParseTemplateBehavior [ RunTime:0.028331s ]
INFO: [ view_parse ] --END-- [ RunTime:0.028596s ]
INFO: [ view_filter ] --START--
INFO: Run Behavior\WriteHtmlCacheBehavior [ RunTime:0.000780s ]
INFO: [ view_filter ] --END-- [ RunTime:0.001015s ]
INFO: [ app_end ] --START--
INFO: Run Behavior\ShowPageTraceBehavior [ RunTime:0.001191s ]
INFO: [ app_end ] --END-- [ RunTime:0.002140s ]

[ 2017-05-30T09:51:33+08:00 ] ::1 /PaperManager/index.php/Home/Project/my_project/project_type/1
INFO: [ app_init ] --START--
INFO: Run Behavior\BuildLiteBehavior [ RunTime:0.000048s ]
INFO: [ app_init ] --END-- [ RunTime:0.000854s ]
INFO: [ app_begin ] --START--
INFO: Run Behavior\ReadHtmlCacheBehavior [ RunTime:0.001588s ]
INFO: [ app_begin ] --END-- [ RunTime:0.001966s ]
NOTIC: [8] Use of undefined constant uid - assumed 'uid' C:\Mess\Applications\wamp64\www\PaperManager\ThinkPHP\Library\Think\Controller.class.php 第 307 行.
SQL: SHOW COLUMNS FROM `think_project_type` [ RunTime:0.0010s ]
SQL: SELECT * FROM `think_project_type`  [ RunTime:0.0005s ]
SQL: SHOW COLUMNS FROM `think_project` [ RunTime:0.0017s ]
SQL: SELECT COUNT(*) AS tp_count FROM `think_project` WHERE `type_name` = '国家自然科学基金项目' AND `user_id` = 1 LIMIT 1   [ RunTime:0.0007s ]
SQL: SELECT COUNT(*) AS tp_count FROM `think_project` WHERE `type_name` = '863计划课题' AND `user_id` = 1 LIMIT 1   [ RunTime:0.0005s ]
SQL: SELECT COUNT(*) AS tp_count FROM `think_project` WHERE `type_name` = '973计划课题' AND `user_id` = 1 LIMIT 1   [ RunTime:0.0004s ]
SQL: SELECT COUNT(*) AS tp_count FROM `think_project` WHERE `type_name` = '国家科技支撑计划课题' AND `user_id` = 1 LIMIT 1   [ RunTime:0.0003s ]
SQL: SELECT COUNT(*) AS tp_count FROM `think_project` WHERE `type_name` = '国家重点研发计划课题' AND `user_id` = 1 LIMIT 1   [ RunTime:0.0003s ]
SQL: SELECT COUNT(*) AS tp_count FROM `think_project` WHERE `type_name` = '其他国家级纵向项目' AND `user_id` = 1 LIMIT 1   [ RunTime:0.0003s ]
SQL: SELECT COUNT(*) AS tp_count FROM `think_project` WHERE `type_name` = '中国博士后科学基金资助' AND `user_id` = 1 LIMIT 1   [ RunTime:0.0003s ]
SQL: SELECT COUNT(*) AS tp_count FROM `think_project` WHERE `type_name` = '省自然科学基金项目' AND `user_id` = 1 LIMIT 1   [ RunTime:0.0008s ]
SQL: SELECT COUNT(*) AS tp_count FROM `think_project` WHERE `type_name` = '其他省部级纵向项目' AND `user_id` = 1 LIMIT 1   [ RunTime:0.0005s ]
SQL: SELECT COUNT(*) AS tp_count FROM `think_project` WHERE `type_name` = '产学研横向合作项目' AND `user_id` = 1 LIMIT 1   [ RunTime:0.0006s ]
SQL: SELECT COUNT(*) AS tp_count FROM `think_project` WHERE `user_id` = 1 AND `type_name` = '国家自然科学基金项目' AND ( `project_name` LIKE '%%' OR `project_num` LIKE '%%' ) LIMIT 1   [ RunTime:0.0011s ]
SQL: SELECT * FROM `think_project` WHERE `user_id` = 1 AND `type_name` = '国家自然科学基金项目' AND ( `project_name` LIKE '%%' OR `project_num` LIKE '%%' ) LIMIT 0,10   [ RunTime:0.0008s ]
INFO: [ view_parse ] --START--
INFO: [ template_filter ] --START--
INFO: Run Behavior\ContentReplaceBehavior [ RunTime:0.000210s ]
INFO: [ template_filter ] --END-- [ RunTime:0.000420s ]
INFO: Run Behavior\ParseTemplateBehavior [ RunTime:0.059089s ]
INFO: [ view_parse ] --END-- [ RunTime:0.059334s ]
INFO: [ view_filter ] --START--
INFO: Run Behavior\WriteHtmlCacheBehavior [ RunTime:0.000522s ]
INFO: [ view_filter ] --END-- [ RunTime:0.000649s ]
INFO: [ app_end ] --START--
INFO: Run Behavior\ShowPageTraceBehavior [ RunTime:0.001150s ]
INFO: [ app_end ] --END-- [ RunTime:0.001407s ]

[ 2017-05-30T09:51:35+08:00 ] ::1 /PaperManager/index.php/Home/Project/my_project/project_type/1
INFO: [ app_init ] --START--
INFO: Run Behavior\BuildLiteBehavior [ RunTime:0.000029s ]
INFO: [ app_init ] --END-- [ RunTime:0.000456s ]
INFO: [ app_begin ] --START--
INFO: Run Behavior\ReadHtmlCacheBehavior [ RunTime:0.000503s ]
INFO: [ app_begin ] --END-- [ RunTime:0.000641s ]
NOTIC: [8] Use of undefined constant uid - assumed 'uid' C:\Mess\Applications\wamp64\www\PaperManager\ThinkPHP\Library\Think\Controller.class.php 第 307 行.
SQL: SHOW COLUMNS FROM `think_project_type` [ RunTime:0.0006s ]
SQL: SELECT * FROM `think_project_type`  [ RunTime:0.0002s ]
SQL: SHOW COLUMNS FROM `think_project` [ RunTime:0.0005s ]
SQL: SELECT COUNT(*) AS tp_count FROM `think_project` WHERE `type_name` = '国家自然科学基金项目' AND `user_id` = 1 LIMIT 1   [ RunTime:0.0003s ]
SQL: SELECT COUNT(*) AS tp_count FROM `think_project` WHERE `type_name` = '863计划课题' AND `user_id` = 1 LIMIT 1   [ RunTime:0.0002s ]
SQL: SELECT COUNT(*) AS tp_count FROM `think_project` WHERE `type_name` = '973计划课题' AND `user_id` = 1 LIMIT 1   [ RunTime:0.0002s ]
SQL: SELECT COUNT(*) AS tp_count FROM `think_project` WHERE `type_name` = '国家科技支撑计划课题' AND `user_id` = 1 LIMIT 1   [ RunTime:0.0010s ]
SQL: SELECT COUNT(*) AS tp_count FROM `think_project` WHERE `type_name` = '国家重点研发计划课题' AND `user_id` = 1 LIMIT 1   [ RunTime:0.0005s ]
SQL: SELECT COUNT(*) AS tp_count FROM `think_project` WHERE `type_name` = '其他国家级纵向项目' AND `user_id` = 1 LIMIT 1   [ RunTime:0.0005s ]
SQL: SELECT COUNT(*) AS tp_count FROM `think_project` WHERE `type_name` = '中国博士后科学基金资助' AND `user_id` = 1 LIMIT 1   [ RunTime:0.0004s ]
SQL: SELECT COUNT(*) AS tp_count FROM `think_project` WHERE `type_name` = '省自然科学基金项目' AND `user_id` = 1 LIMIT 1   [ RunTime:0.0007s ]
SQL: SELECT COUNT(*) AS tp_count FROM `think_project` WHERE `type_name` = '其他省部级纵向项目' AND `user_id` = 1 LIMIT 1   [ RunTime:0.0005s ]
SQL: SELECT COUNT(*) AS tp_count FROM `think_project` WHERE `type_name` = '产学研横向合作项目' AND `user_id` = 1 LIMIT 1   [ RunTime:0.0005s ]
SQL: SELECT COUNT(*) AS tp_count FROM `think_project` WHERE `user_id` = 1 AND `type_name` = '国家自然科学基金项目' AND ( `project_name` LIKE '%%' OR `project_num` LIKE '%%' ) LIMIT 1   [ RunTime:0.0005s ]
SQL: SELECT * FROM `think_project` WHERE `user_id` = 1 AND `type_name` = '国家自然科学基金项目' AND ( `project_name` LIKE '%%' OR `project_num` LIKE '%%' ) LIMIT 0,10   [ RunTime:0.0005s ]
INFO: [ view_parse ] --START--
INFO: [ template_filter ] --START--
INFO: Run Behavior\ContentReplaceBehavior [ RunTime:0.000299s ]
INFO: [ template_filter ] --END-- [ RunTime:0.000598s ]
INFO: Run Behavior\ParseTemplateBehavior [ RunTime:0.023616s ]
INFO: [ view_parse ] --END-- [ RunTime:0.023827s ]
INFO: [ view_filter ] --START--
INFO: Run Behavior\WriteHtmlCacheBehavior [ RunTime:0.000515s ]
INFO: [ view_filter ] --END-- [ RunTime:0.000639s ]
INFO: [ app_end ] --START--
INFO: Run Behavior\ShowPageTraceBehavior [ RunTime:0.001114s ]
INFO: [ app_end ] --END-- [ RunTime:0.001362s ]

[ 2017-05-30T09:51:36+08:00 ] ::1 /PaperManager/index.php/Home/Project/my_project
INFO: [ app_init ] --START--
INFO: Run Behavior\BuildLiteBehavior [ RunTime:0.000028s ]
INFO: [ app_init ] --END-- [ RunTime:0.000455s ]
INFO: [ app_begin ] --START--
INFO: Run Behavior\ReadHtmlCacheBehavior [ RunTime:0.000461s ]
INFO: [ app_begin ] --END-- [ RunTime:0.000589s ]
NOTIC: [8] Use of undefined constant uid - assumed 'uid' C:\Mess\Applications\wamp64\www\PaperManager\ThinkPHP\Library\Think\Controller.class.php 第 307 行.
SQL: SHOW COLUMNS FROM `think_project_type` [ RunTime:0.0007s ]
SQL: SELECT * FROM `think_project_type`  [ RunTime:0.0003s ]
SQL: SHOW COLUMNS FROM `think_project` [ RunTime:0.0011s ]
SQL: SELECT COUNT(*) AS tp_count FROM `think_project` WHERE `type_name` = '国家自然科学基金项目' AND `user_id` = 1 LIMIT 1   [ RunTime:0.0006s ]
SQL: SELECT COUNT(*) AS tp_count FROM `think_project` WHERE `type_name` = '863计划课题' AND `user_id` = 1 LIMIT 1   [ RunTime:0.0005s ]
SQL: SELECT COUNT(*) AS tp_count FROM `think_project` WHERE `type_name` = '973计划课题' AND `user_id` = 1 LIMIT 1   [ RunTime:0.0007s ]
SQL: SELECT COUNT(*) AS tp_count FROM `think_project` WHERE `type_name` = '国家科技支撑计划课题' AND `user_id` = 1 LIMIT 1   [ RunTime:0.0005s ]
SQL: SELECT COUNT(*) AS tp_count FROM `think_project` WHERE `type_name` = '国家重点研发计划课题' AND `user_id` = 1 LIMIT 1   [ RunTime:0.0003s ]
SQL: SELECT COUNT(*) AS tp_count FROM `think_project` WHERE `type_name` = '其他国家级纵向项目' AND `user_id` = 1 LIMIT 1   [ RunTime:0.0003s ]
SQL: SELECT COUNT(*) AS tp_count FROM `think_project` WHERE `type_name` = '中国博士后科学基金资助' AND `user_id` = 1 LIMIT 1   [ RunTime:0.0002s ]
SQL: SELECT COUNT(*) AS tp_count FROM `think_project` WHERE `type_name` = '省自然科学基金项目' AND `user_id` = 1 LIMIT 1   [ RunTime:0.0002s ]
SQL: SELECT COUNT(*) AS tp_count FROM `think_project` WHERE `type_name` = '其他省部级纵向项目' AND `user_id` = 1 LIMIT 1   [ RunTime:0.0002s ]
SQL: SELECT COUNT(*) AS tp_count FROM `think_project` WHERE `type_name` = '产学研横向合作项目' AND `user_id` = 1 LIMIT 1   [ RunTime:0.0003s ]
SQL: SELECT COUNT(*) AS tp_count FROM `think_project` WHERE `user_id` = 1 AND ( `project_name` LIKE '%%' OR `project_num` LIKE '%%' ) LIMIT 1   [ RunTime:0.0003s ]
SQL: SELECT * FROM `think_project` WHERE `user_id` = 1 AND ( `project_name` LIKE '%%' OR `project_num` LIKE '%%' ) LIMIT 0,10   [ RunTime:0.0005s ]
INFO: [ view_parse ] --START--
INFO: [ template_filter ] --START--
INFO: Run Behavior\ContentReplaceBehavior [ RunTime:0.000186s ]
INFO: [ template_filter ] --END-- [ RunTime:0.000326s ]
INFO: Run Behavior\ParseTemplateBehavior [ RunTime:0.014720s ]
INFO: [ view_parse ] --END-- [ RunTime:0.014857s ]
INFO: [ view_filter ] --START--
INFO: Run Behavior\WriteHtmlCacheBehavior [ RunTime:0.000801s ]
INFO: [ view_filter ] --END-- [ RunTime:0.001145s ]
INFO: [ app_end ] --START--
INFO: Run Behavior\ShowPageTraceBehavior [ RunTime:0.001064s ]
INFO: [ app_end ] --END-- [ RunTime:0.001254s ]

[ 2017-05-30T09:51:37+08:00 ] ::1 /PaperManager/index.php/Home/Project/my_project/project_type/1
INFO: [ app_init ] --START--
INFO: Run Behavior\BuildLiteBehavior [ RunTime:0.000046s ]
INFO: [ app_init ] --END-- [ RunTime:0.000726s ]
INFO: [ app_begin ] --START--
INFO: Run Behavior\ReadHtmlCacheBehavior [ RunTime:0.000839s ]
INFO: [ app_begin ] --END-- [ RunTime:0.001102s ]
NOTIC: [8] Use of undefined constant uid - assumed 'uid' C:\Mess\Applications\wamp64\www\PaperManager\ThinkPHP\Library\Think\Controller.class.php 第 307 行.
SQL: SHOW COLUMNS FROM `think_project_type` [ RunTime:0.0008s ]
SQL: SELECT * FROM `think_project_type`  [ RunTime:0.0005s ]
SQL: SHOW COLUMNS FROM `think_project` [ RunTime:0.0010s ]
SQL: SELECT COUNT(*) AS tp_count FROM `think_project` WHERE `type_name` = '国家自然科学基金项目' AND `user_id` = 1 LIMIT 1   [ RunTime:0.0009s ]
SQL: SELECT COUNT(*) AS tp_count FROM `think_project` WHERE `type_name` = '863计划课题' AND `user_id` = 1 LIMIT 1   [ RunTime:0.0005s ]
SQL: SELECT COUNT(*) AS tp_count FROM `think_project` WHERE `type_name` = '973计划课题' AND `user_id` = 1 LIMIT 1   [ RunTime:0.0004s ]
SQL: SELECT COUNT(*) AS tp_count FROM `think_project` WHERE `type_name` = '国家科技支撑计划课题' AND `user_id` = 1 LIMIT 1   [ RunTime:0.0004s ]
SQL: SELECT COUNT(*) AS tp_count FROM `think_project` WHERE `type_name` = '国家重点研发计划课题' AND `user_id` = 1 LIMIT 1   [ RunTime:0.0004s ]
SQL: SELECT COUNT(*) AS tp_count FROM `think_project` WHERE `type_name` = '其他国家级纵向项目' AND `user_id` = 1 LIMIT 1   [ RunTime:0.0004s ]
SQL: SELECT COUNT(*) AS tp_count FROM `think_project` WHERE `type_name` = '中国博士后科学基金资助' AND `user_id` = 1 LIMIT 1   [ RunTime:0.0004s ]
SQL: SELECT COUNT(*) AS tp_count FROM `think_project` WHERE `type_name` = '省自然科学基金项目' AND `user_id` = 1 LIMIT 1   [ RunTime:0.0004s ]
SQL: SELECT COUNT(*) AS tp_count FROM `think_project` WHERE `type_name` = '其他省部级纵向项目' AND `user_id` = 1 LIMIT 1   [ RunTime:0.0004s ]
SQL: SELECT COUNT(*) AS tp_count FROM `think_project` WHERE `type_name` = '产学研横向合作项目' AND `user_id` = 1 LIMIT 1   [ RunTime:0.0004s ]
SQL: SELECT COUNT(*) AS tp_count FROM `think_project` WHERE `user_id` = 1 AND `type_name` = '国家自然科学基金项目' AND ( `project_name` LIKE '%%' OR `project_num` LIKE '%%' ) LIMIT 1   [ RunTime:0.0005s ]
SQL: SELECT * FROM `think_project` WHERE `user_id` = 1 AND `type_name` = '国家自然科学基金项目' AND ( `project_name` LIKE '%%' OR `project_num` LIKE '%%' ) LIMIT 0,10   [ RunTime:0.0010s ]
INFO: [ view_parse ] --START--
INFO: [ template_filter ] --START--
INFO: Run Behavior\ContentReplaceBehavior [ RunTime:0.000391s ]
INFO: [ template_filter ] --END-- [ RunTime:0.001103s ]
INFO: Run Behavior\ParseTemplateBehavior [ RunTime:0.125327s ]
INFO: [ view_parse ] --END-- [ RunTime:0.125620s ]
INFO: [ view_filter ] --START--
INFO: Run Behavior\WriteHtmlCacheBehavior [ RunTime:0.000824s ]
INFO: [ view_filter ] --END-- [ RunTime:0.001058s ]
INFO: [ app_end ] --START--
INFO: Run Behavior\ShowPageTraceBehavior [ RunTime:0.002248s ]
INFO: [ app_end ] --END-- [ RunTime:0.003317s ]

[ 2017-05-30T09:51:38+08:00 ] ::1 /PaperManager/index.php/Home/Project/my_project/project_type/3
INFO: [ app_init ] --START--
INFO: Run Behavior\BuildLiteBehavior [ RunTime:0.000053s ]
INFO: [ app_init ] --END-- [ RunTime:0.000774s ]
INFO: [ app_begin ] --START--
INFO: Run Behavior\ReadHtmlCacheBehavior [ RunTime:0.001308s ]
INFO: [ app_begin ] --END-- [ RunTime:0.001574s ]
NOTIC: [8] Use of undefined constant uid - assumed 'uid' C:\Mess\Applications\wamp64\www\PaperManager\ThinkPHP\Library\Think\Controller.class.php 第 307 行.
SQL: SHOW COLUMNS FROM `think_project_type` [ RunTime:0.0010s ]
SQL: SELECT * FROM `think_project_type`  [ RunTime:0.0012s ]
SQL: SHOW COLUMNS FROM `think_project` [ RunTime:0.0011s ]
SQL: SELECT COUNT(*) AS tp_count FROM `think_project` WHERE `type_name` = '国家自然科学基金项目' AND `user_id` = 1 LIMIT 1   [ RunTime:0.0008s ]
SQL: SELECT COUNT(*) AS tp_count FROM `think_project` WHERE `type_name` = '863计划课题' AND `user_id` = 1 LIMIT 1   [ RunTime:0.0006s ]
SQL: SELECT COUNT(*) AS tp_count FROM `think_project` WHERE `type_name` = '973计划课题' AND `user_id` = 1 LIMIT 1   [ RunTime:0.0006s ]
SQL: SELECT COUNT(*) AS tp_count FROM `think_project` WHERE `type_name` = '国家科技支撑计划课题' AND `user_id` = 1 LIMIT 1   [ RunTime:0.0006s ]
SQL: SELECT COUNT(*) AS tp_count FROM `think_project` WHERE `type_name` = '国家重点研发计划课题' AND `user_id` = 1 LIMIT 1   [ RunTime:0.0009s ]
SQL: SELECT COUNT(*) AS tp_count FROM `think_project` WHERE `type_name` = '其他国家级纵向项目' AND `user_id` = 1 LIMIT 1   [ RunTime:0.0005s ]
SQL: SELECT COUNT(*) AS tp_count FROM `think_project` WHERE `type_name` = '中国博士后科学基金资助' AND `user_id` = 1 LIMIT 1   [ RunTime:0.0006s ]
SQL: SELECT COUNT(*) AS tp_count FROM `think_project` WHERE `type_name` = '省自然科学基金项目' AND `user_id` = 1 LIMIT 1   [ RunTime:0.0007s ]
SQL: SELECT COUNT(*) AS tp_count FROM `think_project` WHERE `type_name` = '其他省部级纵向项目' AND `user_id` = 1 LIMIT 1   [ RunTime:0.0007s ]
SQL: SELECT COUNT(*) AS tp_count FROM `think_project` WHERE `type_name` = '产学研横向合作项目' AND `user_id` = 1 LIMIT 1   [ RunTime:0.0006s ]
SQL: SELECT COUNT(*) AS tp_count FROM `think_project` WHERE `user_id` = 1 AND `type_name` = '973计划课题' AND ( `project_name` LIKE '%%' OR `project_num` LIKE '%%' ) LIMIT 1   [ RunTime:0.0006s ]
SQL: SELECT * FROM `think_project` WHERE `user_id` = 1 AND `type_name` = '973计划课题' AND ( `project_name` LIKE '%%' OR `project_num` LIKE '%%' ) LIMIT 0,10   [ RunTime:0.0006s ]
INFO: [ view_parse ] --START--
INFO: [ template_filter ] --START--
INFO: Run Behavior\ContentReplaceBehavior [ RunTime:0.000304s ]
INFO: [ template_filter ] --END-- [ RunTime:0.000562s ]
INFO: Run Behavior\ParseTemplateBehavior [ RunTime:0.031863s ]
INFO: [ view_parse ] --END-- [ RunTime:0.032118s ]
INFO: [ view_filter ] --START--
INFO: Run Behavior\WriteHtmlCacheBehavior [ RunTime:0.000761s ]
INFO: [ view_filter ] --END-- [ RunTime:0.000977s ]
INFO: [ app_end ] --START--
INFO: Run Behavior\ShowPageTraceBehavior [ RunTime:0.001113s ]
INFO: [ app_end ] --END-- [ RunTime:0.001367s ]

[ 2017-05-30T09:51:39+08:00 ] ::1 /PaperManager/index.php/Home/Project/my_project
INFO: [ app_init ] --START--
INFO: Run Behavior\BuildLiteBehavior [ RunTime:0.000054s ]
INFO: [ app_init ] --END-- [ RunTime:0.000782s ]
INFO: [ app_begin ] --START--
INFO: Run Behavior\ReadHtmlCacheBehavior [ RunTime:0.000934s ]
INFO: [ app_begin ] --END-- [ RunTime:0.001198s ]
NOTIC: [8] Use of undefined constant uid - assumed 'uid' C:\Mess\Applications\wamp64\www\PaperManager\ThinkPHP\Library\Think\Controller.class.php 第 307 行.
SQL: SHOW COLUMNS FROM `think_project_type` [ RunTime:0.0013s ]
SQL: SELECT * FROM `think_project_type`  [ RunTime:0.0006s ]
SQL: SHOW COLUMNS FROM `think_project` [ RunTime:0.0015s ]
SQL: SELECT COUNT(*) AS tp_count FROM `think_project` WHERE `type_name` = '国家自然科学基金项目' AND `user_id` = 1 LIMIT 1   [ RunTime:0.0009s ]
SQL: SELECT COUNT(*) AS tp_count FROM `think_project` WHERE `type_name` = '863计划课题' AND `user_id` = 1 LIMIT 1   [ RunTime:0.0005s ]
SQL: SELECT COUNT(*) AS tp_count FROM `think_project` WHERE `type_name` = '973计划课题' AND `user_id` = 1 LIMIT 1   [ RunTime:0.0005s ]
SQL: SELECT COUNT(*) AS tp_count FROM `think_project` WHERE `type_name` = '国家科技支撑计划课题' AND `user_id` = 1 LIMIT 1   [ RunTime:0.0004s ]
SQL: SELECT COUNT(*) AS tp_count FROM `think_project` WHERE `type_name` = '国家重点研发计划课题' AND `user_id` = 1 LIMIT 1   [ RunTime:0.0007s ]
SQL: SELECT COUNT(*) AS tp_count FROM `think_project` WHERE `type_name` = '其他国家级纵向项目' AND `user_id` = 1 LIMIT 1   [ RunTime:0.0005s ]
SQL: SELECT COUNT(*) AS tp_count FROM `think_project` WHERE `type_name` = '中国博士后科学基金资助' AND `user_id` = 1 LIMIT 1   [ RunTime:0.0003s ]
SQL: SELECT COUNT(*) AS tp_count FROM `think_project` WHERE `type_name` = '省自然科学基金项目' AND `user_id` = 1 LIMIT 1   [ RunTime:0.0002s ]
SQL: SELECT COUNT(*) AS tp_count FROM `think_project` WHERE `type_name` = '其他省部级纵向项目' AND `user_id` = 1 LIMIT 1   [ RunTime:0.0002s ]
SQL: SELECT COUNT(*) AS tp_count FROM `think_project` WHERE `type_name` = '产学研横向合作项目' AND `user_id` = 1 LIMIT 1   [ RunTime:0.0002s ]
SQL: SELECT COUNT(*) AS tp_count FROM `think_project` WHERE `user_id` = 1 AND ( `project_name` LIKE '%%' OR `project_num` LIKE '%%' ) LIMIT 1   [ RunTime:0.0002s ]
SQL: SELECT * FROM `think_project` WHERE `user_id` = 1 AND ( `project_name` LIKE '%%' OR `project_num` LIKE '%%' ) LIMIT 0,10   [ RunTime:0.0004s ]
INFO: [ view_parse ] --START--
INFO: [ template_filter ] --START--
INFO: Run Behavior\ContentReplaceBehavior [ RunTime:0.000308s ]
INFO: [ template_filter ] --END-- [ RunTime:0.000893s ]
INFO: Run Behavior\ParseTemplateBehavior [ RunTime:0.026672s ]
INFO: [ view_parse ] --END-- [ RunTime:0.027031s ]
INFO: [ view_filter ] --START--
INFO: Run Behavior\WriteHtmlCacheBehavior [ RunTime:0.001049s ]
INFO: [ view_filter ] --END-- [ RunTime:0.001419s ]
INFO: [ app_end ] --START--
INFO: Run Behavior\ShowPageTraceBehavior [ RunTime:0.001649s ]
INFO: [ app_end ] --END-- [ RunTime:0.001908s ]

