[ 2017-04-26T08:54:03+08:00 ] ::1 /PaperManager/index.php/Home/
INFO: [ app_init ] --START--
INFO: Run Behavior\BuildLiteBehavior [ RunTime:0.000034s ]
INFO: [ app_init ] --END-- [ RunTime:0.020111s ]
INFO: [ app_begin ] --START--
INFO: Run Behavior\ReadHtmlCacheBehavior [ RunTime:0.016384s ]
INFO: [ app_begin ] --END-- [ RunTime:0.016557s ]
INFO: [ view_parse ] --START--
INFO: [ template_filter ] --START--
INFO: Run Behavior\ContentReplaceBehavior [ RunTime:0.000122s ]
INFO: [ template_filter ] --END-- [ RunTime:0.000266s ]
INFO: Run Behavior\ParseTemplateBehavior [ RunTime:0.165581s ]
INFO: [ view_parse ] --END-- [ RunTime:0.165754s ]
INFO: [ view_filter ] --START--
INFO: Run Behavior\WriteHtmlCacheBehavior [ RunTime:0.017626s ]
INFO: [ view_filter ] --END-- [ RunTime:0.017817s ]
INFO: [ app_end ] --START--
INFO: Run Behavior\ShowPageTraceBehavior [ RunTime:0.033773s ]
INFO: [ app_end ] --END-- [ RunTime:0.034284s ]

[ 2017-04-26T09:00:15+08:00 ] ::1 /PaperManager/index.php/Home/Index/login
INFO: [ app_init ] --START--
INFO: Run Behavior\BuildLiteBehavior [ RunTime:0.001128s ]
INFO: [ app_init ] --END-- [ RunTime:0.012782s ]
INFO: [ app_begin ] --START--
INFO: Run Behavior\ReadHtmlCacheBehavior [ RunTime:0.017261s ]
INFO: [ app_begin ] --END-- [ RunTime:0.017431s ]
SQL: SHOW COLUMNS FROM `think_user` [ RunTime:0.0090s ]
SQL: SELECT * FROM `think_user` WHERE `username` = 'wgzhang' AND `password` = '1a224d6875ff953e9d9b9d0258c371e3' LIMIT 1   [ RunTime:0.0018s ]
NOTIC: [8] Use of undefined constant id - assumed 'id' C:\Mess\Applications\wamp64\www\PaperManager\Application\Home\Controller\IndexController.class.php 第 36 行.
NOTIC: [8] Use of undefined constant fullname - assumed 'fullname' C:\Mess\Applications\wamp64\www\PaperManager\Application\Home\Controller\IndexController.class.php 第 38 行.
INFO: [ view_parse ] --START--
INFO: [ template_filter ] --START--
INFO: Run Behavior\ContentReplaceBehavior [ RunTime:0.000081s ]
INFO: [ template_filter ] --END-- [ RunTime:0.000230s ]
INFO: Run Behavior\ParseTemplateBehavior [ RunTime:0.149002s ]
INFO: [ view_parse ] --END-- [ RunTime:0.149167s ]
INFO: [ view_filter ] --START--
INFO: Run Behavior\WriteHtmlCacheBehavior [ RunTime:0.013240s ]
INFO: [ view_filter ] --END-- [ RunTime:0.013398s ]
INFO: [ app_end ] --START--
INFO: Run Behavior\ShowPageTraceBehavior [ RunTime:0.009492s ]
INFO: [ app_end ] --END-- [ RunTime:0.009632s ]

[ 2017-04-26T09:00:16+08:00 ] ::1 /PaperManager/index.php/Home/Profile/profile
INFO: [ app_init ] --START--
INFO: Run Behavior\BuildLiteBehavior [ RunTime:0.000027s ]
INFO: [ app_init ] --END-- [ RunTime:0.000419s ]
INFO: [ app_begin ] --START--
INFO: Run Behavior\ReadHtmlCacheBehavior [ RunTime:0.000573s ]
INFO: [ app_begin ] --END-- [ RunTime:0.000726s ]
NOTIC: [8] Use of undefined constant uid - assumed 'uid' C:\Mess\Applications\wamp64\www\PaperManager\ThinkPHP\Library\Think\Controller.class.php 第 307 行.
SQL: SHOW COLUMNS FROM `think_user` [ RunTime:0.0033s ]
SQL: SELECT * FROM `think_user` WHERE `id` = 2 LIMIT 1   [ RunTime:0.0009s ]
SQL: SHOW COLUMNS FROM `think_achievement` [ RunTime:0.0012s ]
SQL: SELECT `achievement_type` FROM `think_achievement` WHERE `user_id` = 2  [ RunTime:0.0017s ]
SQL: SELECT * FROM `think_achievement` WHERE `user_id` = 2  [ RunTime:0.0008s ]
SQL: SHOW COLUMNS FROM `think_project` [ RunTime:0.0022s ]
SQL: SELECT COUNT(*) AS tp_count FROM `think_project` WHERE `user_id` = 2 LIMIT 1   [ RunTime:0.0015s ]
INFO: [ view_parse ] --START--
INFO: [ template_filter ] --START--
INFO: Run Behavior\ContentReplaceBehavior [ RunTime:0.000388s ]
INFO: [ template_filter ] --END-- [ RunTime:0.000639s ]
INFO: Run Behavior\ParseTemplateBehavior [ RunTime:0.068547s ]
INFO: [ view_parse ] --END-- [ RunTime:0.068781s ]
INFO: [ view_filter ] --START--
INFO: Run Behavior\WriteHtmlCacheBehavior [ RunTime:0.000527s ]
INFO: [ view_filter ] --END-- [ RunTime:0.000725s ]
INFO: [ app_end ] --START--
INFO: Run Behavior\ShowPageTraceBehavior [ RunTime:0.000954s ]
INFO: [ app_end ] --END-- [ RunTime:0.001193s ]

[ 2017-04-26T09:00:19+08:00 ] ::1 /PaperManager/index.php/Home/Achievement/my_achievement
INFO: [ app_init ] --START--
INFO: Run Behavior\BuildLiteBehavior [ RunTime:0.000047s ]
INFO: [ app_init ] --END-- [ RunTime:0.000735s ]
INFO: [ app_begin ] --START--
INFO: Run Behavior\ReadHtmlCacheBehavior [ RunTime:0.001158s ]
INFO: [ app_begin ] --END-- [ RunTime:0.001430s ]
NOTIC: [8] Use of undefined constant uid - assumed 'uid' C:\Mess\Applications\wamp64\www\PaperManager\ThinkPHP\Library\Think\Controller.class.php 第 307 行.
SQL: SHOW COLUMNS FROM `think_achievement` [ RunTime:0.0025s ]
SQL: SELECT COUNT(*) AS tp_count FROM `think_achievement` WHERE `user_id` = 2 AND `title` LIKE '%%' LIMIT 1   [ RunTime:0.0020s ]
SQL: SELECT * FROM `think_achievement` WHERE `user_id` = 2  [ RunTime:0.0007s ]
SQL: SELECT DISTINCT  `publish_time` FROM `think_achievement` WHERE `user_id` = 2 ORDER BY publish_time desc  [ RunTime:0.0018s ]
SQL: SELECT COUNT(*) AS tp_count FROM `think_achievement` WHERE `user_id` = 2 AND ( `publish_time` >= '2017-01-01' AND `publish_time` <= '2017-12-31'  ) LIMIT 1   [ RunTime:0.0006s ]
SQL: SELECT COUNT(*) AS tp_count FROM `think_achievement` WHERE `user_id` = 2 AND ( `publish_time` >= '2014-01-01' AND `publish_time` <= '2014-12-31'  ) LIMIT 1   [ RunTime:0.0006s ]
SQL: SELECT COUNT(*) AS tp_count FROM `think_achievement` WHERE `user_id` = 2 AND ( `publish_time` >= '2013-01-01' AND `publish_time` <= '2013-12-31'  ) LIMIT 1   [ RunTime:0.0006s ]
SQL: SELECT * FROM `think_achievement` WHERE `user_id` = 2 AND `title` LIKE '%%' ORDER BY publish_time desc LIMIT 0,10   [ RunTime:0.0012s ]
SQL: SHOW COLUMNS FROM `think_author` [ RunTime:0.0030s ]
SQL: SELECT * FROM `think_author` WHERE `achievement_id` = '58ff53c485db5'  [ RunTime:0.0027s ]
SQL: SELECT * FROM `think_author` WHERE `achievement_id` = '58fd641163494'  [ RunTime:0.0006s ]
SQL: SELECT * FROM `think_author` WHERE `achievement_id` = '58f96959eb233'  [ RunTime:0.0006s ]
SQL: SELECT * FROM `think_author` WHERE `achievement_id` = '58fac5cbc8938'  [ RunTime:0.0004s ]
SQL: SELECT * FROM `think_author` WHERE `achievement_id` = '58fd63080c811'  [ RunTime:0.0004s ]
SQL: SELECT * FROM `think_author` WHERE `achievement_id` = '58f9c79111910'  [ RunTime:0.0004s ]
SQL: SELECT * FROM `think_author` WHERE `achievement_id` = '58fc23e9199ef'  [ RunTime:0.0004s ]
SQL: SELECT * FROM `think_author` WHERE `achievement_id` = '58fd65342c1f6'  [ RunTime:0.0004s ]
SQL: SELECT * FROM `think_author` WHERE `achievement_id` = '58fd65f822434'  [ RunTime:0.0005s ]
SQL: SELECT * FROM `think_author` WHERE `achievement_id` = '58fd671deef65'  [ RunTime:0.0004s ]
INFO: [ view_parse ] --START--
INFO: [ template_filter ] --START--
INFO: Run Behavior\ContentReplaceBehavior [ RunTime:0.000335s ]
INFO: [ template_filter ] --END-- [ RunTime:0.000588s ]
INFO: Run Behavior\ParseTemplateBehavior [ RunTime:0.084062s ]
INFO: [ view_parse ] --END-- [ RunTime:0.084383s ]
INFO: [ view_filter ] --START--
INFO: Run Behavior\WriteHtmlCacheBehavior [ RunTime:0.000635s ]
INFO: [ view_filter ] --END-- [ RunTime:0.000911s ]
INFO: [ app_end ] --START--
INFO: Run Behavior\ShowPageTraceBehavior [ RunTime:0.000938s ]
INFO: [ app_end ] --END-- [ RunTime:0.001181s ]

[ 2017-04-26T09:00:20+08:00 ] ::1 /PaperManager/index.php/Home/Achievement/conference_involved_show/achi_id/58ff53c485db5
INFO: [ app_init ] --START--
INFO: Run Behavior\BuildLiteBehavior [ RunTime:0.000061s ]
INFO: [ app_init ] --END-- [ RunTime:0.001084s ]
INFO: [ app_begin ] --START--
INFO: Run Behavior\ReadHtmlCacheBehavior [ RunTime:0.001095s ]
INFO: [ app_begin ] --END-- [ RunTime:0.001363s ]
NOTIC: [8] Use of undefined constant uid - assumed 'uid' C:\Mess\Applications\wamp64\www\PaperManager\ThinkPHP\Library\Think\Controller.class.php 第 307 行.
SQL: SHOW COLUMNS FROM `think_conferenceinvolved` [ RunTime:0.0080s ]
SQL: SELECT * FROM `think_conferenceinvolved` WHERE `id` = '58ff53c485db5' LIMIT 1   [ RunTime:0.0009s ]
SQL: SHOW COLUMNS FROM `think_file` [ RunTime:0.0015s ]
SQL: SELECT * FROM `think_file` WHERE `achievement_id` = '58ff53c485db5' AND `type` = 'Main' LIMIT 1   [ RunTime:0.0009s ]
INFO: [ view_parse ] --START--
INFO: [ template_filter ] --START--
INFO: Run Behavior\ContentReplaceBehavior [ RunTime:0.000353s ]
INFO: [ template_filter ] --END-- [ RunTime:0.000599s ]
INFO: Run Behavior\ParseTemplateBehavior [ RunTime:0.059601s ]
INFO: [ view_parse ] --END-- [ RunTime:0.059853s ]
INFO: [ view_filter ] --START--
INFO: Run Behavior\WriteHtmlCacheBehavior [ RunTime:0.000614s ]
INFO: [ view_filter ] --END-- [ RunTime:0.000814s ]
INFO: [ app_end ] --START--
INFO: Run Behavior\ShowPageTraceBehavior [ RunTime:0.000910s ]
INFO: [ app_end ] --END-- [ RunTime:0.001187s ]

[ 2017-04-26T09:00:21+08:00 ] ::1 /PaperManager/index.php/Home/Achievement/conference_involved_edit/achi_id/58ff53c485db5
INFO: [ app_init ] --START--
INFO: Run Behavior\BuildLiteBehavior [ RunTime:0.000031s ]
INFO: [ app_init ] --END-- [ RunTime:0.000503s ]
INFO: [ app_begin ] --START--
INFO: Run Behavior\ReadHtmlCacheBehavior [ RunTime:0.000634s ]
INFO: [ app_begin ] --END-- [ RunTime:0.000780s ]
NOTIC: [8] Use of undefined constant uid - assumed 'uid' C:\Mess\Applications\wamp64\www\PaperManager\ThinkPHP\Library\Think\Controller.class.php 第 307 行.
SQL: SHOW COLUMNS FROM `think_conferenceinvolved` [ RunTime:0.0021s ]
SQL: SELECT * FROM `think_conferenceinvolved` WHERE `id` = '58ff53c485db5' LIMIT 1   [ RunTime:0.0003s ]
INFO: [ view_parse ] --START--
INFO: [ template_filter ] --START--
INFO: Run Behavior\ContentReplaceBehavior [ RunTime:0.000186s ]
INFO: [ template_filter ] --END-- [ RunTime:0.000334s ]

[ 2017-04-26T09:00:50+08:00 ] ::1 /PaperManager/index.php/Home/Achievement/conference_involved_edit/achi_id/58ff53c485db5
INFO: [ app_init ] --START--
INFO: Run Behavior\BuildLiteBehavior [ RunTime:0.000055s ]
INFO: [ app_init ] --END-- [ RunTime:0.000890s ]
INFO: [ app_begin ] --START--
INFO: Run Behavior\ReadHtmlCacheBehavior [ RunTime:0.001066s ]
INFO: [ app_begin ] --END-- [ RunTime:0.001328s ]
NOTIC: [8] Use of undefined constant uid - assumed 'uid' C:\Mess\Applications\wamp64\www\PaperManager\ThinkPHP\Library\Think\Controller.class.php 第 307 行.
SQL: SHOW COLUMNS FROM `think_conferenceinvolved` [ RunTime:0.0026s ]
SQL: SELECT * FROM `think_conferenceinvolved` WHERE `id` = '58ff53c485db5' LIMIT 1   [ RunTime:0.0013s ]
INFO: [ view_parse ] --START--
INFO: [ template_filter ] --START--
INFO: Run Behavior\ContentReplaceBehavior [ RunTime:0.000476s ]
INFO: [ template_filter ] --END-- [ RunTime:0.000825s ]
NOTIC: [8] Use of undefined constant 举办国际学术会议 - assumed '举办国际学术会议' C:\Mess\Applications\wamp64\www\PaperManager\Application\Runtime\Cache\Home\beb7f8219078a5ab6597b2f98a3d5f44.php 第 268 行.
INFO: Run Behavior\ParseTemplateBehavior [ RunTime:0.047014s ]
INFO: [ view_parse ] --END-- [ RunTime:0.047273s ]
INFO: [ view_filter ] --START--
INFO: Run Behavior\WriteHtmlCacheBehavior [ RunTime:0.002282s ]
INFO: [ view_filter ] --END-- [ RunTime:0.002661s ]
INFO: [ app_end ] --START--
INFO: Run Behavior\ShowPageTraceBehavior [ RunTime:0.001627s ]
INFO: [ app_end ] --END-- [ RunTime:0.001928s ]

[ 2017-04-26T09:03:27+08:00 ] ::1 /PaperManager/index.php/Home/Achievement/conference_involved_edit/achi_id/58ff53c485db5
INFO: [ app_init ] --START--
INFO: Run Behavior\BuildLiteBehavior [ RunTime:0.000026s ]
INFO: [ app_init ] --END-- [ RunTime:0.000467s ]
INFO: [ app_begin ] --START--
INFO: Run Behavior\ReadHtmlCacheBehavior [ RunTime:0.000666s ]
INFO: [ app_begin ] --END-- [ RunTime:0.000812s ]
NOTIC: [8] Use of undefined constant uid - assumed 'uid' C:\Mess\Applications\wamp64\www\PaperManager\ThinkPHP\Library\Think\Controller.class.php 第 307 行.
SQL: SHOW COLUMNS FROM `think_conferenceinvolved` [ RunTime:0.0052s ]
SQL: SELECT * FROM `think_conferenceinvolved` WHERE `id` = '58ff53c485db5' LIMIT 1   [ RunTime:0.0004s ]
INFO: [ view_parse ] --START--
INFO: [ template_filter ] --START--
INFO: Run Behavior\ContentReplaceBehavior [ RunTime:0.000195s ]
INFO: [ template_filter ] --END-- [ RunTime:0.000337s ]
NOTIC: [8] Use of undefined constant 举办国际学术会议 - assumed '举办国际学术会议' C:\Mess\Applications\wamp64\www\PaperManager\Application\Runtime\Cache\Home\beb7f8219078a5ab6597b2f98a3d5f44.php 第 268 行.
NOTIC: [8] Use of undefined constant 举办国内学术会议 - assumed '举办国内学术会议' C:\Mess\Applications\wamp64\www\PaperManager\Application\Runtime\Cache\Home\beb7f8219078a5ab6597b2f98a3d5f44.php 第 269 行.
NOTIC: [8] Use of undefined constant 参加国际学术会议 - assumed '参加国际学术会议' C:\Mess\Applications\wamp64\www\PaperManager\Application\Runtime\Cache\Home\beb7f8219078a5ab6597b2f98a3d5f44.php 第 270 行.
INFO: Run Behavior\ParseTemplateBehavior [ RunTime:0.015437s ]
INFO: [ view_parse ] --END-- [ RunTime:0.015594s ]
INFO: [ view_filter ] --START--
INFO: Run Behavior\WriteHtmlCacheBehavior [ RunTime:0.000448s ]
INFO: [ view_filter ] --END-- [ RunTime:0.000558s ]
INFO: [ app_end ] --START--
INFO: Run Behavior\ShowPageTraceBehavior [ RunTime:0.001113s ]
INFO: [ app_end ] --END-- [ RunTime:0.001364s ]

[ 2017-04-26T09:09:18+08:00 ] ::1 /PaperManager/index.php/Home/Achievement/conference_involved_edit/achi_id/58ff53c485db5
INFO: [ app_init ] --START--
INFO: Run Behavior\BuildLiteBehavior [ RunTime:0.000035s ]
INFO: [ app_init ] --END-- [ RunTime:0.001609s ]
INFO: [ app_begin ] --START--
INFO: Run Behavior\ReadHtmlCacheBehavior [ RunTime:0.001710s ]
INFO: [ app_begin ] --END-- [ RunTime:0.001916s ]
NOTIC: [8] Use of undefined constant uid - assumed 'uid' C:\Mess\Applications\wamp64\www\PaperManager\ThinkPHP\Library\Think\Controller.class.php 第 307 行.
SQL: SHOW COLUMNS FROM `think_conferenceinvolved` [ RunTime:0.0041s ]
SQL: SELECT * FROM `think_conferenceinvolved` WHERE `id` = '58ff53c485db5' LIMIT 1   [ RunTime:0.0014s ]
INFO: [ view_parse ] --START--
INFO: [ template_filter ] --START--
INFO: Run Behavior\ContentReplaceBehavior [ RunTime:0.000195s ]
INFO: [ template_filter ] --END-- [ RunTime:0.000344s ]
NOTIC: [8] Use of undefined constant 举办国际学术会议 - assumed '举办国际学术会议' C:\Mess\Applications\wamp64\www\PaperManager\Application\Runtime\Cache\Home\beb7f8219078a5ab6597b2f98a3d5f44.php 第 268 行.
NOTIC: [8] Use of undefined constant 举办国内学术会议 - assumed '举办国内学术会议' C:\Mess\Applications\wamp64\www\PaperManager\Application\Runtime\Cache\Home\beb7f8219078a5ab6597b2f98a3d5f44.php 第 269 行.
NOTIC: [8] Use of undefined constant 参加国际学术会议 - assumed '参加国际学术会议' C:\Mess\Applications\wamp64\www\PaperManager\Application\Runtime\Cache\Home\beb7f8219078a5ab6597b2f98a3d5f44.php 第 270 行.
INFO: Run Behavior\ParseTemplateBehavior [ RunTime:0.221806s ]
INFO: [ view_parse ] --END-- [ RunTime:0.221969s ]
INFO: [ view_filter ] --START--
INFO: Run Behavior\WriteHtmlCacheBehavior [ RunTime:0.001694s ]
INFO: [ view_filter ] --END-- [ RunTime:0.001946s ]
INFO: [ app_end ] --START--
INFO: Run Behavior\ShowPageTraceBehavior [ RunTime:0.017434s ]
INFO: [ app_end ] --END-- [ RunTime:0.017698s ]

[ 2017-04-26T09:09:31+08:00 ] ::1 /PaperManager/index.php/Home/Achievement/conference_involved_edit_db/achi_id/58ff53c485db5
INFO: [ app_init ] --START--
INFO: Run Behavior\BuildLiteBehavior [ RunTime:0.000027s ]
INFO: [ app_init ] --END-- [ RunTime:0.000438s ]
INFO: [ app_begin ] --START--
INFO: Run Behavior\ReadHtmlCacheBehavior [ RunTime:0.000558s ]
INFO: [ app_begin ] --END-- [ RunTime:0.000700s ]
SQL: SHOW COLUMNS FROM `think_conferenceinvolved` [ RunTime:0.0045s ]
SQL: SHOW COLUMNS FROM `think_achievement` [ RunTime:0.0032s ]
NOTIC: [8] Undefined index: validate C:\Mess\Applications\wamp64\www\PaperManager\ThinkPHP\Library\Think\Model.class.php 第 1185 行.
NOTIC: [8] Undefined index: auto C:\Mess\Applications\wamp64\www\PaperManager\ThinkPHP\Library\Think\Model.class.php 第 1128 行.
SQL: UPDATE `think_conferenceinvolved` SET `type`='举办国内学术会议',`title_zh`='会议名称',`title_en`='Title',`address`='环翠区文化西路2号哈工大, 第九公寓115室',`start_date`='2017-04-25',`end_date`='2017-04-25',`institute`='哈工大',`holder`='武秉文',`people_num`='123',`content`='备注信息备注信息',`paper_link`='链接链接' WHERE `id` = '58ff53c485db5' [ RunTime:0.0054s ]
SQL: UPDATE `think_achievement` SET `achievement_id`='58ff53c485db5',`title`='会议名称',`institute_name`='哈工大',`publish_time`='2017-04-25' WHERE `achievement_id` = '58ff53c485db5' [ RunTime:0.0174s ]
INFO: [ view_parse ] --START--
INFO: [ template_filter ] --START--
INFO: Run Behavior\ContentReplaceBehavior [ RunTime:0.000093s ]
INFO: [ template_filter ] --END-- [ RunTime:0.000268s ]
INFO: Run Behavior\ParseTemplateBehavior [ RunTime:0.028581s ]
INFO: [ view_parse ] --END-- [ RunTime:0.028731s ]
INFO: [ view_filter ] --START--
INFO: Run Behavior\WriteHtmlCacheBehavior [ RunTime:0.000444s ]
INFO: [ view_filter ] --END-- [ RunTime:0.000554s ]
INFO: [ app_end ] --START--
INFO: Run Behavior\ShowPageTraceBehavior [ RunTime:0.000705s ]
INFO: [ app_end ] --END-- [ RunTime:0.000852s ]

[ 2017-04-26T09:09:33+08:00 ] ::1 /PaperManager/index.php/Home/Achievement/conference_involved_show/achi_id/58ff53c485db5
INFO: [ app_init ] --START--
INFO: Run Behavior\BuildLiteBehavior [ RunTime:0.000065s ]
INFO: [ app_init ] --END-- [ RunTime:0.000662s ]
INFO: [ app_begin ] --START--
INFO: Run Behavior\ReadHtmlCacheBehavior [ RunTime:0.000755s ]
INFO: [ app_begin ] --END-- [ RunTime:0.000952s ]
NOTIC: [8] Use of undefined constant uid - assumed 'uid' C:\Mess\Applications\wamp64\www\PaperManager\ThinkPHP\Library\Think\Controller.class.php 第 307 行.
SQL: SHOW COLUMNS FROM `think_conferenceinvolved` [ RunTime:0.0129s ]
SQL: SELECT * FROM `think_conferenceinvolved` WHERE `id` = '58ff53c485db5' LIMIT 1   [ RunTime:0.0004s ]
SQL: SHOW COLUMNS FROM `think_file` [ RunTime:0.0023s ]
SQL: SELECT * FROM `think_file` WHERE `achievement_id` = '58ff53c485db5' AND `type` = 'Main' LIMIT 1   [ RunTime:0.0007s ]
INFO: [ view_parse ] --START--
INFO: [ template_filter ] --START--
INFO: Run Behavior\ContentReplaceBehavior [ RunTime:0.000182s ]
INFO: [ template_filter ] --END-- [ RunTime:0.000313s ]
INFO: Run Behavior\ParseTemplateBehavior [ RunTime:0.053365s ]
INFO: [ view_parse ] --END-- [ RunTime:0.053562s ]
INFO: [ view_filter ] --START--
INFO: Run Behavior\WriteHtmlCacheBehavior [ RunTime:0.000691s ]
INFO: [ view_filter ] --END-- [ RunTime:0.000824s ]
INFO: [ app_end ] --START--
INFO: Run Behavior\ShowPageTraceBehavior [ RunTime:0.001840s ]
INFO: [ app_end ] --END-- [ RunTime:0.002259s ]

[ 2017-04-26T09:10:13+08:00 ] ::1 /PaperManager/index.php/Home/Achievement/conference_involved_edit/achi_id/58ff53c485db5
INFO: [ app_init ] --START--
INFO: Run Behavior\BuildLiteBehavior [ RunTime:0.000052s ]
INFO: [ app_init ] --END-- [ RunTime:0.000818s ]
INFO: [ app_begin ] --START--
INFO: Run Behavior\ReadHtmlCacheBehavior [ RunTime:0.001708s ]
INFO: [ app_begin ] --END-- [ RunTime:0.002054s ]
NOTIC: [8] Use of undefined constant uid - assumed 'uid' C:\Mess\Applications\wamp64\www\PaperManager\ThinkPHP\Library\Think\Controller.class.php 第 307 行.
SQL: SHOW COLUMNS FROM `think_conferenceinvolved` [ RunTime:0.0023s ]
SQL: SELECT * FROM `think_conferenceinvolved` WHERE `id` = '58ff53c485db5' LIMIT 1   [ RunTime:0.0005s ]
INFO: [ view_parse ] --START--
INFO: [ template_filter ] --START--
INFO: Run Behavior\ContentReplaceBehavior [ RunTime:0.000312s ]
INFO: [ template_filter ] --END-- [ RunTime:0.000558s ]
NOTIC: [8] Use of undefined constant 举办国际学术会议 - assumed '举办国际学术会议' C:\Mess\Applications\wamp64\www\PaperManager\Application\Runtime\Cache\Home\beb7f8219078a5ab6597b2f98a3d5f44.php 第 268 行.
NOTIC: [8] Use of undefined constant 举办国内学术会议 - assumed '举办国内学术会议' C:\Mess\Applications\wamp64\www\PaperManager\Application\Runtime\Cache\Home\beb7f8219078a5ab6597b2f98a3d5f44.php 第 269 行.
NOTIC: [8] Use of undefined constant 参加国际学术会议 - assumed '参加国际学术会议' C:\Mess\Applications\wamp64\www\PaperManager\Application\Runtime\Cache\Home\beb7f8219078a5ab6597b2f98a3d5f44.php 第 270 行.
INFO: Run Behavior\ParseTemplateBehavior [ RunTime:0.021457s ]
INFO: [ view_parse ] --END-- [ RunTime:0.021695s ]
INFO: [ view_filter ] --START--
INFO: Run Behavior\WriteHtmlCacheBehavior [ RunTime:0.000801s ]
INFO: [ view_filter ] --END-- [ RunTime:0.001015s ]
INFO: [ app_end ] --START--
INFO: Run Behavior\ShowPageTraceBehavior [ RunTime:0.001311s ]
INFO: [ app_end ] --END-- [ RunTime:0.001588s ]

[ 2017-04-26T09:10:17+08:00 ] ::1 /PaperManager/index.php/Home/Achievement/conference_involved_edit_db/achi_id/58ff53c485db5
INFO: [ app_init ] --START--
INFO: Run Behavior\BuildLiteBehavior [ RunTime:0.000052s ]
INFO: [ app_init ] --END-- [ RunTime:0.000725s ]
INFO: [ app_begin ] --START--
INFO: Run Behavior\ReadHtmlCacheBehavior [ RunTime:0.000855s ]
INFO: [ app_begin ] --END-- [ RunTime:0.001098s ]
SQL: SHOW COLUMNS FROM `think_conferenceinvolved` [ RunTime:0.0025s ]
SQL: SHOW COLUMNS FROM `think_achievement` [ RunTime:0.0022s ]
NOTIC: [8] Undefined index: validate C:\Mess\Applications\wamp64\www\PaperManager\ThinkPHP\Library\Think\Model.class.php 第 1185 行.
NOTIC: [8] Undefined index: auto C:\Mess\Applications\wamp64\www\PaperManager\ThinkPHP\Library\Think\Model.class.php 第 1128 行.
SQL: UPDATE `think_conferenceinvolved` SET `type`='举办国内学术会议',`title_zh`='会议名称',`title_en`='Title',`address`='环翠区文化西路2号哈工大, 第九公寓115室',`start_date`='2017-04-25',`end_date`='2017-04-25',`institute`='哈工大',`holder`='武秉文',`people_num`='123',`content`='备注信息备注信息',`paper_link`='链接链接' WHERE `id` = '58ff53c485db5' [ RunTime:0.0016s ]
SQL: UPDATE `think_achievement` SET `achievement_id`='58ff53c485db5',`title`='会议名称',`institute_name`='哈工大',`publish_time`='2017-04-25' WHERE `achievement_id` = '58ff53c485db5' [ RunTime:0.0041s ]
INFO: [ view_parse ] --START--
INFO: [ template_filter ] --START--
INFO: Run Behavior\ContentReplaceBehavior [ RunTime:0.000087s ]
INFO: [ template_filter ] --END-- [ RunTime:0.000260s ]
INFO: Run Behavior\ParseTemplateBehavior [ RunTime:0.010835s ]
INFO: [ view_parse ] --END-- [ RunTime:0.011034s ]
INFO: [ view_filter ] --START--
INFO: Run Behavior\WriteHtmlCacheBehavior [ RunTime:0.000489s ]
INFO: [ view_filter ] --END-- [ RunTime:0.000651s ]

[ 2017-04-26T09:13:27+08:00 ] ::1 /PaperManager/index.php/Home/Achievement/conference_involved_show/achi_id/58ff53c485db5
INFO: [ app_init ] --START--
INFO: Run Behavior\BuildLiteBehavior [ RunTime:0.000054s ]
INFO: [ app_init ] --END-- [ RunTime:0.001142s ]
INFO: [ app_begin ] --START--
INFO: Run Behavior\ReadHtmlCacheBehavior [ RunTime:0.000612s ]
INFO: [ app_begin ] --END-- [ RunTime:0.000769s ]
NOTIC: [8] Use of undefined constant uid - assumed 'uid' C:\Mess\Applications\wamp64\www\PaperManager\ThinkPHP\Library\Think\Controller.class.php 第 307 行.
SQL: SHOW COLUMNS FROM `think_conferenceinvolved` [ RunTime:0.0053s ]
SQL: SELECT * FROM `think_conferenceinvolved` WHERE `id` = '58ff53c485db5' LIMIT 1   [ RunTime:0.0007s ]
SQL: SHOW COLUMNS FROM `think_file` [ RunTime:0.0031s ]
SQL: SELECT * FROM `think_file` WHERE `achievement_id` = '58ff53c485db5' AND `type` = 'Main' LIMIT 1   [ RunTime:0.0004s ]
INFO: [ view_parse ] --START--
INFO: [ template_filter ] --START--
INFO: Run Behavior\ContentReplaceBehavior [ RunTime:0.000189s ]
INFO: [ template_filter ] --END-- [ RunTime:0.000322s ]
INFO: Run Behavior\ParseTemplateBehavior [ RunTime:0.033145s ]
INFO: [ view_parse ] --END-- [ RunTime:0.033390s ]
INFO: [ view_filter ] --START--
INFO: Run Behavior\WriteHtmlCacheBehavior [ RunTime:0.000637s ]
INFO: [ view_filter ] --END-- [ RunTime:0.000787s ]
INFO: [ app_end ] --START--
INFO: Run Behavior\ShowPageTraceBehavior [ RunTime:0.001163s ]
INFO: [ app_end ] --END-- [ RunTime:0.001423s ]

[ 2017-04-26T09:13:30+08:00 ] ::1 /PaperManager/index.php/Home/Achievement/conference_involved_delete/achi_id/58ff53c485db5
INFO: [ app_init ] --START--
INFO: Run Behavior\BuildLiteBehavior [ RunTime:0.000047s ]
INFO: [ app_init ] --END-- [ RunTime:0.000713s ]
INFO: [ app_begin ] --START--
INFO: Run Behavior\ReadHtmlCacheBehavior [ RunTime:0.000892s ]
INFO: [ app_begin ] --END-- [ RunTime:0.001138s ]
SQL: SHOW COLUMNS FROM `think_conferenceinvolved` [ RunTime:0.0026s ]
SQL: DELETE FROM `think_conferenceinvolved` WHERE `id` = '58ff53c485db5' [ RunTime:0.0013s ]
SQL: SHOW COLUMNS FROM `think_author` [ RunTime:0.0016s ]
SQL: DELETE FROM `think_author` WHERE `achievement_id` = '58ff53c485db5' [ RunTime:0.0006s ]
SQL: SHOW COLUMNS FROM `think_file` [ RunTime:0.0017s ]
SQL: SELECT * FROM `think_file` WHERE `achievement_id` = '58ff53c485db5'  [ RunTime:0.0006s ]
SQL: SHOW COLUMNS FROM `think_project` [ RunTime:0.0014s ]
SQL: DELETE FROM `think_project` WHERE `achievement_id` = '58ff53c485db5' [ RunTime:0.0012s ]
SQL: SHOW COLUMNS FROM `think_achievement` [ RunTime:0.0009s ]
SQL: DELETE FROM `think_achievement` WHERE `achievement_id` = '58ff53c485db5' [ RunTime:0.0125s ]
INFO: [ view_parse ] --START--
INFO: [ template_filter ] --START--
INFO: Run Behavior\ContentReplaceBehavior [ RunTime:0.000145s ]
INFO: [ template_filter ] --END-- [ RunTime:0.000406s ]
INFO: Run Behavior\ParseTemplateBehavior [ RunTime:0.011436s ]
INFO: [ view_parse ] --END-- [ RunTime:0.011724s ]
INFO: [ view_filter ] --START--
INFO: Run Behavior\WriteHtmlCacheBehavior [ RunTime:0.000696s ]
INFO: [ view_filter ] --END-- [ RunTime:0.000914s ]
INFO: [ app_end ] --START--
INFO: Run Behavior\ShowPageTraceBehavior [ RunTime:0.001075s ]
INFO: [ app_end ] --END-- [ RunTime:0.001306s ]

[ 2017-04-26T09:13:31+08:00 ] ::1 /PaperManager/index.php/Home/Achievement/my_achievement
INFO: [ app_init ] --START--
INFO: Run Behavior\BuildLiteBehavior [ RunTime:0.000051s ]
INFO: [ app_init ] --END-- [ RunTime:0.000732s ]
INFO: [ app_begin ] --START--
INFO: Run Behavior\ReadHtmlCacheBehavior [ RunTime:0.000893s ]
INFO: [ app_begin ] --END-- [ RunTime:0.001141s ]
NOTIC: [8] Use of undefined constant uid - assumed 'uid' C:\Mess\Applications\wamp64\www\PaperManager\ThinkPHP\Library\Think\Controller.class.php 第 307 行.
SQL: SHOW COLUMNS FROM `think_achievement` [ RunTime:0.0016s ]
SQL: SELECT COUNT(*) AS tp_count FROM `think_achievement` WHERE `user_id` = 2 AND `title` LIKE '%%' LIMIT 1   [ RunTime:0.0007s ]
SQL: SELECT * FROM `think_achievement` WHERE `user_id` = 2  [ RunTime:0.0006s ]
SQL: SELECT DISTINCT  `publish_time` FROM `think_achievement` WHERE `user_id` = 2 ORDER BY publish_time desc  [ RunTime:0.0011s ]
SQL: SELECT COUNT(*) AS tp_count FROM `think_achievement` WHERE `user_id` = 2 AND ( `publish_time` >= '2014-01-01' AND `publish_time` <= '2014-12-31'  ) LIMIT 1   [ RunTime:0.0004s ]
SQL: SELECT COUNT(*) AS tp_count FROM `think_achievement` WHERE `user_id` = 2 AND ( `publish_time` >= '2013-01-01' AND `publish_time` <= '2013-12-31'  ) LIMIT 1   [ RunTime:0.0003s ]
SQL: SELECT * FROM `think_achievement` WHERE `user_id` = 2 AND `title` LIKE '%%' ORDER BY publish_time desc LIMIT 0,10   [ RunTime:0.0012s ]
SQL: SHOW COLUMNS FROM `think_author` [ RunTime:0.0015s ]
SQL: SELECT * FROM `think_author` WHERE `achievement_id` = '58fd641163494'  [ RunTime:0.0007s ]
SQL: SELECT * FROM `think_author` WHERE `achievement_id` = '58f96959eb233'  [ RunTime:0.0005s ]
SQL: SELECT * FROM `think_author` WHERE `achievement_id` = '58fac5cbc8938'  [ RunTime:0.0005s ]
SQL: SELECT * FROM `think_author` WHERE `achievement_id` = '58fd63080c811'  [ RunTime:0.0004s ]
SQL: SELECT * FROM `think_author` WHERE `achievement_id` = '58f9c79111910'  [ RunTime:0.0005s ]
SQL: SELECT * FROM `think_author` WHERE `achievement_id` = '58fc23e9199ef'  [ RunTime:0.0005s ]
SQL: SELECT * FROM `think_author` WHERE `achievement_id` = '58fd65342c1f6'  [ RunTime:0.0006s ]
SQL: SELECT * FROM `think_author` WHERE `achievement_id` = '58fd65f822434'  [ RunTime:0.0006s ]
SQL: SELECT * FROM `think_author` WHERE `achievement_id` = '58fd671deef65'  [ RunTime:0.0005s ]
SQL: SELECT * FROM `think_author` WHERE `achievement_id` = '58fd6826e4014'  [ RunTime:0.0005s ]
INFO: [ view_parse ] --START--
INFO: [ template_filter ] --START--
INFO: Run Behavior\ContentReplaceBehavior [ RunTime:0.000346s ]
INFO: [ template_filter ] --END-- [ RunTime:0.000598s ]
INFO: Run Behavior\ParseTemplateBehavior [ RunTime:0.207953s ]
INFO: [ view_parse ] --END-- [ RunTime:0.208217s ]
INFO: [ view_filter ] --START--
INFO: Run Behavior\WriteHtmlCacheBehavior [ RunTime:0.000762s ]
INFO: [ view_filter ] --END-- [ RunTime:0.001000s ]
INFO: [ app_end ] --START--
INFO: Run Behavior\ShowPageTraceBehavior [ RunTime:0.001123s ]
INFO: [ app_end ] --END-- [ RunTime:0.001357s ]

[ 2017-04-26T09:13:36+08:00 ] ::1 /PaperManager/index.php/Home/Achievement/my_achievement/achi_type/Patent
INFO: [ app_init ] --START--
INFO: Run Behavior\BuildLiteBehavior [ RunTime:0.000025s ]
INFO: [ app_init ] --END-- [ RunTime:0.000451s ]
INFO: [ app_begin ] --START--
INFO: Run Behavior\ReadHtmlCacheBehavior [ RunTime:0.000651s ]
INFO: [ app_begin ] --END-- [ RunTime:0.000789s ]
NOTIC: [8] Use of undefined constant uid - assumed 'uid' C:\Mess\Applications\wamp64\www\PaperManager\ThinkPHP\Library\Think\Controller.class.php 第 307 行.
SQL: SHOW COLUMNS FROM `think_achievement` [ RunTime:0.0018s ]
SQL: SELECT COUNT(*) AS tp_count FROM `think_achievement` WHERE `user_id` = 2 AND `achievement_type` = 'Patent' AND `title` LIKE '%%' LIMIT 1   [ RunTime:0.0008s ]
SQL: SELECT * FROM `think_achievement` WHERE `user_id` = 2  [ RunTime:0.0010s ]
SQL: SELECT DISTINCT  `publish_time` FROM `think_achievement` WHERE `user_id` = 2 ORDER BY publish_time desc  [ RunTime:0.0009s ]
SQL: SELECT COUNT(*) AS tp_count FROM `think_achievement` WHERE `user_id` = 2 AND ( `publish_time` >= '2014-01-01' AND `publish_time` <= '2014-12-31'  ) LIMIT 1   [ RunTime:0.0005s ]
SQL: SELECT COUNT(*) AS tp_count FROM `think_achievement` WHERE `user_id` = 2 AND ( `publish_time` >= '2013-01-01' AND `publish_time` <= '2013-12-31'  ) LIMIT 1   [ RunTime:0.0005s ]
SQL: SELECT * FROM `think_achievement` WHERE `user_id` = 2 AND `achievement_type` = 'Patent' AND `title` LIKE '%%' ORDER BY publish_time desc LIMIT 0,10   [ RunTime:0.0006s ]
SQL: SHOW COLUMNS FROM `think_author` [ RunTime:0.0118s ]
SQL: SELECT * FROM `think_author` WHERE `achievement_id` = '58fc23e9199ef'  [ RunTime:0.0005s ]
INFO: [ view_parse ] --START--
INFO: [ template_filter ] --START--
INFO: Run Behavior\ContentReplaceBehavior [ RunTime:0.000210s ]
INFO: [ template_filter ] --END-- [ RunTime:0.000366s ]
INFO: Run Behavior\ParseTemplateBehavior [ RunTime:0.017939s ]
INFO: [ view_parse ] --END-- [ RunTime:0.018105s ]
INFO: [ view_filter ] --START--
INFO: Run Behavior\WriteHtmlCacheBehavior [ RunTime:0.000470s ]
INFO: [ view_filter ] --END-- [ RunTime:0.000597s ]
INFO: [ app_end ] --START--
INFO: Run Behavior\ShowPageTraceBehavior [ RunTime:0.000987s ]
INFO: [ app_end ] --END-- [ RunTime:0.001324s ]

[ 2017-04-26T09:13:38+08:00 ] ::1 /PaperManager/index.php/Home/Achievement/my_achievement
INFO: [ app_init ] --START--
INFO: Run Behavior\BuildLiteBehavior [ RunTime:0.000049s ]
INFO: [ app_init ] --END-- [ RunTime:0.000737s ]
INFO: [ app_begin ] --START--
INFO: Run Behavior\ReadHtmlCacheBehavior [ RunTime:0.000702s ]
INFO: [ app_begin ] --END-- [ RunTime:0.000904s ]
NOTIC: [8] Use of undefined constant uid - assumed 'uid' C:\Mess\Applications\wamp64\www\PaperManager\ThinkPHP\Library\Think\Controller.class.php 第 307 行.
SQL: SHOW COLUMNS FROM `think_achievement` [ RunTime:0.0022s ]
SQL: SELECT COUNT(*) AS tp_count FROM `think_achievement` WHERE `user_id` = 2 AND `title` LIKE '%%' LIMIT 1   [ RunTime:0.0012s ]
SQL: SELECT * FROM `think_achievement` WHERE `user_id` = 2  [ RunTime:0.0006s ]
SQL: SELECT DISTINCT  `publish_time` FROM `think_achievement` WHERE `user_id` = 2 ORDER BY publish_time desc  [ RunTime:0.0009s ]
SQL: SELECT COUNT(*) AS tp_count FROM `think_achievement` WHERE `user_id` = 2 AND ( `publish_time` >= '2014-01-01' AND `publish_time` <= '2014-12-31'  ) LIMIT 1   [ RunTime:0.0007s ]
SQL: SELECT COUNT(*) AS tp_count FROM `think_achievement` WHERE `user_id` = 2 AND ( `publish_time` >= '2013-01-01' AND `publish_time` <= '2013-12-31'  ) LIMIT 1   [ RunTime:0.0006s ]
SQL: SELECT * FROM `think_achievement` WHERE `user_id` = 2 AND `title` LIKE '%%' ORDER BY publish_time desc LIMIT 0,10   [ RunTime:0.0006s ]
SQL: SHOW COLUMNS FROM `think_author` [ RunTime:0.0011s ]
SQL: SELECT * FROM `think_author` WHERE `achievement_id` = '58fd641163494'  [ RunTime:0.0007s ]
SQL: SELECT * FROM `think_author` WHERE `achievement_id` = '58f96959eb233'  [ RunTime:0.0004s ]
SQL: SELECT * FROM `think_author` WHERE `achievement_id` = '58fac5cbc8938'  [ RunTime:0.0003s ]
SQL: SELECT * FROM `think_author` WHERE `achievement_id` = '58fd63080c811'  [ RunTime:0.0003s ]
SQL: SELECT * FROM `think_author` WHERE `achievement_id` = '58f9c79111910'  [ RunTime:0.0004s ]
SQL: SELECT * FROM `think_author` WHERE `achievement_id` = '58fc23e9199ef'  [ RunTime:0.0005s ]
SQL: SELECT * FROM `think_author` WHERE `achievement_id` = '58fd65342c1f6'  [ RunTime:0.0004s ]
SQL: SELECT * FROM `think_author` WHERE `achievement_id` = '58fd65f822434'  [ RunTime:0.0003s ]
SQL: SELECT * FROM `think_author` WHERE `achievement_id` = '58fd671deef65'  [ RunTime:0.0004s ]
SQL: SELECT * FROM `think_author` WHERE `achievement_id` = '58fd6826e4014'  [ RunTime:0.0003s ]
INFO: [ view_parse ] --START--
INFO: [ template_filter ] --START--
INFO: Run Behavior\ContentReplaceBehavior [ RunTime:0.000206s ]
INFO: [ template_filter ] --END-- [ RunTime:0.000349s ]
INFO: Run Behavior\ParseTemplateBehavior [ RunTime:0.076778s ]
INFO: [ view_parse ] --END-- [ RunTime:0.076991s ]
INFO: [ view_filter ] --START--
INFO: Run Behavior\WriteHtmlCacheBehavior [ RunTime:0.000746s ]
INFO: [ view_filter ] --END-- [ RunTime:0.000973s ]
INFO: [ app_end ] --START--
INFO: Run Behavior\ShowPageTraceBehavior [ RunTime:0.001164s ]
INFO: [ app_end ] --END-- [ RunTime:0.001413s ]

