[ 2017-04-25T08:53:42+08:00 ] ::1 /PaperManager/index.php/Home/
INFO: [ app_init ] --START--
INFO: Run Behavior\BuildLiteBehavior [ RunTime:0.000033s ]
INFO: [ app_init ] --END-- [ RunTime:0.013114s ]
INFO: [ app_begin ] --START--
INFO: Run Behavior\ReadHtmlCacheBehavior [ RunTime:0.016114s ]
INFO: [ app_begin ] --END-- [ RunTime:0.016282s ]
INFO: [ view_parse ] --START--
INFO: [ template_filter ] --START--
INFO: Run Behavior\ContentReplaceBehavior [ RunTime:0.000126s ]
INFO: [ template_filter ] --END-- [ RunTime:0.000271s ]
INFO: Run Behavior\ParseTemplateBehavior [ RunTime:0.139498s ]
INFO: [ view_parse ] --END-- [ RunTime:0.139667s ]
INFO: [ view_filter ] --START--
INFO: Run Behavior\WriteHtmlCacheBehavior [ RunTime:0.011658s ]
INFO: [ view_filter ] --END-- [ RunTime:0.011803s ]
INFO: [ app_end ] --START--
INFO: Run Behavior\ShowPageTraceBehavior [ RunTime:0.039056s ]
INFO: [ app_end ] --END-- [ RunTime:0.039329s ]

[ 2017-04-25T08:53:49+08:00 ] ::1 /PaperManager/index.php/Home/Index/login
INFO: [ app_init ] --START--
INFO: Run Behavior\BuildLiteBehavior [ RunTime:0.000029s ]
INFO: [ app_init ] --END-- [ RunTime:0.000466s ]
INFO: [ app_begin ] --START--
INFO: Run Behavior\ReadHtmlCacheBehavior [ RunTime:0.000702s ]
INFO: [ app_begin ] --END-- [ RunTime:0.000832s ]
SQL: SHOW COLUMNS FROM `think_user` [ RunTime:0.0026s ]
SQL: SELECT * FROM `think_user` WHERE `username` = 'wgzhang' AND `password` = '1a224d6875ff953e9d9b9d0258c371e3' LIMIT 1   [ RunTime:0.0006s ]
NOTIC: [8] Use of undefined constant id - assumed 'id' C:\Mess\Applications\wamp64\www\PaperManager\Application\Home\Controller\IndexController.class.php 第 36 行.
NOTIC: [8] Use of undefined constant fullname - assumed 'fullname' C:\Mess\Applications\wamp64\www\PaperManager\Application\Home\Controller\IndexController.class.php 第 38 行.
INFO: [ view_parse ] --START--
INFO: [ template_filter ] --START--
INFO: Run Behavior\ContentReplaceBehavior [ RunTime:0.000072s ]
INFO: [ template_filter ] --END-- [ RunTime:0.000242s ]
INFO: Run Behavior\ParseTemplateBehavior [ RunTime:0.009163s ]
INFO: [ view_parse ] --END-- [ RunTime:0.009307s ]
INFO: [ view_filter ] --START--
INFO: Run Behavior\WriteHtmlCacheBehavior [ RunTime:0.000556s ]
INFO: [ view_filter ] --END-- [ RunTime:0.000675s ]
INFO: [ app_end ] --START--
INFO: Run Behavior\ShowPageTraceBehavior [ RunTime:0.000691s ]
INFO: [ app_end ] --END-- [ RunTime:0.000807s ]

[ 2017-04-25T08:53:50+08:00 ] ::1 /PaperManager/index.php/Home/Profile/profile
INFO: [ app_init ] --START--
INFO: Run Behavior\BuildLiteBehavior [ RunTime:0.000086s ]
INFO: [ app_init ] --END-- [ RunTime:0.000849s ]
INFO: [ app_begin ] --START--
INFO: Run Behavior\ReadHtmlCacheBehavior [ RunTime:0.001095s ]
INFO: [ app_begin ] --END-- [ RunTime:0.001299s ]
NOTIC: [8] Use of undefined constant uid - assumed 'uid' C:\Mess\Applications\wamp64\www\PaperManager\ThinkPHP\Library\Think\Controller.class.php 第 307 行.
SQL: SHOW COLUMNS FROM `think_user` [ RunTime:0.0008s ]
SQL: SELECT * FROM `think_user` WHERE `id` = 2 LIMIT 1   [ RunTime:0.0005s ]
SQL: SHOW COLUMNS FROM `think_area` [ RunTime:0.0012s ]
SQL: SELECT COUNT(*) AS tp_count FROM `think_area` WHERE `user_id` = 2 LIMIT 1   [ RunTime:0.0004s ]
INFO: [ view_parse ] --START--
INFO: [ template_filter ] --START--
INFO: Run Behavior\ContentReplaceBehavior [ RunTime:0.000300s ]
INFO: [ template_filter ] --END-- [ RunTime:0.000471s ]
INFO: Run Behavior\ParseTemplateBehavior [ RunTime:0.040165s ]
INFO: [ view_parse ] --END-- [ RunTime:0.040361s ]
INFO: [ view_filter ] --START--
INFO: Run Behavior\WriteHtmlCacheBehavior [ RunTime:0.000525s ]
INFO: [ view_filter ] --END-- [ RunTime:0.000640s ]
INFO: [ app_end ] --START--
INFO: Run Behavior\ShowPageTraceBehavior [ RunTime:0.001538s ]
INFO: [ app_end ] --END-- [ RunTime:0.001787s ]

[ 2017-04-25T08:53:52+08:00 ] ::1 /PaperManager/index.php/Home/Project/my_project
INFO: [ app_init ] --START--
INFO: Run Behavior\BuildLiteBehavior [ RunTime:0.000029s ]
INFO: [ app_init ] --END-- [ RunTime:0.000461s ]
INFO: [ app_begin ] --START--
INFO: Run Behavior\ReadHtmlCacheBehavior [ RunTime:0.000660s ]
INFO: [ app_begin ] --END-- [ RunTime:0.000790s ]
NOTIC: [8] Use of undefined constant uid - assumed 'uid' C:\Mess\Applications\wamp64\www\PaperManager\ThinkPHP\Library\Think\Controller.class.php 第 307 行.
SQL: SHOW COLUMNS FROM `think_project_type` [ RunTime:0.0009s ]
SQL: SELECT * FROM `think_project_type`  [ RunTime:0.0006s ]
SQL: SHOW COLUMNS FROM `think_project` [ RunTime:0.0008s ]
SQL: SELECT COUNT(*) AS tp_count FROM `think_project` WHERE `type_name` = '国家自然科学基金项目' LIMIT 1   [ RunTime:0.0004s ]
SQL: SELECT COUNT(*) AS tp_count FROM `think_project` WHERE `type_name` = '863计划课题' LIMIT 1   [ RunTime:0.0003s ]
SQL: SELECT COUNT(*) AS tp_count FROM `think_project` WHERE `type_name` = '973计划课题' LIMIT 1   [ RunTime:0.0003s ]
SQL: SELECT COUNT(*) AS tp_count FROM `think_project` WHERE `type_name` = '国家科技支撑计划课题' LIMIT 1   [ RunTime:0.0003s ]
SQL: SELECT COUNT(*) AS tp_count FROM `think_project` WHERE `type_name` = '国家重点研发计划课题' LIMIT 1   [ RunTime:0.0003s ]
SQL: SELECT COUNT(*) AS tp_count FROM `think_project` WHERE `type_name` = '其他国家级纵向项目' LIMIT 1   [ RunTime:0.0003s ]
SQL: SELECT COUNT(*) AS tp_count FROM `think_project` WHERE `type_name` = '中国博士后科学基金资助' LIMIT 1   [ RunTime:0.0003s ]
SQL: SELECT COUNT(*) AS tp_count FROM `think_project` WHERE `type_name` = '省自然科学基金项目' LIMIT 1   [ RunTime:0.0003s ]
SQL: SELECT COUNT(*) AS tp_count FROM `think_project` WHERE `type_name` = '其他省部级纵向项目' LIMIT 1   [ RunTime:0.0003s ]
SQL: SELECT COUNT(*) AS tp_count FROM `think_project` WHERE `type_name` = '产学研横向合作项目' LIMIT 1   [ RunTime:0.0003s ]
SQL: SELECT COUNT(*) AS tp_count FROM `think_project` WHERE `user_id` = 2 LIMIT 1   [ RunTime:0.0003s ]
SQL: SELECT * FROM `think_project` WHERE `user_id` = 2 LIMIT 0,10   [ RunTime:0.0004s ]
INFO: [ view_parse ] --START--
INFO: [ template_filter ] --START--
INFO: Run Behavior\ContentReplaceBehavior [ RunTime:0.000156s ]
INFO: [ template_filter ] --END-- [ RunTime:0.000280s ]
NOTIC: [8] Undefined variable: SearchAction C:\Mess\Applications\wamp64\www\PaperManager\Application\Runtime\Cache\Home\3262da1018e6d08f96882c4389ffebc8.php 第 281 行.
NOTIC: [8] Undefined index: detail_link C:\Mess\Applications\wamp64\www\PaperManager\Application\Runtime\Cache\Home\3262da1018e6d08f96882c4389ffebc8.php 第 293 行.
NOTIC: [8] Undefined index: detail_link C:\Mess\Applications\wamp64\www\PaperManager\Application\Runtime\Cache\Home\3262da1018e6d08f96882c4389ffebc8.php 第 293 行.
NOTIC: [8] Undefined index: detail_link C:\Mess\Applications\wamp64\www\PaperManager\Application\Runtime\Cache\Home\3262da1018e6d08f96882c4389ffebc8.php 第 293 行.
NOTIC: [8] Undefined index: detail_link C:\Mess\Applications\wamp64\www\PaperManager\Application\Runtime\Cache\Home\3262da1018e6d08f96882c4389ffebc8.php 第 293 行.
NOTIC: [8] Undefined index: detail_link C:\Mess\Applications\wamp64\www\PaperManager\Application\Runtime\Cache\Home\3262da1018e6d08f96882c4389ffebc8.php 第 293 行.
INFO: Run Behavior\ParseTemplateBehavior [ RunTime:0.066504s ]
INFO: [ view_parse ] --END-- [ RunTime:0.066637s ]
INFO: [ view_filter ] --START--
INFO: Run Behavior\WriteHtmlCacheBehavior [ RunTime:0.000510s ]
INFO: [ view_filter ] --END-- [ RunTime:0.000620s ]
INFO: [ app_end ] --START--
INFO: Run Behavior\ShowPageTraceBehavior [ RunTime:0.000906s ]
INFO: [ app_end ] --END-- [ RunTime:0.001049s ]

[ 2017-04-25T08:58:37+08:00 ] ::1 /PaperManager/index.php/Home/Project/my_project
INFO: [ app_init ] --START--
INFO: Run Behavior\BuildLiteBehavior [ RunTime:0.000083s ]
INFO: [ app_init ] --END-- [ RunTime:0.000990s ]
INFO: [ app_begin ] --START--
INFO: Run Behavior\ReadHtmlCacheBehavior [ RunTime:0.000921s ]
INFO: [ app_begin ] --END-- [ RunTime:0.001753s ]
NOTIC: [8] Use of undefined constant uid - assumed 'uid' C:\Mess\Applications\wamp64\www\PaperManager\ThinkPHP\Library\Think\Controller.class.php 第 307 行.
SQL: SHOW COLUMNS FROM `think_project_type` [ RunTime:0.0012s ]
SQL: SELECT * FROM `think_project_type`  [ RunTime:0.0003s ]
SQL: SHOW COLUMNS FROM `think_project` [ RunTime:0.0006s ]
SQL: SELECT COUNT(*) AS tp_count FROM `think_project` WHERE `type_name` = '国家自然科学基金项目' LIMIT 1   [ RunTime:0.0003s ]
SQL: SELECT COUNT(*) AS tp_count FROM `think_project` WHERE `type_name` = '863计划课题' LIMIT 1   [ RunTime:0.0002s ]
SQL: SELECT COUNT(*) AS tp_count FROM `think_project` WHERE `type_name` = '973计划课题' LIMIT 1   [ RunTime:0.0002s ]
SQL: SELECT COUNT(*) AS tp_count FROM `think_project` WHERE `type_name` = '国家科技支撑计划课题' LIMIT 1   [ RunTime:0.0002s ]
SQL: SELECT COUNT(*) AS tp_count FROM `think_project` WHERE `type_name` = '国家重点研发计划课题' LIMIT 1   [ RunTime:0.0002s ]
SQL: SELECT COUNT(*) AS tp_count FROM `think_project` WHERE `type_name` = '其他国家级纵向项目' LIMIT 1   [ RunTime:0.0002s ]
SQL: SELECT COUNT(*) AS tp_count FROM `think_project` WHERE `type_name` = '中国博士后科学基金资助' LIMIT 1   [ RunTime:0.0002s ]
SQL: SELECT COUNT(*) AS tp_count FROM `think_project` WHERE `type_name` = '省自然科学基金项目' LIMIT 1   [ RunTime:0.0002s ]
SQL: SELECT COUNT(*) AS tp_count FROM `think_project` WHERE `type_name` = '其他省部级纵向项目' LIMIT 1   [ RunTime:0.0002s ]
SQL: SELECT COUNT(*) AS tp_count FROM `think_project` WHERE `type_name` = '产学研横向合作项目' LIMIT 1   [ RunTime:0.0004s ]
SQL: SELECT COUNT(*) AS tp_count FROM `think_project` WHERE `user_id` = 2 LIMIT 1   [ RunTime:0.0004s ]
SQL: SELECT * FROM `think_project` WHERE `user_id` = 2 LIMIT 0,10   [ RunTime:0.0005s ]
INFO: [ view_parse ] --START--
INFO: [ template_filter ] --START--
INFO: Run Behavior\ContentReplaceBehavior [ RunTime:0.000300s ]
INFO: [ template_filter ] --END-- [ RunTime:0.000564s ]
NOTIC: [8] Undefined variable: SearchAction C:\Mess\Applications\wamp64\www\PaperManager\Application\Runtime\Cache\Home\3262da1018e6d08f96882c4389ffebc8.php 第 281 行.
NOTIC: [8] Undefined index: detail_link C:\Mess\Applications\wamp64\www\PaperManager\Application\Runtime\Cache\Home\3262da1018e6d08f96882c4389ffebc8.php 第 293 行.
NOTIC: [8] Undefined index: detail_link C:\Mess\Applications\wamp64\www\PaperManager\Application\Runtime\Cache\Home\3262da1018e6d08f96882c4389ffebc8.php 第 293 行.
NOTIC: [8] Undefined index: detail_link C:\Mess\Applications\wamp64\www\PaperManager\Application\Runtime\Cache\Home\3262da1018e6d08f96882c4389ffebc8.php 第 293 行.
NOTIC: [8] Undefined index: detail_link C:\Mess\Applications\wamp64\www\PaperManager\Application\Runtime\Cache\Home\3262da1018e6d08f96882c4389ffebc8.php 第 293 行.
NOTIC: [8] Undefined index: detail_link C:\Mess\Applications\wamp64\www\PaperManager\Application\Runtime\Cache\Home\3262da1018e6d08f96882c4389ffebc8.php 第 293 行.
INFO: Run Behavior\ParseTemplateBehavior [ RunTime:0.057443s ]
INFO: [ view_parse ] --END-- [ RunTime:0.057680s ]
INFO: [ view_filter ] --START--
INFO: Run Behavior\WriteHtmlCacheBehavior [ RunTime:0.000907s ]
INFO: [ view_filter ] --END-- [ RunTime:0.001108s ]
INFO: [ app_end ] --START--
INFO: Run Behavior\ShowPageTraceBehavior [ RunTime:0.001551s ]
INFO: [ app_end ] --END-- [ RunTime:0.001868s ]

[ 2017-04-25T08:58:38+08:00 ] ::1 /PaperManager/index.php/Home/Project/my_achievement
INFO: [ app_init ] --START--
INFO: Run Behavior\BuildLiteBehavior [ RunTime:0.000029s ]
INFO: [ app_init ] --END-- [ RunTime:0.000497s ]
INFO: [ app_begin ] --START--
INFO: Run Behavior\ReadHtmlCacheBehavior [ RunTime:0.000730s ]
INFO: [ app_begin ] --END-- [ RunTime:0.000867s ]
ERR: 非法操作:my_achievement

[ 2017-04-25T08:58:50+08:00 ] ::1 /PaperManager/index.php/Home/Project/my_project
INFO: [ app_init ] --START--
INFO: Run Behavior\BuildLiteBehavior [ RunTime:0.000048s ]
INFO: [ app_init ] --END-- [ RunTime:0.000782s ]
INFO: [ app_begin ] --START--
INFO: Run Behavior\ReadHtmlCacheBehavior [ RunTime:0.000969s ]
INFO: [ app_begin ] --END-- [ RunTime:0.001222s ]
NOTIC: [8] Use of undefined constant uid - assumed 'uid' C:\Mess\Applications\wamp64\www\PaperManager\ThinkPHP\Library\Think\Controller.class.php 第 307 行.
SQL: SHOW COLUMNS FROM `think_project_type` [ RunTime:0.0013s ]
SQL: SELECT * FROM `think_project_type`  [ RunTime:0.0005s ]
SQL: SHOW COLUMNS FROM `think_project` [ RunTime:0.0011s ]
SQL: SELECT COUNT(*) AS tp_count FROM `think_project` WHERE `type_name` = '国家自然科学基金项目' LIMIT 1   [ RunTime:0.0006s ]
SQL: SELECT COUNT(*) AS tp_count FROM `think_project` WHERE `type_name` = '863计划课题' LIMIT 1   [ RunTime:0.0010s ]
SQL: SELECT COUNT(*) AS tp_count FROM `think_project` WHERE `type_name` = '973计划课题' LIMIT 1   [ RunTime:0.0007s ]
SQL: SELECT COUNT(*) AS tp_count FROM `think_project` WHERE `type_name` = '国家科技支撑计划课题' LIMIT 1   [ RunTime:0.0006s ]
SQL: SELECT COUNT(*) AS tp_count FROM `think_project` WHERE `type_name` = '国家重点研发计划课题' LIMIT 1   [ RunTime:0.0005s ]
SQL: SELECT COUNT(*) AS tp_count FROM `think_project` WHERE `type_name` = '其他国家级纵向项目' LIMIT 1   [ RunTime:0.0004s ]
SQL: SELECT COUNT(*) AS tp_count FROM `think_project` WHERE `type_name` = '中国博士后科学基金资助' LIMIT 1   [ RunTime:0.0003s ]
SQL: SELECT COUNT(*) AS tp_count FROM `think_project` WHERE `type_name` = '省自然科学基金项目' LIMIT 1   [ RunTime:0.0002s ]
SQL: SELECT COUNT(*) AS tp_count FROM `think_project` WHERE `type_name` = '其他省部级纵向项目' LIMIT 1   [ RunTime:0.0002s ]
SQL: SELECT COUNT(*) AS tp_count FROM `think_project` WHERE `type_name` = '产学研横向合作项目' LIMIT 1   [ RunTime:0.0002s ]
SQL: SELECT COUNT(*) AS tp_count FROM `think_project` WHERE `user_id` = 2 LIMIT 1   [ RunTime:0.0002s ]
SQL: SELECT * FROM `think_project` WHERE `user_id` = 2 LIMIT 0,10   [ RunTime:0.0004s ]
INFO: [ view_parse ] --START--
INFO: [ template_filter ] --START--
INFO: Run Behavior\ContentReplaceBehavior [ RunTime:0.000287s ]
INFO: [ template_filter ] --END-- [ RunTime:0.000520s ]
NOTIC: [8] Undefined variable: SearchAction C:\Mess\Applications\wamp64\www\PaperManager\Application\Runtime\Cache\Home\3262da1018e6d08f96882c4389ffebc8.php 第 281 行.
NOTIC: [8] Undefined index: detail_link C:\Mess\Applications\wamp64\www\PaperManager\Application\Runtime\Cache\Home\3262da1018e6d08f96882c4389ffebc8.php 第 293 行.
NOTIC: [8] Undefined index: detail_link C:\Mess\Applications\wamp64\www\PaperManager\Application\Runtime\Cache\Home\3262da1018e6d08f96882c4389ffebc8.php 第 293 行.
NOTIC: [8] Undefined index: detail_link C:\Mess\Applications\wamp64\www\PaperManager\Application\Runtime\Cache\Home\3262da1018e6d08f96882c4389ffebc8.php 第 293 行.
NOTIC: [8] Undefined index: detail_link C:\Mess\Applications\wamp64\www\PaperManager\Application\Runtime\Cache\Home\3262da1018e6d08f96882c4389ffebc8.php 第 293 行.
NOTIC: [8] Undefined index: detail_link C:\Mess\Applications\wamp64\www\PaperManager\Application\Runtime\Cache\Home\3262da1018e6d08f96882c4389ffebc8.php 第 293 行.
INFO: Run Behavior\ParseTemplateBehavior [ RunTime:0.135377s ]
INFO: [ view_parse ] --END-- [ RunTime:0.135594s ]
INFO: [ view_filter ] --START--
INFO: Run Behavior\WriteHtmlCacheBehavior [ RunTime:0.000769s ]
INFO: [ view_filter ] --END-- [ RunTime:0.000998s ]
INFO: [ app_end ] --START--
INFO: Run Behavior\ShowPageTraceBehavior [ RunTime:0.001219s ]
INFO: [ app_end ] --END-- [ RunTime:0.001493s ]

[ 2017-04-25T08:58:51+08:00 ] ::1 /PaperManager/index.php/Home/Project/my_project
INFO: [ app_init ] --START--
INFO: Run Behavior\BuildLiteBehavior [ RunTime:0.000027s ]
INFO: [ app_init ] --END-- [ RunTime:0.000390s ]
INFO: [ app_begin ] --START--
INFO: Run Behavior\ReadHtmlCacheBehavior [ RunTime:0.000469s ]
INFO: [ app_begin ] --END-- [ RunTime:0.000585s ]
NOTIC: [8] Use of undefined constant uid - assumed 'uid' C:\Mess\Applications\wamp64\www\PaperManager\ThinkPHP\Library\Think\Controller.class.php 第 307 行.
SQL: SHOW COLUMNS FROM `think_project_type` [ RunTime:0.0007s ]
SQL: SELECT * FROM `think_project_type`  [ RunTime:0.0003s ]
SQL: SHOW COLUMNS FROM `think_project` [ RunTime:0.0007s ]
SQL: SELECT COUNT(*) AS tp_count FROM `think_project` WHERE `type_name` = '国家自然科学基金项目' LIMIT 1   [ RunTime:0.0005s ]
SQL: SELECT COUNT(*) AS tp_count FROM `think_project` WHERE `type_name` = '863计划课题' LIMIT 1   [ RunTime:0.0005s ]
SQL: SELECT COUNT(*) AS tp_count FROM `think_project` WHERE `type_name` = '973计划课题' LIMIT 1   [ RunTime:0.0003s ]
SQL: SELECT COUNT(*) AS tp_count FROM `think_project` WHERE `type_name` = '国家科技支撑计划课题' LIMIT 1   [ RunTime:0.0003s ]
SQL: SELECT COUNT(*) AS tp_count FROM `think_project` WHERE `type_name` = '国家重点研发计划课题' LIMIT 1   [ RunTime:0.0003s ]
SQL: SELECT COUNT(*) AS tp_count FROM `think_project` WHERE `type_name` = '其他国家级纵向项目' LIMIT 1   [ RunTime:0.0002s ]
SQL: SELECT COUNT(*) AS tp_count FROM `think_project` WHERE `type_name` = '中国博士后科学基金资助' LIMIT 1   [ RunTime:0.0003s ]
SQL: SELECT COUNT(*) AS tp_count FROM `think_project` WHERE `type_name` = '省自然科学基金项目' LIMIT 1   [ RunTime:0.0003s ]
SQL: SELECT COUNT(*) AS tp_count FROM `think_project` WHERE `type_name` = '其他省部级纵向项目' LIMIT 1   [ RunTime:0.0002s ]
SQL: SELECT COUNT(*) AS tp_count FROM `think_project` WHERE `type_name` = '产学研横向合作项目' LIMIT 1   [ RunTime:0.0003s ]
SQL: SELECT COUNT(*) AS tp_count FROM `think_project` WHERE `user_id` = 2 LIMIT 1   [ RunTime:0.0002s ]
SQL: SELECT * FROM `think_project` WHERE `user_id` = 2 LIMIT 0,10   [ RunTime:0.0003s ]
INFO: [ view_parse ] --START--
INFO: [ template_filter ] --START--
INFO: Run Behavior\ContentReplaceBehavior [ RunTime:0.000159s ]
INFO: [ template_filter ] --END-- [ RunTime:0.000293s ]
NOTIC: [8] Undefined variable: SearchAction C:\Mess\Applications\wamp64\www\PaperManager\Application\Runtime\Cache\Home\3262da1018e6d08f96882c4389ffebc8.php 第 281 行.
NOTIC: [8] Undefined index: detail_link C:\Mess\Applications\wamp64\www\PaperManager\Application\Runtime\Cache\Home\3262da1018e6d08f96882c4389ffebc8.php 第 293 行.
NOTIC: [8] Undefined index: detail_link C:\Mess\Applications\wamp64\www\PaperManager\Application\Runtime\Cache\Home\3262da1018e6d08f96882c4389ffebc8.php 第 293 行.
NOTIC: [8] Undefined index: detail_link C:\Mess\Applications\wamp64\www\PaperManager\Application\Runtime\Cache\Home\3262da1018e6d08f96882c4389ffebc8.php 第 293 行.
NOTIC: [8] Undefined index: detail_link C:\Mess\Applications\wamp64\www\PaperManager\Application\Runtime\Cache\Home\3262da1018e6d08f96882c4389ffebc8.php 第 293 行.
NOTIC: [8] Undefined index: detail_link C:\Mess\Applications\wamp64\www\PaperManager\Application\Runtime\Cache\Home\3262da1018e6d08f96882c4389ffebc8.php 第 293 行.
INFO: Run Behavior\ParseTemplateBehavior [ RunTime:0.065874s ]
INFO: [ view_parse ] --END-- [ RunTime:0.066040s ]
INFO: [ view_filter ] --START--
INFO: Run Behavior\WriteHtmlCacheBehavior [ RunTime:0.000415s ]
INFO: [ view_filter ] --END-- [ RunTime:0.000548s ]
INFO: [ app_end ] --START--
INFO: Run Behavior\ShowPageTraceBehavior [ RunTime:0.000799s ]
INFO: [ app_end ] --END-- [ RunTime:0.000938s ]

[ 2017-04-25T09:00:57+08:00 ] ::1 /PaperManager/index.php/Home/Project/my_project
INFO: [ app_init ] --START--
INFO: Run Behavior\BuildLiteBehavior [ RunTime:0.000029s ]
INFO: [ app_init ] --END-- [ RunTime:0.000537s ]
INFO: [ app_begin ] --START--
INFO: Run Behavior\ReadHtmlCacheBehavior [ RunTime:0.000795s ]
INFO: [ app_begin ] --END-- [ RunTime:0.000941s ]
NOTIC: [8] Use of undefined constant uid - assumed 'uid' C:\Mess\Applications\wamp64\www\PaperManager\ThinkPHP\Library\Think\Controller.class.php 第 307 行.
SQL: SHOW COLUMNS FROM `think_project_type` [ RunTime:0.0009s ]
SQL: SELECT * FROM `think_project_type`  [ RunTime:0.0004s ]
SQL: SHOW COLUMNS FROM `think_project` [ RunTime:0.0007s ]
SQL: SELECT COUNT(*) AS tp_count FROM `think_project` WHERE `type_name` = '国家自然科学基金项目' LIMIT 1   [ RunTime:0.0004s ]
SQL: SELECT COUNT(*) AS tp_count FROM `think_project` WHERE `type_name` = '863计划课题' LIMIT 1   [ RunTime:0.0003s ]
SQL: SELECT COUNT(*) AS tp_count FROM `think_project` WHERE `type_name` = '973计划课题' LIMIT 1   [ RunTime:0.0003s ]
SQL: SELECT COUNT(*) AS tp_count FROM `think_project` WHERE `type_name` = '国家科技支撑计划课题' LIMIT 1   [ RunTime:0.0003s ]
SQL: SELECT COUNT(*) AS tp_count FROM `think_project` WHERE `type_name` = '国家重点研发计划课题' LIMIT 1   [ RunTime:0.0003s ]
SQL: SELECT COUNT(*) AS tp_count FROM `think_project` WHERE `type_name` = '其他国家级纵向项目' LIMIT 1   [ RunTime:0.0003s ]
SQL: SELECT COUNT(*) AS tp_count FROM `think_project` WHERE `type_name` = '中国博士后科学基金资助' LIMIT 1   [ RunTime:0.0003s ]
SQL: SELECT COUNT(*) AS tp_count FROM `think_project` WHERE `type_name` = '省自然科学基金项目' LIMIT 1   [ RunTime:0.0003s ]
SQL: SELECT COUNT(*) AS tp_count FROM `think_project` WHERE `type_name` = '其他省部级纵向项目' LIMIT 1   [ RunTime:0.0003s ]
SQL: SELECT COUNT(*) AS tp_count FROM `think_project` WHERE `type_name` = '产学研横向合作项目' LIMIT 1   [ RunTime:0.0003s ]
SQL: SELECT COUNT(*) AS tp_count FROM `think_project` WHERE `user_id` = 2 LIMIT 1   [ RunTime:0.0004s ]
SQL: SELECT * FROM `think_project` WHERE `user_id` = 2 LIMIT 0,10   [ RunTime:0.0006s ]
INFO: [ view_parse ] --START--
INFO: [ template_filter ] --START--
INFO: Run Behavior\ContentReplaceBehavior [ RunTime:0.000185s ]
INFO: [ template_filter ] --END-- [ RunTime:0.000328s ]
NOTIC: [8] Undefined variable: SearchAction C:\Mess\Applications\wamp64\www\PaperManager\Application\Runtime\Cache\Home\3262da1018e6d08f96882c4389ffebc8.php 第 281 行.
NOTIC: [8] Undefined index: detail_link C:\Mess\Applications\wamp64\www\PaperManager\Application\Runtime\Cache\Home\3262da1018e6d08f96882c4389ffebc8.php 第 293 行.
NOTIC: [8] Undefined index: detail_link C:\Mess\Applications\wamp64\www\PaperManager\Application\Runtime\Cache\Home\3262da1018e6d08f96882c4389ffebc8.php 第 293 行.
NOTIC: [8] Undefined index: detail_link C:\Mess\Applications\wamp64\www\PaperManager\Application\Runtime\Cache\Home\3262da1018e6d08f96882c4389ffebc8.php 第 293 行.
NOTIC: [8] Undefined index: detail_link C:\Mess\Applications\wamp64\www\PaperManager\Application\Runtime\Cache\Home\3262da1018e6d08f96882c4389ffebc8.php 第 293 行.
NOTIC: [8] Undefined index: detail_link C:\Mess\Applications\wamp64\www\PaperManager\Application\Runtime\Cache\Home\3262da1018e6d08f96882c4389ffebc8.php 第 293 行.
INFO: Run Behavior\ParseTemplateBehavior [ RunTime:0.068690s ]
INFO: [ view_parse ] --END-- [ RunTime:0.068825s ]
INFO: [ view_filter ] --START--
INFO: Run Behavior\WriteHtmlCacheBehavior [ RunTime:0.000568s ]
INFO: [ view_filter ] --END-- [ RunTime:0.000681s ]
INFO: [ app_end ] --START--
INFO: Run Behavior\ShowPageTraceBehavior [ RunTime:0.001357s ]
INFO: [ app_end ] --END-- [ RunTime:0.001615s ]

[ 2017-04-25T09:00:59+08:00 ] ::1 /PaperManager/index.php/Home/Project/my_project
INFO: [ app_init ] --START--
INFO: Run Behavior\BuildLiteBehavior [ RunTime:0.000053s ]
INFO: [ app_init ] --END-- [ RunTime:0.000935s ]
INFO: [ app_begin ] --START--
INFO: Run Behavior\ReadHtmlCacheBehavior [ RunTime:0.001094s ]
INFO: [ app_begin ] --END-- [ RunTime:0.001326s ]
NOTIC: [8] Use of undefined constant uid - assumed 'uid' C:\Mess\Applications\wamp64\www\PaperManager\ThinkPHP\Library\Think\Controller.class.php 第 307 行.
SQL: SHOW COLUMNS FROM `think_project_type` [ RunTime:0.0009s ]
SQL: SELECT * FROM `think_project_type`  [ RunTime:0.0009s ]
SQL: SHOW COLUMNS FROM `think_project` [ RunTime:0.0012s ]
SQL: SELECT COUNT(*) AS tp_count FROM `think_project` WHERE `type_name` = '国家自然科学基金项目' LIMIT 1   [ RunTime:0.0006s ]
SQL: SELECT COUNT(*) AS tp_count FROM `think_project` WHERE `type_name` = '863计划课题' LIMIT 1   [ RunTime:0.0005s ]
SQL: SELECT COUNT(*) AS tp_count FROM `think_project` WHERE `type_name` = '973计划课题' LIMIT 1   [ RunTime:0.0005s ]
SQL: SELECT COUNT(*) AS tp_count FROM `think_project` WHERE `type_name` = '国家科技支撑计划课题' LIMIT 1   [ RunTime:0.0006s ]
SQL: SELECT COUNT(*) AS tp_count FROM `think_project` WHERE `type_name` = '国家重点研发计划课题' LIMIT 1   [ RunTime:0.0005s ]
SQL: SELECT COUNT(*) AS tp_count FROM `think_project` WHERE `type_name` = '其他国家级纵向项目' LIMIT 1   [ RunTime:0.0006s ]
SQL: SELECT COUNT(*) AS tp_count FROM `think_project` WHERE `type_name` = '中国博士后科学基金资助' LIMIT 1   [ RunTime:0.0005s ]
SQL: SELECT COUNT(*) AS tp_count FROM `think_project` WHERE `type_name` = '省自然科学基金项目' LIMIT 1   [ RunTime:0.0005s ]
SQL: SELECT COUNT(*) AS tp_count FROM `think_project` WHERE `type_name` = '其他省部级纵向项目' LIMIT 1   [ RunTime:0.0004s ]
SQL: SELECT COUNT(*) AS tp_count FROM `think_project` WHERE `type_name` = '产学研横向合作项目' LIMIT 1   [ RunTime:0.0005s ]
SQL: SELECT COUNT(*) AS tp_count FROM `think_project` WHERE `user_id` = 2 LIMIT 1   [ RunTime:0.0006s ]
SQL: SELECT * FROM `think_project` WHERE `user_id` = 2 LIMIT 0,10   [ RunTime:0.0007s ]
INFO: [ view_parse ] --START--
INFO: [ template_filter ] --START--
INFO: Run Behavior\ContentReplaceBehavior [ RunTime:0.000305s ]
INFO: [ template_filter ] --END-- [ RunTime:0.000572s ]
NOTIC: [8] Undefined variable: SearchAction C:\Mess\Applications\wamp64\www\PaperManager\Application\Runtime\Cache\Home\3262da1018e6d08f96882c4389ffebc8.php 第 281 行.
NOTIC: [8] Undefined index: detail_link C:\Mess\Applications\wamp64\www\PaperManager\Application\Runtime\Cache\Home\3262da1018e6d08f96882c4389ffebc8.php 第 293 行.
NOTIC: [8] Undefined index: detail_link C:\Mess\Applications\wamp64\www\PaperManager\Application\Runtime\Cache\Home\3262da1018e6d08f96882c4389ffebc8.php 第 293 行.
NOTIC: [8] Undefined index: detail_link C:\Mess\Applications\wamp64\www\PaperManager\Application\Runtime\Cache\Home\3262da1018e6d08f96882c4389ffebc8.php 第 293 行.
NOTIC: [8] Undefined index: detail_link C:\Mess\Applications\wamp64\www\PaperManager\Application\Runtime\Cache\Home\3262da1018e6d08f96882c4389ffebc8.php 第 293 行.
NOTIC: [8] Undefined index: detail_link C:\Mess\Applications\wamp64\www\PaperManager\Application\Runtime\Cache\Home\3262da1018e6d08f96882c4389ffebc8.php 第 293 行.
INFO: Run Behavior\ParseTemplateBehavior [ RunTime:0.041249s ]
INFO: [ view_parse ] --END-- [ RunTime:0.041490s ]
INFO: [ view_filter ] --START--
INFO: Run Behavior\WriteHtmlCacheBehavior [ RunTime:0.000938s ]
INFO: [ view_filter ] --END-- [ RunTime:0.001163s ]
INFO: [ app_end ] --START--
INFO: Run Behavior\ShowPageTraceBehavior [ RunTime:0.001300s ]
INFO: [ app_end ] --END-- [ RunTime:0.001555s ]

[ 2017-04-25T09:03:25+08:00 ] ::1 /PaperManager/index.php/Home/Project/my_project
INFO: [ app_init ] --START--
INFO: Run Behavior\BuildLiteBehavior [ RunTime:0.000053s ]
INFO: [ app_init ] --END-- [ RunTime:0.000791s ]
INFO: [ app_begin ] --START--
INFO: Run Behavior\ReadHtmlCacheBehavior [ RunTime:0.001284s ]
INFO: [ app_begin ] --END-- [ RunTime:0.001521s ]
NOTIC: [8] Use of undefined constant uid - assumed 'uid' C:\Mess\Applications\wamp64\www\PaperManager\ThinkPHP\Library\Think\Controller.class.php 第 307 行.
SQL: SHOW COLUMNS FROM `think_project_type` [ RunTime:0.0010s ]
SQL: SELECT * FROM `think_project_type`  [ RunTime:0.0005s ]
SQL: SHOW COLUMNS FROM `think_project` [ RunTime:0.0013s ]
SQL: SELECT COUNT(*) AS tp_count FROM `think_project` WHERE `type_name` = '国家自然科学基金项目' LIMIT 1   [ RunTime:0.0007s ]
SQL: SELECT COUNT(*) AS tp_count FROM `think_project` WHERE `type_name` = '863计划课题' LIMIT 1   [ RunTime:0.0009s ]
SQL: SELECT COUNT(*) AS tp_count FROM `think_project` WHERE `type_name` = '973计划课题' LIMIT 1   [ RunTime:0.0006s ]
SQL: SELECT COUNT(*) AS tp_count FROM `think_project` WHERE `type_name` = '国家科技支撑计划课题' LIMIT 1   [ RunTime:0.0005s ]
SQL: SELECT COUNT(*) AS tp_count FROM `think_project` WHERE `type_name` = '国家重点研发计划课题' LIMIT 1   [ RunTime:0.0005s ]
SQL: SELECT COUNT(*) AS tp_count FROM `think_project` WHERE `type_name` = '其他国家级纵向项目' LIMIT 1   [ RunTime:0.0005s ]
SQL: SELECT COUNT(*) AS tp_count FROM `think_project` WHERE `type_name` = '中国博士后科学基金资助' LIMIT 1   [ RunTime:0.0005s ]
SQL: SELECT COUNT(*) AS tp_count FROM `think_project` WHERE `type_name` = '省自然科学基金项目' LIMIT 1   [ RunTime:0.0005s ]
SQL: SELECT COUNT(*) AS tp_count FROM `think_project` WHERE `type_name` = '其他省部级纵向项目' LIMIT 1   [ RunTime:0.0004s ]
SQL: SELECT COUNT(*) AS tp_count FROM `think_project` WHERE `type_name` = '产学研横向合作项目' LIMIT 1   [ RunTime:0.0004s ]
SQL: SELECT COUNT(*) AS tp_count FROM `think_project` WHERE `user_id` = 2 LIMIT 1   [ RunTime:0.0005s ]
SQL: SELECT * FROM `think_project` WHERE `user_id` = 2 LIMIT 0,10   [ RunTime:0.0007s ]
INFO: [ view_parse ] --START--
INFO: [ template_filter ] --START--
INFO: Run Behavior\ContentReplaceBehavior [ RunTime:0.000323s ]
INFO: [ template_filter ] --END-- [ RunTime:0.000582s ]
NOTIC: [8] Undefined variable: SearchAction C:\Mess\Applications\wamp64\www\PaperManager\Application\Runtime\Cache\Home\3262da1018e6d08f96882c4389ffebc8.php 第 281 行.
NOTIC: [8] Undefined index: detail_link C:\Mess\Applications\wamp64\www\PaperManager\Application\Runtime\Cache\Home\3262da1018e6d08f96882c4389ffebc8.php 第 293 行.
NOTIC: [8] Undefined index: detail_link C:\Mess\Applications\wamp64\www\PaperManager\Application\Runtime\Cache\Home\3262da1018e6d08f96882c4389ffebc8.php 第 293 行.
NOTIC: [8] Undefined index: detail_link C:\Mess\Applications\wamp64\www\PaperManager\Application\Runtime\Cache\Home\3262da1018e6d08f96882c4389ffebc8.php 第 293 行.
NOTIC: [8] Undefined index: detail_link C:\Mess\Applications\wamp64\www\PaperManager\Application\Runtime\Cache\Home\3262da1018e6d08f96882c4389ffebc8.php 第 293 行.
NOTIC: [8] Undefined index: detail_link C:\Mess\Applications\wamp64\www\PaperManager\Application\Runtime\Cache\Home\3262da1018e6d08f96882c4389ffebc8.php 第 293 行.
INFO: Run Behavior\ParseTemplateBehavior [ RunTime:0.120024s ]
INFO: [ view_parse ] --END-- [ RunTime:0.120270s ]
INFO: [ view_filter ] --START--
INFO: Run Behavior\WriteHtmlCacheBehavior [ RunTime:0.000977s ]
INFO: [ view_filter ] --END-- [ RunTime:0.001201s ]
NOTIC: [2] Cannot modify header information - headers already sent by (output started at C:\Mess\Applications\wamp64\www\PaperManager\Application\Home\Controller\ProjectController.class.php:11) C:\Mess\Applications\wamp64\www\PaperManager\ThinkPHP\Library\Think\View.class.php 第 91 行.
NOTIC: [2] Cannot modify header information - headers already sent by (output started at C:\Mess\Applications\wamp64\www\PaperManager\Application\Home\Controller\ProjectController.class.php:11) C:\Mess\Applications\wamp64\www\PaperManager\ThinkPHP\Library\Think\View.class.php 第 92 行.
NOTIC: [2] Cannot modify header information - headers already sent by (output started at C:\Mess\Applications\wamp64\www\PaperManager\Application\Home\Controller\ProjectController.class.php:11) C:\Mess\Applications\wamp64\www\PaperManager\ThinkPHP\Library\Think\View.class.php 第 93 行.
INFO: [ app_end ] --START--
INFO: Run Behavior\ShowPageTraceBehavior [ RunTime:0.001479s ]
INFO: [ app_end ] --END-- [ RunTime:0.001758s ]

[ 2017-04-25T09:05:51+08:00 ] ::1 /PaperManager/index.php/Home/Project/my_project
INFO: [ app_init ] --START--
INFO: Run Behavior\BuildLiteBehavior [ RunTime:0.000049s ]
INFO: [ app_init ] --END-- [ RunTime:0.000767s ]
INFO: [ app_begin ] --START--
INFO: Run Behavior\ReadHtmlCacheBehavior [ RunTime:0.001417s ]
INFO: [ app_begin ] --END-- [ RunTime:0.001761s ]
NOTIC: [8] Use of undefined constant uid - assumed 'uid' C:\Mess\Applications\wamp64\www\PaperManager\ThinkPHP\Library\Think\Controller.class.php 第 307 行.
SQL: SHOW COLUMNS FROM `think_project_type` [ RunTime:0.0014s ]
SQL: SELECT * FROM `think_project_type`  [ RunTime:0.0005s ]
SQL: SHOW COLUMNS FROM `think_project` [ RunTime:0.0009s ]
SQL: SELECT COUNT(*) AS tp_count FROM `think_project` WHERE `type_name` = '国家自然科学基金项目' LIMIT 1   [ RunTime:0.0004s ]
SQL: SELECT COUNT(*) AS tp_count FROM `think_project` WHERE `type_name` = '863计划课题' LIMIT 1   [ RunTime:0.0004s ]
SQL: SELECT COUNT(*) AS tp_count FROM `think_project` WHERE `type_name` = '973计划课题' LIMIT 1   [ RunTime:0.0003s ]
SQL: SELECT COUNT(*) AS tp_count FROM `think_project` WHERE `type_name` = '国家科技支撑计划课题' LIMIT 1   [ RunTime:0.0004s ]
SQL: SELECT COUNT(*) AS tp_count FROM `think_project` WHERE `type_name` = '国家重点研发计划课题' LIMIT 1   [ RunTime:0.0004s ]
SQL: SELECT COUNT(*) AS tp_count FROM `think_project` WHERE `type_name` = '其他国家级纵向项目' LIMIT 1   [ RunTime:0.0005s ]
SQL: SELECT COUNT(*) AS tp_count FROM `think_project` WHERE `type_name` = '中国博士后科学基金资助' LIMIT 1   [ RunTime:0.0004s ]
SQL: SELECT COUNT(*) AS tp_count FROM `think_project` WHERE `type_name` = '省自然科学基金项目' LIMIT 1   [ RunTime:0.0004s ]
SQL: SELECT COUNT(*) AS tp_count FROM `think_project` WHERE `type_name` = '其他省部级纵向项目' LIMIT 1   [ RunTime:0.0003s ]
SQL: SELECT COUNT(*) AS tp_count FROM `think_project` WHERE `type_name` = '产学研横向合作项目' LIMIT 1   [ RunTime:0.0003s ]
SQL: SELECT COUNT(*) AS tp_count FROM `think_project` WHERE `user_id` = 2 LIMIT 1   [ RunTime:0.0005s ]
SQL: SELECT * FROM `think_project` WHERE `user_id` = 2 LIMIT 0,10   [ RunTime:0.0005s ]
INFO: [ view_parse ] --START--
INFO: [ template_filter ] --START--
INFO: Run Behavior\ContentReplaceBehavior [ RunTime:0.000276s ]
INFO: [ template_filter ] --END-- [ RunTime:0.000488s ]
NOTIC: [8] Undefined variable: SearchAction C:\Mess\Applications\wamp64\www\PaperManager\Application\Runtime\Cache\Home\3262da1018e6d08f96882c4389ffebc8.php 第 281 行.
NOTIC: [8] Undefined index: detail_link C:\Mess\Applications\wamp64\www\PaperManager\Application\Runtime\Cache\Home\3262da1018e6d08f96882c4389ffebc8.php 第 293 行.
NOTIC: [8] Undefined index: detail_link C:\Mess\Applications\wamp64\www\PaperManager\Application\Runtime\Cache\Home\3262da1018e6d08f96882c4389ffebc8.php 第 293 行.
NOTIC: [8] Undefined index: detail_link C:\Mess\Applications\wamp64\www\PaperManager\Application\Runtime\Cache\Home\3262da1018e6d08f96882c4389ffebc8.php 第 293 行.
NOTIC: [8] Undefined index: detail_link C:\Mess\Applications\wamp64\www\PaperManager\Application\Runtime\Cache\Home\3262da1018e6d08f96882c4389ffebc8.php 第 293 行.
NOTIC: [8] Undefined index: detail_link C:\Mess\Applications\wamp64\www\PaperManager\Application\Runtime\Cache\Home\3262da1018e6d08f96882c4389ffebc8.php 第 293 行.
INFO: Run Behavior\ParseTemplateBehavior [ RunTime:0.021881s ]
INFO: [ view_parse ] --END-- [ RunTime:0.022081s ]
INFO: [ view_filter ] --START--
INFO: Run Behavior\WriteHtmlCacheBehavior [ RunTime:0.000913s ]
INFO: [ view_filter ] --END-- [ RunTime:0.001121s ]
NOTIC: [2] Cannot modify header information - headers already sent by (output started at C:\Mess\Applications\wamp64\www\PaperManager\Application\Home\Controller\ProjectController.class.php:11) C:\Mess\Applications\wamp64\www\PaperManager\ThinkPHP\Library\Think\View.class.php 第 91 行.
NOTIC: [2] Cannot modify header information - headers already sent by (output started at C:\Mess\Applications\wamp64\www\PaperManager\Application\Home\Controller\ProjectController.class.php:11) C:\Mess\Applications\wamp64\www\PaperManager\ThinkPHP\Library\Think\View.class.php 第 92 行.
NOTIC: [2] Cannot modify header information - headers already sent by (output started at C:\Mess\Applications\wamp64\www\PaperManager\Application\Home\Controller\ProjectController.class.php:11) C:\Mess\Applications\wamp64\www\PaperManager\ThinkPHP\Library\Think\View.class.php 第 93 行.
INFO: [ app_end ] --START--
INFO: Run Behavior\ShowPageTraceBehavior [ RunTime:0.003877s ]
INFO: [ app_end ] --END-- [ RunTime:0.004182s ]

[ 2017-04-25T09:05:57+08:00 ] ::1 /PaperManager/index.php/Home/Project/my_project
INFO: [ app_init ] --START--
INFO: Run Behavior\BuildLiteBehavior [ RunTime:0.000049s ]
INFO: [ app_init ] --END-- [ RunTime:0.000842s ]
INFO: [ app_begin ] --START--
INFO: Run Behavior\ReadHtmlCacheBehavior [ RunTime:0.001651s ]
INFO: [ app_begin ] --END-- [ RunTime:0.002069s ]
NOTIC: [8] Use of undefined constant uid - assumed 'uid' C:\Mess\Applications\wamp64\www\PaperManager\ThinkPHP\Library\Think\Controller.class.php 第 307 行.
SQL: SHOW COLUMNS FROM `think_project_type` [ RunTime:0.0008s ]
SQL: SELECT * FROM `think_project_type`  [ RunTime:0.0006s ]
SQL: SHOW COLUMNS FROM `think_project` [ RunTime:0.0011s ]
SQL: SELECT COUNT(*) AS tp_count FROM `think_project` WHERE `type_name` = '国家自然科学基金项目' LIMIT 1   [ RunTime:0.0006s ]
SQL: SELECT COUNT(*) AS tp_count FROM `think_project` WHERE `type_name` = '863计划课题' LIMIT 1   [ RunTime:0.0003s ]
SQL: SELECT COUNT(*) AS tp_count FROM `think_project` WHERE `type_name` = '973计划课题' LIMIT 1   [ RunTime:0.0002s ]
SQL: SELECT COUNT(*) AS tp_count FROM `think_project` WHERE `type_name` = '国家科技支撑计划课题' LIMIT 1   [ RunTime:0.0002s ]
SQL: SELECT COUNT(*) AS tp_count FROM `think_project` WHERE `type_name` = '国家重点研发计划课题' LIMIT 1   [ RunTime:0.0002s ]
SQL: SELECT COUNT(*) AS tp_count FROM `think_project` WHERE `type_name` = '其他国家级纵向项目' LIMIT 1   [ RunTime:0.0002s ]
SQL: SELECT COUNT(*) AS tp_count FROM `think_project` WHERE `type_name` = '中国博士后科学基金资助' LIMIT 1   [ RunTime:0.0002s ]
SQL: SELECT COUNT(*) AS tp_count FROM `think_project` WHERE `type_name` = '省自然科学基金项目' LIMIT 1   [ RunTime:0.0002s ]
SQL: SELECT COUNT(*) AS tp_count FROM `think_project` WHERE `type_name` = '其他省部级纵向项目' LIMIT 1   [ RunTime:0.0002s ]
SQL: SELECT COUNT(*) AS tp_count FROM `think_project` WHERE `type_name` = '产学研横向合作项目' LIMIT 1   [ RunTime:0.0002s ]
SQL: SELECT COUNT(*) AS tp_count FROM `think_project` WHERE `user_id` = 2 LIMIT 1   [ RunTime:0.0002s ]
SQL: SELECT * FROM `think_project` WHERE `user_id` = 2 LIMIT 0,10   [ RunTime:0.0003s ]
INFO: [ view_parse ] --START--
INFO: [ template_filter ] --START--
INFO: Run Behavior\ContentReplaceBehavior [ RunTime:0.000291s ]
INFO: [ template_filter ] --END-- [ RunTime:0.000532s ]
NOTIC: [8] Undefined variable: SearchAction C:\Mess\Applications\wamp64\www\PaperManager\Application\Runtime\Cache\Home\3262da1018e6d08f96882c4389ffebc8.php 第 281 行.
NOTIC: [8] Undefined index: detail_link C:\Mess\Applications\wamp64\www\PaperManager\Application\Runtime\Cache\Home\3262da1018e6d08f96882c4389ffebc8.php 第 293 行.
NOTIC: [8] Undefined index: detail_link C:\Mess\Applications\wamp64\www\PaperManager\Application\Runtime\Cache\Home\3262da1018e6d08f96882c4389ffebc8.php 第 293 行.
NOTIC: [8] Undefined index: detail_link C:\Mess\Applications\wamp64\www\PaperManager\Application\Runtime\Cache\Home\3262da1018e6d08f96882c4389ffebc8.php 第 293 行.
NOTIC: [8] Undefined index: detail_link C:\Mess\Applications\wamp64\www\PaperManager\Application\Runtime\Cache\Home\3262da1018e6d08f96882c4389ffebc8.php 第 293 行.
NOTIC: [8] Undefined index: detail_link C:\Mess\Applications\wamp64\www\PaperManager\Application\Runtime\Cache\Home\3262da1018e6d08f96882c4389ffebc8.php 第 293 行.
INFO: Run Behavior\ParseTemplateBehavior [ RunTime:0.091612s ]
INFO: [ view_parse ] --END-- [ RunTime:0.091812s ]
INFO: [ view_filter ] --START--
INFO: Run Behavior\WriteHtmlCacheBehavior [ RunTime:0.000942s ]
INFO: [ view_filter ] --END-- [ RunTime:0.001167s ]
INFO: [ app_end ] --START--
INFO: Run Behavior\ShowPageTraceBehavior [ RunTime:0.001429s ]
INFO: [ app_end ] --END-- [ RunTime:0.001694s ]

[ 2017-04-25T09:06:00+08:00 ] ::1 /PaperManager/index.php/Home/Project/my_project/project_type/1
INFO: [ app_init ] --START--
INFO: Run Behavior\BuildLiteBehavior [ RunTime:0.000051s ]
INFO: [ app_init ] --END-- [ RunTime:0.000818s ]
INFO: [ app_begin ] --START--
INFO: Run Behavior\ReadHtmlCacheBehavior [ RunTime:0.001271s ]
INFO: [ app_begin ] --END-- [ RunTime:0.001549s ]
NOTIC: [8] Use of undefined constant uid - assumed 'uid' C:\Mess\Applications\wamp64\www\PaperManager\ThinkPHP\Library\Think\Controller.class.php 第 307 行.
SQL: SHOW COLUMNS FROM `think_project_type` [ RunTime:0.0009s ]
SQL: SELECT * FROM `think_project_type`  [ RunTime:0.0004s ]
SQL: SHOW COLUMNS FROM `think_project` [ RunTime:0.0010s ]
SQL: SELECT COUNT(*) AS tp_count FROM `think_project` WHERE `type_name` = '国家自然科学基金项目' LIMIT 1   [ RunTime:0.0005s ]
SQL: SELECT COUNT(*) AS tp_count FROM `think_project` WHERE `type_name` = '863计划课题' LIMIT 1   [ RunTime:0.0005s ]
SQL: SELECT COUNT(*) AS tp_count FROM `think_project` WHERE `type_name` = '973计划课题' LIMIT 1   [ RunTime:0.0004s ]
SQL: SELECT COUNT(*) AS tp_count FROM `think_project` WHERE `type_name` = '国家科技支撑计划课题' LIMIT 1   [ RunTime:0.0004s ]
SQL: SELECT COUNT(*) AS tp_count FROM `think_project` WHERE `type_name` = '国家重点研发计划课题' LIMIT 1   [ RunTime:0.0003s ]
SQL: SELECT COUNT(*) AS tp_count FROM `think_project` WHERE `type_name` = '其他国家级纵向项目' LIMIT 1   [ RunTime:0.0004s ]
SQL: SELECT COUNT(*) AS tp_count FROM `think_project` WHERE `type_name` = '中国博士后科学基金资助' LIMIT 1   [ RunTime:0.0003s ]
SQL: SELECT COUNT(*) AS tp_count FROM `think_project` WHERE `type_name` = '省自然科学基金项目' LIMIT 1   [ RunTime:0.0005s ]
SQL: SELECT COUNT(*) AS tp_count FROM `think_project` WHERE `type_name` = '其他省部级纵向项目' LIMIT 1   [ RunTime:0.0003s ]
SQL: SELECT COUNT(*) AS tp_count FROM `think_project` WHERE `type_name` = '产学研横向合作项目' LIMIT 1   [ RunTime:0.0002s ]
SQL: SELECT COUNT(*) AS tp_count FROM `think_project` WHERE `user_id` = 2 AND `type_name` = '国家自然科学基金项目' LIMIT 1   [ RunTime:0.0002s ]
SQL: SELECT * FROM `think_project` WHERE `user_id` = 2 AND `type_name` = '国家自然科学基金项目' LIMIT 0,10   [ RunTime:0.0005s ]
INFO: [ view_parse ] --START--
INFO: [ template_filter ] --START--
INFO: Run Behavior\ContentReplaceBehavior [ RunTime:0.000297s ]
INFO: [ template_filter ] --END-- [ RunTime:0.000581s ]
NOTIC: [8] Undefined variable: SearchAction C:\Mess\Applications\wamp64\www\PaperManager\Application\Runtime\Cache\Home\3262da1018e6d08f96882c4389ffebc8.php 第 281 行.
NOTIC: [8] Undefined index: detail_link C:\Mess\Applications\wamp64\www\PaperManager\Application\Runtime\Cache\Home\3262da1018e6d08f96882c4389ffebc8.php 第 293 行.
NOTIC: [8] Undefined index: detail_link C:\Mess\Applications\wamp64\www\PaperManager\Application\Runtime\Cache\Home\3262da1018e6d08f96882c4389ffebc8.php 第 293 行.
NOTIC: [8] Undefined index: detail_link C:\Mess\Applications\wamp64\www\PaperManager\Application\Runtime\Cache\Home\3262da1018e6d08f96882c4389ffebc8.php 第 293 行.
NOTIC: [8] Undefined index: detail_link C:\Mess\Applications\wamp64\www\PaperManager\Application\Runtime\Cache\Home\3262da1018e6d08f96882c4389ffebc8.php 第 293 行.
NOTIC: [8] Undefined index: detail_link C:\Mess\Applications\wamp64\www\PaperManager\Application\Runtime\Cache\Home\3262da1018e6d08f96882c4389ffebc8.php 第 293 行.
INFO: Run Behavior\ParseTemplateBehavior [ RunTime:0.097411s ]
INFO: [ view_parse ] --END-- [ RunTime:0.097609s ]
INFO: [ view_filter ] --START--
INFO: Run Behavior\WriteHtmlCacheBehavior [ RunTime:0.000625s ]
INFO: [ view_filter ] --END-- [ RunTime:0.000749s ]
INFO: [ app_end ] --START--
INFO: Run Behavior\ShowPageTraceBehavior [ RunTime:0.001221s ]
INFO: [ app_end ] --END-- [ RunTime:0.001551s ]

[ 2017-04-25T09:06:02+08:00 ] ::1 /PaperManager/index.php/Home/Project/my_project/project_type/2
INFO: [ app_init ] --START--
INFO: Run Behavior\BuildLiteBehavior [ RunTime:0.000077s ]
INFO: [ app_init ] --END-- [ RunTime:0.001220s ]
INFO: [ app_begin ] --START--
INFO: Run Behavior\ReadHtmlCacheBehavior [ RunTime:0.001764s ]
INFO: [ app_begin ] --END-- [ RunTime:0.002122s ]
NOTIC: [8] Use of undefined constant uid - assumed 'uid' C:\Mess\Applications\wamp64\www\PaperManager\ThinkPHP\Library\Think\Controller.class.php 第 307 行.
SQL: SHOW COLUMNS FROM `think_project_type` [ RunTime:0.0009s ]
SQL: SELECT * FROM `think_project_type`  [ RunTime:0.0005s ]
SQL: SHOW COLUMNS FROM `think_project` [ RunTime:0.0010s ]
SQL: SELECT COUNT(*) AS tp_count FROM `think_project` WHERE `type_name` = '国家自然科学基金项目' LIMIT 1   [ RunTime:0.0006s ]
SQL: SELECT COUNT(*) AS tp_count FROM `think_project` WHERE `type_name` = '863计划课题' LIMIT 1   [ RunTime:0.0006s ]
SQL: SELECT COUNT(*) AS tp_count FROM `think_project` WHERE `type_name` = '973计划课题' LIMIT 1   [ RunTime:0.0005s ]
SQL: SELECT COUNT(*) AS tp_count FROM `think_project` WHERE `type_name` = '国家科技支撑计划课题' LIMIT 1   [ RunTime:0.0005s ]
SQL: SELECT COUNT(*) AS tp_count FROM `think_project` WHERE `type_name` = '国家重点研发计划课题' LIMIT 1   [ RunTime:0.0004s ]
SQL: SELECT COUNT(*) AS tp_count FROM `think_project` WHERE `type_name` = '其他国家级纵向项目' LIMIT 1   [ RunTime:0.0004s ]
SQL: SELECT COUNT(*) AS tp_count FROM `think_project` WHERE `type_name` = '中国博士后科学基金资助' LIMIT 1   [ RunTime:0.0005s ]
SQL: SELECT COUNT(*) AS tp_count FROM `think_project` WHERE `type_name` = '省自然科学基金项目' LIMIT 1   [ RunTime:0.0005s ]
SQL: SELECT COUNT(*) AS tp_count FROM `think_project` WHERE `type_name` = '其他省部级纵向项目' LIMIT 1   [ RunTime:0.0004s ]
SQL: SELECT COUNT(*) AS tp_count FROM `think_project` WHERE `type_name` = '产学研横向合作项目' LIMIT 1   [ RunTime:0.0005s ]
SQL: SELECT COUNT(*) AS tp_count FROM `think_project` WHERE `user_id` = 2 AND `type_name` = '863计划课题' LIMIT 1   [ RunTime:0.0005s ]
SQL: SELECT * FROM `think_project` WHERE `user_id` = 2 AND `type_name` = '863计划课题' LIMIT 0,10   [ RunTime:0.0005s ]
INFO: [ view_parse ] --START--
INFO: [ template_filter ] --START--
INFO: Run Behavior\ContentReplaceBehavior [ RunTime:0.000298s ]
INFO: [ template_filter ] --END-- [ RunTime:0.000550s ]
NOTIC: [8] Undefined variable: SearchAction C:\Mess\Applications\wamp64\www\PaperManager\Application\Runtime\Cache\Home\3262da1018e6d08f96882c4389ffebc8.php 第 281 行.
INFO: Run Behavior\ParseTemplateBehavior [ RunTime:0.130661s ]
INFO: [ view_parse ] --END-- [ RunTime:0.130908s ]
INFO: [ view_filter ] --START--
INFO: Run Behavior\WriteHtmlCacheBehavior [ RunTime:0.000983s ]
INFO: [ view_filter ] --END-- [ RunTime:0.001221s ]
INFO: [ app_end ] --START--
INFO: Run Behavior\ShowPageTraceBehavior [ RunTime:0.001298s ]
INFO: [ app_end ] --END-- [ RunTime:0.001562s ]

[ 2017-04-25T09:06:03+08:00 ] ::1 /PaperManager/index.php/Home/Project/my_project/project_type/3
INFO: [ app_init ] --START--
INFO: Run Behavior\BuildLiteBehavior [ RunTime:0.000043s ]
INFO: [ app_init ] --END-- [ RunTime:0.000692s ]
INFO: [ app_begin ] --START--
INFO: Run Behavior\ReadHtmlCacheBehavior [ RunTime:0.001259s ]
INFO: [ app_begin ] --END-- [ RunTime:0.001524s ]
NOTIC: [8] Use of undefined constant uid - assumed 'uid' C:\Mess\Applications\wamp64\www\PaperManager\ThinkPHP\Library\Think\Controller.class.php 第 307 行.
SQL: SHOW COLUMNS FROM `think_project_type` [ RunTime:0.0008s ]
SQL: SELECT * FROM `think_project_type`  [ RunTime:0.0007s ]
SQL: SHOW COLUMNS FROM `think_project` [ RunTime:0.0008s ]
SQL: SELECT COUNT(*) AS tp_count FROM `think_project` WHERE `type_name` = '国家自然科学基金项目' LIMIT 1   [ RunTime:0.0005s ]
SQL: SELECT COUNT(*) AS tp_count FROM `think_project` WHERE `type_name` = '863计划课题' LIMIT 1   [ RunTime:0.0003s ]
SQL: SELECT COUNT(*) AS tp_count FROM `think_project` WHERE `type_name` = '973计划课题' LIMIT 1   [ RunTime:0.0003s ]
SQL: SELECT COUNT(*) AS tp_count FROM `think_project` WHERE `type_name` = '国家科技支撑计划课题' LIMIT 1   [ RunTime:0.0004s ]
SQL: SELECT COUNT(*) AS tp_count FROM `think_project` WHERE `type_name` = '国家重点研发计划课题' LIMIT 1   [ RunTime:0.0004s ]
SQL: SELECT COUNT(*) AS tp_count FROM `think_project` WHERE `type_name` = '其他国家级纵向项目' LIMIT 1   [ RunTime:0.0004s ]
SQL: SELECT COUNT(*) AS tp_count FROM `think_project` WHERE `type_name` = '中国博士后科学基金资助' LIMIT 1   [ RunTime:0.0006s ]
SQL: SELECT COUNT(*) AS tp_count FROM `think_project` WHERE `type_name` = '省自然科学基金项目' LIMIT 1   [ RunTime:0.0003s ]
SQL: SELECT COUNT(*) AS tp_count FROM `think_project` WHERE `type_name` = '其他省部级纵向项目' LIMIT 1   [ RunTime:0.0004s ]
SQL: SELECT COUNT(*) AS tp_count FROM `think_project` WHERE `type_name` = '产学研横向合作项目' LIMIT 1   [ RunTime:0.0004s ]
SQL: SELECT COUNT(*) AS tp_count FROM `think_project` WHERE `user_id` = 2 AND `type_name` = '973计划课题' LIMIT 1   [ RunTime:0.0004s ]
SQL: SELECT * FROM `think_project` WHERE `user_id` = 2 AND `type_name` = '973计划课题' LIMIT 0,10   [ RunTime:0.0006s ]
INFO: [ view_parse ] --START--
INFO: [ template_filter ] --START--
INFO: Run Behavior\ContentReplaceBehavior [ RunTime:0.000300s ]
INFO: [ template_filter ] --END-- [ RunTime:0.000540s ]
NOTIC: [8] Undefined variable: SearchAction C:\Mess\Applications\wamp64\www\PaperManager\Application\Runtime\Cache\Home\3262da1018e6d08f96882c4389ffebc8.php 第 281 行.
INFO: Run Behavior\ParseTemplateBehavior [ RunTime:0.105295s ]
INFO: [ view_parse ] --END-- [ RunTime:0.105495s ]
INFO: [ view_filter ] --START--
INFO: Run Behavior\WriteHtmlCacheBehavior [ RunTime:0.000592s ]
INFO: [ view_filter ] --END-- [ RunTime:0.000716s ]
INFO: [ app_end ] --START--
INFO: Run Behavior\ShowPageTraceBehavior [ RunTime:0.002328s ]
INFO: [ app_end ] --END-- [ RunTime:0.002568s ]

[ 2017-04-25T09:06:04+08:00 ] ::1 /PaperManager/index.php/Home/Project/my_project/project_type/4
INFO: [ app_init ] --START--
INFO: Run Behavior\BuildLiteBehavior [ RunTime:0.000024s ]
INFO: [ app_init ] --END-- [ RunTime:0.000418s ]
INFO: [ app_begin ] --START--
INFO: Run Behavior\ReadHtmlCacheBehavior [ RunTime:0.000669s ]
INFO: [ app_begin ] --END-- [ RunTime:0.000796s ]
NOTIC: [8] Use of undefined constant uid - assumed 'uid' C:\Mess\Applications\wamp64\www\PaperManager\ThinkPHP\Library\Think\Controller.class.php 第 307 行.
SQL: SHOW COLUMNS FROM `think_project_type` [ RunTime:0.0013s ]
SQL: SELECT * FROM `think_project_type`  [ RunTime:0.0003s ]
SQL: SHOW COLUMNS FROM `think_project` [ RunTime:0.0007s ]
SQL: SELECT COUNT(*) AS tp_count FROM `think_project` WHERE `type_name` = '国家自然科学基金项目' LIMIT 1   [ RunTime:0.0004s ]
SQL: SELECT COUNT(*) AS tp_count FROM `think_project` WHERE `type_name` = '863计划课题' LIMIT 1   [ RunTime:0.0003s ]
SQL: SELECT COUNT(*) AS tp_count FROM `think_project` WHERE `type_name` = '973计划课题' LIMIT 1   [ RunTime:0.0002s ]
SQL: SELECT COUNT(*) AS tp_count FROM `think_project` WHERE `type_name` = '国家科技支撑计划课题' LIMIT 1   [ RunTime:0.0002s ]
SQL: SELECT COUNT(*) AS tp_count FROM `think_project` WHERE `type_name` = '国家重点研发计划课题' LIMIT 1   [ RunTime:0.0002s ]
SQL: SELECT COUNT(*) AS tp_count FROM `think_project` WHERE `type_name` = '其他国家级纵向项目' LIMIT 1   [ RunTime:0.0002s ]
SQL: SELECT COUNT(*) AS tp_count FROM `think_project` WHERE `type_name` = '中国博士后科学基金资助' LIMIT 1   [ RunTime:0.0002s ]
SQL: SELECT COUNT(*) AS tp_count FROM `think_project` WHERE `type_name` = '省自然科学基金项目' LIMIT 1   [ RunTime:0.0002s ]
SQL: SELECT COUNT(*) AS tp_count FROM `think_project` WHERE `type_name` = '其他省部级纵向项目' LIMIT 1   [ RunTime:0.0002s ]
SQL: SELECT COUNT(*) AS tp_count FROM `think_project` WHERE `type_name` = '产学研横向合作项目' LIMIT 1   [ RunTime:0.0002s ]
SQL: SELECT COUNT(*) AS tp_count FROM `think_project` WHERE `user_id` = 2 AND `type_name` = '国家科技支撑计划课题' LIMIT 1   [ RunTime:0.0002s ]
SQL: SELECT * FROM `think_project` WHERE `user_id` = 2 AND `type_name` = '国家科技支撑计划课题' LIMIT 0,10   [ RunTime:0.0004s ]
INFO: [ view_parse ] --START--
INFO: [ template_filter ] --START--
INFO: Run Behavior\ContentReplaceBehavior [ RunTime:0.000192s ]
INFO: [ template_filter ] --END-- [ RunTime:0.000328s ]
NOTIC: [8] Undefined variable: SearchAction C:\Mess\Applications\wamp64\www\PaperManager\Application\Runtime\Cache\Home\3262da1018e6d08f96882c4389ffebc8.php 第 281 行.
INFO: Run Behavior\ParseTemplateBehavior [ RunTime:0.063024s ]
INFO: [ view_parse ] --END-- [ RunTime:0.063157s ]
INFO: [ view_filter ] --START--
INFO: Run Behavior\WriteHtmlCacheBehavior [ RunTime:0.000554s ]
INFO: [ view_filter ] --END-- [ RunTime:0.000667s ]
INFO: [ app_end ] --START--
INFO: Run Behavior\ShowPageTraceBehavior [ RunTime:0.000866s ]
INFO: [ app_end ] --END-- [ RunTime:0.001081s ]

[ 2017-04-25T09:06:05+08:00 ] ::1 /PaperManager/index.php/Home/Project/my_project/project_type/5
INFO: [ app_init ] --START--
INFO: Run Behavior\BuildLiteBehavior [ RunTime:0.000027s ]
INFO: [ app_init ] --END-- [ RunTime:0.000425s ]
INFO: [ app_begin ] --START--
INFO: Run Behavior\ReadHtmlCacheBehavior [ RunTime:0.000988s ]
INFO: [ app_begin ] --END-- [ RunTime:0.001181s ]
NOTIC: [8] Use of undefined constant uid - assumed 'uid' C:\Mess\Applications\wamp64\www\PaperManager\ThinkPHP\Library\Think\Controller.class.php 第 307 行.
SQL: SHOW COLUMNS FROM `think_project_type` [ RunTime:0.0006s ]
SQL: SELECT * FROM `think_project_type`  [ RunTime:0.0003s ]
SQL: SHOW COLUMNS FROM `think_project` [ RunTime:0.0005s ]
SQL: SELECT COUNT(*) AS tp_count FROM `think_project` WHERE `type_name` = '国家自然科学基金项目' LIMIT 1   [ RunTime:0.0003s ]
SQL: SELECT COUNT(*) AS tp_count FROM `think_project` WHERE `type_name` = '863计划课题' LIMIT 1   [ RunTime:0.0003s ]
SQL: SELECT COUNT(*) AS tp_count FROM `think_project` WHERE `type_name` = '973计划课题' LIMIT 1   [ RunTime:0.0003s ]
SQL: SELECT COUNT(*) AS tp_count FROM `think_project` WHERE `type_name` = '国家科技支撑计划课题' LIMIT 1   [ RunTime:0.0004s ]
SQL: SELECT COUNT(*) AS tp_count FROM `think_project` WHERE `type_name` = '国家重点研发计划课题' LIMIT 1   [ RunTime:0.0002s ]
SQL: SELECT COUNT(*) AS tp_count FROM `think_project` WHERE `type_name` = '其他国家级纵向项目' LIMIT 1   [ RunTime:0.0002s ]
SQL: SELECT COUNT(*) AS tp_count FROM `think_project` WHERE `type_name` = '中国博士后科学基金资助' LIMIT 1   [ RunTime:0.0002s ]
SQL: SELECT COUNT(*) AS tp_count FROM `think_project` WHERE `type_name` = '省自然科学基金项目' LIMIT 1   [ RunTime:0.0002s ]
SQL: SELECT COUNT(*) AS tp_count FROM `think_project` WHERE `type_name` = '其他省部级纵向项目' LIMIT 1   [ RunTime:0.0002s ]
SQL: SELECT COUNT(*) AS tp_count FROM `think_project` WHERE `type_name` = '产学研横向合作项目' LIMIT 1   [ RunTime:0.0003s ]
SQL: SELECT COUNT(*) AS tp_count FROM `think_project` WHERE `user_id` = 2 AND `type_name` = '国家重点研发计划课题' LIMIT 1   [ RunTime:0.0003s ]
SQL: SELECT * FROM `think_project` WHERE `user_id` = 2 AND `type_name` = '国家重点研发计划课题' LIMIT 0,10   [ RunTime:0.0004s ]
INFO: [ view_parse ] --START--
INFO: [ template_filter ] --START--
INFO: Run Behavior\ContentReplaceBehavior [ RunTime:0.000164s ]
INFO: [ template_filter ] --END-- [ RunTime:0.000288s ]
NOTIC: [8] Undefined variable: SearchAction C:\Mess\Applications\wamp64\www\PaperManager\Application\Runtime\Cache\Home\3262da1018e6d08f96882c4389ffebc8.php 第 281 行.
INFO: Run Behavior\ParseTemplateBehavior [ RunTime:0.016238s ]
INFO: [ view_parse ] --END-- [ RunTime:0.016385s ]
INFO: [ view_filter ] --START--
INFO: Run Behavior\WriteHtmlCacheBehavior [ RunTime:0.000544s ]
INFO: [ view_filter ] --END-- [ RunTime:0.000659s ]
INFO: [ app_end ] --START--
INFO: Run Behavior\ShowPageTraceBehavior [ RunTime:0.001017s ]
INFO: [ app_end ] --END-- [ RunTime:0.001266s ]

[ 2017-04-25T09:06:06+08:00 ] ::1 /PaperManager/index.php/Home/Project/my_project/project_type/6
INFO: [ app_init ] --START--
INFO: Run Behavior\BuildLiteBehavior [ RunTime:0.000026s ]
INFO: [ app_init ] --END-- [ RunTime:0.000437s ]
INFO: [ app_begin ] --START--
INFO: Run Behavior\ReadHtmlCacheBehavior [ RunTime:0.000659s ]
INFO: [ app_begin ] --END-- [ RunTime:0.000783s ]
NOTIC: [8] Use of undefined constant uid - assumed 'uid' C:\Mess\Applications\wamp64\www\PaperManager\ThinkPHP\Library\Think\Controller.class.php 第 307 行.
SQL: SHOW COLUMNS FROM `think_project_type` [ RunTime:0.0010s ]
SQL: SELECT * FROM `think_project_type`  [ RunTime:0.0003s ]
SQL: SHOW COLUMNS FROM `think_project` [ RunTime:0.0005s ]
SQL: SELECT COUNT(*) AS tp_count FROM `think_project` WHERE `type_name` = '国家自然科学基金项目' LIMIT 1   [ RunTime:0.0003s ]
SQL: SELECT COUNT(*) AS tp_count FROM `think_project` WHERE `type_name` = '863计划课题' LIMIT 1   [ RunTime:0.0003s ]
SQL: SELECT COUNT(*) AS tp_count FROM `think_project` WHERE `type_name` = '973计划课题' LIMIT 1   [ RunTime:0.0002s ]
SQL: SELECT COUNT(*) AS tp_count FROM `think_project` WHERE `type_name` = '国家科技支撑计划课题' LIMIT 1   [ RunTime:0.0003s ]
SQL: SELECT COUNT(*) AS tp_count FROM `think_project` WHERE `type_name` = '国家重点研发计划课题' LIMIT 1   [ RunTime:0.0003s ]
SQL: SELECT COUNT(*) AS tp_count FROM `think_project` WHERE `type_name` = '其他国家级纵向项目' LIMIT 1   [ RunTime:0.0003s ]
SQL: SELECT COUNT(*) AS tp_count FROM `think_project` WHERE `type_name` = '中国博士后科学基金资助' LIMIT 1   [ RunTime:0.0003s ]
SQL: SELECT COUNT(*) AS tp_count FROM `think_project` WHERE `type_name` = '省自然科学基金项目' LIMIT 1   [ RunTime:0.0002s ]
SQL: SELECT COUNT(*) AS tp_count FROM `think_project` WHERE `type_name` = '其他省部级纵向项目' LIMIT 1   [ RunTime:0.0002s ]
SQL: SELECT COUNT(*) AS tp_count FROM `think_project` WHERE `type_name` = '产学研横向合作项目' LIMIT 1   [ RunTime:0.0002s ]
SQL: SELECT COUNT(*) AS tp_count FROM `think_project` WHERE `user_id` = 2 AND `type_name` = '其他国家级纵向项目' LIMIT 1   [ RunTime:0.0002s ]
SQL: SELECT * FROM `think_project` WHERE `user_id` = 2 AND `type_name` = '其他国家级纵向项目' LIMIT 0,10   [ RunTime:0.0005s ]
INFO: [ view_parse ] --START--
INFO: [ template_filter ] --START--
INFO: Run Behavior\ContentReplaceBehavior [ RunTime:0.000161s ]
INFO: [ template_filter ] --END-- [ RunTime:0.000287s ]
NOTIC: [8] Undefined variable: SearchAction C:\Mess\Applications\wamp64\www\PaperManager\Application\Runtime\Cache\Home\3262da1018e6d08f96882c4389ffebc8.php 第 281 行.
INFO: Run Behavior\ParseTemplateBehavior [ RunTime:0.062340s ]
INFO: [ view_parse ] --END-- [ RunTime:0.062499s ]
INFO: [ view_filter ] --START--
INFO: Run Behavior\WriteHtmlCacheBehavior [ RunTime:0.000624s ]
INFO: [ view_filter ] --END-- [ RunTime:0.000755s ]
INFO: [ app_end ] --START--
INFO: Run Behavior\ShowPageTraceBehavior [ RunTime:0.000875s ]
INFO: [ app_end ] --END-- [ RunTime:0.001093s ]

[ 2017-04-25T09:06:06+08:00 ] ::1 /PaperManager/index.php/Home/Project/my_project/project_type/7
INFO: [ app_init ] --START--
INFO: Run Behavior\BuildLiteBehavior [ RunTime:0.000025s ]
INFO: [ app_init ] --END-- [ RunTime:0.000425s ]
INFO: [ app_begin ] --START--
INFO: Run Behavior\ReadHtmlCacheBehavior [ RunTime:0.000798s ]
INFO: [ app_begin ] --END-- [ RunTime:0.001005s ]
NOTIC: [8] Use of undefined constant uid - assumed 'uid' C:\Mess\Applications\wamp64\www\PaperManager\ThinkPHP\Library\Think\Controller.class.php 第 307 行.
SQL: SHOW COLUMNS FROM `think_project_type` [ RunTime:0.0008s ]
SQL: SELECT * FROM `think_project_type`  [ RunTime:0.0004s ]
SQL: SHOW COLUMNS FROM `think_project` [ RunTime:0.0007s ]
SQL: SELECT COUNT(*) AS tp_count FROM `think_project` WHERE `type_name` = '国家自然科学基金项目' LIMIT 1   [ RunTime:0.0003s ]
SQL: SELECT COUNT(*) AS tp_count FROM `think_project` WHERE `type_name` = '863计划课题' LIMIT 1   [ RunTime:0.0002s ]
SQL: SELECT COUNT(*) AS tp_count FROM `think_project` WHERE `type_name` = '973计划课题' LIMIT 1   [ RunTime:0.0002s ]
SQL: SELECT COUNT(*) AS tp_count FROM `think_project` WHERE `type_name` = '国家科技支撑计划课题' LIMIT 1   [ RunTime:0.0002s ]
SQL: SELECT COUNT(*) AS tp_count FROM `think_project` WHERE `type_name` = '国家重点研发计划课题' LIMIT 1   [ RunTime:0.0003s ]
SQL: SELECT COUNT(*) AS tp_count FROM `think_project` WHERE `type_name` = '其他国家级纵向项目' LIMIT 1   [ RunTime:0.0004s ]
SQL: SELECT COUNT(*) AS tp_count FROM `think_project` WHERE `type_name` = '中国博士后科学基金资助' LIMIT 1   [ RunTime:0.0003s ]
SQL: SELECT COUNT(*) AS tp_count FROM `think_project` WHERE `type_name` = '省自然科学基金项目' LIMIT 1   [ RunTime:0.0003s ]
SQL: SELECT COUNT(*) AS tp_count FROM `think_project` WHERE `type_name` = '其他省部级纵向项目' LIMIT 1   [ RunTime:0.0003s ]
SQL: SELECT COUNT(*) AS tp_count FROM `think_project` WHERE `type_name` = '产学研横向合作项目' LIMIT 1   [ RunTime:0.0003s ]
SQL: SELECT COUNT(*) AS tp_count FROM `think_project` WHERE `user_id` = 2 AND `type_name` = '中国博士后科学基金资助' LIMIT 1   [ RunTime:0.0003s ]
SQL: SELECT * FROM `think_project` WHERE `user_id` = 2 AND `type_name` = '中国博士后科学基金资助' LIMIT 0,10   [ RunTime:0.0003s ]
INFO: [ view_parse ] --START--
INFO: [ template_filter ] --START--
INFO: Run Behavior\ContentReplaceBehavior [ RunTime:0.000171s ]
INFO: [ template_filter ] --END-- [ RunTime:0.000301s ]
NOTIC: [8] Undefined variable: SearchAction C:\Mess\Applications\wamp64\www\PaperManager\Application\Runtime\Cache\Home\3262da1018e6d08f96882c4389ffebc8.php 第 281 行.
INFO: Run Behavior\ParseTemplateBehavior [ RunTime:0.064897s ]
INFO: [ view_parse ] --END-- [ RunTime:0.065027s ]
INFO: [ view_filter ] --START--
INFO: Run Behavior\WriteHtmlCacheBehavior [ RunTime:0.000682s ]
INFO: [ view_filter ] --END-- [ RunTime:0.000818s ]
INFO: [ app_end ] --START--
INFO: Run Behavior\ShowPageTraceBehavior [ RunTime:0.000895s ]
INFO: [ app_end ] --END-- [ RunTime:0.001245s ]

[ 2017-04-25T09:06:07+08:00 ] ::1 /PaperManager/index.php/Home/Project/my_project/project_type/8
INFO: [ app_init ] --START--
INFO: Run Behavior\BuildLiteBehavior [ RunTime:0.000026s ]
INFO: [ app_init ] --END-- [ RunTime:0.000453s ]
INFO: [ app_begin ] --START--
INFO: Run Behavior\ReadHtmlCacheBehavior [ RunTime:0.000694s ]
INFO: [ app_begin ] --END-- [ RunTime:0.000832s ]
NOTIC: [8] Use of undefined constant uid - assumed 'uid' C:\Mess\Applications\wamp64\www\PaperManager\ThinkPHP\Library\Think\Controller.class.php 第 307 行.
SQL: SHOW COLUMNS FROM `think_project_type` [ RunTime:0.0008s ]
SQL: SELECT * FROM `think_project_type`  [ RunTime:0.0003s ]
SQL: SHOW COLUMNS FROM `think_project` [ RunTime:0.0006s ]
SQL: SELECT COUNT(*) AS tp_count FROM `think_project` WHERE `type_name` = '国家自然科学基金项目' LIMIT 1   [ RunTime:0.0003s ]
SQL: SELECT COUNT(*) AS tp_count FROM `think_project` WHERE `type_name` = '863计划课题' LIMIT 1   [ RunTime:0.0003s ]
SQL: SELECT COUNT(*) AS tp_count FROM `think_project` WHERE `type_name` = '973计划课题' LIMIT 1   [ RunTime:0.0003s ]
SQL: SELECT COUNT(*) AS tp_count FROM `think_project` WHERE `type_name` = '国家科技支撑计划课题' LIMIT 1   [ RunTime:0.0003s ]
SQL: SELECT COUNT(*) AS tp_count FROM `think_project` WHERE `type_name` = '国家重点研发计划课题' LIMIT 1   [ RunTime:0.0002s ]
SQL: SELECT COUNT(*) AS tp_count FROM `think_project` WHERE `type_name` = '其他国家级纵向项目' LIMIT 1   [ RunTime:0.0002s ]
SQL: SELECT COUNT(*) AS tp_count FROM `think_project` WHERE `type_name` = '中国博士后科学基金资助' LIMIT 1   [ RunTime:0.0002s ]
SQL: SELECT COUNT(*) AS tp_count FROM `think_project` WHERE `type_name` = '省自然科学基金项目' LIMIT 1   [ RunTime:0.0002s ]
SQL: SELECT COUNT(*) AS tp_count FROM `think_project` WHERE `type_name` = '其他省部级纵向项目' LIMIT 1   [ RunTime:0.0002s ]
SQL: SELECT COUNT(*) AS tp_count FROM `think_project` WHERE `type_name` = '产学研横向合作项目' LIMIT 1   [ RunTime:0.0002s ]
SQL: SELECT COUNT(*) AS tp_count FROM `think_project` WHERE `user_id` = 2 AND `type_name` = '省自然科学基金项目' LIMIT 1   [ RunTime:0.0004s ]
SQL: SELECT * FROM `think_project` WHERE `user_id` = 2 AND `type_name` = '省自然科学基金项目' LIMIT 0,10   [ RunTime:0.0004s ]
INFO: [ view_parse ] --START--
INFO: [ template_filter ] --START--
INFO: Run Behavior\ContentReplaceBehavior [ RunTime:0.000193s ]
INFO: [ template_filter ] --END-- [ RunTime:0.000325s ]
NOTIC: [8] Undefined variable: SearchAction C:\Mess\Applications\wamp64\www\PaperManager\Application\Runtime\Cache\Home\3262da1018e6d08f96882c4389ffebc8.php 第 281 行.
INFO: Run Behavior\ParseTemplateBehavior [ RunTime:0.015295s ]
INFO: [ view_parse ] --END-- [ RunTime:0.015471s ]
INFO: [ view_filter ] --START--
INFO: Run Behavior\WriteHtmlCacheBehavior [ RunTime:0.000911s ]
INFO: [ view_filter ] --END-- [ RunTime:0.001078s ]
INFO: [ app_end ] --START--
INFO: Run Behavior\ShowPageTraceBehavior [ RunTime:0.000911s ]
INFO: [ app_end ] --END-- [ RunTime:0.001092s ]

[ 2017-04-25T09:06:07+08:00 ] ::1 /PaperManager/index.php/Home/Project/my_project/project_type/9
INFO: [ app_init ] --START--
INFO: Run Behavior\BuildLiteBehavior [ RunTime:0.000026s ]
INFO: [ app_init ] --END-- [ RunTime:0.000438s ]
INFO: [ app_begin ] --START--
INFO: Run Behavior\ReadHtmlCacheBehavior [ RunTime:0.000677s ]
INFO: [ app_begin ] --END-- [ RunTime:0.000803s ]
NOTIC: [8] Use of undefined constant uid - assumed 'uid' C:\Mess\Applications\wamp64\www\PaperManager\ThinkPHP\Library\Think\Controller.class.php 第 307 行.
SQL: SHOW COLUMNS FROM `think_project_type` [ RunTime:0.0008s ]
SQL: SELECT * FROM `think_project_type`  [ RunTime:0.0004s ]
SQL: SHOW COLUMNS FROM `think_project` [ RunTime:0.0006s ]
SQL: SELECT COUNT(*) AS tp_count FROM `think_project` WHERE `type_name` = '国家自然科学基金项目' LIMIT 1   [ RunTime:0.0003s ]
SQL: SELECT COUNT(*) AS tp_count FROM `think_project` WHERE `type_name` = '863计划课题' LIMIT 1   [ RunTime:0.0003s ]
SQL: SELECT COUNT(*) AS tp_count FROM `think_project` WHERE `type_name` = '973计划课题' LIMIT 1   [ RunTime:0.0003s ]
SQL: SELECT COUNT(*) AS tp_count FROM `think_project` WHERE `type_name` = '国家科技支撑计划课题' LIMIT 1   [ RunTime:0.0003s ]
SQL: SELECT COUNT(*) AS tp_count FROM `think_project` WHERE `type_name` = '国家重点研发计划课题' LIMIT 1   [ RunTime:0.0003s ]
SQL: SELECT COUNT(*) AS tp_count FROM `think_project` WHERE `type_name` = '其他国家级纵向项目' LIMIT 1   [ RunTime:0.0004s ]
SQL: SELECT COUNT(*) AS tp_count FROM `think_project` WHERE `type_name` = '中国博士后科学基金资助' LIMIT 1   [ RunTime:0.0005s ]
SQL: SELECT COUNT(*) AS tp_count FROM `think_project` WHERE `type_name` = '省自然科学基金项目' LIMIT 1   [ RunTime:0.0003s ]
SQL: SELECT COUNT(*) AS tp_count FROM `think_project` WHERE `type_name` = '其他省部级纵向项目' LIMIT 1   [ RunTime:0.0003s ]
SQL: SELECT COUNT(*) AS tp_count FROM `think_project` WHERE `type_name` = '产学研横向合作项目' LIMIT 1   [ RunTime:0.0003s ]
SQL: SELECT COUNT(*) AS tp_count FROM `think_project` WHERE `user_id` = 2 AND `type_name` = '其他省部级纵向项目' LIMIT 1   [ RunTime:0.0003s ]
SQL: SELECT * FROM `think_project` WHERE `user_id` = 2 AND `type_name` = '其他省部级纵向项目' LIMIT 0,10   [ RunTime:0.0003s ]
INFO: [ view_parse ] --START--
INFO: [ template_filter ] --START--
INFO: Run Behavior\ContentReplaceBehavior [ RunTime:0.000168s ]
INFO: [ template_filter ] --END-- [ RunTime:0.000333s ]
NOTIC: [8] Undefined variable: SearchAction C:\Mess\Applications\wamp64\www\PaperManager\Application\Runtime\Cache\Home\3262da1018e6d08f96882c4389ffebc8.php 第 281 行.
INFO: Run Behavior\ParseTemplateBehavior [ RunTime:0.015726s ]
INFO: [ view_parse ] --END-- [ RunTime:0.015938s ]
INFO: [ view_filter ] --START--
INFO: Run Behavior\WriteHtmlCacheBehavior [ RunTime:0.000607s ]
INFO: [ view_filter ] --END-- [ RunTime:0.000727s ]
INFO: [ app_end ] --START--
INFO: Run Behavior\ShowPageTraceBehavior [ RunTime:0.000879s ]
INFO: [ app_end ] --END-- [ RunTime:0.001059s ]

[ 2017-04-25T09:06:08+08:00 ] ::1 /PaperManager/index.php/Home/Project/my_project/project_type/10
INFO: [ app_init ] --START--
INFO: Run Behavior\BuildLiteBehavior [ RunTime:0.000024s ]
INFO: [ app_init ] --END-- [ RunTime:0.000450s ]
INFO: [ app_begin ] --START--
INFO: Run Behavior\ReadHtmlCacheBehavior [ RunTime:0.000636s ]
INFO: [ app_begin ] --END-- [ RunTime:0.000764s ]
NOTIC: [8] Use of undefined constant uid - assumed 'uid' C:\Mess\Applications\wamp64\www\PaperManager\ThinkPHP\Library\Think\Controller.class.php 第 307 行.
SQL: SHOW COLUMNS FROM `think_project_type` [ RunTime:0.0011s ]
SQL: SELECT * FROM `think_project_type`  [ RunTime:0.0004s ]
SQL: SHOW COLUMNS FROM `think_project` [ RunTime:0.0006s ]
SQL: SELECT COUNT(*) AS tp_count FROM `think_project` WHERE `type_name` = '国家自然科学基金项目' LIMIT 1   [ RunTime:0.0004s ]
SQL: SELECT COUNT(*) AS tp_count FROM `think_project` WHERE `type_name` = '863计划课题' LIMIT 1   [ RunTime:0.0003s ]
SQL: SELECT COUNT(*) AS tp_count FROM `think_project` WHERE `type_name` = '973计划课题' LIMIT 1   [ RunTime:0.0003s ]
SQL: SELECT COUNT(*) AS tp_count FROM `think_project` WHERE `type_name` = '国家科技支撑计划课题' LIMIT 1   [ RunTime:0.0003s ]
SQL: SELECT COUNT(*) AS tp_count FROM `think_project` WHERE `type_name` = '国家重点研发计划课题' LIMIT 1   [ RunTime:0.0003s ]
SQL: SELECT COUNT(*) AS tp_count FROM `think_project` WHERE `type_name` = '其他国家级纵向项目' LIMIT 1   [ RunTime:0.0003s ]
SQL: SELECT COUNT(*) AS tp_count FROM `think_project` WHERE `type_name` = '中国博士后科学基金资助' LIMIT 1   [ RunTime:0.0003s ]
SQL: SELECT COUNT(*) AS tp_count FROM `think_project` WHERE `type_name` = '省自然科学基金项目' LIMIT 1   [ RunTime:0.0003s ]
SQL: SELECT COUNT(*) AS tp_count FROM `think_project` WHERE `type_name` = '其他省部级纵向项目' LIMIT 1   [ RunTime:0.0003s ]
SQL: SELECT COUNT(*) AS tp_count FROM `think_project` WHERE `type_name` = '产学研横向合作项目' LIMIT 1   [ RunTime:0.0003s ]
SQL: SELECT COUNT(*) AS tp_count FROM `think_project` WHERE `user_id` = 2 AND `type_name` = '产学研横向合作项目' LIMIT 1   [ RunTime:0.0003s ]
SQL: SELECT * FROM `think_project` WHERE `user_id` = 2 AND `type_name` = '产学研横向合作项目' LIMIT 0,10   [ RunTime:0.0004s ]
INFO: [ view_parse ] --START--
INFO: [ template_filter ] --START--
INFO: Run Behavior\ContentReplaceBehavior [ RunTime:0.000163s ]
INFO: [ template_filter ] --END-- [ RunTime:0.000300s ]
NOTIC: [8] Undefined variable: SearchAction C:\Mess\Applications\wamp64\www\PaperManager\Application\Runtime\Cache\Home\3262da1018e6d08f96882c4389ffebc8.php 第 281 行.
INFO: Run Behavior\ParseTemplateBehavior [ RunTime:0.064600s ]
INFO: [ view_parse ] --END-- [ RunTime:0.064742s ]
INFO: [ view_filter ] --START--
INFO: Run Behavior\WriteHtmlCacheBehavior [ RunTime:0.000648s ]
INFO: [ view_filter ] --END-- [ RunTime:0.000766s ]
INFO: [ app_end ] --START--
INFO: Run Behavior\ShowPageTraceBehavior [ RunTime:0.001133s ]
INFO: [ app_end ] --END-- [ RunTime:0.001290s ]

[ 2017-04-25T09:06:09+08:00 ] ::1 /PaperManager/index.php/Home/Project/my_project/project_type/1
INFO: [ app_init ] --START--
INFO: Run Behavior\BuildLiteBehavior [ RunTime:0.000025s ]
INFO: [ app_init ] --END-- [ RunTime:0.000434s ]
INFO: [ app_begin ] --START--
INFO: Run Behavior\ReadHtmlCacheBehavior [ RunTime:0.000650s ]
INFO: [ app_begin ] --END-- [ RunTime:0.000786s ]
NOTIC: [8] Use of undefined constant uid - assumed 'uid' C:\Mess\Applications\wamp64\www\PaperManager\ThinkPHP\Library\Think\Controller.class.php 第 307 行.
SQL: SHOW COLUMNS FROM `think_project_type` [ RunTime:0.0007s ]
SQL: SELECT * FROM `think_project_type`  [ RunTime:0.0003s ]
SQL: SHOW COLUMNS FROM `think_project` [ RunTime:0.0005s ]
SQL: SELECT COUNT(*) AS tp_count FROM `think_project` WHERE `type_name` = '国家自然科学基金项目' LIMIT 1   [ RunTime:0.0003s ]
SQL: SELECT COUNT(*) AS tp_count FROM `think_project` WHERE `type_name` = '863计划课题' LIMIT 1   [ RunTime:0.0003s ]
SQL: SELECT COUNT(*) AS tp_count FROM `think_project` WHERE `type_name` = '973计划课题' LIMIT 1   [ RunTime:0.0004s ]
SQL: SELECT COUNT(*) AS tp_count FROM `think_project` WHERE `type_name` = '国家科技支撑计划课题' LIMIT 1   [ RunTime:0.0003s ]
SQL: SELECT COUNT(*) AS tp_count FROM `think_project` WHERE `type_name` = '国家重点研发计划课题' LIMIT 1   [ RunTime:0.0003s ]
SQL: SELECT COUNT(*) AS tp_count FROM `think_project` WHERE `type_name` = '其他国家级纵向项目' LIMIT 1   [ RunTime:0.0003s ]
SQL: SELECT COUNT(*) AS tp_count FROM `think_project` WHERE `type_name` = '中国博士后科学基金资助' LIMIT 1   [ RunTime:0.0003s ]
SQL: SELECT COUNT(*) AS tp_count FROM `think_project` WHERE `type_name` = '省自然科学基金项目' LIMIT 1   [ RunTime:0.0002s ]
SQL: SELECT COUNT(*) AS tp_count FROM `think_project` WHERE `type_name` = '其他省部级纵向项目' LIMIT 1   [ RunTime:0.0003s ]
SQL: SELECT COUNT(*) AS tp_count FROM `think_project` WHERE `type_name` = '产学研横向合作项目' LIMIT 1   [ RunTime:0.0003s ]
SQL: SELECT COUNT(*) AS tp_count FROM `think_project` WHERE `user_id` = 2 AND `type_name` = '国家自然科学基金项目' LIMIT 1   [ RunTime:0.0004s ]
SQL: SELECT * FROM `think_project` WHERE `user_id` = 2 AND `type_name` = '国家自然科学基金项目' LIMIT 0,10   [ RunTime:0.0005s ]
INFO: [ view_parse ] --START--
INFO: [ template_filter ] --START--
INFO: Run Behavior\ContentReplaceBehavior [ RunTime:0.000155s ]
INFO: [ template_filter ] --END-- [ RunTime:0.000304s ]
NOTIC: [8] Undefined variable: SearchAction C:\Mess\Applications\wamp64\www\PaperManager\Application\Runtime\Cache\Home\3262da1018e6d08f96882c4389ffebc8.php 第 281 行.
NOTIC: [8] Undefined index: detail_link C:\Mess\Applications\wamp64\www\PaperManager\Application\Runtime\Cache\Home\3262da1018e6d08f96882c4389ffebc8.php 第 293 行.
NOTIC: [8] Undefined index: detail_link C:\Mess\Applications\wamp64\www\PaperManager\Application\Runtime\Cache\Home\3262da1018e6d08f96882c4389ffebc8.php 第 293 行.
NOTIC: [8] Undefined index: detail_link C:\Mess\Applications\wamp64\www\PaperManager\Application\Runtime\Cache\Home\3262da1018e6d08f96882c4389ffebc8.php 第 293 行.
NOTIC: [8] Undefined index: detail_link C:\Mess\Applications\wamp64\www\PaperManager\Application\Runtime\Cache\Home\3262da1018e6d08f96882c4389ffebc8.php 第 293 行.
NOTIC: [8] Undefined index: detail_link C:\Mess\Applications\wamp64\www\PaperManager\Application\Runtime\Cache\Home\3262da1018e6d08f96882c4389ffebc8.php 第 293 行.
INFO: Run Behavior\ParseTemplateBehavior [ RunTime:0.062129s ]
INFO: [ view_parse ] --END-- [ RunTime:0.062340s ]
INFO: [ view_filter ] --START--
INFO: Run Behavior\WriteHtmlCacheBehavior [ RunTime:0.000615s ]
INFO: [ view_filter ] --END-- [ RunTime:0.000751s ]
INFO: [ app_end ] --START--
INFO: Run Behavior\ShowPageTraceBehavior [ RunTime:0.000934s ]
INFO: [ app_end ] --END-- [ RunTime:0.001078s ]

[ 2017-04-25T09:06:15+08:00 ] ::1 /PaperManager/index.php/Home/Project/my_project
INFO: [ app_init ] --START--
INFO: Run Behavior\BuildLiteBehavior [ RunTime:0.000025s ]
INFO: [ app_init ] --END-- [ RunTime:0.000447s ]
INFO: [ app_begin ] --START--
INFO: Run Behavior\ReadHtmlCacheBehavior [ RunTime:0.000640s ]
INFO: [ app_begin ] --END-- [ RunTime:0.000766s ]
NOTIC: [8] Use of undefined constant uid - assumed 'uid' C:\Mess\Applications\wamp64\www\PaperManager\ThinkPHP\Library\Think\Controller.class.php 第 307 行.
SQL: SHOW COLUMNS FROM `think_project_type` [ RunTime:0.0007s ]
SQL: SELECT * FROM `think_project_type`  [ RunTime:0.0003s ]
SQL: SHOW COLUMNS FROM `think_project` [ RunTime:0.0005s ]
SQL: SELECT COUNT(*) AS tp_count FROM `think_project` WHERE `type_name` = '国家自然科学基金项目' LIMIT 1   [ RunTime:0.0003s ]
SQL: SELECT COUNT(*) AS tp_count FROM `think_project` WHERE `type_name` = '863计划课题' LIMIT 1   [ RunTime:0.0003s ]
SQL: SELECT COUNT(*) AS tp_count FROM `think_project` WHERE `type_name` = '973计划课题' LIMIT 1   [ RunTime:0.0003s ]
SQL: SELECT COUNT(*) AS tp_count FROM `think_project` WHERE `type_name` = '国家科技支撑计划课题' LIMIT 1   [ RunTime:0.0003s ]
SQL: SELECT COUNT(*) AS tp_count FROM `think_project` WHERE `type_name` = '国家重点研发计划课题' LIMIT 1   [ RunTime:0.0003s ]
SQL: SELECT COUNT(*) AS tp_count FROM `think_project` WHERE `type_name` = '其他国家级纵向项目' LIMIT 1   [ RunTime:0.0003s ]
SQL: SELECT COUNT(*) AS tp_count FROM `think_project` WHERE `type_name` = '中国博士后科学基金资助' LIMIT 1   [ RunTime:0.0004s ]
SQL: SELECT COUNT(*) AS tp_count FROM `think_project` WHERE `type_name` = '省自然科学基金项目' LIMIT 1   [ RunTime:0.0003s ]
SQL: SELECT COUNT(*) AS tp_count FROM `think_project` WHERE `type_name` = '其他省部级纵向项目' LIMIT 1   [ RunTime:0.0003s ]
SQL: SELECT COUNT(*) AS tp_count FROM `think_project` WHERE `type_name` = '产学研横向合作项目' LIMIT 1   [ RunTime:0.0002s ]
SQL: SELECT COUNT(*) AS tp_count FROM `think_project` WHERE `user_id` = 2 LIMIT 1   [ RunTime:0.0002s ]
SQL: SELECT * FROM `think_project` WHERE `user_id` = 2 LIMIT 0,10   [ RunTime:0.0004s ]
INFO: [ view_parse ] --START--
INFO: [ template_filter ] --START--
INFO: Run Behavior\ContentReplaceBehavior [ RunTime:0.000162s ]
INFO: [ template_filter ] --END-- [ RunTime:0.000353s ]
NOTIC: [8] Undefined variable: SearchAction C:\Mess\Applications\wamp64\www\PaperManager\Application\Runtime\Cache\Home\3262da1018e6d08f96882c4389ffebc8.php 第 281 行.
NOTIC: [8] Undefined index: detail_link C:\Mess\Applications\wamp64\www\PaperManager\Application\Runtime\Cache\Home\3262da1018e6d08f96882c4389ffebc8.php 第 293 行.
NOTIC: [8] Undefined index: detail_link C:\Mess\Applications\wamp64\www\PaperManager\Application\Runtime\Cache\Home\3262da1018e6d08f96882c4389ffebc8.php 第 293 行.
NOTIC: [8] Undefined index: detail_link C:\Mess\Applications\wamp64\www\PaperManager\Application\Runtime\Cache\Home\3262da1018e6d08f96882c4389ffebc8.php 第 293 行.
NOTIC: [8] Undefined index: detail_link C:\Mess\Applications\wamp64\www\PaperManager\Application\Runtime\Cache\Home\3262da1018e6d08f96882c4389ffebc8.php 第 293 行.
NOTIC: [8] Undefined index: detail_link C:\Mess\Applications\wamp64\www\PaperManager\Application\Runtime\Cache\Home\3262da1018e6d08f96882c4389ffebc8.php 第 293 行.
INFO: Run Behavior\ParseTemplateBehavior [ RunTime:0.015656s ]
INFO: [ view_parse ] --END-- [ RunTime:0.015799s ]
INFO: [ view_filter ] --START--
INFO: Run Behavior\WriteHtmlCacheBehavior [ RunTime:0.000593s ]
INFO: [ view_filter ] --END-- [ RunTime:0.000723s ]
INFO: [ app_end ] --START--
INFO: Run Behavior\ShowPageTraceBehavior [ RunTime:0.001336s ]
INFO: [ app_end ] --END-- [ RunTime:0.001584s ]

