[ 2018-03-14T11:19:44+08:00 ] 127.0.0.1 /PaperManager/index.php?_ijt=6tk7bbep4ecmt9jqbhkrg2or46
INFO: [ app_init ] --START--
INFO: Run Behavior\BuildLiteBehavior [ RunTime:0.000020s ]
INFO: [ app_init ] --END-- [ RunTime:0.001133s ]
INFO: [ app_begin ] --START--
INFO: Run Behavior\ReadHtmlCacheBehavior [ RunTime:0.000623s ]
INFO: [ app_begin ] --END-- [ RunTime:0.000693s ]
INFO: [ view_parse ] --START--
INFO: [ template_filter ] --START--
INFO: Run Behavior\ContentReplaceBehavior [ RunTime:0.000084s ]
INFO: [ template_filter ] --END-- [ RunTime:0.000131s ]
INFO: Run Behavior\ParseTemplateBehavior [ RunTime:0.008124s ]
INFO: [ view_parse ] --END-- [ RunTime:0.008190s ]
INFO: [ view_filter ] --START--
INFO: Run Behavior\WriteHtmlCacheBehavior [ RunTime:0.000356s ]
INFO: [ view_filter ] --END-- [ RunTime:0.000403s ]
INFO: [ app_end ] --START--
INFO: Run Behavior\ShowPageTraceBehavior [ RunTime:0.000591s ]
INFO: [ app_end ] --END-- [ RunTime:0.000637s ]

[ 2018-03-14T11:21:18+08:00 ] ::1 /PaperManager/index.php
INFO: [ app_init ] --START--
INFO: Run Behavior\BuildLiteBehavior [ RunTime:0.000033s ]
INFO: [ app_init ] --END-- [ RunTime:0.000608s ]
INFO: [ app_begin ] --START--
INFO: Run Behavior\ReadHtmlCacheBehavior [ RunTime:0.000687s ]
INFO: [ app_begin ] --END-- [ RunTime:0.000874s ]
INFO: [ view_parse ] --START--
INFO: [ template_filter ] --START--
INFO: Run Behavior\ContentReplaceBehavior [ RunTime:0.000167s ]
INFO: [ template_filter ] --END-- [ RunTime:0.000330s ]
INFO: Run Behavior\ParseTemplateBehavior [ RunTime:0.012300s ]
INFO: [ view_parse ] --END-- [ RunTime:0.012502s ]
INFO: [ view_filter ] --START--
INFO: Run Behavior\WriteHtmlCacheBehavior [ RunTime:0.000415s ]
INFO: [ view_filter ] --END-- [ RunTime:0.000553s ]
INFO: [ app_end ] --START--
INFO: Run Behavior\ShowPageTraceBehavior [ RunTime:0.001129s ]
INFO: [ app_end ] --END-- [ RunTime:0.001402s ]

[ 2018-03-14T11:21:21+08:00 ] ::1 /PaperManager/index.php/Home/Index/login
INFO: [ app_init ] --START--
INFO: Run Behavior\BuildLiteBehavior [ RunTime:0.000028s ]
INFO: [ app_init ] --END-- [ RunTime:0.000515s ]
INFO: [ app_begin ] --START--
INFO: Run Behavior\ReadHtmlCacheBehavior [ RunTime:0.000571s ]
INFO: [ app_begin ] --END-- [ RunTime:0.000730s ]
SQL: SHOW COLUMNS FROM `think_user` [ RunTime:0.0595s ]
SQL: SELECT * FROM `think_user` WHERE `username` = 'root' AND `password` = '63a9f0ea7bb98050796b649e85481845' LIMIT 1   [ RunTime:0.0014s ]
INFO: [ view_parse ] --START--
INFO: [ template_filter ] --START--
INFO: Run Behavior\ContentReplaceBehavior [ RunTime:0.000221s ]
INFO: [ template_filter ] --END-- [ RunTime:0.000685s ]
INFO: Run Behavior\ParseTemplateBehavior [ RunTime:0.056390s ]
INFO: [ view_parse ] --END-- [ RunTime:0.056809s ]
INFO: [ view_filter ] --START--
INFO: Run Behavior\WriteHtmlCacheBehavior [ RunTime:0.000883s ]
INFO: [ view_filter ] --END-- [ RunTime:0.001148s ]

[ 2018-03-14T11:21:35+08:00 ] 127.0.0.1 /PaperManager/index.php
INFO: [ app_init ] --START--
INFO: Run Behavior\BuildLiteBehavior [ RunTime:0.000013s ]
INFO: [ app_init ] --END-- [ RunTime:0.000362s ]
INFO: [ app_begin ] --START--
INFO: Run Behavior\ReadHtmlCacheBehavior [ RunTime:0.000447s ]
INFO: [ app_begin ] --END-- [ RunTime:0.000497s ]
INFO: [ view_parse ] --START--
INFO: [ template_filter ] --START--
INFO: Run Behavior\ContentReplaceBehavior [ RunTime:0.000093s ]
INFO: [ template_filter ] --END-- [ RunTime:0.000146s ]
INFO: Run Behavior\ParseTemplateBehavior [ RunTime:0.008354s ]
INFO: [ view_parse ] --END-- [ RunTime:0.008422s ]
INFO: [ view_filter ] --START--
INFO: Run Behavior\WriteHtmlCacheBehavior [ RunTime:0.000252s ]
INFO: [ view_filter ] --END-- [ RunTime:0.000298s ]
INFO: [ app_end ] --START--
INFO: Run Behavior\ShowPageTraceBehavior [ RunTime:0.000495s ]
INFO: [ app_end ] --END-- [ RunTime:0.000591s ]

[ 2018-03-14T11:21:53+08:00 ] ::1 /PaperManager/index.php/Home/Index/login
INFO: [ app_init ] --START--
INFO: Run Behavior\BuildLiteBehavior [ RunTime:0.000044s ]
INFO: [ app_init ] --END-- [ RunTime:0.000902s ]
INFO: [ app_begin ] --START--
INFO: Run Behavior\ReadHtmlCacheBehavior [ RunTime:0.000940s ]
INFO: [ app_begin ] --END-- [ RunTime:0.001113s ]
SQL: SHOW COLUMNS FROM `think_user` [ RunTime:0.0011s ]
SQL: SELECT * FROM `think_user` WHERE `username` = 'root' AND `password` = '63a9f0ea7bb98050796b649e85481845' LIMIT 1   [ RunTime:0.0006s ]
INFO: [ view_parse ] --START--
INFO: [ template_filter ] --START--
INFO: Run Behavior\ContentReplaceBehavior [ RunTime:0.000077s ]
INFO: [ template_filter ] --END-- [ RunTime:0.000213s ]
INFO: Run Behavior\ParseTemplateBehavior [ RunTime:0.007926s ]
INFO: [ view_parse ] --END-- [ RunTime:0.008086s ]
INFO: [ view_filter ] --START--
INFO: Run Behavior\WriteHtmlCacheBehavior [ RunTime:0.000439s ]
INFO: [ view_filter ] --END-- [ RunTime:0.000561s ]

[ 2018-03-14T11:22:00+08:00 ] ::1 /PaperManager/index.php/Home/Index/login
INFO: [ app_init ] --START--
INFO: Run Behavior\BuildLiteBehavior [ RunTime:0.000034s ]
INFO: [ app_init ] --END-- [ RunTime:0.000521s ]
INFO: [ app_begin ] --START--
INFO: Run Behavior\ReadHtmlCacheBehavior [ RunTime:0.000581s ]
INFO: [ app_begin ] --END-- [ RunTime:0.000745s ]
SQL: SHOW COLUMNS FROM `think_user` [ RunTime:0.0010s ]
SQL: SELECT * FROM `think_user` WHERE `username` = 'root' AND `password` = '63a9f0ea7bb98050796b649e85481845' LIMIT 1   [ RunTime:0.0005s ]
INFO: [ view_parse ] --START--
INFO: [ template_filter ] --START--
INFO: Run Behavior\ContentReplaceBehavior [ RunTime:0.000143s ]
INFO: [ template_filter ] --END-- [ RunTime:0.000416s ]
INFO: Run Behavior\ParseTemplateBehavior [ RunTime:0.009414s ]
INFO: [ view_parse ] --END-- [ RunTime:0.009614s ]
INFO: [ view_filter ] --START--
INFO: Run Behavior\WriteHtmlCacheBehavior [ RunTime:0.000500s ]
INFO: [ view_filter ] --END-- [ RunTime:0.000624s ]

[ 2018-03-14T11:26:11+08:00 ] ::1 /PaperManager/index.php/Home/Index/login
INFO: [ app_init ] --START--
INFO: Run Behavior\BuildLiteBehavior [ RunTime:0.000029s ]
INFO: [ app_init ] --END-- [ RunTime:0.000532s ]
INFO: [ app_begin ] --START--
INFO: Run Behavior\ReadHtmlCacheBehavior [ RunTime:0.001247s ]
INFO: [ app_begin ] --END-- [ RunTime:0.001440s ]
SQL: SHOW COLUMNS FROM `think_user` [ RunTime:0.0012s ]
SQL: SELECT * FROM `think_user` WHERE `username` = 'xcg' AND `password` = '64f2220a34aa92357d1f5cdafcb8afcb' LIMIT 1   [ RunTime:0.0006s ]
NOTIC: [8] Use of undefined constant id - assumed 'id' F:\GitProjects\php_projects\PaperManager\Application\Home\Controller\IndexController.class.php 第 36 行.
NOTIC: [8] Use of undefined constant fullname - assumed 'fullname' F:\GitProjects\php_projects\PaperManager\Application\Home\Controller\IndexController.class.php 第 38 行.
INFO: [ view_parse ] --START--
INFO: [ template_filter ] --START--
INFO: Run Behavior\ContentReplaceBehavior [ RunTime:0.000075s ]
INFO: [ template_filter ] --END-- [ RunTime:0.000237s ]
INFO: Run Behavior\ParseTemplateBehavior [ RunTime:0.008319s ]
INFO: [ view_parse ] --END-- [ RunTime:0.008484s ]
INFO: [ view_filter ] --START--
INFO: Run Behavior\WriteHtmlCacheBehavior [ RunTime:0.000584s ]
INFO: [ view_filter ] --END-- [ RunTime:0.000709s ]
INFO: [ app_end ] --START--
INFO: Run Behavior\ShowPageTraceBehavior [ RunTime:0.001405s ]
INFO: [ app_end ] --END-- [ RunTime:0.001544s ]

[ 2018-03-14T11:26:12+08:00 ] ::1 /PaperManager/index.php/Home/Profile/profile
INFO: [ app_init ] --START--
INFO: Run Behavior\BuildLiteBehavior [ RunTime:0.000051s ]
INFO: [ app_init ] --END-- [ RunTime:0.000906s ]
INFO: [ app_begin ] --START--
INFO: Run Behavior\ReadHtmlCacheBehavior [ RunTime:0.001358s ]
INFO: [ app_begin ] --END-- [ RunTime:0.001614s ]
NOTIC: [8] Use of undefined constant uid - assumed 'uid' F:\GitProjects\php_projects\PaperManager\ThinkPHP\Library\Think\Controller.class.php 第 307 行.
SQL: SHOW COLUMNS FROM `think_user` [ RunTime:0.0010s ]
SQL: SELECT * FROM `think_user` WHERE `id` = 8 LIMIT 1   [ RunTime:0.0005s ]
SQL: SHOW COLUMNS FROM `think_achievement` [ RunTime:0.0899s ]
SQL: SELECT `achievement_type` FROM `think_achievement` WHERE `user_id` = 8  [ RunTime:0.0004s ]
NOTIC: [2] Division by zero F:\GitProjects\php_projects\PaperManager\ThinkPHP\Common\functions.php 第 1879 行.
NOTIC: [2] Division by zero F:\GitProjects\php_projects\PaperManager\ThinkPHP\Common\functions.php 第 1880 行.
NOTIC: [2] Division by zero F:\GitProjects\php_projects\PaperManager\ThinkPHP\Common\functions.php 第 1881 行.
NOTIC: [2] Missing argument 2 for get_achievement_count(), called in F:\GitProjects\php_projects\PaperManager\Application\Home\Controller\ProfileController.class.php on line 15 and defined F:\GitProjects\php_projects\PaperManager\ThinkPHP\Common\functions.php 第 1553 行.
NOTIC: [8] Undefined variable: user_id F:\GitProjects\php_projects\PaperManager\ThinkPHP\Common\functions.php 第 1555 行.
SQL: SELECT * FROM `think_achievement` WHERE `user_id` = 8  [ RunTime:0.0004s ]
SQL: SHOW COLUMNS FROM `think_project` [ RunTime:0.0147s ]
SQL: SELECT COUNT(*) AS tp_count FROM `think_project` WHERE `user_id` = 8 LIMIT 1   [ RunTime:0.0047s ]
NOTIC: [8] Undefined variable: user_id F:\GitProjects\php_projects\PaperManager\Application\Home\Controller\ProfileController.class.php 第 21 行.
SQL: SELECT * FROM `think_achievement` WHERE `user_id` = 8  [ RunTime:0.0004s ]
INFO: [ view_parse ] --START--
INFO: [ template_filter ] --START--
INFO: Run Behavior\ContentReplaceBehavior [ RunTime:0.000528s ]
INFO: [ template_filter ] --END-- [ RunTime:0.000863s ]
NOTIC: [8] Use of undefined constant 教授 - assumed '教授' F:\GitProjects\php_projects\PaperManager\Application\Runtime\Cache\Home\c2e569cae412d9698300f14cd96ee7ba.php 第 434 行.
NOTIC: [8] Use of undefined constant 副教授 - assumed '副教授' F:\GitProjects\php_projects\PaperManager\Application\Runtime\Cache\Home\c2e569cae412d9698300f14cd96ee7ba.php 第 435 行.
NOTIC: [8] Use of undefined constant 博士后 - assumed '博士后' F:\GitProjects\php_projects\PaperManager\Application\Runtime\Cache\Home\c2e569cae412d9698300f14cd96ee7ba.php 第 436 行.
NOTIC: [8] Use of undefined constant 博士生 - assumed '博士生' F:\GitProjects\php_projects\PaperManager\Application\Runtime\Cache\Home\c2e569cae412d9698300f14cd96ee7ba.php 第 437 行.
NOTIC: [8] Use of undefined constant 硕士生 - assumed '硕士生' F:\GitProjects\php_projects\PaperManager\Application\Runtime\Cache\Home\c2e569cae412d9698300f14cd96ee7ba.php 第 438 行.
NOTIC: [8] Use of undefined constant 本科生 - assumed '本科生' F:\GitProjects\php_projects\PaperManager\Application\Runtime\Cache\Home\c2e569cae412d9698300f14cd96ee7ba.php 第 439 行.
INFO: Run Behavior\ParseTemplateBehavior [ RunTime:0.049334s ]
INFO: [ view_parse ] --END-- [ RunTime:0.049571s ]
INFO: [ view_filter ] --START--
INFO: Run Behavior\WriteHtmlCacheBehavior [ RunTime:0.000867s ]
INFO: [ view_filter ] --END-- [ RunTime:0.001248s ]
INFO: [ app_end ] --START--
INFO: Run Behavior\ShowPageTraceBehavior [ RunTime:0.001445s ]
INFO: [ app_end ] --END-- [ RunTime:0.001697s ]

[ 2018-03-14T11:26:47+08:00 ] ::1 /PaperManager/index.php/Home/Profile/profile
INFO: [ app_init ] --START--
INFO: Run Behavior\BuildLiteBehavior [ RunTime:0.000053s ]
INFO: [ app_init ] --END-- [ RunTime:0.000801s ]
INFO: [ app_begin ] --START--
INFO: Run Behavior\ReadHtmlCacheBehavior [ RunTime:0.000998s ]
INFO: [ app_begin ] --END-- [ RunTime:0.001279s ]
NOTIC: [8] Use of undefined constant uid - assumed 'uid' F:\GitProjects\php_projects\PaperManager\ThinkPHP\Library\Think\Controller.class.php 第 307 行.
INFO: [ view_parse ] --START--
INFO: [ template_filter ] --START--
INFO: Run Behavior\ContentReplaceBehavior [ RunTime:0.000094s ]
INFO: [ template_filter ] --END-- [ RunTime:0.000276s ]
INFO: Run Behavior\ParseTemplateBehavior [ RunTime:0.009951s ]
INFO: [ view_parse ] --END-- [ RunTime:0.010115s ]
INFO: [ view_filter ] --START--
INFO: Run Behavior\WriteHtmlCacheBehavior [ RunTime:0.000428s ]
INFO: [ view_filter ] --END-- [ RunTime:0.000566s ]

[ 2018-03-14T11:26:50+08:00 ] ::1 /PaperManager/
INFO: [ app_init ] --START--
INFO: Run Behavior\BuildLiteBehavior [ RunTime:0.000033s ]
INFO: [ app_init ] --END-- [ RunTime:0.000542s ]
INFO: [ app_begin ] --START--
INFO: Run Behavior\ReadHtmlCacheBehavior [ RunTime:0.000702s ]
INFO: [ app_begin ] --END-- [ RunTime:0.000927s ]
INFO: [ view_parse ] --START--
INFO: [ template_filter ] --START--
INFO: Run Behavior\ContentReplaceBehavior [ RunTime:0.000150s ]
INFO: [ template_filter ] --END-- [ RunTime:0.000310s ]
INFO: Run Behavior\ParseTemplateBehavior [ RunTime:0.010333s ]
INFO: [ view_parse ] --END-- [ RunTime:0.010504s ]
INFO: [ view_filter ] --START--
INFO: Run Behavior\WriteHtmlCacheBehavior [ RunTime:0.000361s ]
INFO: [ view_filter ] --END-- [ RunTime:0.000529s ]
INFO: [ app_end ] --START--
INFO: Run Behavior\ShowPageTraceBehavior [ RunTime:0.000813s ]
INFO: [ app_end ] --END-- [ RunTime:0.001013s ]

[ 2018-03-14T15:11:30+08:00 ] ::1 /PaperManager/index.php/Home/Profile/profile
INFO: [ app_init ] --START--
INFO: Run Behavior\BuildLiteBehavior [ RunTime:0.000035s ]
INFO: [ app_init ] --END-- [ RunTime:0.000614s ]
INFO: [ app_begin ] --START--
INFO: Run Behavior\ReadHtmlCacheBehavior [ RunTime:0.000791s ]
INFO: [ app_begin ] --END-- [ RunTime:0.000964s ]
NOTIC: [8] Use of undefined constant uid - assumed 'uid' F:\GitProjects\php_projects\PaperManager\ThinkPHP\Library\Think\Controller.class.php 第 307 行.
SQL: SHOW COLUMNS FROM `think_user` [ RunTime:0.0010s ]
SQL: SELECT * FROM `think_user` WHERE `id` = 8 LIMIT 1   [ RunTime:0.0006s ]
SQL: SHOW COLUMNS FROM `think_achievement` [ RunTime:0.0026s ]
SQL: SELECT `achievement_type` FROM `think_achievement` WHERE `user_id` = 8  [ RunTime:0.0005s ]
NOTIC: [2] Division by zero F:\GitProjects\php_projects\PaperManager\ThinkPHP\Common\functions.php 第 1879 行.
NOTIC: [2] Division by zero F:\GitProjects\php_projects\PaperManager\ThinkPHP\Common\functions.php 第 1880 行.
NOTIC: [2] Division by zero F:\GitProjects\php_projects\PaperManager\ThinkPHP\Common\functions.php 第 1881 行.
NOTIC: [2] Missing argument 2 for get_achievement_count(), called in F:\GitProjects\php_projects\PaperManager\Application\Home\Controller\ProfileController.class.php on line 15 and defined F:\GitProjects\php_projects\PaperManager\ThinkPHP\Common\functions.php 第 1553 行.
NOTIC: [8] Undefined variable: user_id F:\GitProjects\php_projects\PaperManager\ThinkPHP\Common\functions.php 第 1555 行.
SQL: SELECT * FROM `think_achievement` WHERE `user_id` = 8  [ RunTime:0.0004s ]
SQL: SHOW COLUMNS FROM `think_project` [ RunTime:0.0013s ]
SQL: SELECT COUNT(*) AS tp_count FROM `think_project` WHERE `user_id` = 8 LIMIT 1   [ RunTime:0.0005s ]
NOTIC: [8] Undefined variable: user_id F:\GitProjects\php_projects\PaperManager\Application\Home\Controller\ProfileController.class.php 第 21 行.
SQL: SELECT * FROM `think_achievement` WHERE `user_id` = 8  [ RunTime:0.0004s ]
INFO: [ view_parse ] --START--
INFO: [ template_filter ] --START--
INFO: Run Behavior\ContentReplaceBehavior [ RunTime:0.000420s ]
INFO: [ template_filter ] --END-- [ RunTime:0.000644s ]
NOTIC: [8] Use of undefined constant 教授 - assumed '教授' F:\GitProjects\php_projects\PaperManager\Application\Runtime\Cache\Home\c2e569cae412d9698300f14cd96ee7ba.php 第 434 行.
NOTIC: [8] Use of undefined constant 副教授 - assumed '副教授' F:\GitProjects\php_projects\PaperManager\Application\Runtime\Cache\Home\c2e569cae412d9698300f14cd96ee7ba.php 第 435 行.
NOTIC: [8] Use of undefined constant 博士后 - assumed '博士后' F:\GitProjects\php_projects\PaperManager\Application\Runtime\Cache\Home\c2e569cae412d9698300f14cd96ee7ba.php 第 436 行.
NOTIC: [8] Use of undefined constant 博士生 - assumed '博士生' F:\GitProjects\php_projects\PaperManager\Application\Runtime\Cache\Home\c2e569cae412d9698300f14cd96ee7ba.php 第 437 行.
NOTIC: [8] Use of undefined constant 硕士生 - assumed '硕士生' F:\GitProjects\php_projects\PaperManager\Application\Runtime\Cache\Home\c2e569cae412d9698300f14cd96ee7ba.php 第 438 行.
NOTIC: [8] Use of undefined constant 本科生 - assumed '本科生' F:\GitProjects\php_projects\PaperManager\Application\Runtime\Cache\Home\c2e569cae412d9698300f14cd96ee7ba.php 第 439 行.
INFO: Run Behavior\ParseTemplateBehavior [ RunTime:0.027524s ]
INFO: [ view_parse ] --END-- [ RunTime:0.027795s ]
INFO: [ view_filter ] --START--
INFO: Run Behavior\WriteHtmlCacheBehavior [ RunTime:0.000671s ]
INFO: [ view_filter ] --END-- [ RunTime:0.000859s ]
INFO: [ app_end ] --START--
INFO: Run Behavior\ShowPageTraceBehavior [ RunTime:0.001286s ]
INFO: [ app_end ] --END-- [ RunTime:0.001674s ]

[ 2018-03-14T15:11:56+08:00 ] ::1 /PaperManager/index.php/Home/Profile/css/themes/default.css
INFO: [ app_init ] --START--
INFO: Run Behavior\BuildLiteBehavior [ RunTime:0.000054s ]
INFO: [ app_init ] --END-- [ RunTime:0.000643s ]
INFO: [ app_begin ] --START--
INFO: Run Behavior\ReadHtmlCacheBehavior [ RunTime:0.001371s ]
INFO: [ app_begin ] --END-- [ RunTime:0.001652s ]
ERR: 非法操作:css

[ 2018-03-14T15:12:12+08:00 ] ::1 /PaperManager/index.php/Home/Profile/profile
INFO: [ app_init ] --START--
INFO: Run Behavior\BuildLiteBehavior [ RunTime:0.000075s ]
INFO: [ app_init ] --END-- [ RunTime:0.000870s ]
INFO: [ app_begin ] --START--
INFO: Run Behavior\ReadHtmlCacheBehavior [ RunTime:0.001126s ]
INFO: [ app_begin ] --END-- [ RunTime:0.001376s ]
NOTIC: [8] Use of undefined constant uid - assumed 'uid' F:\GitProjects\php_projects\PaperManager\ThinkPHP\Library\Think\Controller.class.php 第 307 行.
SQL: SHOW COLUMNS FROM `think_user` [ RunTime:0.0010s ]
SQL: SELECT * FROM `think_user` WHERE `id` = 8 LIMIT 1   [ RunTime:0.0005s ]
SQL: SHOW COLUMNS FROM `think_achievement` [ RunTime:0.0025s ]
SQL: SELECT `achievement_type` FROM `think_achievement` WHERE `user_id` = 8  [ RunTime:0.0004s ]
NOTIC: [2] Division by zero F:\GitProjects\php_projects\PaperManager\ThinkPHP\Common\functions.php 第 1879 行.
NOTIC: [2] Division by zero F:\GitProjects\php_projects\PaperManager\ThinkPHP\Common\functions.php 第 1880 行.
NOTIC: [2] Division by zero F:\GitProjects\php_projects\PaperManager\ThinkPHP\Common\functions.php 第 1881 行.
NOTIC: [2] Missing argument 2 for get_achievement_count(), called in F:\GitProjects\php_projects\PaperManager\Application\Home\Controller\ProfileController.class.php on line 15 and defined F:\GitProjects\php_projects\PaperManager\ThinkPHP\Common\functions.php 第 1553 行.
NOTIC: [8] Undefined variable: user_id F:\GitProjects\php_projects\PaperManager\ThinkPHP\Common\functions.php 第 1555 行.
SQL: SELECT * FROM `think_achievement` WHERE `user_id` = 8  [ RunTime:0.0003s ]
SQL: SHOW COLUMNS FROM `think_project` [ RunTime:0.0009s ]
SQL: SELECT COUNT(*) AS tp_count FROM `think_project` WHERE `user_id` = 8 LIMIT 1   [ RunTime:0.0004s ]
NOTIC: [8] Undefined variable: user_id F:\GitProjects\php_projects\PaperManager\Application\Home\Controller\ProfileController.class.php 第 21 行.
SQL: SELECT * FROM `think_achievement` WHERE `user_id` = 8  [ RunTime:0.0004s ]
INFO: [ view_parse ] --START--
INFO: [ template_filter ] --START--
INFO: Run Behavior\ContentReplaceBehavior [ RunTime:0.000256s ]
INFO: [ template_filter ] --END-- [ RunTime:0.000396s ]
NOTIC: [8] Use of undefined constant 教授 - assumed '教授' F:\GitProjects\php_projects\PaperManager\Application\Runtime\Cache\Home\c2e569cae412d9698300f14cd96ee7ba.php 第 434 行.
NOTIC: [8] Use of undefined constant 副教授 - assumed '副教授' F:\GitProjects\php_projects\PaperManager\Application\Runtime\Cache\Home\c2e569cae412d9698300f14cd96ee7ba.php 第 435 行.
NOTIC: [8] Use of undefined constant 博士后 - assumed '博士后' F:\GitProjects\php_projects\PaperManager\Application\Runtime\Cache\Home\c2e569cae412d9698300f14cd96ee7ba.php 第 436 行.
NOTIC: [8] Use of undefined constant 博士生 - assumed '博士生' F:\GitProjects\php_projects\PaperManager\Application\Runtime\Cache\Home\c2e569cae412d9698300f14cd96ee7ba.php 第 437 行.
NOTIC: [8] Use of undefined constant 硕士生 - assumed '硕士生' F:\GitProjects\php_projects\PaperManager\Application\Runtime\Cache\Home\c2e569cae412d9698300f14cd96ee7ba.php 第 438 行.
NOTIC: [8] Use of undefined constant 本科生 - assumed '本科生' F:\GitProjects\php_projects\PaperManager\Application\Runtime\Cache\Home\c2e569cae412d9698300f14cd96ee7ba.php 第 439 行.
INFO: Run Behavior\ParseTemplateBehavior [ RunTime:0.021468s ]
INFO: [ view_parse ] --END-- [ RunTime:0.021610s ]
INFO: [ view_filter ] --START--
INFO: Run Behavior\WriteHtmlCacheBehavior [ RunTime:0.000462s ]
INFO: [ view_filter ] --END-- [ RunTime:0.000583s ]
INFO: [ app_end ] --START--
INFO: Run Behavior\ShowPageTraceBehavior [ RunTime:0.000825s ]
INFO: [ app_end ] --END-- [ RunTime:0.001054s ]

[ 2018-03-14T15:12:12+08:00 ] ::1 /PaperManager/index.php/Home/Profile/css/themes/default.css
INFO: [ app_init ] --START--
INFO: Run Behavior\BuildLiteBehavior [ RunTime:0.000058s ]
INFO: [ app_init ] --END-- [ RunTime:0.001102s ]
INFO: [ app_begin ] --START--
INFO: Run Behavior\ReadHtmlCacheBehavior [ RunTime:0.001641s ]
INFO: [ app_begin ] --END-- [ RunTime:0.001860s ]
ERR: 非法操作:css

[ 2018-03-14T15:12:16+08:00 ] ::1 /PaperManager/index.php/Home/Profile/css/themes/default.css
INFO: [ app_init ] --START--
INFO: Run Behavior\BuildLiteBehavior [ RunTime:0.000030s ]
INFO: [ app_init ] --END-- [ RunTime:0.000496s ]
INFO: [ app_begin ] --START--
INFO: Run Behavior\ReadHtmlCacheBehavior [ RunTime:0.000925s ]
INFO: [ app_begin ] --END-- [ RunTime:0.001233s ]
ERR: 非法操作:css

[ 2018-03-14T15:12:18+08:00 ] ::1 /PaperManager/index.php/Home/Profile/css/themes/earth.css
INFO: [ app_init ] --START--
INFO: Run Behavior\BuildLiteBehavior [ RunTime:0.000031s ]
INFO: [ app_init ] --END-- [ RunTime:0.000540s ]
INFO: [ app_begin ] --START--
INFO: Run Behavior\ReadHtmlCacheBehavior [ RunTime:0.000741s ]
INFO: [ app_begin ] --END-- [ RunTime:0.000896s ]
ERR: 非法操作:css

[ 2018-03-14T15:12:20+08:00 ] ::1 /PaperManager/index.php/Home/Profile/css/themes/night.css
INFO: [ app_init ] --START--
INFO: Run Behavior\BuildLiteBehavior [ RunTime:0.000038s ]
INFO: [ app_init ] --END-- [ RunTime:0.000509s ]
INFO: [ app_begin ] --START--
INFO: Run Behavior\ReadHtmlCacheBehavior [ RunTime:0.000904s ]
INFO: [ app_begin ] --END-- [ RunTime:0.001158s ]
ERR: 非法操作:css

[ 2018-03-14T15:12:24+08:00 ] ::1 /PaperManager/index.php
INFO: [ app_init ] --START--
INFO: Run Behavior\BuildLiteBehavior [ RunTime:0.000034s ]
INFO: [ app_init ] --END-- [ RunTime:0.000716s ]
INFO: [ app_begin ] --START--
INFO: Run Behavior\ReadHtmlCacheBehavior [ RunTime:0.000768s ]
INFO: [ app_begin ] --END-- [ RunTime:0.001020s ]
INFO: [ view_parse ] --START--
INFO: [ template_filter ] --START--
INFO: Run Behavior\ContentReplaceBehavior [ RunTime:0.000320s ]
INFO: [ template_filter ] --END-- [ RunTime:0.000608s ]
INFO: Run Behavior\ParseTemplateBehavior [ RunTime:0.015031s ]
INFO: [ view_parse ] --END-- [ RunTime:0.015292s ]
INFO: [ view_filter ] --START--
INFO: Run Behavior\WriteHtmlCacheBehavior [ RunTime:0.000607s ]
INFO: [ view_filter ] --END-- [ RunTime:0.000787s ]
INFO: [ app_end ] --START--
INFO: Run Behavior\ShowPageTraceBehavior [ RunTime:0.001467s ]
INFO: [ app_end ] --END-- [ RunTime:0.002004s ]

[ 2018-03-14T15:12:26+08:00 ] ::1 /PaperManager/index.php/Home/Index/login
INFO: [ app_init ] --START--
INFO: Run Behavior\BuildLiteBehavior [ RunTime:0.000059s ]
INFO: [ app_init ] --END-- [ RunTime:0.000944s ]
INFO: [ app_begin ] --START--
INFO: Run Behavior\ReadHtmlCacheBehavior [ RunTime:0.001151s ]
INFO: [ app_begin ] --END-- [ RunTime:0.001446s ]
SQL: SHOW COLUMNS FROM `think_user` [ RunTime:0.0011s ]
SQL: SELECT * FROM `think_user` WHERE `username` = 'root' AND `password` = '63a9f0ea7bb98050796b649e85481845' LIMIT 1   [ RunTime:0.0006s ]
INFO: [ view_parse ] --START--
INFO: [ template_filter ] --START--
INFO: Run Behavior\ContentReplaceBehavior [ RunTime:0.000155s ]
INFO: [ template_filter ] --END-- [ RunTime:0.000444s ]
INFO: Run Behavior\ParseTemplateBehavior [ RunTime:0.013936s ]
INFO: [ view_parse ] --END-- [ RunTime:0.014207s ]
INFO: [ view_filter ] --START--
INFO: Run Behavior\WriteHtmlCacheBehavior [ RunTime:0.000837s ]
INFO: [ view_filter ] --END-- [ RunTime:0.001084s ]

[ 2018-03-14T15:12:43+08:00 ] ::1 /PaperManager/index.php/Home/Index/login
INFO: [ app_init ] --START--
INFO: Run Behavior\BuildLiteBehavior [ RunTime:0.000054s ]
INFO: [ app_init ] --END-- [ RunTime:0.000769s ]
INFO: [ app_begin ] --START--
INFO: Run Behavior\ReadHtmlCacheBehavior [ RunTime:0.000749s ]
INFO: [ app_begin ] --END-- [ RunTime:0.000983s ]
SQL: SHOW COLUMNS FROM `think_user` [ RunTime:0.0015s ]
SQL: SELECT * FROM `think_user` WHERE `username` = 'xcg' AND `password` = '64f2220a34aa92357d1f5cdafcb8afcb' LIMIT 1   [ RunTime:0.0005s ]
NOTIC: [8] Use of undefined constant id - assumed 'id' F:\GitProjects\php_projects\PaperManager\Application\Home\Controller\IndexController.class.php 第 36 行.
NOTIC: [8] Use of undefined constant fullname - assumed 'fullname' F:\GitProjects\php_projects\PaperManager\Application\Home\Controller\IndexController.class.php 第 38 行.
INFO: [ view_parse ] --START--
INFO: [ template_filter ] --START--
INFO: Run Behavior\ContentReplaceBehavior [ RunTime:0.000081s ]
INFO: [ template_filter ] --END-- [ RunTime:0.000219s ]
INFO: Run Behavior\ParseTemplateBehavior [ RunTime:0.008525s ]
INFO: [ view_parse ] --END-- [ RunTime:0.008673s ]
INFO: [ view_filter ] --START--
INFO: Run Behavior\WriteHtmlCacheBehavior [ RunTime:0.000504s ]
INFO: [ view_filter ] --END-- [ RunTime:0.000628s ]
INFO: [ app_end ] --START--
INFO: Run Behavior\ShowPageTraceBehavior [ RunTime:0.000693s ]
INFO: [ app_end ] --END-- [ RunTime:0.000818s ]

[ 2018-03-14T15:12:45+08:00 ] ::1 /PaperManager/index.php/Home/Profile/profile
INFO: [ app_init ] --START--
INFO: Run Behavior\BuildLiteBehavior [ RunTime:0.000045s ]
INFO: [ app_init ] --END-- [ RunTime:0.000693s ]
INFO: [ app_begin ] --START--
INFO: Run Behavior\ReadHtmlCacheBehavior [ RunTime:0.000826s ]
INFO: [ app_begin ] --END-- [ RunTime:0.001003s ]
NOTIC: [8] Use of undefined constant uid - assumed 'uid' F:\GitProjects\php_projects\PaperManager\ThinkPHP\Library\Think\Controller.class.php 第 307 行.
SQL: SHOW COLUMNS FROM `think_user` [ RunTime:0.0018s ]
SQL: SELECT * FROM `think_user` WHERE `id` = 8 LIMIT 1   [ RunTime:0.0006s ]
SQL: SHOW COLUMNS FROM `think_achievement` [ RunTime:0.0026s ]
SQL: SELECT `achievement_type` FROM `think_achievement` WHERE `user_id` = 8  [ RunTime:0.0004s ]
NOTIC: [2] Division by zero F:\GitProjects\php_projects\PaperManager\ThinkPHP\Common\functions.php 第 1879 行.
NOTIC: [2] Division by zero F:\GitProjects\php_projects\PaperManager\ThinkPHP\Common\functions.php 第 1880 行.
NOTIC: [2] Division by zero F:\GitProjects\php_projects\PaperManager\ThinkPHP\Common\functions.php 第 1881 行.
NOTIC: [2] Missing argument 2 for get_achievement_count(), called in F:\GitProjects\php_projects\PaperManager\Application\Home\Controller\ProfileController.class.php on line 15 and defined F:\GitProjects\php_projects\PaperManager\ThinkPHP\Common\functions.php 第 1553 行.
NOTIC: [8] Undefined variable: user_id F:\GitProjects\php_projects\PaperManager\ThinkPHP\Common\functions.php 第 1555 行.
SQL: SELECT * FROM `think_achievement` WHERE `user_id` = 8  [ RunTime:0.0004s ]
SQL: SHOW COLUMNS FROM `think_project` [ RunTime:0.0010s ]
SQL: SELECT COUNT(*) AS tp_count FROM `think_project` WHERE `user_id` = 8 LIMIT 1   [ RunTime:0.0003s ]
NOTIC: [8] Undefined variable: user_id F:\GitProjects\php_projects\PaperManager\Application\Home\Controller\ProfileController.class.php 第 21 行.
SQL: SELECT * FROM `think_achievement` WHERE `user_id` = 8  [ RunTime:0.0004s ]
INFO: [ view_parse ] --START--
INFO: [ template_filter ] --START--
INFO: Run Behavior\ContentReplaceBehavior [ RunTime:0.000425s ]
INFO: [ template_filter ] --END-- [ RunTime:0.000580s ]
NOTIC: [8] Use of undefined constant 教授 - assumed '教授' F:\GitProjects\php_projects\PaperManager\Application\Runtime\Cache\Home\c2e569cae412d9698300f14cd96ee7ba.php 第 434 行.
NOTIC: [8] Use of undefined constant 副教授 - assumed '副教授' F:\GitProjects\php_projects\PaperManager\Application\Runtime\Cache\Home\c2e569cae412d9698300f14cd96ee7ba.php 第 435 行.
NOTIC: [8] Use of undefined constant 博士后 - assumed '博士后' F:\GitProjects\php_projects\PaperManager\Application\Runtime\Cache\Home\c2e569cae412d9698300f14cd96ee7ba.php 第 436 行.
NOTIC: [8] Use of undefined constant 博士生 - assumed '博士生' F:\GitProjects\php_projects\PaperManager\Application\Runtime\Cache\Home\c2e569cae412d9698300f14cd96ee7ba.php 第 437 行.
NOTIC: [8] Use of undefined constant 硕士生 - assumed '硕士生' F:\GitProjects\php_projects\PaperManager\Application\Runtime\Cache\Home\c2e569cae412d9698300f14cd96ee7ba.php 第 438 行.
NOTIC: [8] Use of undefined constant 本科生 - assumed '本科生' F:\GitProjects\php_projects\PaperManager\Application\Runtime\Cache\Home\c2e569cae412d9698300f14cd96ee7ba.php 第 439 行.
INFO: Run Behavior\ParseTemplateBehavior [ RunTime:0.025545s ]
INFO: [ view_parse ] --END-- [ RunTime:0.025728s ]
INFO: [ view_filter ] --START--
INFO: Run Behavior\WriteHtmlCacheBehavior [ RunTime:0.000583s ]
INFO: [ view_filter ] --END-- [ RunTime:0.000758s ]
INFO: [ app_end ] --START--
INFO: Run Behavior\ShowPageTraceBehavior [ RunTime:0.000950s ]
INFO: [ app_end ] --END-- [ RunTime:0.001206s ]

[ 2018-03-14T15:12:45+08:00 ] ::1 /PaperManager/index.php/Home/Profile/css/themes/night.css
INFO: [ app_init ] --START--
INFO: Run Behavior\BuildLiteBehavior [ RunTime:0.000051s ]
INFO: [ app_init ] --END-- [ RunTime:0.000811s ]
INFO: [ app_begin ] --START--
INFO: Run Behavior\ReadHtmlCacheBehavior [ RunTime:0.000729s ]
INFO: [ app_begin ] --END-- [ RunTime:0.000886s ]
ERR: 非法操作:css

