[ 2017-04-26T16:06:55+08:00 ] ::1 /PaperManager/Public/js/isotope/imagesloaded.pkgd.min.min.js
INFO: [ app_init ] --START--
INFO: Run Behavior\BuildLiteBehavior [ RunTime:0.000048s ]
INFO: [ app_init ] --END-- [ RunTime:0.000819s ]
ERR: 无法加载模块:Public

[ 2017-04-26T16:06:55+08:00 ] ::1 /PaperManager/Public/js/isotope/imagesloaded.pkgd.min.min.js
INFO: [ app_init ] --START--
INFO: Run Behavior\BuildLiteBehavior [ RunTime:0.000028s ]
INFO: [ app_init ] --END-- [ RunTime:0.000432s ]
ERR: 无法加载模块:Public

[ 2017-04-26T16:20:23+08:00 ] ::1 /PaperManager/Public/js/isotope/imagesloaded.pkgd.min.min.js
INFO: [ app_init ] --START--
INFO: Run Behavior\BuildLiteBehavior [ RunTime:0.000057s ]
INFO: [ app_init ] --END-- [ RunTime:0.000812s ]
ERR: 无法加载模块:Public

[ 2017-04-26T16:20:27+08:00 ] ::1 /PaperManager/Public/js/isotope/imagesloaded.pkgd.min.min.js
INFO: [ app_init ] --START--
INFO: Run Behavior\BuildLiteBehavior [ RunTime:0.000055s ]
INFO: [ app_init ] --END-- [ RunTime:0.000949s ]
ERR: 无法加载模块:Public

[ 2017-04-26T16:21:04+08:00 ] ::1 /PaperManager/Public/js/isotope/imagesloaded.pkgd.min.min.js
INFO: [ app_init ] --START--
INFO: Run Behavior\BuildLiteBehavior [ RunTime:0.000047s ]
INFO: [ app_init ] --END-- [ RunTime:0.000771s ]
ERR: 无法加载模块:Public

[ 2017-04-26T16:21:05+08:00 ] ::1 /PaperManager/Public/js/isotope/imagesloaded.pkgd.min.min.js
INFO: [ app_init ] --START--
INFO: Run Behavior\BuildLiteBehavior [ RunTime:0.000053s ]
INFO: [ app_init ] --END-- [ RunTime:0.000985s ]
ERR: 无法加载模块:Public

[ 2017-04-26T16:29:21+08:00 ] ::1 /PaperManager/Public/js/isotope/imagesloaded.pkgd.min.min.js
INFO: [ app_init ] --START--
INFO: Run Behavior\BuildLiteBehavior [ RunTime:0.000046s ]
INFO: [ app_init ] --END-- [ RunTime:0.000685s ]
ERR: 无法加载模块:Public

[ 2017-04-26T16:30:12+08:00 ] ::1 /PaperManager/Public/js/isotope/imagesloaded.pkgd.min.min.js
INFO: [ app_init ] --START--
INFO: Run Behavior\BuildLiteBehavior [ RunTime:0.000050s ]
INFO: [ app_init ] --END-- [ RunTime:0.000707s ]
ERR: 无法加载模块:Public

[ 2017-04-26T16:30:12+08:00 ] ::1 /PaperManager/Public/js/isotope/imagesloaded.pkgd.min.min.js
INFO: [ app_init ] --START--
INFO: Run Behavior\BuildLiteBehavior [ RunTime:0.000058s ]
INFO: [ app_init ] --END-- [ RunTime:0.000875s ]
ERR: 无法加载模块:Public

[ 2017-04-26T16:30:49+08:00 ] ::1 /PaperManager/Public/js/isotope/imagesloaded.pkgd.min.min.js
INFO: [ app_init ] --START--
INFO: Run Behavior\BuildLiteBehavior [ RunTime:0.000049s ]
INFO: [ app_init ] --END-- [ RunTime:0.001685s ]
ERR: 无法加载模块:Public

[ 2017-04-26T16:31:28+08:00 ] ::1 /PaperManager/Public/js/isotope/imagesloaded.pkgd.min.min.js
INFO: [ app_init ] --START--
INFO: Run Behavior\BuildLiteBehavior [ RunTime:0.000048s ]
INFO: [ app_init ] --END-- [ RunTime:0.000689s ]
ERR: 无法加载模块:Public

[ 2017-04-26T16:32:20+08:00 ] ::1 /PaperManager/Public/js/isotope/imagesloaded.pkgd.min.min.js
INFO: [ app_init ] --START--
INFO: Run Behavior\BuildLiteBehavior [ RunTime:0.000064s ]
INFO: [ app_init ] --END-- [ RunTime:0.001297s ]
ERR: 无法加载模块:Public

[ 2017-04-26T16:32:20+08:00 ] ::1 /PaperManager/Public/js/isotope/imagesloaded.pkgd.min.min.js
INFO: [ app_init ] --START--
INFO: Run Behavior\BuildLiteBehavior [ RunTime:0.000056s ]
INFO: [ app_init ] --END-- [ RunTime:0.001056s ]
ERR: 无法加载模块:Public

[ 2017-04-26T16:32:42+08:00 ] ::1 /PaperManager/Public/js/isotope/imagesloaded.pkgd.min.min.js
INFO: [ app_init ] --START--
INFO: Run Behavior\BuildLiteBehavior [ RunTime:0.000049s ]
INFO: [ app_init ] --END-- [ RunTime:0.000808s ]
ERR: 无法加载模块:Public

[ 2017-04-26T16:33:07+08:00 ] ::1 /PaperManager/Public/js/isotope/imagesloaded.pkgd.min.min.js
INFO: [ app_init ] --START--
INFO: Run Behavior\BuildLiteBehavior [ RunTime:0.000098s ]
INFO: [ app_init ] --END-- [ RunTime:0.001707s ]
ERR: 无法加载模块:Public

[ 2017-04-26T16:33:25+08:00 ] ::1 /PaperManager/Public/js/isotope/imagesloaded.pkgd.min.min.js
INFO: [ app_init ] --START--
INFO: Run Behavior\BuildLiteBehavior [ RunTime:0.000071s ]
INFO: [ app_init ] --END-- [ RunTime:0.001061s ]
ERR: 无法加载模块:Public

[ 2017-04-26T16:34:00+08:00 ] ::1 /PaperManager/Public/js/isotope/imagesloaded.pkgd.min.min.js
INFO: [ app_init ] --START--
INFO: Run Behavior\BuildLiteBehavior [ RunTime:0.000050s ]
INFO: [ app_init ] --END-- [ RunTime:0.000866s ]
ERR: 无法加载模块:Public

[ 2017-04-26T16:34:49+08:00 ] ::1 /PaperManager/Public/js/isotope/imagesloaded.pkgd.min.min.js
INFO: [ app_init ] --START--
INFO: Run Behavior\BuildLiteBehavior [ RunTime:0.000048s ]
INFO: [ app_init ] --END-- [ RunTime:0.000701s ]
ERR: 无法加载模块:Public

[ 2017-04-26T16:35:50+08:00 ] ::1 /PaperManager/Public/js/isotope/imagesloaded.pkgd.min.min.js
INFO: [ app_init ] --START--
INFO: Run Behavior\BuildLiteBehavior [ RunTime:0.000120s ]
INFO: [ app_init ] --END-- [ RunTime:0.001794s ]
ERR: 无法加载模块:Public

